[1.509s] DEBUG:colcon:Command line arguments: ['/usr/bin/colcon', 'build']
[1.510s] DEBUG:colcon:Parsed command line arguments: Namespace(log_base=None, log_level=None, verb_name='build', build_base='build', install_base='install', merge_install=False, symlink_install=False, test_result_base=None, continue_on_error=False, executor='parallel', parallel_workers=4, event_handlers=None, ignore_user_meta=False, metas=['./colcon.meta'], base_paths=['.'], packages_ignore=None, packages_ignore_regex=None, paths=None, packages_up_to=None, packages_up_to_regex=None, packages_above=None, packages_above_and_dependencies=None, packages_above_depth=None, packages_select_by_dep=None, packages_skip_by_dep=None, packages_skip_up_to=None, packages_select_build_failed=False, packages_skip_build_finished=False, packages_select_test_failures=False, packages_skip_test_passed=False, packages_select=None, packages_skip=None, packages_select_regex=None, packages_skip_regex=None, packages_start=None, packages_end=None, allow_overriding=[], cmake_args=None, cmake_target=None, cmake_target_skip_unavailable=False, cmake_clean_cache=False, cmake_clean_first=False, cmake_force_configure=False, ament_cmake_args=None, catkin_cmake_args=None, catkin_skip_building_tests=False, verb_parser=<colcon_defaults.argument_parser.defaults.DefaultArgumentsDecorator object at 0x7f3dce6f5360>, verb_extension=<colcon_core.verb.build.BuildVerb object at 0x7f3dce6eb460>, main=<bound method BuildVerb.main of <colcon_core.verb.build.BuildVerb object at 0x7f3dce6eb460>>)
[1.579s] Level 1:colcon.colcon_core.package_discovery:discover_packages(colcon_meta) check parameters
[1.579s] Level 1:colcon.colcon_core.package_discovery:discover_packages(recursive) check parameters
[1.579s] Level 1:colcon.colcon_core.package_discovery:discover_packages(ignore) check parameters
[1.579s] Level 1:colcon.colcon_core.package_discovery:discover_packages(path) check parameters
[1.579s] Level 1:colcon.colcon_core.package_discovery:discover_packages(colcon_meta) discover
[1.580s] Level 1:colcon.colcon_core.package_discovery:discover_packages(recursive) discover
[1.580s] INFO:colcon.colcon_core.package_discovery:Crawling recursively for packages in '/home/tannernelson3/snuff_ros2/ros2_ws'
[1.580s] Level 1:colcon.colcon_core.package_identification:_identify(.) by extensions ['ignore', 'ignore_ament_install']
[1.580s] Level 1:colcon.colcon_core.package_identification:_identify(.) by extension 'ignore'
[1.580s] Level 1:colcon.colcon_core.package_identification:_identify(.) by extension 'ignore_ament_install'
[1.580s] Level 1:colcon.colcon_core.package_identification:_identify(.) by extensions ['colcon_pkg']
[1.580s] Level 1:colcon.colcon_core.package_identification:_identify(.) by extension 'colcon_pkg'
[1.580s] Level 1:colcon.colcon_core.package_identification:_identify(.) by extensions ['colcon_meta']
[1.580s] Level 1:colcon.colcon_core.package_identification:_identify(.) by extension 'colcon_meta'
[1.580s] Level 1:colcon.colcon_core.package_identification:_identify(.) by extensions ['ros']
[1.580s] Level 1:colcon.colcon_core.package_identification:_identify(.) by extension 'ros'
[1.594s] Level 1:colcon.colcon_core.package_identification:_identify(.) by extensions ['cmake', 'python']
[1.594s] Level 1:colcon.colcon_core.package_identification:_identify(.) by extension 'cmake'
[1.595s] Level 1:colcon.colcon_core.package_identification:_identify(.) by extension 'python'
[1.595s] Level 1:colcon.colcon_core.package_identification:_identify(.) by extensions ['python_setup_py']
[1.595s] Level 1:colcon.colcon_core.package_identification:_identify(.) by extension 'python_setup_py'
[1.595s] Level 1:colcon.colcon_core.package_identification:_identify(build) by extensions ['ignore', 'ignore_ament_install']
[1.595s] Level 1:colcon.colcon_core.package_identification:_identify(build) by extension 'ignore'
[1.595s] Level 1:colcon.colcon_core.package_identification:_identify(build) ignored
[1.595s] Level 1:colcon.colcon_core.package_identification:_identify(install) by extensions ['ignore', 'ignore_ament_install']
[1.595s] Level 1:colcon.colcon_core.package_identification:_identify(install) by extension 'ignore'
[1.595s] Level 1:colcon.colcon_core.package_identification:_identify(install) ignored
[1.596s] Level 1:colcon.colcon_core.package_identification:_identify(log) by extensions ['ignore', 'ignore_ament_install']
[1.596s] Level 1:colcon.colcon_core.package_identification:_identify(log) by extension 'ignore'
[1.596s] Level 1:colcon.colcon_core.package_identification:_identify(log) ignored
[1.596s] Level 1:colcon.colcon_core.package_identification:_identify(src) by extensions ['ignore', 'ignore_ament_install']
[1.596s] Level 1:colcon.colcon_core.package_identification:_identify(src) by extension 'ignore'
[1.596s] Level 1:colcon.colcon_core.package_identification:_identify(src) by extension 'ignore_ament_install'
[1.596s] Level 1:colcon.colcon_core.package_identification:_identify(src) by extensions ['colcon_pkg']
[1.596s] Level 1:colcon.colcon_core.package_identification:_identify(src) by extension 'colcon_pkg'
[1.596s] Level 1:colcon.colcon_core.package_identification:_identify(src) by extensions ['colcon_meta']
[1.596s] Level 1:colcon.colcon_core.package_identification:_identify(src) by extension 'colcon_meta'
[1.597s] Level 1:colcon.colcon_core.package_identification:_identify(src) by extensions ['ros']
[1.597s] Level 1:colcon.colcon_core.package_identification:_identify(src) by extension 'ros'
[1.597s] Level 1:colcon.colcon_core.package_identification:_identify(src) by extensions ['cmake', 'python']
[1.597s] Level 1:colcon.colcon_core.package_identification:_identify(src) by extension 'cmake'
[1.597s] Level 1:colcon.colcon_core.package_identification:_identify(src) by extension 'python'
[1.597s] Level 1:colcon.colcon_core.package_identification:_identify(src) by extensions ['python_setup_py']
[1.597s] Level 1:colcon.colcon_core.package_identification:_identify(src) by extension 'python_setup_py'
[1.597s] Level 1:colcon.colcon_core.package_identification:_identify(src/micro_ros_setup) by extensions ['ignore', 'ignore_ament_install']
[1.597s] Level 1:colcon.colcon_core.package_identification:_identify(src/micro_ros_setup) by extension 'ignore'
[1.597s] Level 1:colcon.colcon_core.package_identification:_identify(src/micro_ros_setup) by extension 'ignore_ament_install'
[1.597s] Level 1:colcon.colcon_core.package_identification:_identify(src/micro_ros_setup) by extensions ['colcon_pkg']
[1.597s] Level 1:colcon.colcon_core.package_identification:_identify(src/micro_ros_setup) by extension 'colcon_pkg'
[1.597s] Level 1:colcon.colcon_core.package_identification:_identify(src/micro_ros_setup) by extensions ['colcon_meta']
[1.597s] Level 1:colcon.colcon_core.package_identification:_identify(src/micro_ros_setup) by extension 'colcon_meta'
[1.597s] Level 1:colcon.colcon_core.package_identification:_identify(src/micro_ros_setup) by extensions ['ros']
[1.598s] Level 1:colcon.colcon_core.package_identification:_identify(src/micro_ros_setup) by extension 'ros'
[1.601s] DEBUG:colcon.colcon_core.package_identification:Package 'src/micro_ros_setup' with type 'ros.ament_cmake' and name 'micro_ros_setup'
[1.601s] Level 1:colcon.colcon_core.package_identification:_identify(src/snuff) by extensions ['ignore', 'ignore_ament_install']
[1.601s] Level 1:colcon.colcon_core.package_identification:_identify(src/snuff) by extension 'ignore'
[1.601s] Level 1:colcon.colcon_core.package_identification:_identify(src/snuff) by extension 'ignore_ament_install'
[1.601s] Level 1:colcon.colcon_core.package_identification:_identify(src/snuff) by extensions ['colcon_pkg']
[1.602s] Level 1:colcon.colcon_core.package_identification:_identify(src/snuff) by extension 'colcon_pkg'
[1.602s] Level 1:colcon.colcon_core.package_identification:_identify(src/snuff) by extensions ['colcon_meta']
[1.602s] Level 1:colcon.colcon_core.package_identification:_identify(src/snuff) by extension 'colcon_meta'
[1.602s] Level 1:colcon.colcon_core.package_identification:_identify(src/snuff) by extensions ['ros']
[1.602s] Level 1:colcon.colcon_core.package_identification:_identify(src/snuff) by extension 'ros'
[1.602s] DEBUG:colcon.colcon_core.package_identification:Package 'src/snuff' with type 'ros.ament_cmake' and name 'snuff'
[1.602s] Level 1:colcon.colcon_core.package_identification:_identify(src/uros) by extensions ['ignore', 'ignore_ament_install']
[1.603s] Level 1:colcon.colcon_core.package_identification:_identify(src/uros) by extension 'ignore'
[1.603s] Level 1:colcon.colcon_core.package_identification:_identify(src/uros) by extension 'ignore_ament_install'
[1.603s] Level 1:colcon.colcon_core.package_identification:_identify(src/uros) by extensions ['colcon_pkg']
[1.603s] Level 1:colcon.colcon_core.package_identification:_identify(src/uros) by extension 'colcon_pkg'
[1.603s] Level 1:colcon.colcon_core.package_identification:_identify(src/uros) by extensions ['colcon_meta']
[1.603s] Level 1:colcon.colcon_core.package_identification:_identify(src/uros) by extension 'colcon_meta'
[1.603s] Level 1:colcon.colcon_core.package_identification:_identify(src/uros) by extensions ['ros']
[1.603s] Level 1:colcon.colcon_core.package_identification:_identify(src/uros) by extension 'ros'
[1.603s] Level 1:colcon.colcon_core.package_identification:_identify(src/uros) by extensions ['cmake', 'python']
[1.603s] Level 1:colcon.colcon_core.package_identification:_identify(src/uros) by extension 'cmake'
[1.603s] Level 1:colcon.colcon_core.package_identification:_identify(src/uros) by extension 'python'
[1.603s] Level 1:colcon.colcon_core.package_identification:_identify(src/uros) by extensions ['python_setup_py']
[1.603s] Level 1:colcon.colcon_core.package_identification:_identify(src/uros) by extension 'python_setup_py'
[1.603s] Level 1:colcon.colcon_core.package_identification:_identify(src/uros/drive_base) by extensions ['ignore', 'ignore_ament_install']
[1.604s] Level 1:colcon.colcon_core.package_identification:_identify(src/uros/drive_base) by extension 'ignore'
[1.604s] Level 1:colcon.colcon_core.package_identification:_identify(src/uros/drive_base) by extension 'ignore_ament_install'
[1.604s] Level 1:colcon.colcon_core.package_identification:_identify(src/uros/drive_base) by extensions ['colcon_pkg']
[1.604s] Level 1:colcon.colcon_core.package_identification:_identify(src/uros/drive_base) by extension 'colcon_pkg'
[1.604s] Level 1:colcon.colcon_core.package_identification:_identify(src/uros/drive_base) by extensions ['colcon_meta']
[1.604s] Level 1:colcon.colcon_core.package_identification:_identify(src/uros/drive_base) by extension 'colcon_meta'
[1.604s] Level 1:colcon.colcon_core.package_identification:_identify(src/uros/drive_base) by extensions ['ros']
[1.604s] Level 1:colcon.colcon_core.package_identification:_identify(src/uros/drive_base) by extension 'ros'
[1.604s] Level 1:colcon.colcon_core.package_identification:_identify(src/uros/drive_base) by extensions ['cmake', 'python']
[1.604s] Level 1:colcon.colcon_core.package_identification:_identify(src/uros/drive_base) by extension 'cmake'
[1.604s] Level 1:colcon.colcon_core.package_identification:_identify(src/uros/drive_base) by extension 'python'
[1.604s] Level 1:colcon.colcon_core.package_identification:_identify(src/uros/drive_base) by extensions ['python_setup_py']
[1.604s] Level 1:colcon.colcon_core.package_identification:_identify(src/uros/drive_base) by extension 'python_setup_py'
[1.604s] Level 1:colcon.colcon_core.package_identification:_identify(src/uros/drive_base/drive_base_msgs) by extensions ['ignore', 'ignore_ament_install']
[1.605s] Level 1:colcon.colcon_core.package_identification:_identify(src/uros/drive_base/drive_base_msgs) by extension 'ignore'
[1.605s] Level 1:colcon.colcon_core.package_identification:_identify(src/uros/drive_base/drive_base_msgs) by extension 'ignore_ament_install'
[1.605s] Level 1:colcon.colcon_core.package_identification:_identify(src/uros/drive_base/drive_base_msgs) by extensions ['colcon_pkg']
[1.605s] Level 1:colcon.colcon_core.package_identification:_identify(src/uros/drive_base/drive_base_msgs) by extension 'colcon_pkg'
[1.605s] Level 1:colcon.colcon_core.package_identification:_identify(src/uros/drive_base/drive_base_msgs) by extensions ['colcon_meta']
[1.605s] Level 1:colcon.colcon_core.package_identification:_identify(src/uros/drive_base/drive_base_msgs) by extension 'colcon_meta'
[1.605s] Level 1:colcon.colcon_core.package_identification:_identify(src/uros/drive_base/drive_base_msgs) by extensions ['ros']
[1.605s] Level 1:colcon.colcon_core.package_identification:_identify(src/uros/drive_base/drive_base_msgs) by extension 'ros'
[1.606s] DEBUG:colcon.colcon_core.package_identification:Package 'src/uros/drive_base/drive_base_msgs' with type 'ros.ament_cmake' and name 'drive_base_msgs'
[1.606s] Level 1:colcon.colcon_core.package_identification:_identify(src/uros/micro-ROS-Agent) by extensions ['ignore', 'ignore_ament_install']
[1.606s] Level 1:colcon.colcon_core.package_identification:_identify(src/uros/micro-ROS-Agent) by extension 'ignore'
[1.606s] Level 1:colcon.colcon_core.package_identification:_identify(src/uros/micro-ROS-Agent) by extension 'ignore_ament_install'
[1.606s] Level 1:colcon.colcon_core.package_identification:_identify(src/uros/micro-ROS-Agent) by extensions ['colcon_pkg']
[1.606s] Level 1:colcon.colcon_core.package_identification:_identify(src/uros/micro-ROS-Agent) by extension 'colcon_pkg'
[1.606s] Level 1:colcon.colcon_core.package_identification:_identify(src/uros/micro-ROS-Agent) by extensions ['colcon_meta']
[1.606s] Level 1:colcon.colcon_core.package_identification:_identify(src/uros/micro-ROS-Agent) by extension 'colcon_meta'
[1.606s] Level 1:colcon.colcon_core.package_identification:_identify(src/uros/micro-ROS-Agent) by extensions ['ros']
[1.606s] Level 1:colcon.colcon_core.package_identification:_identify(src/uros/micro-ROS-Agent) by extension 'ros'
[1.607s] Level 1:colcon.colcon_core.package_identification:_identify(src/uros/micro-ROS-Agent) by extensions ['cmake', 'python']
[1.607s] Level 1:colcon.colcon_core.package_identification:_identify(src/uros/micro-ROS-Agent) by extension 'cmake'
[1.607s] Level 1:colcon.colcon_core.package_identification:_identify(src/uros/micro-ROS-Agent) by extension 'python'
[1.607s] Level 1:colcon.colcon_core.package_identification:_identify(src/uros/micro-ROS-Agent) by extensions ['python_setup_py']
[1.607s] Level 1:colcon.colcon_core.package_identification:_identify(src/uros/micro-ROS-Agent) by extension 'python_setup_py'
[1.607s] Level 1:colcon.colcon_core.package_identification:_identify(src/uros/micro-ROS-Agent/micro_ros_agent) by extensions ['ignore', 'ignore_ament_install']
[1.607s] Level 1:colcon.colcon_core.package_identification:_identify(src/uros/micro-ROS-Agent/micro_ros_agent) by extension 'ignore'
[1.607s] Level 1:colcon.colcon_core.package_identification:_identify(src/uros/micro-ROS-Agent/micro_ros_agent) by extension 'ignore_ament_install'
[1.607s] Level 1:colcon.colcon_core.package_identification:_identify(src/uros/micro-ROS-Agent/micro_ros_agent) by extensions ['colcon_pkg']
[1.607s] Level 1:colcon.colcon_core.package_identification:_identify(src/uros/micro-ROS-Agent/micro_ros_agent) by extension 'colcon_pkg'
[1.607s] Level 1:colcon.colcon_core.package_identification:_identify(src/uros/micro-ROS-Agent/micro_ros_agent) by extensions ['colcon_meta']
[1.607s] Level 1:colcon.colcon_core.package_identification:_identify(src/uros/micro-ROS-Agent/micro_ros_agent) by extension 'colcon_meta'
[1.607s] Level 1:colcon.colcon_core.package_identification:_identify(src/uros/micro-ROS-Agent/micro_ros_agent) by extensions ['ros']
[1.607s] Level 1:colcon.colcon_core.package_identification:_identify(src/uros/micro-ROS-Agent/micro_ros_agent) by extension 'ros'
[1.609s] DEBUG:colcon.colcon_core.package_identification:Package 'src/uros/micro-ROS-Agent/micro_ros_agent' with type 'ros.ament_cmake' and name 'micro_ros_agent'
[1.609s] Level 1:colcon.colcon_core.package_identification:_identify(src/uros/micro-ROS-Agent/snap) by extensions ['ignore', 'ignore_ament_install']
[1.609s] Level 1:colcon.colcon_core.package_identification:_identify(src/uros/micro-ROS-Agent/snap) by extension 'ignore'
[1.609s] Level 1:colcon.colcon_core.package_identification:_identify(src/uros/micro-ROS-Agent/snap) by extension 'ignore_ament_install'
[1.609s] Level 1:colcon.colcon_core.package_identification:_identify(src/uros/micro-ROS-Agent/snap) by extensions ['colcon_pkg']
[1.609s] Level 1:colcon.colcon_core.package_identification:_identify(src/uros/micro-ROS-Agent/snap) by extension 'colcon_pkg'
[1.609s] Level 1:colcon.colcon_core.package_identification:_identify(src/uros/micro-ROS-Agent/snap) by extensions ['colcon_meta']
[1.609s] Level 1:colcon.colcon_core.package_identification:_identify(src/uros/micro-ROS-Agent/snap) by extension 'colcon_meta'
[1.609s] Level 1:colcon.colcon_core.package_identification:_identify(src/uros/micro-ROS-Agent/snap) by extensions ['ros']
[1.609s] Level 1:colcon.colcon_core.package_identification:_identify(src/uros/micro-ROS-Agent/snap) by extension 'ros'
[1.609s] Level 1:colcon.colcon_core.package_identification:_identify(src/uros/micro-ROS-Agent/snap) by extensions ['cmake', 'python']
[1.609s] Level 1:colcon.colcon_core.package_identification:_identify(src/uros/micro-ROS-Agent/snap) by extension 'cmake'
[1.609s] Level 1:colcon.colcon_core.package_identification:_identify(src/uros/micro-ROS-Agent/snap) by extension 'python'
[1.609s] Level 1:colcon.colcon_core.package_identification:_identify(src/uros/micro-ROS-Agent/snap) by extensions ['python_setup_py']
[1.610s] Level 1:colcon.colcon_core.package_identification:_identify(src/uros/micro-ROS-Agent/snap) by extension 'python_setup_py'
[1.610s] Level 1:colcon.colcon_core.package_identification:_identify(src/uros/micro-ROS-Agent/snap/hooks) by extensions ['ignore', 'ignore_ament_install']
[1.610s] Level 1:colcon.colcon_core.package_identification:_identify(src/uros/micro-ROS-Agent/snap/hooks) by extension 'ignore'
[1.610s] Level 1:colcon.colcon_core.package_identification:_identify(src/uros/micro-ROS-Agent/snap/hooks) by extension 'ignore_ament_install'
[1.610s] Level 1:colcon.colcon_core.package_identification:_identify(src/uros/micro-ROS-Agent/snap/hooks) by extensions ['colcon_pkg']
[1.610s] Level 1:colcon.colcon_core.package_identification:_identify(src/uros/micro-ROS-Agent/snap/hooks) by extension 'colcon_pkg'
[1.610s] Level 1:colcon.colcon_core.package_identification:_identify(src/uros/micro-ROS-Agent/snap/hooks) by extensions ['colcon_meta']
[1.610s] Level 1:colcon.colcon_core.package_identification:_identify(src/uros/micro-ROS-Agent/snap/hooks) by extension 'colcon_meta'
[1.610s] Level 1:colcon.colcon_core.package_identification:_identify(src/uros/micro-ROS-Agent/snap/hooks) by extensions ['ros']
[1.610s] Level 1:colcon.colcon_core.package_identification:_identify(src/uros/micro-ROS-Agent/snap/hooks) by extension 'ros'
[1.610s] Level 1:colcon.colcon_core.package_identification:_identify(src/uros/micro-ROS-Agent/snap/hooks) by extensions ['cmake', 'python']
[1.610s] Level 1:colcon.colcon_core.package_identification:_identify(src/uros/micro-ROS-Agent/snap/hooks) by extension 'cmake'
[1.610s] Level 1:colcon.colcon_core.package_identification:_identify(src/uros/micro-ROS-Agent/snap/hooks) by extension 'python'
[1.610s] Level 1:colcon.colcon_core.package_identification:_identify(src/uros/micro-ROS-Agent/snap/hooks) by extensions ['python_setup_py']
[1.610s] Level 1:colcon.colcon_core.package_identification:_identify(src/uros/micro-ROS-Agent/snap/hooks) by extension 'python_setup_py'
[1.611s] Level 1:colcon.colcon_core.package_identification:_identify(src/uros/micro-ROS-Agent/snap/local) by extensions ['ignore', 'ignore_ament_install']
[1.611s] Level 1:colcon.colcon_core.package_identification:_identify(src/uros/micro-ROS-Agent/snap/local) by extension 'ignore'
[1.611s] Level 1:colcon.colcon_core.package_identification:_identify(src/uros/micro-ROS-Agent/snap/local) by extension 'ignore_ament_install'
[1.611s] Level 1:colcon.colcon_core.package_identification:_identify(src/uros/micro-ROS-Agent/snap/local) by extensions ['colcon_pkg']
[1.611s] Level 1:colcon.colcon_core.package_identification:_identify(src/uros/micro-ROS-Agent/snap/local) by extension 'colcon_pkg'
[1.611s] Level 1:colcon.colcon_core.package_identification:_identify(src/uros/micro-ROS-Agent/snap/local) by extensions ['colcon_meta']
[1.611s] Level 1:colcon.colcon_core.package_identification:_identify(src/uros/micro-ROS-Agent/snap/local) by extension 'colcon_meta'
[1.611s] Level 1:colcon.colcon_core.package_identification:_identify(src/uros/micro-ROS-Agent/snap/local) by extensions ['ros']
[1.611s] Level 1:colcon.colcon_core.package_identification:_identify(src/uros/micro-ROS-Agent/snap/local) by extension 'ros'
[1.611s] Level 1:colcon.colcon_core.package_identification:_identify(src/uros/micro-ROS-Agent/snap/local) by extensions ['cmake', 'python']
[1.611s] Level 1:colcon.colcon_core.package_identification:_identify(src/uros/micro-ROS-Agent/snap/local) by extension 'cmake'
[1.611s] Level 1:colcon.colcon_core.package_identification:_identify(src/uros/micro-ROS-Agent/snap/local) by extension 'python'
[1.611s] Level 1:colcon.colcon_core.package_identification:_identify(src/uros/micro-ROS-Agent/snap/local) by extensions ['python_setup_py']
[1.612s] Level 1:colcon.colcon_core.package_identification:_identify(src/uros/micro-ROS-Agent/snap/local) by extension 'python_setup_py'
[1.612s] Level 1:colcon.colcon_core.package_identification:_identify(src/uros/micro_ros_msgs) by extensions ['ignore', 'ignore_ament_install']
[1.612s] Level 1:colcon.colcon_core.package_identification:_identify(src/uros/micro_ros_msgs) by extension 'ignore'
[1.612s] Level 1:colcon.colcon_core.package_identification:_identify(src/uros/micro_ros_msgs) by extension 'ignore_ament_install'
[1.612s] Level 1:colcon.colcon_core.package_identification:_identify(src/uros/micro_ros_msgs) by extensions ['colcon_pkg']
[1.612s] Level 1:colcon.colcon_core.package_identification:_identify(src/uros/micro_ros_msgs) by extension 'colcon_pkg'
[1.612s] Level 1:colcon.colcon_core.package_identification:_identify(src/uros/micro_ros_msgs) by extensions ['colcon_meta']
[1.612s] Level 1:colcon.colcon_core.package_identification:_identify(src/uros/micro_ros_msgs) by extension 'colcon_meta'
[1.612s] Level 1:colcon.colcon_core.package_identification:_identify(src/uros/micro_ros_msgs) by extensions ['ros']
[1.612s] Level 1:colcon.colcon_core.package_identification:_identify(src/uros/micro_ros_msgs) by extension 'ros'
[1.613s] DEBUG:colcon.colcon_core.package_identification:Package 'src/uros/micro_ros_msgs' with type 'ros.ament_cmake' and name 'micro_ros_msgs'
[1.613s] Level 1:colcon.colcon_core.package_identification:_identify(src/usb_cam) by extensions ['ignore', 'ignore_ament_install']
[1.613s] Level 1:colcon.colcon_core.package_identification:_identify(src/usb_cam) by extension 'ignore'
[1.613s] Level 1:colcon.colcon_core.package_identification:_identify(src/usb_cam) by extension 'ignore_ament_install'
[1.613s] Level 1:colcon.colcon_core.package_identification:_identify(src/usb_cam) by extensions ['colcon_pkg']
[1.613s] Level 1:colcon.colcon_core.package_identification:_identify(src/usb_cam) by extension 'colcon_pkg'
[1.613s] Level 1:colcon.colcon_core.package_identification:_identify(src/usb_cam) by extensions ['colcon_meta']
[1.613s] Level 1:colcon.colcon_core.package_identification:_identify(src/usb_cam) by extension 'colcon_meta'
[1.613s] Level 1:colcon.colcon_core.package_identification:_identify(src/usb_cam) by extensions ['ros']
[1.613s] Level 1:colcon.colcon_core.package_identification:_identify(src/usb_cam) by extension 'ros'
[1.615s] DEBUG:colcon.colcon_core.package_identification:Package 'src/usb_cam' with type 'ros.ament_cmake' and name 'usb_cam'
[1.615s] Level 1:colcon.colcon_core.package_discovery:discover_packages(recursive) using defaults
[1.615s] Level 1:colcon.colcon_core.package_discovery:discover_packages(ignore) discover
[1.615s] Level 1:colcon.colcon_core.package_discovery:discover_packages(ignore) using defaults
[1.615s] Level 1:colcon.colcon_core.package_discovery:discover_packages(path) discover
[1.615s] Level 1:colcon.colcon_core.package_discovery:discover_packages(path) using defaults
[1.754s] Level 1:colcon.colcon_core.package_discovery:discover_packages(prefix_path) check parameters
[1.754s] Level 1:colcon.colcon_core.package_discovery:discover_packages(prefix_path) discover
[1.800s] DEBUG:colcon.colcon_installed_package_information.package_discovery:Found 6 installed packages in /home/tannernelson3/snuff_ros2/ros2_ws/install
[1.824s] DEBUG:colcon.colcon_installed_package_information.package_discovery:Found 289 installed packages in /opt/ros/iron
[1.838s] Level 1:colcon.colcon_core.package_discovery:discover_packages(prefix_path) using defaults
[1.957s] Level 5:colcon.colcon_core.verb:set package 'drive_base_msgs' build argument 'cmake_args' from command line to 'None'
[1.957s] Level 5:colcon.colcon_core.verb:set package 'drive_base_msgs' build argument 'cmake_target' from command line to 'None'
[1.957s] Level 5:colcon.colcon_core.verb:set package 'drive_base_msgs' build argument 'cmake_target_skip_unavailable' from command line to 'False'
[1.957s] Level 5:colcon.colcon_core.verb:set package 'drive_base_msgs' build argument 'cmake_clean_cache' from command line to 'False'
[1.957s] Level 5:colcon.colcon_core.verb:set package 'drive_base_msgs' build argument 'cmake_clean_first' from command line to 'False'
[1.957s] Level 5:colcon.colcon_core.verb:set package 'drive_base_msgs' build argument 'cmake_force_configure' from command line to 'False'
[1.957s] Level 5:colcon.colcon_core.verb:set package 'drive_base_msgs' build argument 'ament_cmake_args' from command line to 'None'
[1.957s] Level 5:colcon.colcon_core.verb:set package 'drive_base_msgs' build argument 'catkin_cmake_args' from command line to 'None'
[1.957s] Level 5:colcon.colcon_core.verb:set package 'drive_base_msgs' build argument 'catkin_skip_building_tests' from command line to 'False'
[1.957s] DEBUG:colcon.colcon_core.verb:Building package 'drive_base_msgs' with the following arguments: {'ament_cmake_args': None, 'build_base': '/home/tannernelson3/snuff_ros2/ros2_ws/build/drive_base_msgs', 'catkin_cmake_args': None, 'catkin_skip_building_tests': False, 'cmake_args': None, 'cmake_clean_cache': False, 'cmake_clean_first': False, 'cmake_force_configure': False, 'cmake_target': None, 'cmake_target_skip_unavailable': False, 'install_base': '/home/tannernelson3/snuff_ros2/ros2_ws/install/drive_base_msgs', 'merge_install': False, 'path': '/home/tannernelson3/snuff_ros2/ros2_ws/src/uros/drive_base/drive_base_msgs', 'symlink_install': False, 'test_result_base': None}
[1.980s] Level 5:colcon.colcon_core.verb:set package 'micro_ros_msgs' build argument 'cmake_args' from command line to 'None'
[1.980s] Level 5:colcon.colcon_core.verb:set package 'micro_ros_msgs' build argument 'cmake_target' from command line to 'None'
[1.980s] Level 5:colcon.colcon_core.verb:set package 'micro_ros_msgs' build argument 'cmake_target_skip_unavailable' from command line to 'False'
[1.980s] Level 5:colcon.colcon_core.verb:set package 'micro_ros_msgs' build argument 'cmake_clean_cache' from command line to 'False'
[1.980s] Level 5:colcon.colcon_core.verb:set package 'micro_ros_msgs' build argument 'cmake_clean_first' from command line to 'False'
[1.980s] Level 5:colcon.colcon_core.verb:set package 'micro_ros_msgs' build argument 'cmake_force_configure' from command line to 'False'
[1.980s] Level 5:colcon.colcon_core.verb:set package 'micro_ros_msgs' build argument 'ament_cmake_args' from command line to 'None'
[1.980s] Level 5:colcon.colcon_core.verb:set package 'micro_ros_msgs' build argument 'catkin_cmake_args' from command line to 'None'
[1.980s] Level 5:colcon.colcon_core.verb:set package 'micro_ros_msgs' build argument 'catkin_skip_building_tests' from command line to 'False'
[1.980s] DEBUG:colcon.colcon_core.verb:Building package 'micro_ros_msgs' with the following arguments: {'ament_cmake_args': None, 'build_base': '/home/tannernelson3/snuff_ros2/ros2_ws/build/micro_ros_msgs', 'catkin_cmake_args': None, 'catkin_skip_building_tests': False, 'cmake_args': None, 'cmake_clean_cache': False, 'cmake_clean_first': False, 'cmake_force_configure': False, 'cmake_target': None, 'cmake_target_skip_unavailable': False, 'install_base': '/home/tannernelson3/snuff_ros2/ros2_ws/install/micro_ros_msgs', 'merge_install': False, 'path': '/home/tannernelson3/snuff_ros2/ros2_ws/src/uros/micro_ros_msgs', 'symlink_install': False, 'test_result_base': None}
[2.003s] Level 5:colcon.colcon_core.verb:set package 'micro_ros_setup' build argument 'cmake_args' from command line to 'None'
[2.003s] Level 5:colcon.colcon_core.verb:set package 'micro_ros_setup' build argument 'cmake_target' from command line to 'None'
[2.003s] Level 5:colcon.colcon_core.verb:set package 'micro_ros_setup' build argument 'cmake_target_skip_unavailable' from command line to 'False'
[2.003s] Level 5:colcon.colcon_core.verb:set package 'micro_ros_setup' build argument 'cmake_clean_cache' from command line to 'False'
[2.003s] Level 5:colcon.colcon_core.verb:set package 'micro_ros_setup' build argument 'cmake_clean_first' from command line to 'False'
[2.003s] Level 5:colcon.colcon_core.verb:set package 'micro_ros_setup' build argument 'cmake_force_configure' from command line to 'False'
[2.003s] Level 5:colcon.colcon_core.verb:set package 'micro_ros_setup' build argument 'ament_cmake_args' from command line to 'None'
[2.003s] Level 5:colcon.colcon_core.verb:set package 'micro_ros_setup' build argument 'catkin_cmake_args' from command line to 'None'
[2.003s] Level 5:colcon.colcon_core.verb:set package 'micro_ros_setup' build argument 'catkin_skip_building_tests' from command line to 'False'
[2.003s] DEBUG:colcon.colcon_core.verb:Building package 'micro_ros_setup' with the following arguments: {'ament_cmake_args': None, 'build_base': '/home/tannernelson3/snuff_ros2/ros2_ws/build/micro_ros_setup', 'catkin_cmake_args': None, 'catkin_skip_building_tests': False, 'cmake_args': None, 'cmake_clean_cache': False, 'cmake_clean_first': False, 'cmake_force_configure': False, 'cmake_target': None, 'cmake_target_skip_unavailable': False, 'install_base': '/home/tannernelson3/snuff_ros2/ros2_ws/install/micro_ros_setup', 'merge_install': False, 'path': '/home/tannernelson3/snuff_ros2/ros2_ws/src/micro_ros_setup', 'symlink_install': False, 'test_result_base': None}
[2.026s] Level 5:colcon.colcon_core.verb:set package 'snuff' build argument 'cmake_args' from command line to 'None'
[2.026s] Level 5:colcon.colcon_core.verb:set package 'snuff' build argument 'cmake_target' from command line to 'None'
[2.026s] Level 5:colcon.colcon_core.verb:set package 'snuff' build argument 'cmake_target_skip_unavailable' from command line to 'False'
[2.026s] Level 5:colcon.colcon_core.verb:set package 'snuff' build argument 'cmake_clean_cache' from command line to 'False'
[2.026s] Level 5:colcon.colcon_core.verb:set package 'snuff' build argument 'cmake_clean_first' from command line to 'False'
[2.026s] Level 5:colcon.colcon_core.verb:set package 'snuff' build argument 'cmake_force_configure' from command line to 'False'
[2.026s] Level 5:colcon.colcon_core.verb:set package 'snuff' build argument 'ament_cmake_args' from command line to 'None'
[2.026s] Level 5:colcon.colcon_core.verb:set package 'snuff' build argument 'catkin_cmake_args' from command line to 'None'
[2.026s] Level 5:colcon.colcon_core.verb:set package 'snuff' build argument 'catkin_skip_building_tests' from command line to 'False'
[2.026s] DEBUG:colcon.colcon_core.verb:Building package 'snuff' with the following arguments: {'ament_cmake_args': None, 'build_base': '/home/tannernelson3/snuff_ros2/ros2_ws/build/snuff', 'catkin_cmake_args': None, 'catkin_skip_building_tests': False, 'cmake_args': None, 'cmake_clean_cache': False, 'cmake_clean_first': False, 'cmake_force_configure': False, 'cmake_target': None, 'cmake_target_skip_unavailable': False, 'install_base': '/home/tannernelson3/snuff_ros2/ros2_ws/install/snuff', 'merge_install': False, 'path': '/home/tannernelson3/snuff_ros2/ros2_ws/src/snuff', 'symlink_install': False, 'test_result_base': None}
[2.049s] Level 5:colcon.colcon_core.verb:set package 'usb_cam' build argument 'cmake_args' from command line to 'None'
[2.049s] Level 5:colcon.colcon_core.verb:set package 'usb_cam' build argument 'cmake_target' from command line to 'None'
[2.049s] Level 5:colcon.colcon_core.verb:set package 'usb_cam' build argument 'cmake_target_skip_unavailable' from command line to 'False'
[2.049s] Level 5:colcon.colcon_core.verb:set package 'usb_cam' build argument 'cmake_clean_cache' from command line to 'False'
[2.049s] Level 5:colcon.colcon_core.verb:set package 'usb_cam' build argument 'cmake_clean_first' from command line to 'False'
[2.049s] Level 5:colcon.colcon_core.verb:set package 'usb_cam' build argument 'cmake_force_configure' from command line to 'False'
[2.049s] Level 5:colcon.colcon_core.verb:set package 'usb_cam' build argument 'ament_cmake_args' from command line to 'None'
[2.049s] Level 5:colcon.colcon_core.verb:set package 'usb_cam' build argument 'catkin_cmake_args' from command line to 'None'
[2.049s] Level 5:colcon.colcon_core.verb:set package 'usb_cam' build argument 'catkin_skip_building_tests' from command line to 'False'
[2.049s] DEBUG:colcon.colcon_core.verb:Building package 'usb_cam' with the following arguments: {'ament_cmake_args': None, 'build_base': '/home/tannernelson3/snuff_ros2/ros2_ws/build/usb_cam', 'catkin_cmake_args': None, 'catkin_skip_building_tests': False, 'cmake_args': None, 'cmake_clean_cache': False, 'cmake_clean_first': False, 'cmake_force_configure': False, 'cmake_target': None, 'cmake_target_skip_unavailable': False, 'install_base': '/home/tannernelson3/snuff_ros2/ros2_ws/install/usb_cam', 'merge_install': False, 'path': '/home/tannernelson3/snuff_ros2/ros2_ws/src/usb_cam', 'symlink_install': False, 'test_result_base': None}
[2.072s] Level 5:colcon.colcon_core.verb:set package 'micro_ros_agent' build argument 'cmake_args' from command line to 'None'
[2.072s] Level 5:colcon.colcon_core.verb:set package 'micro_ros_agent' build argument 'cmake_target' from command line to 'None'
[2.072s] Level 5:colcon.colcon_core.verb:set package 'micro_ros_agent' build argument 'cmake_target_skip_unavailable' from command line to 'False'
[2.072s] Level 5:colcon.colcon_core.verb:set package 'micro_ros_agent' build argument 'cmake_clean_cache' from command line to 'False'
[2.072s] Level 5:colcon.colcon_core.verb:set package 'micro_ros_agent' build argument 'cmake_clean_first' from command line to 'False'
[2.072s] Level 5:colcon.colcon_core.verb:set package 'micro_ros_agent' build argument 'cmake_force_configure' from command line to 'False'
[2.072s] Level 5:colcon.colcon_core.verb:set package 'micro_ros_agent' build argument 'ament_cmake_args' from command line to 'None'
[2.072s] Level 5:colcon.colcon_core.verb:set package 'micro_ros_agent' build argument 'catkin_cmake_args' from command line to 'None'
[2.072s] Level 5:colcon.colcon_core.verb:set package 'micro_ros_agent' build argument 'catkin_skip_building_tests' from command line to 'False'
[2.072s] DEBUG:colcon.colcon_core.verb:Building package 'micro_ros_agent' with the following arguments: {'ament_cmake_args': None, 'build_base': '/home/tannernelson3/snuff_ros2/ros2_ws/build/micro_ros_agent', 'catkin_cmake_args': None, 'catkin_skip_building_tests': False, 'cmake_args': None, 'cmake_clean_cache': False, 'cmake_clean_first': False, 'cmake_force_configure': False, 'cmake_target': None, 'cmake_target_skip_unavailable': False, 'install_base': '/home/tannernelson3/snuff_ros2/ros2_ws/install/micro_ros_agent', 'merge_install': False, 'path': '/home/tannernelson3/snuff_ros2/ros2_ws/src/uros/micro-ROS-Agent/micro_ros_agent', 'symlink_install': False, 'test_result_base': None}
[2.094s] INFO:colcon.colcon_core.executor:Executing jobs using 'parallel' executor
[2.117s] DEBUG:colcon.colcon_parallel_executor.executor.parallel:run_until_complete
[2.118s] INFO:colcon.colcon_ros.task.ament_cmake.build:Building ROS package in '/home/tannernelson3/snuff_ros2/ros2_ws/src/uros/micro_ros_msgs' with build type 'ament_cmake'
[2.118s] INFO:colcon.colcon_cmake.task.cmake.build:Building CMake package in '/home/tannernelson3/snuff_ros2/ros2_ws/src/uros/micro_ros_msgs'
[2.144s] INFO:colcon.colcon_core.plugin_system:Skipping extension 'colcon_core.shell.bat': Not used on non-Windows systems
[2.144s] INFO:colcon.colcon_core.shell:Skip shell extension 'powershell' for command environment: Not usable outside of PowerShell
[2.144s] DEBUG:colcon.colcon_core.shell:Skip shell extension 'dsv' for command environment
[2.215s] INFO:colcon.colcon_ros.task.ament_cmake.build:Building ROS package in '/home/tannernelson3/snuff_ros2/ros2_ws/src/uros/drive_base/drive_base_msgs' with build type 'ament_cmake'
[2.215s] INFO:colcon.colcon_cmake.task.cmake.build:Building CMake package in '/home/tannernelson3/snuff_ros2/ros2_ws/src/uros/drive_base/drive_base_msgs'
[2.239s] INFO:colcon.colcon_core.shell:Skip shell extension 'powershell' for command environment: Not usable outside of PowerShell
[2.239s] DEBUG:colcon.colcon_core.shell:Skip shell extension 'dsv' for command environment
[2.309s] INFO:colcon.colcon_ros.task.ament_cmake.build:Building ROS package in '/home/tannernelson3/snuff_ros2/ros2_ws/src/micro_ros_setup' with build type 'ament_cmake'
[2.309s] INFO:colcon.colcon_cmake.task.cmake.build:Building CMake package in '/home/tannernelson3/snuff_ros2/ros2_ws/src/micro_ros_setup'
[2.333s] INFO:colcon.colcon_core.shell:Skip shell extension 'powershell' for command environment: Not usable outside of PowerShell
[2.333s] DEBUG:colcon.colcon_core.shell:Skip shell extension 'dsv' for command environment
[2.403s] INFO:colcon.colcon_ros.task.ament_cmake.build:Building ROS package in '/home/tannernelson3/snuff_ros2/ros2_ws/src/snuff' with build type 'ament_cmake'
[2.403s] INFO:colcon.colcon_cmake.task.cmake.build:Building CMake package in '/home/tannernelson3/snuff_ros2/ros2_ws/src/snuff'
[2.427s] INFO:colcon.colcon_core.shell:Skip shell extension 'powershell' for command environment: Not usable outside of PowerShell
[2.428s] DEBUG:colcon.colcon_core.shell:Skip shell extension 'dsv' for command environment
[2.503s] DEBUG:colcon.colcon_core.event_handler.log_command:Invoking command in '/home/tannernelson3/snuff_ros2/ros2_ws/build/micro_ros_msgs': CMAKE_PREFIX_PATH=${CMAKE_PREFIX_PATH}:/opt/ros/iron /usr/bin/cmake --build /home/tannernelson3/snuff_ros2/ros2_ws/build/micro_ros_msgs -- -j4 -l4
[2.508s] DEBUG:colcon.colcon_core.event_handler.log_command:Invoking command in '/home/tannernelson3/snuff_ros2/ros2_ws/build/drive_base_msgs': CMAKE_PREFIX_PATH=${CMAKE_PREFIX_PATH}:/opt/ros/iron /usr/bin/cmake --build /home/tannernelson3/snuff_ros2/ros2_ws/build/drive_base_msgs -- -j4 -l4
[2.514s] DEBUG:colcon.colcon_core.event_handler.log_command:Invoking command in '/home/tannernelson3/snuff_ros2/ros2_ws/build/micro_ros_setup': CMAKE_PREFIX_PATH=${CMAKE_PREFIX_PATH}:/opt/ros/iron /usr/bin/cmake --build /home/tannernelson3/snuff_ros2/ros2_ws/build/micro_ros_setup -- -j4 -l4
[2.524s] DEBUG:colcon.colcon_core.event_handler.log_command:Invoking command in '/home/tannernelson3/snuff_ros2/ros2_ws/build/snuff': CMAKE_PREFIX_PATH=${CMAKE_PREFIX_PATH}:/opt/ros/iron /usr/bin/cmake --build /home/tannernelson3/snuff_ros2/ros2_ws/build/snuff -- -j4 -l4
[2.592s] DEBUG:colcon.colcon_core.event_handler.log_command:Invoked command in '/home/tannernelson3/snuff_ros2/ros2_ws/build/micro_ros_setup' returned '0': CMAKE_PREFIX_PATH=${CMAKE_PREFIX_PATH}:/opt/ros/iron /usr/bin/cmake --build /home/tannernelson3/snuff_ros2/ros2_ws/build/micro_ros_setup -- -j4 -l4
[2.773s] DEBUG:colcon.colcon_core.event_handler.log_command:Invoking command in '/home/tannernelson3/snuff_ros2/ros2_ws/build/micro_ros_setup': CMAKE_PREFIX_PATH=${CMAKE_PREFIX_PATH}:/opt/ros/iron /usr/bin/cmake --install /home/tannernelson3/snuff_ros2/ros2_ws/build/micro_ros_setup
[2.808s] Level 1:colcon.colcon_core.environment:create_environment_scripts_only(micro_ros_setup)
[2.861s] DEBUG:colcon.colcon_core.event_handler.log_command:Invoked command in '/home/tannernelson3/snuff_ros2/ros2_ws/build/micro_ros_setup' returned '0': CMAKE_PREFIX_PATH=${CMAKE_PREFIX_PATH}:/opt/ros/iron /usr/bin/cmake --install /home/tannernelson3/snuff_ros2/ros2_ws/build/micro_ros_setup
[2.944s] Level 1:colcon.colcon_core.environment:checking '/home/tannernelson3/snuff_ros2/ros2_ws/install/micro_ros_setup' for CMake module files
[2.945s] Level 1:colcon.colcon_core.environment:checking '/home/tannernelson3/snuff_ros2/ros2_ws/install/micro_ros_setup' for CMake config files
[2.947s] Level 1:colcon.colcon_core.shell:create_environment_hook('micro_ros_setup', 'cmake_prefix_path')
[3.068s] INFO:colcon.colcon_core.shell:Creating environment hook '/home/tannernelson3/snuff_ros2/ros2_ws/install/micro_ros_setup/share/micro_ros_setup/hook/cmake_prefix_path.ps1'
[3.069s] INFO:colcon.colcon_core.shell:Creating environment descriptor '/home/tannernelson3/snuff_ros2/ros2_ws/install/micro_ros_setup/share/micro_ros_setup/hook/cmake_prefix_path.dsv'
[3.070s] INFO:colcon.colcon_core.shell:Creating environment hook '/home/tannernelson3/snuff_ros2/ros2_ws/install/micro_ros_setup/share/micro_ros_setup/hook/cmake_prefix_path.sh'
[3.072s] Level 1:colcon.colcon_core.environment:checking '/home/tannernelson3/snuff_ros2/ros2_ws/install/micro_ros_setup/lib'
[3.072s] Level 1:colcon.colcon_core.environment:checking '/home/tannernelson3/snuff_ros2/ros2_ws/install/micro_ros_setup/bin'
[3.083s] Level 1:colcon.colcon_core.environment:checking '/home/tannernelson3/snuff_ros2/ros2_ws/install/micro_ros_setup/lib/pkgconfig/micro_ros_setup.pc'
[3.084s] Level 1:colcon.colcon_core.environment:checking '/home/tannernelson3/snuff_ros2/ros2_ws/install/micro_ros_setup/lib/python3.10/site-packages'
[3.084s] Level 1:colcon.colcon_core.environment:checking '/home/tannernelson3/snuff_ros2/ros2_ws/install/micro_ros_setup/bin'
[3.174s] INFO:colcon.colcon_core.shell:Creating package script '/home/tannernelson3/snuff_ros2/ros2_ws/install/micro_ros_setup/share/micro_ros_setup/package.ps1'
[3.176s] INFO:colcon.colcon_core.shell:Creating package descriptor '/home/tannernelson3/snuff_ros2/ros2_ws/install/micro_ros_setup/share/micro_ros_setup/package.dsv'
[3.177s] INFO:colcon.colcon_core.shell:Creating package script '/home/tannernelson3/snuff_ros2/ros2_ws/install/micro_ros_setup/share/micro_ros_setup/package.sh'
[3.188s] INFO:colcon.colcon_core.shell:Creating package script '/home/tannernelson3/snuff_ros2/ros2_ws/install/micro_ros_setup/share/micro_ros_setup/package.bash'
[3.190s] INFO:colcon.colcon_core.shell:Creating package script '/home/tannernelson3/snuff_ros2/ros2_ws/install/micro_ros_setup/share/micro_ros_setup/package.zsh'
[3.192s] Level 1:colcon.colcon_core.environment:create_file_with_runtime_dependencies(/home/tannernelson3/snuff_ros2/ros2_ws/install/micro_ros_setup/share/colcon-core/packages/micro_ros_setup)
[3.470s] Level 1:colcon.colcon_core.environment:create_environment_scripts_only(micro_ros_setup)
[3.558s] Level 1:colcon.colcon_core.environment:checking '/home/tannernelson3/snuff_ros2/ros2_ws/install/micro_ros_setup' for CMake module files
[3.559s] Level 1:colcon.colcon_core.environment:checking '/home/tannernelson3/snuff_ros2/ros2_ws/install/micro_ros_setup' for CMake config files
[3.561s] Level 1:colcon.colcon_core.shell:create_environment_hook('micro_ros_setup', 'cmake_prefix_path')
[3.597s] INFO:colcon.colcon_core.shell:Creating environment hook '/home/tannernelson3/snuff_ros2/ros2_ws/install/micro_ros_setup/share/micro_ros_setup/hook/cmake_prefix_path.ps1'
[3.598s] INFO:colcon.colcon_core.shell:Creating environment descriptor '/home/tannernelson3/snuff_ros2/ros2_ws/install/micro_ros_setup/share/micro_ros_setup/hook/cmake_prefix_path.dsv'
[3.599s] INFO:colcon.colcon_core.shell:Creating environment hook '/home/tannernelson3/snuff_ros2/ros2_ws/install/micro_ros_setup/share/micro_ros_setup/hook/cmake_prefix_path.sh'
[3.599s] Level 1:colcon.colcon_core.environment:checking '/home/tannernelson3/snuff_ros2/ros2_ws/install/micro_ros_setup/lib'
[3.600s] Level 1:colcon.colcon_core.environment:checking '/home/tannernelson3/snuff_ros2/ros2_ws/install/micro_ros_setup/bin'
[3.600s] Level 1:colcon.colcon_core.environment:checking '/home/tannernelson3/snuff_ros2/ros2_ws/install/micro_ros_setup/lib/pkgconfig/micro_ros_setup.pc'
[3.600s] Level 1:colcon.colcon_core.environment:checking '/home/tannernelson3/snuff_ros2/ros2_ws/install/micro_ros_setup/lib/python3.10/site-packages'
[3.600s] Level 1:colcon.colcon_core.environment:checking '/home/tannernelson3/snuff_ros2/ros2_ws/install/micro_ros_setup/bin'
[3.629s] INFO:colcon.colcon_core.shell:Creating package script '/home/tannernelson3/snuff_ros2/ros2_ws/install/micro_ros_setup/share/micro_ros_setup/package.ps1'
[3.630s] INFO:colcon.colcon_core.shell:Creating package descriptor '/home/tannernelson3/snuff_ros2/ros2_ws/install/micro_ros_setup/share/micro_ros_setup/package.dsv'
[3.630s] INFO:colcon.colcon_core.shell:Creating package script '/home/tannernelson3/snuff_ros2/ros2_ws/install/micro_ros_setup/share/micro_ros_setup/package.sh'
[3.631s] INFO:colcon.colcon_core.shell:Creating package script '/home/tannernelson3/snuff_ros2/ros2_ws/install/micro_ros_setup/share/micro_ros_setup/package.bash'
[3.632s] INFO:colcon.colcon_core.shell:Creating package script '/home/tannernelson3/snuff_ros2/ros2_ws/install/micro_ros_setup/share/micro_ros_setup/package.zsh'
[3.632s] Level 1:colcon.colcon_core.environment:create_file_with_runtime_dependencies(/home/tannernelson3/snuff_ros2/ros2_ws/install/micro_ros_setup/share/colcon-core/packages/micro_ros_setup)
[3.633s] INFO:colcon.colcon_ros.task.ament_cmake.build:Building ROS package in '/home/tannernelson3/snuff_ros2/ros2_ws/src/usb_cam' with build type 'ament_cmake'
[3.634s] INFO:colcon.colcon_cmake.task.cmake.build:Building CMake package in '/home/tannernelson3/snuff_ros2/ros2_ws/src/usb_cam'
[3.660s] INFO:colcon.colcon_core.shell:Skip shell extension 'powershell' for command environment: Not usable outside of PowerShell
[3.660s] DEBUG:colcon.colcon_core.shell:Skip shell extension 'dsv' for command environment
[3.756s] DEBUG:colcon.colcon_core.event_handler.log_command:Invoked command in '/home/tannernelson3/snuff_ros2/ros2_ws/build/snuff' returned '0': CMAKE_PREFIX_PATH=${CMAKE_PREFIX_PATH}:/opt/ros/iron /usr/bin/cmake --build /home/tannernelson3/snuff_ros2/ros2_ws/build/snuff -- -j4 -l4
[3.760s] DEBUG:colcon.colcon_core.event_handler.log_command:Invoked command in '/home/tannernelson3/snuff_ros2/ros2_ws/build/drive_base_msgs' returned '0': CMAKE_PREFIX_PATH=${CMAKE_PREFIX_PATH}:/opt/ros/iron /usr/bin/cmake --build /home/tannernelson3/snuff_ros2/ros2_ws/build/drive_base_msgs -- -j4 -l4
[3.767s] DEBUG:colcon.colcon_core.event_handler.log_command:Invoking command in '/home/tannernelson3/snuff_ros2/ros2_ws/build/usb_cam': CMAKE_PREFIX_PATH=${CMAKE_PREFIX_PATH}:/opt/ros/iron /usr/bin/cmake --build /home/tannernelson3/snuff_ros2/ros2_ws/build/usb_cam -- -j4 -l4
[3.806s] DEBUG:colcon.colcon_core.event_handler.log_command:Invoking command in '/home/tannernelson3/snuff_ros2/ros2_ws/build/snuff': CMAKE_PREFIX_PATH=${CMAKE_PREFIX_PATH}:/opt/ros/iron /usr/bin/cmake --install /home/tannernelson3/snuff_ros2/ros2_ws/build/snuff
[3.810s] DEBUG:colcon.colcon_core.event_handler.log_command:Invoked command in '/home/tannernelson3/snuff_ros2/ros2_ws/build/micro_ros_msgs' returned '0': CMAKE_PREFIX_PATH=${CMAKE_PREFIX_PATH}:/opt/ros/iron /usr/bin/cmake --build /home/tannernelson3/snuff_ros2/ros2_ws/build/micro_ros_msgs -- -j4 -l4
[3.928s] Level 1:colcon.colcon_core.environment:create_environment_scripts_only(snuff)
[3.936s] DEBUG:colcon.colcon_core.event_handler.log_command:Invoked command in '/home/tannernelson3/snuff_ros2/ros2_ws/build/snuff' returned '0': CMAKE_PREFIX_PATH=${CMAKE_PREFIX_PATH}:/opt/ros/iron /usr/bin/cmake --install /home/tannernelson3/snuff_ros2/ros2_ws/build/snuff
[3.974s] Level 1:colcon.colcon_core.environment:checking '/home/tannernelson3/snuff_ros2/ros2_ws/install/snuff' for CMake module files
[3.977s] Level 1:colcon.colcon_core.environment:checking '/home/tannernelson3/snuff_ros2/ros2_ws/install/snuff' for CMake config files
[3.978s] Level 1:colcon.colcon_core.shell:create_environment_hook('snuff', 'cmake_prefix_path')
[4.021s] INFO:colcon.colcon_core.shell:Creating environment hook '/home/tannernelson3/snuff_ros2/ros2_ws/install/snuff/share/snuff/hook/cmake_prefix_path.ps1'
[4.022s] INFO:colcon.colcon_core.shell:Creating environment descriptor '/home/tannernelson3/snuff_ros2/ros2_ws/install/snuff/share/snuff/hook/cmake_prefix_path.dsv'
[4.023s] INFO:colcon.colcon_core.shell:Creating environment hook '/home/tannernelson3/snuff_ros2/ros2_ws/install/snuff/share/snuff/hook/cmake_prefix_path.sh'
[4.025s] Level 1:colcon.colcon_core.environment:checking '/home/tannernelson3/snuff_ros2/ros2_ws/install/snuff/lib'
[4.025s] Level 1:colcon.colcon_core.environment:checking '/home/tannernelson3/snuff_ros2/ros2_ws/install/snuff/bin'
[4.025s] Level 1:colcon.colcon_core.environment:checking '/home/tannernelson3/snuff_ros2/ros2_ws/install/snuff/lib/pkgconfig/snuff.pc'
[4.026s] Level 1:colcon.colcon_core.environment:checking '/home/tannernelson3/snuff_ros2/ros2_ws/install/snuff/lib/python3.10/site-packages'
[4.026s] Level 1:colcon.colcon_core.shell:create_environment_hook('snuff', 'pythonpath')
[4.067s] INFO:colcon.colcon_core.shell:Creating environment hook '/home/tannernelson3/snuff_ros2/ros2_ws/install/snuff/share/snuff/hook/pythonpath.ps1'
[4.068s] INFO:colcon.colcon_core.shell:Creating environment descriptor '/home/tannernelson3/snuff_ros2/ros2_ws/install/snuff/share/snuff/hook/pythonpath.dsv'
[4.069s] INFO:colcon.colcon_core.shell:Creating environment hook '/home/tannernelson3/snuff_ros2/ros2_ws/install/snuff/share/snuff/hook/pythonpath.sh'
[4.070s] Level 1:colcon.colcon_core.environment:checking '/home/tannernelson3/snuff_ros2/ros2_ws/install/snuff/bin'
[4.107s] INFO:colcon.colcon_core.shell:Creating package script '/home/tannernelson3/snuff_ros2/ros2_ws/install/snuff/share/snuff/package.ps1'
[4.108s] INFO:colcon.colcon_core.shell:Creating package descriptor '/home/tannernelson3/snuff_ros2/ros2_ws/install/snuff/share/snuff/package.dsv'
[4.109s] INFO:colcon.colcon_core.shell:Creating package script '/home/tannernelson3/snuff_ros2/ros2_ws/install/snuff/share/snuff/package.sh'
[4.110s] INFO:colcon.colcon_core.shell:Creating package script '/home/tannernelson3/snuff_ros2/ros2_ws/install/snuff/share/snuff/package.bash'
[4.111s] INFO:colcon.colcon_core.shell:Creating package script '/home/tannernelson3/snuff_ros2/ros2_ws/install/snuff/share/snuff/package.zsh'
[4.111s] Level 1:colcon.colcon_core.environment:create_file_with_runtime_dependencies(/home/tannernelson3/snuff_ros2/ros2_ws/install/snuff/share/colcon-core/packages/snuff)
[4.117s] DEBUG:colcon.colcon_core.event_handler.log_command:Invoked command in '/home/tannernelson3/snuff_ros2/ros2_ws/build/usb_cam' returned '0': CMAKE_PREFIX_PATH=${CMAKE_PREFIX_PATH}:/opt/ros/iron /usr/bin/cmake --build /home/tannernelson3/snuff_ros2/ros2_ws/build/usb_cam -- -j4 -l4
[4.125s] DEBUG:colcon.colcon_core.event_handler.log_command:Invoking command in '/home/tannernelson3/snuff_ros2/ros2_ws/build/drive_base_msgs': CMAKE_PREFIX_PATH=${CMAKE_PREFIX_PATH}:/opt/ros/iron /usr/bin/cmake --install /home/tannernelson3/snuff_ros2/ros2_ws/build/drive_base_msgs
[4.134s] DEBUG:colcon.colcon_core.event_handler.log_command:Invoking command in '/home/tannernelson3/snuff_ros2/ros2_ws/build/micro_ros_msgs': CMAKE_PREFIX_PATH=${CMAKE_PREFIX_PATH}:/opt/ros/iron /usr/bin/cmake --install /home/tannernelson3/snuff_ros2/ros2_ws/build/micro_ros_msgs
[4.265s] Level 1:colcon.colcon_core.environment:create_environment_scripts_only(snuff)
[4.301s] Level 1:colcon.colcon_core.environment:checking '/home/tannernelson3/snuff_ros2/ros2_ws/install/snuff' for CMake module files
[4.302s] Level 1:colcon.colcon_core.environment:checking '/home/tannernelson3/snuff_ros2/ros2_ws/install/snuff' for CMake config files
[4.302s] Level 1:colcon.colcon_core.shell:create_environment_hook('snuff', 'cmake_prefix_path')
[4.325s] INFO:colcon.colcon_core.shell:Creating environment hook '/home/tannernelson3/snuff_ros2/ros2_ws/install/snuff/share/snuff/hook/cmake_prefix_path.ps1'
[4.326s] INFO:colcon.colcon_core.shell:Creating environment descriptor '/home/tannernelson3/snuff_ros2/ros2_ws/install/snuff/share/snuff/hook/cmake_prefix_path.dsv'
[4.326s] INFO:colcon.colcon_core.shell:Creating environment hook '/home/tannernelson3/snuff_ros2/ros2_ws/install/snuff/share/snuff/hook/cmake_prefix_path.sh'
[4.327s] Level 1:colcon.colcon_core.environment:checking '/home/tannernelson3/snuff_ros2/ros2_ws/install/snuff/lib'
[4.327s] Level 1:colcon.colcon_core.environment:checking '/home/tannernelson3/snuff_ros2/ros2_ws/install/snuff/bin'
[4.327s] Level 1:colcon.colcon_core.environment:checking '/home/tannernelson3/snuff_ros2/ros2_ws/install/snuff/lib/pkgconfig/snuff.pc'
[4.327s] Level 1:colcon.colcon_core.environment:checking '/home/tannernelson3/snuff_ros2/ros2_ws/install/snuff/lib/python3.10/site-packages'
[4.327s] Level 1:colcon.colcon_core.shell:create_environment_hook('snuff', 'pythonpath')
[4.350s] INFO:colcon.colcon_core.shell:Creating environment hook '/home/tannernelson3/snuff_ros2/ros2_ws/install/snuff/share/snuff/hook/pythonpath.ps1'
[4.351s] INFO:colcon.colcon_core.shell:Creating environment descriptor '/home/tannernelson3/snuff_ros2/ros2_ws/install/snuff/share/snuff/hook/pythonpath.dsv'
[4.351s] INFO:colcon.colcon_core.shell:Creating environment hook '/home/tannernelson3/snuff_ros2/ros2_ws/install/snuff/share/snuff/hook/pythonpath.sh'
[4.352s] Level 1:colcon.colcon_core.environment:checking '/home/tannernelson3/snuff_ros2/ros2_ws/install/snuff/bin'
[4.375s] INFO:colcon.colcon_core.shell:Creating package script '/home/tannernelson3/snuff_ros2/ros2_ws/install/snuff/share/snuff/package.ps1'
[4.375s] INFO:colcon.colcon_core.shell:Creating package descriptor '/home/tannernelson3/snuff_ros2/ros2_ws/install/snuff/share/snuff/package.dsv'
[4.376s] INFO:colcon.colcon_core.shell:Creating package script '/home/tannernelson3/snuff_ros2/ros2_ws/install/snuff/share/snuff/package.sh'
[4.377s] INFO:colcon.colcon_core.shell:Creating package script '/home/tannernelson3/snuff_ros2/ros2_ws/install/snuff/share/snuff/package.bash'
[4.377s] INFO:colcon.colcon_core.shell:Creating package script '/home/tannernelson3/snuff_ros2/ros2_ws/install/snuff/share/snuff/package.zsh'
[4.378s] Level 1:colcon.colcon_core.environment:create_file_with_runtime_dependencies(/home/tannernelson3/snuff_ros2/ros2_ws/install/snuff/share/colcon-core/packages/snuff)
[4.382s] DEBUG:colcon.colcon_core.event_handler.log_command:Invoking command in '/home/tannernelson3/snuff_ros2/ros2_ws/build/usb_cam': CMAKE_PREFIX_PATH=${CMAKE_PREFIX_PATH}:/opt/ros/iron /usr/bin/cmake --install /home/tannernelson3/snuff_ros2/ros2_ws/build/usb_cam
[4.382s] Level 1:colcon.colcon_core.environment:create_environment_scripts_only(drive_base_msgs)
[4.382s] DEBUG:colcon.colcon_core.event_handler.log_command:Invoked command in '/home/tannernelson3/snuff_ros2/ros2_ws/build/drive_base_msgs' returned '0': CMAKE_PREFIX_PATH=${CMAKE_PREFIX_PATH}:/opt/ros/iron /usr/bin/cmake --install /home/tannernelson3/snuff_ros2/ros2_ws/build/drive_base_msgs
[4.415s] Level 1:colcon.colcon_core.environment:checking '/home/tannernelson3/snuff_ros2/ros2_ws/install/drive_base_msgs' for CMake module files
[4.416s] Level 1:colcon.colcon_core.environment:checking '/home/tannernelson3/snuff_ros2/ros2_ws/install/drive_base_msgs' for CMake config files
[4.417s] Level 1:colcon.colcon_core.shell:create_environment_hook('drive_base_msgs', 'cmake_prefix_path')
[4.440s] INFO:colcon.colcon_core.shell:Creating environment hook '/home/tannernelson3/snuff_ros2/ros2_ws/install/drive_base_msgs/share/drive_base_msgs/hook/cmake_prefix_path.ps1'
[4.440s] INFO:colcon.colcon_core.shell:Creating environment descriptor '/home/tannernelson3/snuff_ros2/ros2_ws/install/drive_base_msgs/share/drive_base_msgs/hook/cmake_prefix_path.dsv'
[4.441s] INFO:colcon.colcon_core.shell:Creating environment hook '/home/tannernelson3/snuff_ros2/ros2_ws/install/drive_base_msgs/share/drive_base_msgs/hook/cmake_prefix_path.sh'
[4.442s] Level 1:colcon.colcon_core.environment:checking '/home/tannernelson3/snuff_ros2/ros2_ws/install/drive_base_msgs/lib'
[4.442s] Level 1:colcon.colcon_core.shell:create_environment_hook('drive_base_msgs', 'ld_library_path_lib')
[4.464s] INFO:colcon.colcon_core.shell:Creating environment hook '/home/tannernelson3/snuff_ros2/ros2_ws/install/drive_base_msgs/share/drive_base_msgs/hook/ld_library_path_lib.ps1'
[4.465s] INFO:colcon.colcon_core.shell:Creating environment descriptor '/home/tannernelson3/snuff_ros2/ros2_ws/install/drive_base_msgs/share/drive_base_msgs/hook/ld_library_path_lib.dsv'
[4.465s] INFO:colcon.colcon_core.shell:Creating environment hook '/home/tannernelson3/snuff_ros2/ros2_ws/install/drive_base_msgs/share/drive_base_msgs/hook/ld_library_path_lib.sh'
[4.466s] Level 1:colcon.colcon_core.environment:checking '/home/tannernelson3/snuff_ros2/ros2_ws/install/drive_base_msgs/bin'
[4.466s] Level 1:colcon.colcon_core.environment:checking '/home/tannernelson3/snuff_ros2/ros2_ws/install/drive_base_msgs/lib/pkgconfig/drive_base_msgs.pc'
[4.466s] Level 1:colcon.colcon_core.environment:checking '/home/tannernelson3/snuff_ros2/ros2_ws/install/drive_base_msgs/lib/python3.10/site-packages'
[4.466s] Level 1:colcon.colcon_core.shell:create_environment_hook('drive_base_msgs', 'pythonpath')
[4.489s] INFO:colcon.colcon_core.shell:Creating environment hook '/home/tannernelson3/snuff_ros2/ros2_ws/install/drive_base_msgs/share/drive_base_msgs/hook/pythonpath.ps1'
[4.489s] INFO:colcon.colcon_core.shell:Creating environment descriptor '/home/tannernelson3/snuff_ros2/ros2_ws/install/drive_base_msgs/share/drive_base_msgs/hook/pythonpath.dsv'
[4.490s] INFO:colcon.colcon_core.shell:Creating environment hook '/home/tannernelson3/snuff_ros2/ros2_ws/install/drive_base_msgs/share/drive_base_msgs/hook/pythonpath.sh'
[4.490s] Level 1:colcon.colcon_core.environment:checking '/home/tannernelson3/snuff_ros2/ros2_ws/install/drive_base_msgs/bin'
[4.513s] INFO:colcon.colcon_core.shell:Creating package script '/home/tannernelson3/snuff_ros2/ros2_ws/install/drive_base_msgs/share/drive_base_msgs/package.ps1'
[4.514s] INFO:colcon.colcon_core.shell:Creating package descriptor '/home/tannernelson3/snuff_ros2/ros2_ws/install/drive_base_msgs/share/drive_base_msgs/package.dsv'
[4.515s] INFO:colcon.colcon_core.shell:Creating package script '/home/tannernelson3/snuff_ros2/ros2_ws/install/drive_base_msgs/share/drive_base_msgs/package.sh'
[4.515s] INFO:colcon.colcon_core.shell:Creating package script '/home/tannernelson3/snuff_ros2/ros2_ws/install/drive_base_msgs/share/drive_base_msgs/package.bash'
[4.516s] INFO:colcon.colcon_core.shell:Creating package script '/home/tannernelson3/snuff_ros2/ros2_ws/install/drive_base_msgs/share/drive_base_msgs/package.zsh'
[4.516s] Level 1:colcon.colcon_core.environment:create_file_with_runtime_dependencies(/home/tannernelson3/snuff_ros2/ros2_ws/install/drive_base_msgs/share/colcon-core/packages/drive_base_msgs)
[4.518s] Level 1:colcon.colcon_core.environment:create_environment_scripts_only(micro_ros_msgs)
[4.519s] DEBUG:colcon.colcon_core.event_handler.log_command:Invoked command in '/home/tannernelson3/snuff_ros2/ros2_ws/build/micro_ros_msgs' returned '0': CMAKE_PREFIX_PATH=${CMAKE_PREFIX_PATH}:/opt/ros/iron /usr/bin/cmake --install /home/tannernelson3/snuff_ros2/ros2_ws/build/micro_ros_msgs
[4.555s] Level 1:colcon.colcon_core.environment:checking '/home/tannernelson3/snuff_ros2/ros2_ws/install/micro_ros_msgs' for CMake module files
[4.556s] Level 1:colcon.colcon_core.environment:checking '/home/tannernelson3/snuff_ros2/ros2_ws/install/micro_ros_msgs' for CMake config files
[4.557s] Level 1:colcon.colcon_core.shell:create_environment_hook('micro_ros_msgs', 'cmake_prefix_path')
[4.582s] INFO:colcon.colcon_core.shell:Creating environment hook '/home/tannernelson3/snuff_ros2/ros2_ws/install/micro_ros_msgs/share/micro_ros_msgs/hook/cmake_prefix_path.ps1'
[4.583s] INFO:colcon.colcon_core.shell:Creating environment descriptor '/home/tannernelson3/snuff_ros2/ros2_ws/install/micro_ros_msgs/share/micro_ros_msgs/hook/cmake_prefix_path.dsv'
[4.583s] INFO:colcon.colcon_core.shell:Creating environment hook '/home/tannernelson3/snuff_ros2/ros2_ws/install/micro_ros_msgs/share/micro_ros_msgs/hook/cmake_prefix_path.sh'
[4.584s] Level 1:colcon.colcon_core.environment:checking '/home/tannernelson3/snuff_ros2/ros2_ws/install/micro_ros_msgs/lib'
[4.584s] Level 1:colcon.colcon_core.shell:create_environment_hook('micro_ros_msgs', 'ld_library_path_lib')
[4.610s] INFO:colcon.colcon_core.shell:Creating environment hook '/home/tannernelson3/snuff_ros2/ros2_ws/install/micro_ros_msgs/share/micro_ros_msgs/hook/ld_library_path_lib.ps1'
[4.610s] INFO:colcon.colcon_core.shell:Creating environment descriptor '/home/tannernelson3/snuff_ros2/ros2_ws/install/micro_ros_msgs/share/micro_ros_msgs/hook/ld_library_path_lib.dsv'
[4.611s] INFO:colcon.colcon_core.shell:Creating environment hook '/home/tannernelson3/snuff_ros2/ros2_ws/install/micro_ros_msgs/share/micro_ros_msgs/hook/ld_library_path_lib.sh'
[4.612s] Level 1:colcon.colcon_core.environment:checking '/home/tannernelson3/snuff_ros2/ros2_ws/install/micro_ros_msgs/bin'
[4.612s] Level 1:colcon.colcon_core.environment:checking '/home/tannernelson3/snuff_ros2/ros2_ws/install/micro_ros_msgs/lib/pkgconfig/micro_ros_msgs.pc'
[4.612s] Level 1:colcon.colcon_core.environment:checking '/home/tannernelson3/snuff_ros2/ros2_ws/install/micro_ros_msgs/lib/python3.10/site-packages'
[4.612s] Level 1:colcon.colcon_core.shell:create_environment_hook('micro_ros_msgs', 'pythonpath')
[4.640s] INFO:colcon.colcon_core.shell:Creating environment hook '/home/tannernelson3/snuff_ros2/ros2_ws/install/micro_ros_msgs/share/micro_ros_msgs/hook/pythonpath.ps1'
[4.640s] INFO:colcon.colcon_core.shell:Creating environment descriptor '/home/tannernelson3/snuff_ros2/ros2_ws/install/micro_ros_msgs/share/micro_ros_msgs/hook/pythonpath.dsv'
[4.641s] INFO:colcon.colcon_core.shell:Creating environment hook '/home/tannernelson3/snuff_ros2/ros2_ws/install/micro_ros_msgs/share/micro_ros_msgs/hook/pythonpath.sh'
[4.642s] Level 1:colcon.colcon_core.environment:checking '/home/tannernelson3/snuff_ros2/ros2_ws/install/micro_ros_msgs/bin'
[4.686s] INFO:colcon.colcon_core.shell:Creating package script '/home/tannernelson3/snuff_ros2/ros2_ws/install/micro_ros_msgs/share/micro_ros_msgs/package.ps1'
[4.687s] INFO:colcon.colcon_core.shell:Creating package descriptor '/home/tannernelson3/snuff_ros2/ros2_ws/install/micro_ros_msgs/share/micro_ros_msgs/package.dsv'
[4.688s] INFO:colcon.colcon_core.shell:Creating package script '/home/tannernelson3/snuff_ros2/ros2_ws/install/micro_ros_msgs/share/micro_ros_msgs/package.sh'
[4.689s] INFO:colcon.colcon_core.shell:Creating package script '/home/tannernelson3/snuff_ros2/ros2_ws/install/micro_ros_msgs/share/micro_ros_msgs/package.bash'
[4.689s] INFO:colcon.colcon_core.shell:Creating package script '/home/tannernelson3/snuff_ros2/ros2_ws/install/micro_ros_msgs/share/micro_ros_msgs/package.zsh'
[4.690s] Level 1:colcon.colcon_core.environment:create_file_with_runtime_dependencies(/home/tannernelson3/snuff_ros2/ros2_ws/install/micro_ros_msgs/share/colcon-core/packages/micro_ros_msgs)
[4.693s] Level 1:colcon.colcon_core.environment:create_environment_scripts_only(usb_cam)
[4.694s] DEBUG:colcon.colcon_core.event_handler.log_command:Invoked command in '/home/tannernelson3/snuff_ros2/ros2_ws/build/usb_cam' returned '0': CMAKE_PREFIX_PATH=${CMAKE_PREFIX_PATH}:/opt/ros/iron /usr/bin/cmake --install /home/tannernelson3/snuff_ros2/ros2_ws/build/usb_cam
[4.725s] Level 1:colcon.colcon_core.environment:checking '/home/tannernelson3/snuff_ros2/ros2_ws/install/usb_cam' for CMake module files
[4.726s] Level 1:colcon.colcon_core.environment:checking '/home/tannernelson3/snuff_ros2/ros2_ws/install/usb_cam' for CMake config files
[4.727s] Level 1:colcon.colcon_core.shell:create_environment_hook('usb_cam', 'cmake_prefix_path')
[4.752s] INFO:colcon.colcon_core.shell:Creating environment hook '/home/tannernelson3/snuff_ros2/ros2_ws/install/usb_cam/share/usb_cam/hook/cmake_prefix_path.ps1'
[4.753s] INFO:colcon.colcon_core.shell:Creating environment descriptor '/home/tannernelson3/snuff_ros2/ros2_ws/install/usb_cam/share/usb_cam/hook/cmake_prefix_path.dsv'
[4.753s] INFO:colcon.colcon_core.shell:Creating environment hook '/home/tannernelson3/snuff_ros2/ros2_ws/install/usb_cam/share/usb_cam/hook/cmake_prefix_path.sh'
[4.754s] Level 1:colcon.colcon_core.environment:checking '/home/tannernelson3/snuff_ros2/ros2_ws/install/usb_cam/lib'
[4.754s] Level 1:colcon.colcon_core.shell:create_environment_hook('usb_cam', 'ld_library_path_lib')
[4.779s] INFO:colcon.colcon_core.shell:Creating environment hook '/home/tannernelson3/snuff_ros2/ros2_ws/install/usb_cam/share/usb_cam/hook/ld_library_path_lib.ps1'
[4.780s] INFO:colcon.colcon_core.shell:Creating environment descriptor '/home/tannernelson3/snuff_ros2/ros2_ws/install/usb_cam/share/usb_cam/hook/ld_library_path_lib.dsv'
[4.781s] INFO:colcon.colcon_core.shell:Creating environment hook '/home/tannernelson3/snuff_ros2/ros2_ws/install/usb_cam/share/usb_cam/hook/ld_library_path_lib.sh'
[4.781s] Level 1:colcon.colcon_core.environment:checking '/home/tannernelson3/snuff_ros2/ros2_ws/install/usb_cam/bin'
[4.781s] Level 1:colcon.colcon_core.environment:checking '/home/tannernelson3/snuff_ros2/ros2_ws/install/usb_cam/lib/pkgconfig/usb_cam.pc'
[4.782s] Level 1:colcon.colcon_core.environment:checking '/home/tannernelson3/snuff_ros2/ros2_ws/install/usb_cam/lib/python3.10/site-packages'
[4.782s] Level 1:colcon.colcon_core.environment:checking '/home/tannernelson3/snuff_ros2/ros2_ws/install/usb_cam/bin'
[4.808s] INFO:colcon.colcon_core.shell:Creating package script '/home/tannernelson3/snuff_ros2/ros2_ws/install/usb_cam/share/usb_cam/package.ps1'
[4.809s] INFO:colcon.colcon_core.shell:Creating package descriptor '/home/tannernelson3/snuff_ros2/ros2_ws/install/usb_cam/share/usb_cam/package.dsv'
[4.810s] INFO:colcon.colcon_core.shell:Creating package script '/home/tannernelson3/snuff_ros2/ros2_ws/install/usb_cam/share/usb_cam/package.sh'
[4.811s] INFO:colcon.colcon_core.shell:Creating package script '/home/tannernelson3/snuff_ros2/ros2_ws/install/usb_cam/share/usb_cam/package.bash'
[4.811s] INFO:colcon.colcon_core.shell:Creating package script '/home/tannernelson3/snuff_ros2/ros2_ws/install/usb_cam/share/usb_cam/package.zsh'
[4.812s] Level 1:colcon.colcon_core.environment:create_file_with_runtime_dependencies(/home/tannernelson3/snuff_ros2/ros2_ws/install/usb_cam/share/colcon-core/packages/usb_cam)
[4.856s] Level 1:colcon.colcon_core.environment:create_environment_scripts_only(drive_base_msgs)
[4.882s] Level 1:colcon.colcon_core.environment:checking '/home/tannernelson3/snuff_ros2/ros2_ws/install/drive_base_msgs' for CMake module files
[4.883s] Level 1:colcon.colcon_core.environment:checking '/home/tannernelson3/snuff_ros2/ros2_ws/install/drive_base_msgs' for CMake config files
[4.884s] Level 1:colcon.colcon_core.shell:create_environment_hook('drive_base_msgs', 'cmake_prefix_path')
[4.906s] INFO:colcon.colcon_core.shell:Creating environment hook '/home/tannernelson3/snuff_ros2/ros2_ws/install/drive_base_msgs/share/drive_base_msgs/hook/cmake_prefix_path.ps1'
[4.907s] INFO:colcon.colcon_core.shell:Creating environment descriptor '/home/tannernelson3/snuff_ros2/ros2_ws/install/drive_base_msgs/share/drive_base_msgs/hook/cmake_prefix_path.dsv'
[4.907s] INFO:colcon.colcon_core.shell:Creating environment hook '/home/tannernelson3/snuff_ros2/ros2_ws/install/drive_base_msgs/share/drive_base_msgs/hook/cmake_prefix_path.sh'
[4.908s] Level 1:colcon.colcon_core.environment:checking '/home/tannernelson3/snuff_ros2/ros2_ws/install/drive_base_msgs/lib'
[4.908s] Level 1:colcon.colcon_core.shell:create_environment_hook('drive_base_msgs', 'ld_library_path_lib')
[4.932s] INFO:colcon.colcon_core.shell:Creating environment hook '/home/tannernelson3/snuff_ros2/ros2_ws/install/drive_base_msgs/share/drive_base_msgs/hook/ld_library_path_lib.ps1'
[4.932s] INFO:colcon.colcon_core.shell:Creating environment descriptor '/home/tannernelson3/snuff_ros2/ros2_ws/install/drive_base_msgs/share/drive_base_msgs/hook/ld_library_path_lib.dsv'
[4.933s] INFO:colcon.colcon_core.shell:Creating environment hook '/home/tannernelson3/snuff_ros2/ros2_ws/install/drive_base_msgs/share/drive_base_msgs/hook/ld_library_path_lib.sh'
[4.933s] Level 1:colcon.colcon_core.environment:checking '/home/tannernelson3/snuff_ros2/ros2_ws/install/drive_base_msgs/bin'
[4.933s] Level 1:colcon.colcon_core.environment:checking '/home/tannernelson3/snuff_ros2/ros2_ws/install/drive_base_msgs/lib/pkgconfig/drive_base_msgs.pc'
[4.934s] Level 1:colcon.colcon_core.environment:checking '/home/tannernelson3/snuff_ros2/ros2_ws/install/drive_base_msgs/lib/python3.10/site-packages'
[4.934s] Level 1:colcon.colcon_core.shell:create_environment_hook('drive_base_msgs', 'pythonpath')
[4.956s] INFO:colcon.colcon_core.shell:Creating environment hook '/home/tannernelson3/snuff_ros2/ros2_ws/install/drive_base_msgs/share/drive_base_msgs/hook/pythonpath.ps1'
[4.957s] INFO:colcon.colcon_core.shell:Creating environment descriptor '/home/tannernelson3/snuff_ros2/ros2_ws/install/drive_base_msgs/share/drive_base_msgs/hook/pythonpath.dsv'
[4.957s] INFO:colcon.colcon_core.shell:Creating environment hook '/home/tannernelson3/snuff_ros2/ros2_ws/install/drive_base_msgs/share/drive_base_msgs/hook/pythonpath.sh'
[4.958s] Level 1:colcon.colcon_core.environment:checking '/home/tannernelson3/snuff_ros2/ros2_ws/install/drive_base_msgs/bin'
[4.981s] INFO:colcon.colcon_core.shell:Creating package script '/home/tannernelson3/snuff_ros2/ros2_ws/install/drive_base_msgs/share/drive_base_msgs/package.ps1'
[4.982s] INFO:colcon.colcon_core.shell:Creating package descriptor '/home/tannernelson3/snuff_ros2/ros2_ws/install/drive_base_msgs/share/drive_base_msgs/package.dsv'
[4.982s] INFO:colcon.colcon_core.shell:Creating package script '/home/tannernelson3/snuff_ros2/ros2_ws/install/drive_base_msgs/share/drive_base_msgs/package.sh'
[4.983s] INFO:colcon.colcon_core.shell:Creating package script '/home/tannernelson3/snuff_ros2/ros2_ws/install/drive_base_msgs/share/drive_base_msgs/package.bash'
[4.984s] INFO:colcon.colcon_core.shell:Creating package script '/home/tannernelson3/snuff_ros2/ros2_ws/install/drive_base_msgs/share/drive_base_msgs/package.zsh'
[4.984s] Level 1:colcon.colcon_core.environment:create_file_with_runtime_dependencies(/home/tannernelson3/snuff_ros2/ros2_ws/install/drive_base_msgs/share/colcon-core/packages/drive_base_msgs)
[5.009s] Level 1:colcon.colcon_core.environment:create_environment_scripts_only(micro_ros_msgs)
[5.032s] Level 1:colcon.colcon_core.environment:checking '/home/tannernelson3/snuff_ros2/ros2_ws/install/micro_ros_msgs' for CMake module files
[5.033s] Level 1:colcon.colcon_core.environment:checking '/home/tannernelson3/snuff_ros2/ros2_ws/install/micro_ros_msgs' for CMake config files
[5.034s] Level 1:colcon.colcon_core.shell:create_environment_hook('micro_ros_msgs', 'cmake_prefix_path')
[5.056s] INFO:colcon.colcon_core.shell:Creating environment hook '/home/tannernelson3/snuff_ros2/ros2_ws/install/micro_ros_msgs/share/micro_ros_msgs/hook/cmake_prefix_path.ps1'
[5.057s] INFO:colcon.colcon_core.shell:Creating environment descriptor '/home/tannernelson3/snuff_ros2/ros2_ws/install/micro_ros_msgs/share/micro_ros_msgs/hook/cmake_prefix_path.dsv'
[5.057s] INFO:colcon.colcon_core.shell:Creating environment hook '/home/tannernelson3/snuff_ros2/ros2_ws/install/micro_ros_msgs/share/micro_ros_msgs/hook/cmake_prefix_path.sh'
[5.058s] Level 1:colcon.colcon_core.environment:checking '/home/tannernelson3/snuff_ros2/ros2_ws/install/micro_ros_msgs/lib'
[5.058s] Level 1:colcon.colcon_core.shell:create_environment_hook('micro_ros_msgs', 'ld_library_path_lib')
[5.081s] INFO:colcon.colcon_core.shell:Creating environment hook '/home/tannernelson3/snuff_ros2/ros2_ws/install/micro_ros_msgs/share/micro_ros_msgs/hook/ld_library_path_lib.ps1'
[5.081s] INFO:colcon.colcon_core.shell:Creating environment descriptor '/home/tannernelson3/snuff_ros2/ros2_ws/install/micro_ros_msgs/share/micro_ros_msgs/hook/ld_library_path_lib.dsv'
[5.082s] INFO:colcon.colcon_core.shell:Creating environment hook '/home/tannernelson3/snuff_ros2/ros2_ws/install/micro_ros_msgs/share/micro_ros_msgs/hook/ld_library_path_lib.sh'
[5.082s] Level 1:colcon.colcon_core.environment:checking '/home/tannernelson3/snuff_ros2/ros2_ws/install/micro_ros_msgs/bin'
[5.082s] Level 1:colcon.colcon_core.environment:checking '/home/tannernelson3/snuff_ros2/ros2_ws/install/micro_ros_msgs/lib/pkgconfig/micro_ros_msgs.pc'
[5.083s] Level 1:colcon.colcon_core.environment:checking '/home/tannernelson3/snuff_ros2/ros2_ws/install/micro_ros_msgs/lib/python3.10/site-packages'
[5.083s] Level 1:colcon.colcon_core.shell:create_environment_hook('micro_ros_msgs', 'pythonpath')
[5.105s] INFO:colcon.colcon_core.shell:Creating environment hook '/home/tannernelson3/snuff_ros2/ros2_ws/install/micro_ros_msgs/share/micro_ros_msgs/hook/pythonpath.ps1'
[5.106s] INFO:colcon.colcon_core.shell:Creating environment descriptor '/home/tannernelson3/snuff_ros2/ros2_ws/install/micro_ros_msgs/share/micro_ros_msgs/hook/pythonpath.dsv'
[5.106s] INFO:colcon.colcon_core.shell:Creating environment hook '/home/tannernelson3/snuff_ros2/ros2_ws/install/micro_ros_msgs/share/micro_ros_msgs/hook/pythonpath.sh'
[5.107s] Level 1:colcon.colcon_core.environment:checking '/home/tannernelson3/snuff_ros2/ros2_ws/install/micro_ros_msgs/bin'
[5.131s] INFO:colcon.colcon_core.shell:Creating package script '/home/tannernelson3/snuff_ros2/ros2_ws/install/micro_ros_msgs/share/micro_ros_msgs/package.ps1'
[5.132s] INFO:colcon.colcon_core.shell:Creating package descriptor '/home/tannernelson3/snuff_ros2/ros2_ws/install/micro_ros_msgs/share/micro_ros_msgs/package.dsv'
[5.132s] INFO:colcon.colcon_core.shell:Creating package script '/home/tannernelson3/snuff_ros2/ros2_ws/install/micro_ros_msgs/share/micro_ros_msgs/package.sh'
[5.133s] INFO:colcon.colcon_core.shell:Creating package script '/home/tannernelson3/snuff_ros2/ros2_ws/install/micro_ros_msgs/share/micro_ros_msgs/package.bash'
[5.134s] INFO:colcon.colcon_core.shell:Creating package script '/home/tannernelson3/snuff_ros2/ros2_ws/install/micro_ros_msgs/share/micro_ros_msgs/package.zsh'
[5.134s] Level 1:colcon.colcon_core.environment:create_file_with_runtime_dependencies(/home/tannernelson3/snuff_ros2/ros2_ws/install/micro_ros_msgs/share/colcon-core/packages/micro_ros_msgs)
[5.159s] Level 1:colcon.colcon_core.environment:create_environment_scripts_only(usb_cam)
[5.181s] Level 1:colcon.colcon_core.environment:checking '/home/tannernelson3/snuff_ros2/ros2_ws/install/usb_cam' for CMake module files
[5.182s] Level 1:colcon.colcon_core.environment:checking '/home/tannernelson3/snuff_ros2/ros2_ws/install/usb_cam' for CMake config files
[5.182s] Level 1:colcon.colcon_core.shell:create_environment_hook('usb_cam', 'cmake_prefix_path')
[5.205s] INFO:colcon.colcon_core.shell:Creating environment hook '/home/tannernelson3/snuff_ros2/ros2_ws/install/usb_cam/share/usb_cam/hook/cmake_prefix_path.ps1'
[5.205s] INFO:colcon.colcon_core.shell:Creating environment descriptor '/home/tannernelson3/snuff_ros2/ros2_ws/install/usb_cam/share/usb_cam/hook/cmake_prefix_path.dsv'
[5.206s] INFO:colcon.colcon_core.shell:Creating environment hook '/home/tannernelson3/snuff_ros2/ros2_ws/install/usb_cam/share/usb_cam/hook/cmake_prefix_path.sh'
[5.207s] Level 1:colcon.colcon_core.environment:checking '/home/tannernelson3/snuff_ros2/ros2_ws/install/usb_cam/lib'
[5.207s] Level 1:colcon.colcon_core.shell:create_environment_hook('usb_cam', 'ld_library_path_lib')
[5.230s] INFO:colcon.colcon_core.shell:Creating environment hook '/home/tannernelson3/snuff_ros2/ros2_ws/install/usb_cam/share/usb_cam/hook/ld_library_path_lib.ps1'
[5.230s] INFO:colcon.colcon_core.shell:Creating environment descriptor '/home/tannernelson3/snuff_ros2/ros2_ws/install/usb_cam/share/usb_cam/hook/ld_library_path_lib.dsv'
[5.231s] INFO:colcon.colcon_core.shell:Creating environment hook '/home/tannernelson3/snuff_ros2/ros2_ws/install/usb_cam/share/usb_cam/hook/ld_library_path_lib.sh'
[5.231s] Level 1:colcon.colcon_core.environment:checking '/home/tannernelson3/snuff_ros2/ros2_ws/install/usb_cam/bin'
[5.231s] Level 1:colcon.colcon_core.environment:checking '/home/tannernelson3/snuff_ros2/ros2_ws/install/usb_cam/lib/pkgconfig/usb_cam.pc'
[5.232s] Level 1:colcon.colcon_core.environment:checking '/home/tannernelson3/snuff_ros2/ros2_ws/install/usb_cam/lib/python3.10/site-packages'
[5.232s] Level 1:colcon.colcon_core.environment:checking '/home/tannernelson3/snuff_ros2/ros2_ws/install/usb_cam/bin'
[5.255s] INFO:colcon.colcon_core.shell:Creating package script '/home/tannernelson3/snuff_ros2/ros2_ws/install/usb_cam/share/usb_cam/package.ps1'
[5.257s] INFO:colcon.colcon_core.shell:Creating package descriptor '/home/tannernelson3/snuff_ros2/ros2_ws/install/usb_cam/share/usb_cam/package.dsv'
[5.258s] INFO:colcon.colcon_core.shell:Creating package script '/home/tannernelson3/snuff_ros2/ros2_ws/install/usb_cam/share/usb_cam/package.sh'
[5.259s] INFO:colcon.colcon_core.shell:Creating package script '/home/tannernelson3/snuff_ros2/ros2_ws/install/usb_cam/share/usb_cam/package.bash'
[5.260s] INFO:colcon.colcon_core.shell:Creating package script '/home/tannernelson3/snuff_ros2/ros2_ws/install/usb_cam/share/usb_cam/package.zsh'
[5.260s] Level 1:colcon.colcon_core.environment:create_file_with_runtime_dependencies(/home/tannernelson3/snuff_ros2/ros2_ws/install/usb_cam/share/colcon-core/packages/usb_cam)
[5.261s] INFO:colcon.colcon_ros.task.ament_cmake.build:Building ROS package in '/home/tannernelson3/snuff_ros2/ros2_ws/src/uros/micro-ROS-Agent/micro_ros_agent' with build type 'ament_cmake'
[5.261s] INFO:colcon.colcon_cmake.task.cmake.build:Building CMake package in '/home/tannernelson3/snuff_ros2/ros2_ws/src/uros/micro-ROS-Agent/micro_ros_agent'
[5.285s] INFO:colcon.colcon_core.shell:Skip shell extension 'powershell' for command environment: Not usable outside of PowerShell
[5.285s] DEBUG:colcon.colcon_core.shell:Skip shell extension 'dsv' for command environment
[5.366s] DEBUG:colcon.colcon_core.event_handler.log_command:Invoking command in '/home/tannernelson3/snuff_ros2/ros2_ws/build/micro_ros_agent': CMAKE_PREFIX_PATH=/home/tannernelson3/snuff_ros2/ros2_ws/install/micro_ros_msgs:/home/tannernelson3/snuff_ros2/ros2_ws/install/usb_cam:/home/tannernelson3/snuff_ros2/ros2_ws/install/snuff:/home/tannernelson3/snuff_ros2/ros2_ws/install/micro_ros_setup:/home/tannernelson3/snuff_ros2/ros2_ws/install/micro_ros_agent:/home/tannernelson3/snuff_ros2/ros2_ws/install/drive_base_msgs:/opt/ros/iron LD_LIBRARY_PATH=/home/tannernelson3/snuff_ros2/ros2_ws/install/micro_ros_msgs/lib:/home/tannernelson3/snuff_ros2/ros2_ws/install/usb_cam/lib:/home/tannernelson3/snuff_ros2/ros2_ws/install/micro_ros_agent/lib:/home/tannernelson3/snuff_ros2/ros2_ws/install/drive_base_msgs/lib:/opt/ros/iron/opt/rviz_ogre_vendor/lib:/opt/ros/iron/lib/x86_64-linux-gnu:/opt/ros/iron/lib PYTHONPATH=/home/tannernelson3/snuff_ros2/ros2_ws/install/micro_ros_msgs/lib/python3.10/site-packages:/home/tannernelson3/snuff_ros2/ros2_ws/install/snuff/lib/python3.10/site-packages:/home/tannernelson3/snuff_ros2/ros2_ws/install/drive_base_msgs/lib/python3.10/site-packages:/opt/ros/iron/lib/python3.10/site-packages /usr/bin/cmake --build /home/tannernelson3/snuff_ros2/ros2_ws/build/micro_ros_agent -- -j4 -l4
[5.452s] DEBUG:colcon.colcon_core.event_handler.log_command:Invoked command in '/home/tannernelson3/snuff_ros2/ros2_ws/build/micro_ros_agent' returned '0': CMAKE_PREFIX_PATH=/home/tannernelson3/snuff_ros2/ros2_ws/install/micro_ros_msgs:/home/tannernelson3/snuff_ros2/ros2_ws/install/usb_cam:/home/tannernelson3/snuff_ros2/ros2_ws/install/snuff:/home/tannernelson3/snuff_ros2/ros2_ws/install/micro_ros_setup:/home/tannernelson3/snuff_ros2/ros2_ws/install/micro_ros_agent:/home/tannernelson3/snuff_ros2/ros2_ws/install/drive_base_msgs:/opt/ros/iron LD_LIBRARY_PATH=/home/tannernelson3/snuff_ros2/ros2_ws/install/micro_ros_msgs/lib:/home/tannernelson3/snuff_ros2/ros2_ws/install/usb_cam/lib:/home/tannernelson3/snuff_ros2/ros2_ws/install/micro_ros_agent/lib:/home/tannernelson3/snuff_ros2/ros2_ws/install/drive_base_msgs/lib:/opt/ros/iron/opt/rviz_ogre_vendor/lib:/opt/ros/iron/lib/x86_64-linux-gnu:/opt/ros/iron/lib PYTHONPATH=/home/tannernelson3/snuff_ros2/ros2_ws/install/micro_ros_msgs/lib/python3.10/site-packages:/home/tannernelson3/snuff_ros2/ros2_ws/install/snuff/lib/python3.10/site-packages:/home/tannernelson3/snuff_ros2/ros2_ws/install/drive_base_msgs/lib/python3.10/site-packages:/opt/ros/iron/lib/python3.10/site-packages /usr/bin/cmake --build /home/tannernelson3/snuff_ros2/ros2_ws/build/micro_ros_agent -- -j4 -l4
[5.500s] DEBUG:colcon.colcon_core.event_handler.log_command:Invoking command in '/home/tannernelson3/snuff_ros2/ros2_ws/build/micro_ros_agent': CMAKE_PREFIX_PATH=/home/tannernelson3/snuff_ros2/ros2_ws/install/micro_ros_msgs:/home/tannernelson3/snuff_ros2/ros2_ws/install/usb_cam:/home/tannernelson3/snuff_ros2/ros2_ws/install/snuff:/home/tannernelson3/snuff_ros2/ros2_ws/install/micro_ros_setup:/home/tannernelson3/snuff_ros2/ros2_ws/install/micro_ros_agent:/home/tannernelson3/snuff_ros2/ros2_ws/install/drive_base_msgs:/opt/ros/iron LD_LIBRARY_PATH=/home/tannernelson3/snuff_ros2/ros2_ws/install/micro_ros_msgs/lib:/home/tannernelson3/snuff_ros2/ros2_ws/install/usb_cam/lib:/home/tannernelson3/snuff_ros2/ros2_ws/install/micro_ros_agent/lib:/home/tannernelson3/snuff_ros2/ros2_ws/install/drive_base_msgs/lib:/opt/ros/iron/opt/rviz_ogre_vendor/lib:/opt/ros/iron/lib/x86_64-linux-gnu:/opt/ros/iron/lib PYTHONPATH=/home/tannernelson3/snuff_ros2/ros2_ws/install/micro_ros_msgs/lib/python3.10/site-packages:/home/tannernelson3/snuff_ros2/ros2_ws/install/snuff/lib/python3.10/site-packages:/home/tannernelson3/snuff_ros2/ros2_ws/install/drive_base_msgs/lib/python3.10/site-packages:/opt/ros/iron/lib/python3.10/site-packages /usr/bin/cmake --install /home/tannernelson3/snuff_ros2/ros2_ws/build/micro_ros_agent
[5.513s] Level 1:colcon.colcon_core.environment:create_environment_scripts_only(micro_ros_agent)
[5.514s] DEBUG:colcon.colcon_core.event_handler.log_command:Invoked command in '/home/tannernelson3/snuff_ros2/ros2_ws/build/micro_ros_agent' returned '0': CMAKE_PREFIX_PATH=/home/tannernelson3/snuff_ros2/ros2_ws/install/micro_ros_msgs:/home/tannernelson3/snuff_ros2/ros2_ws/install/usb_cam:/home/tannernelson3/snuff_ros2/ros2_ws/install/snuff:/home/tannernelson3/snuff_ros2/ros2_ws/install/micro_ros_setup:/home/tannernelson3/snuff_ros2/ros2_ws/install/micro_ros_agent:/home/tannernelson3/snuff_ros2/ros2_ws/install/drive_base_msgs:/opt/ros/iron LD_LIBRARY_PATH=/home/tannernelson3/snuff_ros2/ros2_ws/install/micro_ros_msgs/lib:/home/tannernelson3/snuff_ros2/ros2_ws/install/usb_cam/lib:/home/tannernelson3/snuff_ros2/ros2_ws/install/micro_ros_agent/lib:/home/tannernelson3/snuff_ros2/ros2_ws/install/drive_base_msgs/lib:/opt/ros/iron/opt/rviz_ogre_vendor/lib:/opt/ros/iron/lib/x86_64-linux-gnu:/opt/ros/iron/lib PYTHONPATH=/home/tannernelson3/snuff_ros2/ros2_ws/install/micro_ros_msgs/lib/python3.10/site-packages:/home/tannernelson3/snuff_ros2/ros2_ws/install/snuff/lib/python3.10/site-packages:/home/tannernelson3/snuff_ros2/ros2_ws/install/drive_base_msgs/lib/python3.10/site-packages:/opt/ros/iron/lib/python3.10/site-packages /usr/bin/cmake --install /home/tannernelson3/snuff_ros2/ros2_ws/build/micro_ros_agent
[5.537s] Level 1:colcon.colcon_core.environment:checking '/home/tannernelson3/snuff_ros2/ros2_ws/install/micro_ros_agent' for CMake module files
[5.538s] Level 1:colcon.colcon_core.environment:checking '/home/tannernelson3/snuff_ros2/ros2_ws/install/micro_ros_agent' for CMake config files
[5.539s] Level 1:colcon.colcon_core.shell:create_environment_hook('micro_ros_agent', 'cmake_prefix_path')
[5.562s] INFO:colcon.colcon_core.shell:Creating environment hook '/home/tannernelson3/snuff_ros2/ros2_ws/install/micro_ros_agent/share/micro_ros_agent/hook/cmake_prefix_path.ps1'
[5.562s] INFO:colcon.colcon_core.shell:Creating environment descriptor '/home/tannernelson3/snuff_ros2/ros2_ws/install/micro_ros_agent/share/micro_ros_agent/hook/cmake_prefix_path.dsv'
[5.563s] INFO:colcon.colcon_core.shell:Creating environment hook '/home/tannernelson3/snuff_ros2/ros2_ws/install/micro_ros_agent/share/micro_ros_agent/hook/cmake_prefix_path.sh'
[5.563s] Level 1:colcon.colcon_core.environment:checking '/home/tannernelson3/snuff_ros2/ros2_ws/install/micro_ros_agent/lib'
[5.563s] Level 1:colcon.colcon_core.shell:create_environment_hook('micro_ros_agent', 'ld_library_path_lib')
[5.586s] INFO:colcon.colcon_core.shell:Creating environment hook '/home/tannernelson3/snuff_ros2/ros2_ws/install/micro_ros_agent/share/micro_ros_agent/hook/ld_library_path_lib.ps1'
[5.586s] INFO:colcon.colcon_core.shell:Creating environment descriptor '/home/tannernelson3/snuff_ros2/ros2_ws/install/micro_ros_agent/share/micro_ros_agent/hook/ld_library_path_lib.dsv'
[5.587s] INFO:colcon.colcon_core.shell:Creating environment hook '/home/tannernelson3/snuff_ros2/ros2_ws/install/micro_ros_agent/share/micro_ros_agent/hook/ld_library_path_lib.sh'
[5.587s] Level 1:colcon.colcon_core.environment:checking '/home/tannernelson3/snuff_ros2/ros2_ws/install/micro_ros_agent/bin'
[5.588s] Level 1:colcon.colcon_core.environment:checking '/home/tannernelson3/snuff_ros2/ros2_ws/install/micro_ros_agent/lib/pkgconfig/micro_ros_agent.pc'
[5.588s] Level 1:colcon.colcon_core.environment:checking '/home/tannernelson3/snuff_ros2/ros2_ws/install/micro_ros_agent/lib/python3.10/site-packages'
[5.588s] Level 1:colcon.colcon_core.environment:checking '/home/tannernelson3/snuff_ros2/ros2_ws/install/micro_ros_agent/bin'
[5.611s] INFO:colcon.colcon_core.shell:Creating package script '/home/tannernelson3/snuff_ros2/ros2_ws/install/micro_ros_agent/share/micro_ros_agent/package.ps1'
[5.612s] INFO:colcon.colcon_core.shell:Creating package descriptor '/home/tannernelson3/snuff_ros2/ros2_ws/install/micro_ros_agent/share/micro_ros_agent/package.dsv'
[5.612s] INFO:colcon.colcon_core.shell:Creating package script '/home/tannernelson3/snuff_ros2/ros2_ws/install/micro_ros_agent/share/micro_ros_agent/package.sh'
[5.613s] INFO:colcon.colcon_core.shell:Creating package script '/home/tannernelson3/snuff_ros2/ros2_ws/install/micro_ros_agent/share/micro_ros_agent/package.bash'
[5.613s] INFO:colcon.colcon_core.shell:Creating package script '/home/tannernelson3/snuff_ros2/ros2_ws/install/micro_ros_agent/share/micro_ros_agent/package.zsh'
[5.614s] Level 1:colcon.colcon_core.environment:create_file_with_runtime_dependencies(/home/tannernelson3/snuff_ros2/ros2_ws/install/micro_ros_agent/share/colcon-core/packages/micro_ros_agent)
[5.680s] Level 1:colcon.colcon_core.environment:create_environment_scripts_only(micro_ros_agent)
[5.703s] Level 1:colcon.colcon_core.environment:checking '/home/tannernelson3/snuff_ros2/ros2_ws/install/micro_ros_agent' for CMake module files
[5.703s] Level 1:colcon.colcon_core.environment:checking '/home/tannernelson3/snuff_ros2/ros2_ws/install/micro_ros_agent' for CMake config files
[5.705s] Level 1:colcon.colcon_core.shell:create_environment_hook('micro_ros_agent', 'cmake_prefix_path')
[5.727s] INFO:colcon.colcon_core.shell:Creating environment hook '/home/tannernelson3/snuff_ros2/ros2_ws/install/micro_ros_agent/share/micro_ros_agent/hook/cmake_prefix_path.ps1'
[5.728s] INFO:colcon.colcon_core.shell:Creating environment descriptor '/home/tannernelson3/snuff_ros2/ros2_ws/install/micro_ros_agent/share/micro_ros_agent/hook/cmake_prefix_path.dsv'
[5.728s] INFO:colcon.colcon_core.shell:Creating environment hook '/home/tannernelson3/snuff_ros2/ros2_ws/install/micro_ros_agent/share/micro_ros_agent/hook/cmake_prefix_path.sh'
[5.729s] Level 1:colcon.colcon_core.environment:checking '/home/tannernelson3/snuff_ros2/ros2_ws/install/micro_ros_agent/lib'
[5.729s] Level 1:colcon.colcon_core.shell:create_environment_hook('micro_ros_agent', 'ld_library_path_lib')
[5.752s] INFO:colcon.colcon_core.shell:Creating environment hook '/home/tannernelson3/snuff_ros2/ros2_ws/install/micro_ros_agent/share/micro_ros_agent/hook/ld_library_path_lib.ps1'
[5.752s] INFO:colcon.colcon_core.shell:Creating environment descriptor '/home/tannernelson3/snuff_ros2/ros2_ws/install/micro_ros_agent/share/micro_ros_agent/hook/ld_library_path_lib.dsv'
[5.753s] INFO:colcon.colcon_core.shell:Creating environment hook '/home/tannernelson3/snuff_ros2/ros2_ws/install/micro_ros_agent/share/micro_ros_agent/hook/ld_library_path_lib.sh'
[5.753s] Level 1:colcon.colcon_core.environment:checking '/home/tannernelson3/snuff_ros2/ros2_ws/install/micro_ros_agent/bin'
[5.754s] Level 1:colcon.colcon_core.environment:checking '/home/tannernelson3/snuff_ros2/ros2_ws/install/micro_ros_agent/lib/pkgconfig/micro_ros_agent.pc'
[5.754s] Level 1:colcon.colcon_core.environment:checking '/home/tannernelson3/snuff_ros2/ros2_ws/install/micro_ros_agent/lib/python3.10/site-packages'
[5.754s] Level 1:colcon.colcon_core.environment:checking '/home/tannernelson3/snuff_ros2/ros2_ws/install/micro_ros_agent/bin'
[5.777s] INFO:colcon.colcon_core.shell:Creating package script '/home/tannernelson3/snuff_ros2/ros2_ws/install/micro_ros_agent/share/micro_ros_agent/package.ps1'
[5.778s] INFO:colcon.colcon_core.shell:Creating package descriptor '/home/tannernelson3/snuff_ros2/ros2_ws/install/micro_ros_agent/share/micro_ros_agent/package.dsv'
[5.778s] INFO:colcon.colcon_core.shell:Creating package script '/home/tannernelson3/snuff_ros2/ros2_ws/install/micro_ros_agent/share/micro_ros_agent/package.sh'
[5.779s] INFO:colcon.colcon_core.shell:Creating package script '/home/tannernelson3/snuff_ros2/ros2_ws/install/micro_ros_agent/share/micro_ros_agent/package.bash'
[5.779s] INFO:colcon.colcon_core.shell:Creating package script '/home/tannernelson3/snuff_ros2/ros2_ws/install/micro_ros_agent/share/micro_ros_agent/package.zsh'
[5.780s] Level 1:colcon.colcon_core.environment:create_file_with_runtime_dependencies(/home/tannernelson3/snuff_ros2/ros2_ws/install/micro_ros_agent/share/colcon-core/packages/micro_ros_agent)
[5.780s] DEBUG:colcon.colcon_parallel_executor.executor.parallel:closing loop
[5.781s] DEBUG:colcon.colcon_parallel_executor.executor.parallel:loop closed
[5.781s] DEBUG:colcon.colcon_parallel_executor.executor.parallel:run_until_complete finished with '0'
[5.781s] DEBUG:colcon.colcon_core.event_reactor:joining thread
[5.811s] INFO:colcon.colcon_core.plugin_system:Skipping extension 'colcon_notification.desktop_notification.terminal_notifier': Not used on non-Darwin systems
[5.811s] INFO:colcon.colcon_core.plugin_system:Skipping extension 'colcon_notification.desktop_notification.win32': Not used on non-Windows systems
[5.811s] INFO:colcon.colcon_notification.desktop_notification:Sending desktop notification using 'notify2'
[5.823s] DEBUG:colcon.colcon_core.event_reactor:joined thread
[5.845s] INFO:colcon.colcon_core.shell:Creating prefix script '/home/tannernelson3/snuff_ros2/ros2_ws/install/local_setup.ps1'
[5.847s] INFO:colcon.colcon_core.shell:Creating prefix util module '/home/tannernelson3/snuff_ros2/ros2_ws/install/_local_setup_util_ps1.py'
[5.848s] INFO:colcon.colcon_core.shell:Creating prefix chain script '/home/tannernelson3/snuff_ros2/ros2_ws/install/setup.ps1'
[5.872s] INFO:colcon.colcon_core.shell:Creating prefix script '/home/tannernelson3/snuff_ros2/ros2_ws/install/local_setup.sh'
[5.873s] INFO:colcon.colcon_core.shell:Creating prefix util module '/home/tannernelson3/snuff_ros2/ros2_ws/install/_local_setup_util_sh.py'
[5.873s] INFO:colcon.colcon_core.shell:Creating prefix chain script '/home/tannernelson3/snuff_ros2/ros2_ws/install/setup.sh'
[5.897s] INFO:colcon.colcon_core.shell:Creating prefix script '/home/tannernelson3/snuff_ros2/ros2_ws/install/local_setup.bash'
[5.898s] INFO:colcon.colcon_core.shell:Creating prefix chain script '/home/tannernelson3/snuff_ros2/ros2_ws/install/setup.bash'
[5.921s] INFO:colcon.colcon_core.shell:Creating prefix script '/home/tannernelson3/snuff_ros2/ros2_ws/install/local_setup.zsh'
[5.922s] INFO:colcon.colcon_core.shell:Creating prefix chain script '/home/tannernelson3/snuff_ros2/ros2_ws/install/setup.zsh'
