[1.597s] DEBUG:colcon:Command line arguments: ['/usr/bin/colcon', 'build']
[1.597s] DEBUG:colcon:Parsed command line arguments: Namespace(log_base=None, log_level=None, verb_name='build', build_base='build', install_base='install', merge_install=False, symlink_install=False, test_result_base=None, continue_on_error=False, executor='parallel', parallel_workers=4, event_handlers=None, ignore_user_meta=False, metas=['./colcon.meta'], base_paths=['.'], packages_ignore=None, packages_ignore_regex=None, paths=None, packages_up_to=None, packages_up_to_regex=None, packages_above=None, packages_above_and_dependencies=None, packages_above_depth=None, packages_select_by_dep=None, packages_skip_by_dep=None, packages_skip_up_to=None, packages_select_build_failed=False, packages_skip_build_finished=False, packages_select_test_failures=False, packages_skip_test_passed=False, packages_select=None, packages_skip=None, packages_select_regex=None, packages_skip_regex=None, packages_start=None, packages_end=None, allow_overriding=[], cmake_args=None, cmake_target=None, cmake_target_skip_unavailable=False, cmake_clean_cache=False, cmake_clean_first=False, cmake_force_configure=False, ament_cmake_args=None, catkin_cmake_args=None, catkin_skip_building_tests=False, verb_parser=<colcon_defaults.argument_parser.defaults.DefaultArgumentsDecorator object at 0x7fd372138730>, verb_extension=<colcon_core.verb.build.BuildVerb object at 0x7fd372f8a8c0>, main=<bound method BuildVerb.main of <colcon_core.verb.build.BuildVerb object at 0x7fd372f8a8c0>>)
[1.667s] Level 1:colcon.colcon_core.package_discovery:discover_packages(colcon_meta) check parameters
[1.667s] Level 1:colcon.colcon_core.package_discovery:discover_packages(recursive) check parameters
[1.667s] Level 1:colcon.colcon_core.package_discovery:discover_packages(ignore) check parameters
[1.667s] Level 1:colcon.colcon_core.package_discovery:discover_packages(path) check parameters
[1.667s] Level 1:colcon.colcon_core.package_discovery:discover_packages(colcon_meta) discover
[1.667s] Level 1:colcon.colcon_core.package_discovery:discover_packages(recursive) discover
[1.667s] INFO:colcon.colcon_core.package_discovery:Crawling recursively for packages in '/home/tannernelson3/ROS/ros/ros2_ws'
[1.667s] Level 1:colcon.colcon_core.package_identification:_identify(.) by extensions ['ignore', 'ignore_ament_install']
[1.667s] Level 1:colcon.colcon_core.package_identification:_identify(.) by extension 'ignore'
[1.668s] Level 1:colcon.colcon_core.package_identification:_identify(.) by extension 'ignore_ament_install'
[1.668s] Level 1:colcon.colcon_core.package_identification:_identify(.) by extensions ['colcon_pkg']
[1.668s] Level 1:colcon.colcon_core.package_identification:_identify(.) by extension 'colcon_pkg'
[1.668s] Level 1:colcon.colcon_core.package_identification:_identify(.) by extensions ['colcon_meta']
[1.668s] Level 1:colcon.colcon_core.package_identification:_identify(.) by extension 'colcon_meta'
[1.668s] Level 1:colcon.colcon_core.package_identification:_identify(.) by extensions ['ros']
[1.668s] Level 1:colcon.colcon_core.package_identification:_identify(.) by extension 'ros'
[1.684s] Level 1:colcon.colcon_core.package_identification:_identify(.) by extensions ['cmake', 'python']
[1.684s] Level 1:colcon.colcon_core.package_identification:_identify(.) by extension 'cmake'
[1.684s] Level 1:colcon.colcon_core.package_identification:_identify(.) by extension 'python'
[1.684s] Level 1:colcon.colcon_core.package_identification:_identify(.) by extensions ['python_setup_py']
[1.684s] Level 1:colcon.colcon_core.package_identification:_identify(.) by extension 'python_setup_py'
[1.684s] Level 1:colcon.colcon_core.package_identification:_identify(build) by extensions ['ignore', 'ignore_ament_install']
[1.684s] Level 1:colcon.colcon_core.package_identification:_identify(build) by extension 'ignore'
[1.684s] Level 1:colcon.colcon_core.package_identification:_identify(build) ignored
[1.684s] Level 1:colcon.colcon_core.package_identification:_identify(install) by extensions ['ignore', 'ignore_ament_install']
[1.685s] Level 1:colcon.colcon_core.package_identification:_identify(install) by extension 'ignore'
[1.685s] Level 1:colcon.colcon_core.package_identification:_identify(install) ignored
[1.685s] Level 1:colcon.colcon_core.package_identification:_identify(log) by extensions ['ignore', 'ignore_ament_install']
[1.685s] Level 1:colcon.colcon_core.package_identification:_identify(log) by extension 'ignore'
[1.685s] Level 1:colcon.colcon_core.package_identification:_identify(log) ignored
[1.685s] Level 1:colcon.colcon_core.package_identification:_identify(src) by extensions ['ignore', 'ignore_ament_install']
[1.685s] Level 1:colcon.colcon_core.package_identification:_identify(src) by extension 'ignore'
[1.685s] Level 1:colcon.colcon_core.package_identification:_identify(src) by extension 'ignore_ament_install'
[1.685s] Level 1:colcon.colcon_core.package_identification:_identify(src) by extensions ['colcon_pkg']
[1.685s] Level 1:colcon.colcon_core.package_identification:_identify(src) by extension 'colcon_pkg'
[1.685s] Level 1:colcon.colcon_core.package_identification:_identify(src) by extensions ['colcon_meta']
[1.685s] Level 1:colcon.colcon_core.package_identification:_identify(src) by extension 'colcon_meta'
[1.686s] Level 1:colcon.colcon_core.package_identification:_identify(src) by extensions ['ros']
[1.686s] Level 1:colcon.colcon_core.package_identification:_identify(src) by extension 'ros'
[1.686s] Level 1:colcon.colcon_core.package_identification:_identify(src) by extensions ['cmake', 'python']
[1.686s] Level 1:colcon.colcon_core.package_identification:_identify(src) by extension 'cmake'
[1.686s] Level 1:colcon.colcon_core.package_identification:_identify(src) by extension 'python'
[1.686s] Level 1:colcon.colcon_core.package_identification:_identify(src) by extensions ['python_setup_py']
[1.686s] Level 1:colcon.colcon_core.package_identification:_identify(src) by extension 'python_setup_py'
[1.686s] Level 1:colcon.colcon_core.package_identification:_identify(src/py_srvcli) by extensions ['ignore', 'ignore_ament_install']
[1.686s] Level 1:colcon.colcon_core.package_identification:_identify(src/py_srvcli) by extension 'ignore'
[1.686s] Level 1:colcon.colcon_core.package_identification:_identify(src/py_srvcli) by extension 'ignore_ament_install'
[1.686s] Level 1:colcon.colcon_core.package_identification:_identify(src/py_srvcli) by extensions ['colcon_pkg']
[1.686s] Level 1:colcon.colcon_core.package_identification:_identify(src/py_srvcli) by extension 'colcon_pkg'
[1.686s] Level 1:colcon.colcon_core.package_identification:_identify(src/py_srvcli) by extensions ['colcon_meta']
[1.686s] Level 1:colcon.colcon_core.package_identification:_identify(src/py_srvcli) by extension 'colcon_meta'
[1.687s] Level 1:colcon.colcon_core.package_identification:_identify(src/py_srvcli) by extensions ['ros']
[1.687s] Level 1:colcon.colcon_core.package_identification:_identify(src/py_srvcli) by extension 'ros'
[1.691s] DEBUG:colcon.colcon_core.package_identification:Package 'src/py_srvcli' with type 'ros.ament_python' and name 'py_srvcli'
[1.691s] Level 1:colcon.colcon_core.package_identification:_identify(src/snuff) by extensions ['ignore', 'ignore_ament_install']
[1.692s] Level 1:colcon.colcon_core.package_identification:_identify(src/snuff) by extension 'ignore'
[1.692s] Level 1:colcon.colcon_core.package_identification:_identify(src/snuff) by extension 'ignore_ament_install'
[1.692s] Level 1:colcon.colcon_core.package_identification:_identify(src/snuff) by extensions ['colcon_pkg']
[1.692s] Level 1:colcon.colcon_core.package_identification:_identify(src/snuff) by extension 'colcon_pkg'
[1.692s] Level 1:colcon.colcon_core.package_identification:_identify(src/snuff) by extensions ['colcon_meta']
[1.692s] Level 1:colcon.colcon_core.package_identification:_identify(src/snuff) by extension 'colcon_meta'
[1.692s] Level 1:colcon.colcon_core.package_identification:_identify(src/snuff) by extensions ['ros']
[1.692s] Level 1:colcon.colcon_core.package_identification:_identify(src/snuff) by extension 'ros'
[1.693s] DEBUG:colcon.colcon_core.package_identification:Package 'src/snuff' with type 'ros.ament_cmake' and name 'snuff'
[1.693s] Level 1:colcon.colcon_core.package_identification:_identify(src/usb_cam) by extensions ['ignore', 'ignore_ament_install']
[1.693s] Level 1:colcon.colcon_core.package_identification:_identify(src/usb_cam) by extension 'ignore'
[1.693s] Level 1:colcon.colcon_core.package_identification:_identify(src/usb_cam) by extension 'ignore_ament_install'
[1.694s] Level 1:colcon.colcon_core.package_identification:_identify(src/usb_cam) by extensions ['colcon_pkg']
[1.694s] Level 1:colcon.colcon_core.package_identification:_identify(src/usb_cam) by extension 'colcon_pkg'
[1.694s] Level 1:colcon.colcon_core.package_identification:_identify(src/usb_cam) by extensions ['colcon_meta']
[1.694s] Level 1:colcon.colcon_core.package_identification:_identify(src/usb_cam) by extension 'colcon_meta'
[1.694s] Level 1:colcon.colcon_core.package_identification:_identify(src/usb_cam) by extensions ['ros']
[1.694s] Level 1:colcon.colcon_core.package_identification:_identify(src/usb_cam) by extension 'ros'
[1.696s] DEBUG:colcon.colcon_core.package_identification:Package 'src/usb_cam' with type 'ros.ament_cmake' and name 'usb_cam'
[1.696s] Level 1:colcon.colcon_core.package_discovery:discover_packages(recursive) using defaults
[1.696s] Level 1:colcon.colcon_core.package_discovery:discover_packages(ignore) discover
[1.696s] Level 1:colcon.colcon_core.package_discovery:discover_packages(ignore) using defaults
[1.696s] Level 1:colcon.colcon_core.package_discovery:discover_packages(path) discover
[1.696s] Level 1:colcon.colcon_core.package_discovery:discover_packages(path) using defaults
[1.841s] Level 1:colcon.colcon_core.package_discovery:discover_packages(prefix_path) check parameters
[1.841s] Level 1:colcon.colcon_core.package_discovery:discover_packages(prefix_path) discover
[1.891s] DEBUG:colcon.colcon_installed_package_information.package_discovery:Found 3 installed packages in /home/tannernelson3/ROS/ros/ros2_ws/install
[1.915s] DEBUG:colcon.colcon_installed_package_information.package_discovery:Found 289 installed packages in /opt/ros/iron
[1.917s] Level 1:colcon.colcon_core.package_discovery:discover_packages(prefix_path) using defaults
[2.065s] Level 5:colcon.colcon_core.verb:set package 'py_srvcli' build argument 'cmake_args' from command line to 'None'
[2.065s] Level 5:colcon.colcon_core.verb:set package 'py_srvcli' build argument 'cmake_target' from command line to 'None'
[2.065s] Level 5:colcon.colcon_core.verb:set package 'py_srvcli' build argument 'cmake_target_skip_unavailable' from command line to 'False'
[2.065s] Level 5:colcon.colcon_core.verb:set package 'py_srvcli' build argument 'cmake_clean_cache' from command line to 'False'
[2.065s] Level 5:colcon.colcon_core.verb:set package 'py_srvcli' build argument 'cmake_clean_first' from command line to 'False'
[2.066s] Level 5:colcon.colcon_core.verb:set package 'py_srvcli' build argument 'cmake_force_configure' from command line to 'False'
[2.066s] Level 5:colcon.colcon_core.verb:set package 'py_srvcli' build argument 'ament_cmake_args' from command line to 'None'
[2.066s] Level 5:colcon.colcon_core.verb:set package 'py_srvcli' build argument 'catkin_cmake_args' from command line to 'None'
[2.066s] Level 5:colcon.colcon_core.verb:set package 'py_srvcli' build argument 'catkin_skip_building_tests' from command line to 'False'
[2.066s] DEBUG:colcon.colcon_core.verb:Building package 'py_srvcli' with the following arguments: {'ament_cmake_args': None, 'build_base': '/home/tannernelson3/ROS/ros/ros2_ws/build/py_srvcli', 'catkin_cmake_args': None, 'catkin_skip_building_tests': False, 'cmake_args': None, 'cmake_clean_cache': False, 'cmake_clean_first': False, 'cmake_force_configure': False, 'cmake_target': None, 'cmake_target_skip_unavailable': False, 'install_base': '/home/tannernelson3/ROS/ros/ros2_ws/install/py_srvcli', 'merge_install': False, 'path': '/home/tannernelson3/ROS/ros/ros2_ws/src/py_srvcli', 'symlink_install': False, 'test_result_base': None}
[2.088s] Level 5:colcon.colcon_core.verb:set package 'snuff' build argument 'cmake_args' from command line to 'None'
[2.088s] Level 5:colcon.colcon_core.verb:set package 'snuff' build argument 'cmake_target' from command line to 'None'
[2.088s] Level 5:colcon.colcon_core.verb:set package 'snuff' build argument 'cmake_target_skip_unavailable' from command line to 'False'
[2.089s] Level 5:colcon.colcon_core.verb:set package 'snuff' build argument 'cmake_clean_cache' from command line to 'False'
[2.089s] Level 5:colcon.colcon_core.verb:set package 'snuff' build argument 'cmake_clean_first' from command line to 'False'
[2.089s] Level 5:colcon.colcon_core.verb:set package 'snuff' build argument 'cmake_force_configure' from command line to 'False'
[2.089s] Level 5:colcon.colcon_core.verb:set package 'snuff' build argument 'ament_cmake_args' from command line to 'None'
[2.089s] Level 5:colcon.colcon_core.verb:set package 'snuff' build argument 'catkin_cmake_args' from command line to 'None'
[2.089s] Level 5:colcon.colcon_core.verb:set package 'snuff' build argument 'catkin_skip_building_tests' from command line to 'False'
[2.089s] DEBUG:colcon.colcon_core.verb:Building package 'snuff' with the following arguments: {'ament_cmake_args': None, 'build_base': '/home/tannernelson3/ROS/ros/ros2_ws/build/snuff', 'catkin_cmake_args': None, 'catkin_skip_building_tests': False, 'cmake_args': None, 'cmake_clean_cache': False, 'cmake_clean_first': False, 'cmake_force_configure': False, 'cmake_target': None, 'cmake_target_skip_unavailable': False, 'install_base': '/home/tannernelson3/ROS/ros/ros2_ws/install/snuff', 'merge_install': False, 'path': '/home/tannernelson3/ROS/ros/ros2_ws/src/snuff', 'symlink_install': False, 'test_result_base': None}
[2.113s] Level 5:colcon.colcon_core.verb:set package 'usb_cam' build argument 'cmake_args' from command line to 'None'
[2.113s] Level 5:colcon.colcon_core.verb:set package 'usb_cam' build argument 'cmake_target' from command line to 'None'
[2.113s] Level 5:colcon.colcon_core.verb:set package 'usb_cam' build argument 'cmake_target_skip_unavailable' from command line to 'False'
[2.113s] Level 5:colcon.colcon_core.verb:set package 'usb_cam' build argument 'cmake_clean_cache' from command line to 'False'
[2.113s] Level 5:colcon.colcon_core.verb:set package 'usb_cam' build argument 'cmake_clean_first' from command line to 'False'
[2.113s] Level 5:colcon.colcon_core.verb:set package 'usb_cam' build argument 'cmake_force_configure' from command line to 'False'
[2.113s] Level 5:colcon.colcon_core.verb:set package 'usb_cam' build argument 'ament_cmake_args' from command line to 'None'
[2.113s] Level 5:colcon.colcon_core.verb:set package 'usb_cam' build argument 'catkin_cmake_args' from command line to 'None'
[2.113s] Level 5:colcon.colcon_core.verb:set package 'usb_cam' build argument 'catkin_skip_building_tests' from command line to 'False'
[2.113s] DEBUG:colcon.colcon_core.verb:Building package 'usb_cam' with the following arguments: {'ament_cmake_args': None, 'build_base': '/home/tannernelson3/ROS/ros/ros2_ws/build/usb_cam', 'catkin_cmake_args': None, 'catkin_skip_building_tests': False, 'cmake_args': None, 'cmake_clean_cache': False, 'cmake_clean_first': False, 'cmake_force_configure': False, 'cmake_target': None, 'cmake_target_skip_unavailable': False, 'install_base': '/home/tannernelson3/ROS/ros/ros2_ws/install/usb_cam', 'merge_install': False, 'path': '/home/tannernelson3/ROS/ros/ros2_ws/src/usb_cam', 'symlink_install': False, 'test_result_base': None}
[2.136s] INFO:colcon.colcon_core.executor:Executing jobs using 'parallel' executor
[2.158s] DEBUG:colcon.colcon_parallel_executor.executor.parallel:run_until_complete
[2.159s] INFO:colcon.colcon_ros.task.ament_python.build:Building ROS package in '/home/tannernelson3/ROS/ros/ros2_ws/src/py_srvcli' with build type 'ament_python'
[2.159s] Level 1:colcon.colcon_core.shell:create_environment_hook('py_srvcli', 'ament_prefix_path')
[2.198s] INFO:colcon.colcon_core.plugin_system:Skipping extension 'colcon_core.shell.bat': Not used on non-Windows systems
[2.198s] INFO:colcon.colcon_core.shell:Creating environment hook '/home/tannernelson3/ROS/ros/ros2_ws/install/py_srvcli/share/py_srvcli/hook/ament_prefix_path.ps1'
[2.199s] INFO:colcon.colcon_core.shell:Creating environment descriptor '/home/tannernelson3/ROS/ros/ros2_ws/install/py_srvcli/share/py_srvcli/hook/ament_prefix_path.dsv'
[2.200s] INFO:colcon.colcon_core.shell:Creating environment hook '/home/tannernelson3/ROS/ros/ros2_ws/install/py_srvcli/share/py_srvcli/hook/ament_prefix_path.sh'
[2.227s] INFO:colcon.colcon_core.shell:Skip shell extension 'powershell' for command environment: Not usable outside of PowerShell
[2.227s] DEBUG:colcon.colcon_core.shell:Skip shell extension 'dsv' for command environment
[2.316s] INFO:colcon.colcon_ros.task.ament_cmake.build:Building ROS package in '/home/tannernelson3/ROS/ros/ros2_ws/src/snuff' with build type 'ament_cmake'
[2.316s] INFO:colcon.colcon_cmake.task.cmake.build:Building CMake package in '/home/tannernelson3/ROS/ros/ros2_ws/src/snuff'
[2.340s] INFO:colcon.colcon_core.shell:Skip shell extension 'powershell' for command environment: Not usable outside of PowerShell
[2.340s] DEBUG:colcon.colcon_core.shell:Skip shell extension 'dsv' for command environment
[2.413s] INFO:colcon.colcon_ros.task.ament_cmake.build:Building ROS package in '/home/tannernelson3/ROS/ros/ros2_ws/src/usb_cam' with build type 'ament_cmake'
[2.413s] INFO:colcon.colcon_cmake.task.cmake.build:Building CMake package in '/home/tannernelson3/ROS/ros/ros2_ws/src/usb_cam'
[2.438s] INFO:colcon.colcon_core.shell:Skip shell extension 'powershell' for command environment: Not usable outside of PowerShell
[2.438s] DEBUG:colcon.colcon_core.shell:Skip shell extension 'dsv' for command environment
[2.865s] INFO:colcon.colcon_core.task.python.build:Building Python package in '/home/tannernelson3/ROS/ros/ros2_ws/src/py_srvcli'
[2.894s] INFO:colcon.colcon_core.shell:Skip shell extension 'powershell' for command environment: Not usable outside of PowerShell
[2.895s] DEBUG:colcon.colcon_core.shell:Skip shell extension 'dsv' for command environment
[2.967s] DEBUG:colcon.colcon_core.event_handler.log_command:Invoking command in '/home/tannernelson3/ROS/ros/ros2_ws/build/snuff': CMAKE_PREFIX_PATH=/home/tannernelson3/ROS/ros/ros2_ws/install/py_srvcli:/opt/ros/iron:${CMAKE_PREFIX_PATH} /usr/bin/cmake --build /home/tannernelson3/ROS/ros/ros2_ws/build/snuff -- -j4 -l4
[2.972s] DEBUG:colcon.colcon_core.event_handler.log_command:Invoking command in '/home/tannernelson3/ROS/ros/ros2_ws/build/usb_cam': CMAKE_PREFIX_PATH=/home/tannernelson3/ROS/ros/ros2_ws/install/py_srvcli:/opt/ros/iron:${CMAKE_PREFIX_PATH} /usr/bin/cmake --build /home/tannernelson3/ROS/ros/ros2_ws/build/usb_cam -- -j4 -l4
[3.211s] DEBUG:colcon.colcon_core.event_handler.log_command:Invoked command in '/home/tannernelson3/ROS/ros/ros2_ws/build/usb_cam' returned '0': CMAKE_PREFIX_PATH=/home/tannernelson3/ROS/ros/ros2_ws/install/py_srvcli:/opt/ros/iron:${CMAKE_PREFIX_PATH} /usr/bin/cmake --build /home/tannernelson3/ROS/ros/ros2_ws/build/usb_cam -- -j4 -l4
[3.321s] DEBUG:colcon.colcon_core.event_handler.log_command:Invoking command in '/home/tannernelson3/ROS/ros/ros2_ws/build/usb_cam': CMAKE_PREFIX_PATH=/home/tannernelson3/ROS/ros/ros2_ws/install/py_srvcli:/opt/ros/iron:${CMAKE_PREFIX_PATH} /usr/bin/cmake --install /home/tannernelson3/ROS/ros/ros2_ws/build/usb_cam
[3.351s] Level 1:colcon.colcon_core.environment:create_environment_scripts_only(usb_cam)
[3.360s] DEBUG:colcon.colcon_core.event_handler.log_command:Invoked command in '/home/tannernelson3/ROS/ros/ros2_ws/build/usb_cam' returned '0': CMAKE_PREFIX_PATH=/home/tannernelson3/ROS/ros/ros2_ws/install/py_srvcli:/opt/ros/iron:${CMAKE_PREFIX_PATH} /usr/bin/cmake --install /home/tannernelson3/ROS/ros/ros2_ws/build/usb_cam
[3.398s] Level 1:colcon.colcon_core.environment:checking '/home/tannernelson3/ROS/ros/ros2_ws/install/usb_cam' for CMake module files
[3.400s] Level 1:colcon.colcon_core.environment:checking '/home/tannernelson3/ROS/ros/ros2_ws/install/usb_cam' for CMake config files
[3.400s] Level 1:colcon.colcon_core.shell:create_environment_hook('usb_cam', 'cmake_prefix_path')
[3.438s] INFO:colcon.colcon_core.shell:Creating environment hook '/home/tannernelson3/ROS/ros/ros2_ws/install/usb_cam/share/usb_cam/hook/cmake_prefix_path.ps1'
[3.439s] INFO:colcon.colcon_core.shell:Creating environment descriptor '/home/tannernelson3/ROS/ros/ros2_ws/install/usb_cam/share/usb_cam/hook/cmake_prefix_path.dsv'
[3.439s] INFO:colcon.colcon_core.shell:Creating environment hook '/home/tannernelson3/ROS/ros/ros2_ws/install/usb_cam/share/usb_cam/hook/cmake_prefix_path.sh'
[3.441s] Level 1:colcon.colcon_core.environment:checking '/home/tannernelson3/ROS/ros/ros2_ws/install/usb_cam/lib'
[3.441s] Level 1:colcon.colcon_core.shell:create_environment_hook('usb_cam', 'ld_library_path_lib')
[3.474s] INFO:colcon.colcon_core.shell:Creating environment hook '/home/tannernelson3/ROS/ros/ros2_ws/install/usb_cam/share/usb_cam/hook/ld_library_path_lib.ps1'
[3.474s] INFO:colcon.colcon_core.shell:Creating environment descriptor '/home/tannernelson3/ROS/ros/ros2_ws/install/usb_cam/share/usb_cam/hook/ld_library_path_lib.dsv'
[3.475s] INFO:colcon.colcon_core.shell:Creating environment hook '/home/tannernelson3/ROS/ros/ros2_ws/install/usb_cam/share/usb_cam/hook/ld_library_path_lib.sh'
[3.475s] Level 1:colcon.colcon_core.environment:checking '/home/tannernelson3/ROS/ros/ros2_ws/install/usb_cam/bin'
[3.476s] Level 1:colcon.colcon_core.environment:checking '/home/tannernelson3/ROS/ros/ros2_ws/install/usb_cam/lib/pkgconfig/usb_cam.pc'
[3.476s] Level 1:colcon.colcon_core.environment:checking '/home/tannernelson3/ROS/ros/ros2_ws/install/usb_cam/lib/python3.10/site-packages'
[3.476s] Level 1:colcon.colcon_core.environment:checking '/home/tannernelson3/ROS/ros/ros2_ws/install/usb_cam/bin'
[3.507s] INFO:colcon.colcon_core.shell:Creating package script '/home/tannernelson3/ROS/ros/ros2_ws/install/usb_cam/share/usb_cam/package.ps1'
[3.509s] INFO:colcon.colcon_core.shell:Creating package descriptor '/home/tannernelson3/ROS/ros/ros2_ws/install/usb_cam/share/usb_cam/package.dsv'
[3.510s] INFO:colcon.colcon_core.shell:Creating package script '/home/tannernelson3/ROS/ros/ros2_ws/install/usb_cam/share/usb_cam/package.sh'
[3.512s] INFO:colcon.colcon_core.shell:Creating package script '/home/tannernelson3/ROS/ros/ros2_ws/install/usb_cam/share/usb_cam/package.bash'
[3.514s] INFO:colcon.colcon_core.shell:Creating package script '/home/tannernelson3/ROS/ros/ros2_ws/install/usb_cam/share/usb_cam/package.zsh'
[3.515s] Level 1:colcon.colcon_core.environment:create_file_with_runtime_dependencies(/home/tannernelson3/ROS/ros/ros2_ws/install/usb_cam/share/colcon-core/packages/usb_cam)
[3.631s] Level 1:colcon.colcon_core.environment:create_environment_scripts_only(usb_cam)
[3.668s] Level 1:colcon.colcon_core.environment:checking '/home/tannernelson3/ROS/ros/ros2_ws/install/usb_cam' for CMake module files
[3.670s] Level 1:colcon.colcon_core.environment:checking '/home/tannernelson3/ROS/ros/ros2_ws/install/usb_cam' for CMake config files
[3.670s] Level 1:colcon.colcon_core.shell:create_environment_hook('usb_cam', 'cmake_prefix_path')
[3.707s] INFO:colcon.colcon_core.shell:Creating environment hook '/home/tannernelson3/ROS/ros/ros2_ws/install/usb_cam/share/usb_cam/hook/cmake_prefix_path.ps1'
[3.708s] INFO:colcon.colcon_core.shell:Creating environment descriptor '/home/tannernelson3/ROS/ros/ros2_ws/install/usb_cam/share/usb_cam/hook/cmake_prefix_path.dsv'
[3.708s] INFO:colcon.colcon_core.shell:Creating environment hook '/home/tannernelson3/ROS/ros/ros2_ws/install/usb_cam/share/usb_cam/hook/cmake_prefix_path.sh'
[3.709s] Level 1:colcon.colcon_core.environment:checking '/home/tannernelson3/ROS/ros/ros2_ws/install/usb_cam/lib'
[3.709s] Level 1:colcon.colcon_core.shell:create_environment_hook('usb_cam', 'ld_library_path_lib')
[3.740s] INFO:colcon.colcon_core.shell:Creating environment hook '/home/tannernelson3/ROS/ros/ros2_ws/install/usb_cam/share/usb_cam/hook/ld_library_path_lib.ps1'
[3.744s] INFO:colcon.colcon_core.shell:Creating environment descriptor '/home/tannernelson3/ROS/ros/ros2_ws/install/usb_cam/share/usb_cam/hook/ld_library_path_lib.dsv'
[3.745s] INFO:colcon.colcon_core.shell:Creating environment hook '/home/tannernelson3/ROS/ros/ros2_ws/install/usb_cam/share/usb_cam/hook/ld_library_path_lib.sh'
[3.746s] Level 1:colcon.colcon_core.environment:checking '/home/tannernelson3/ROS/ros/ros2_ws/install/usb_cam/bin'
[3.747s] Level 1:colcon.colcon_core.environment:checking '/home/tannernelson3/ROS/ros/ros2_ws/install/usb_cam/lib/pkgconfig/usb_cam.pc'
[3.747s] Level 1:colcon.colcon_core.environment:checking '/home/tannernelson3/ROS/ros/ros2_ws/install/usb_cam/lib/python3.10/site-packages'
[3.748s] Level 1:colcon.colcon_core.environment:checking '/home/tannernelson3/ROS/ros/ros2_ws/install/usb_cam/bin'
[3.790s] INFO:colcon.colcon_core.shell:Creating package script '/home/tannernelson3/ROS/ros/ros2_ws/install/usb_cam/share/usb_cam/package.ps1'
[3.791s] INFO:colcon.colcon_core.shell:Creating package descriptor '/home/tannernelson3/ROS/ros/ros2_ws/install/usb_cam/share/usb_cam/package.dsv'
[3.792s] INFO:colcon.colcon_core.shell:Creating package script '/home/tannernelson3/ROS/ros/ros2_ws/install/usb_cam/share/usb_cam/package.sh'
[3.793s] INFO:colcon.colcon_core.shell:Creating package script '/home/tannernelson3/ROS/ros/ros2_ws/install/usb_cam/share/usb_cam/package.bash'
[3.794s] INFO:colcon.colcon_core.shell:Creating package script '/home/tannernelson3/ROS/ros/ros2_ws/install/usb_cam/share/usb_cam/package.zsh'
[3.795s] Level 1:colcon.colcon_core.environment:create_file_with_runtime_dependencies(/home/tannernelson3/ROS/ros/ros2_ws/install/usb_cam/share/colcon-core/packages/usb_cam)
[3.826s] DEBUG:colcon.colcon_core.event_handler.log_command:Invoked command in '/home/tannernelson3/ROS/ros/ros2_ws/build/snuff' returned '0': CMAKE_PREFIX_PATH=/home/tannernelson3/ROS/ros/ros2_ws/install/py_srvcli:/opt/ros/iron:${CMAKE_PREFIX_PATH} /usr/bin/cmake --build /home/tannernelson3/ROS/ros/ros2_ws/build/snuff -- -j4 -l4
[3.832s] DEBUG:colcon.colcon_core.event_handler.log_command:Invoking command in '/home/tannernelson3/ROS/ros/ros2_ws/src/py_srvcli': PYTHONPATH=/home/tannernelson3/ROS/ros/ros2_ws/build/py_srvcli/prefix_override:/home/tannernelson3/ROS/ros/ros2_ws/install/py_srvcli/lib/python3.10/site-packages:${PYTHONPATH} /usr/bin/python3 setup.py egg_info --egg-base ../../build/py_srvcli build --build-base /home/tannernelson3/ROS/ros/ros2_ws/build/py_srvcli/build install --record /home/tannernelson3/ROS/ros/ros2_ws/build/py_srvcli/install.log --single-version-externally-managed
[3.868s] DEBUG:colcon.colcon_core.event_handler.log_command:Invoking command in '/home/tannernelson3/ROS/ros/ros2_ws/build/snuff': CMAKE_PREFIX_PATH=/home/tannernelson3/ROS/ros/ros2_ws/install/py_srvcli:/opt/ros/iron:${CMAKE_PREFIX_PATH} /usr/bin/cmake --install /home/tannernelson3/ROS/ros/ros2_ws/build/snuff
[3.970s] Level 1:colcon.colcon_core.environment:create_environment_scripts_only(snuff)
[3.971s] DEBUG:colcon.colcon_core.event_handler.log_command:Invoked command in '/home/tannernelson3/ROS/ros/ros2_ws/build/snuff' returned '0': CMAKE_PREFIX_PATH=/home/tannernelson3/ROS/ros/ros2_ws/install/py_srvcli:/opt/ros/iron:${CMAKE_PREFIX_PATH} /usr/bin/cmake --install /home/tannernelson3/ROS/ros/ros2_ws/build/snuff
[3.994s] Level 1:colcon.colcon_core.environment:checking '/home/tannernelson3/ROS/ros/ros2_ws/install/snuff' for CMake module files
[3.995s] Level 1:colcon.colcon_core.environment:checking '/home/tannernelson3/ROS/ros/ros2_ws/install/snuff' for CMake config files
[3.995s] Level 1:colcon.colcon_core.shell:create_environment_hook('snuff', 'cmake_prefix_path')
[4.019s] INFO:colcon.colcon_core.shell:Creating environment hook '/home/tannernelson3/ROS/ros/ros2_ws/install/snuff/share/snuff/hook/cmake_prefix_path.ps1'
[4.019s] INFO:colcon.colcon_core.shell:Creating environment descriptor '/home/tannernelson3/ROS/ros/ros2_ws/install/snuff/share/snuff/hook/cmake_prefix_path.dsv'
[4.020s] INFO:colcon.colcon_core.shell:Creating environment hook '/home/tannernelson3/ROS/ros/ros2_ws/install/snuff/share/snuff/hook/cmake_prefix_path.sh'
[4.020s] Level 1:colcon.colcon_core.environment:checking '/home/tannernelson3/ROS/ros/ros2_ws/install/snuff/lib'
[4.020s] Level 1:colcon.colcon_core.environment:checking '/home/tannernelson3/ROS/ros/ros2_ws/install/snuff/bin'
[4.020s] Level 1:colcon.colcon_core.environment:checking '/home/tannernelson3/ROS/ros/ros2_ws/install/snuff/lib/pkgconfig/snuff.pc'
[4.021s] Level 1:colcon.colcon_core.environment:checking '/home/tannernelson3/ROS/ros/ros2_ws/install/snuff/lib/python3.10/site-packages'
[4.021s] Level 1:colcon.colcon_core.shell:create_environment_hook('snuff', 'pythonpath')
[4.044s] INFO:colcon.colcon_core.shell:Creating environment hook '/home/tannernelson3/ROS/ros/ros2_ws/install/snuff/share/snuff/hook/pythonpath.ps1'
[4.045s] INFO:colcon.colcon_core.shell:Creating environment descriptor '/home/tannernelson3/ROS/ros/ros2_ws/install/snuff/share/snuff/hook/pythonpath.dsv'
[4.046s] INFO:colcon.colcon_core.shell:Creating environment hook '/home/tannernelson3/ROS/ros/ros2_ws/install/snuff/share/snuff/hook/pythonpath.sh'
[4.047s] Level 1:colcon.colcon_core.environment:checking '/home/tannernelson3/ROS/ros/ros2_ws/install/snuff/bin'
[4.074s] INFO:colcon.colcon_core.shell:Creating package script '/home/tannernelson3/ROS/ros/ros2_ws/install/snuff/share/snuff/package.ps1'
[4.074s] INFO:colcon.colcon_core.shell:Creating package descriptor '/home/tannernelson3/ROS/ros/ros2_ws/install/snuff/share/snuff/package.dsv'
[4.075s] INFO:colcon.colcon_core.shell:Creating package script '/home/tannernelson3/ROS/ros/ros2_ws/install/snuff/share/snuff/package.sh'
[4.076s] INFO:colcon.colcon_core.shell:Creating package script '/home/tannernelson3/ROS/ros/ros2_ws/install/snuff/share/snuff/package.bash'
[4.076s] INFO:colcon.colcon_core.shell:Creating package script '/home/tannernelson3/ROS/ros/ros2_ws/install/snuff/share/snuff/package.zsh'
[4.077s] Level 1:colcon.colcon_core.environment:create_file_with_runtime_dependencies(/home/tannernelson3/ROS/ros/ros2_ws/install/snuff/share/colcon-core/packages/snuff)
[4.132s] Level 1:colcon.colcon_core.environment:create_environment_scripts_only(snuff)
[4.159s] Level 1:colcon.colcon_core.environment:checking '/home/tannernelson3/ROS/ros/ros2_ws/install/snuff' for CMake module files
[4.160s] Level 1:colcon.colcon_core.environment:checking '/home/tannernelson3/ROS/ros/ros2_ws/install/snuff' for CMake config files
[4.160s] Level 1:colcon.colcon_core.shell:create_environment_hook('snuff', 'cmake_prefix_path')
[4.183s] INFO:colcon.colcon_core.shell:Creating environment hook '/home/tannernelson3/ROS/ros/ros2_ws/install/snuff/share/snuff/hook/cmake_prefix_path.ps1'
[4.184s] INFO:colcon.colcon_core.shell:Creating environment descriptor '/home/tannernelson3/ROS/ros/ros2_ws/install/snuff/share/snuff/hook/cmake_prefix_path.dsv'
[4.184s] INFO:colcon.colcon_core.shell:Creating environment hook '/home/tannernelson3/ROS/ros/ros2_ws/install/snuff/share/snuff/hook/cmake_prefix_path.sh'
[4.185s] Level 1:colcon.colcon_core.environment:checking '/home/tannernelson3/ROS/ros/ros2_ws/install/snuff/lib'
[4.185s] Level 1:colcon.colcon_core.environment:checking '/home/tannernelson3/ROS/ros/ros2_ws/install/snuff/bin'
[4.185s] Level 1:colcon.colcon_core.environment:checking '/home/tannernelson3/ROS/ros/ros2_ws/install/snuff/lib/pkgconfig/snuff.pc'
[4.186s] Level 1:colcon.colcon_core.environment:checking '/home/tannernelson3/ROS/ros/ros2_ws/install/snuff/lib/python3.10/site-packages'
[4.186s] Level 1:colcon.colcon_core.shell:create_environment_hook('snuff', 'pythonpath')
[4.209s] INFO:colcon.colcon_core.shell:Creating environment hook '/home/tannernelson3/ROS/ros/ros2_ws/install/snuff/share/snuff/hook/pythonpath.ps1'
[4.209s] INFO:colcon.colcon_core.shell:Creating environment descriptor '/home/tannernelson3/ROS/ros/ros2_ws/install/snuff/share/snuff/hook/pythonpath.dsv'
[4.210s] INFO:colcon.colcon_core.shell:Creating environment hook '/home/tannernelson3/ROS/ros/ros2_ws/install/snuff/share/snuff/hook/pythonpath.sh'
[4.210s] Level 1:colcon.colcon_core.environment:checking '/home/tannernelson3/ROS/ros/ros2_ws/install/snuff/bin'
[4.233s] INFO:colcon.colcon_core.shell:Creating package script '/home/tannernelson3/ROS/ros/ros2_ws/install/snuff/share/snuff/package.ps1'
[4.234s] INFO:colcon.colcon_core.shell:Creating package descriptor '/home/tannernelson3/ROS/ros/ros2_ws/install/snuff/share/snuff/package.dsv'
[4.235s] INFO:colcon.colcon_core.shell:Creating package script '/home/tannernelson3/ROS/ros/ros2_ws/install/snuff/share/snuff/package.sh'
[4.236s] INFO:colcon.colcon_core.shell:Creating package script '/home/tannernelson3/ROS/ros/ros2_ws/install/snuff/share/snuff/package.bash'
[4.236s] INFO:colcon.colcon_core.shell:Creating package script '/home/tannernelson3/ROS/ros/ros2_ws/install/snuff/share/snuff/package.zsh'
[4.237s] Level 1:colcon.colcon_core.environment:create_file_with_runtime_dependencies(/home/tannernelson3/ROS/ros/ros2_ws/install/snuff/share/colcon-core/packages/snuff)
[4.347s] DEBUG:colcon.colcon_core.event_handler.log_command:Invoked command in '/home/tannernelson3/ROS/ros/ros2_ws/src/py_srvcli' returned '0': PYTHONPATH=/home/tannernelson3/ROS/ros/ros2_ws/build/py_srvcli/prefix_override:/home/tannernelson3/ROS/ros/ros2_ws/install/py_srvcli/lib/python3.10/site-packages:${PYTHONPATH} /usr/bin/python3 setup.py egg_info --egg-base ../../build/py_srvcli build --build-base /home/tannernelson3/ROS/ros/ros2_ws/build/py_srvcli/build install --record /home/tannernelson3/ROS/ros/ros2_ws/build/py_srvcli/install.log --single-version-externally-managed
[4.371s] Level 1:colcon.colcon_core.environment:checking '/home/tannernelson3/ROS/ros/ros2_ws/install/py_srvcli' for CMake module files
[4.371s] Level 1:colcon.colcon_core.environment:checking '/home/tannernelson3/ROS/ros/ros2_ws/install/py_srvcli' for CMake config files
[4.372s] Level 1:colcon.colcon_core.environment:checking '/home/tannernelson3/ROS/ros/ros2_ws/install/py_srvcli/lib'
[4.372s] Level 1:colcon.colcon_core.environment:checking '/home/tannernelson3/ROS/ros/ros2_ws/install/py_srvcli/bin'
[4.372s] Level 1:colcon.colcon_core.environment:checking '/home/tannernelson3/ROS/ros/ros2_ws/install/py_srvcli/lib/pkgconfig/py_srvcli.pc'
[4.372s] Level 1:colcon.colcon_core.environment:checking '/home/tannernelson3/ROS/ros/ros2_ws/install/py_srvcli/lib/python3.10/site-packages'
[4.372s] Level 1:colcon.colcon_core.shell:create_environment_hook('py_srvcli', 'pythonpath')
[4.396s] INFO:colcon.colcon_core.shell:Creating environment hook '/home/tannernelson3/ROS/ros/ros2_ws/install/py_srvcli/share/py_srvcli/hook/pythonpath.ps1'
[4.397s] INFO:colcon.colcon_core.shell:Creating environment descriptor '/home/tannernelson3/ROS/ros/ros2_ws/install/py_srvcli/share/py_srvcli/hook/pythonpath.dsv'
[4.397s] INFO:colcon.colcon_core.shell:Creating environment hook '/home/tannernelson3/ROS/ros/ros2_ws/install/py_srvcli/share/py_srvcli/hook/pythonpath.sh'
[4.398s] Level 1:colcon.colcon_core.environment:checking '/home/tannernelson3/ROS/ros/ros2_ws/install/py_srvcli/bin'
[4.398s] Level 1:colcon.colcon_core.environment:create_environment_scripts_only(py_srvcli)
[4.432s] INFO:colcon.colcon_core.shell:Creating package script '/home/tannernelson3/ROS/ros/ros2_ws/install/py_srvcli/share/py_srvcli/package.ps1'
[4.433s] INFO:colcon.colcon_core.shell:Creating package descriptor '/home/tannernelson3/ROS/ros/ros2_ws/install/py_srvcli/share/py_srvcli/package.dsv'
[4.434s] INFO:colcon.colcon_core.shell:Creating package script '/home/tannernelson3/ROS/ros/ros2_ws/install/py_srvcli/share/py_srvcli/package.sh'
[4.435s] INFO:colcon.colcon_core.shell:Creating package script '/home/tannernelson3/ROS/ros/ros2_ws/install/py_srvcli/share/py_srvcli/package.bash'
[4.435s] INFO:colcon.colcon_core.shell:Creating package script '/home/tannernelson3/ROS/ros/ros2_ws/install/py_srvcli/share/py_srvcli/package.zsh'
[4.436s] Level 1:colcon.colcon_core.environment:create_file_with_runtime_dependencies(/home/tannernelson3/ROS/ros/ros2_ws/install/py_srvcli/share/colcon-core/packages/py_srvcli)
[4.436s] DEBUG:colcon.colcon_parallel_executor.executor.parallel:closing loop
[4.436s] DEBUG:colcon.colcon_parallel_executor.executor.parallel:loop closed
[4.436s] DEBUG:colcon.colcon_parallel_executor.executor.parallel:run_until_complete finished with '0'
[4.437s] DEBUG:colcon.colcon_core.event_reactor:joining thread
[4.466s] INFO:colcon.colcon_core.plugin_system:Skipping extension 'colcon_notification.desktop_notification.terminal_notifier': Not used on non-Darwin systems
[4.467s] INFO:colcon.colcon_core.plugin_system:Skipping extension 'colcon_notification.desktop_notification.win32': Not used on non-Windows systems
[4.467s] INFO:colcon.colcon_notification.desktop_notification:Sending desktop notification using 'notify2'
[4.485s] DEBUG:colcon.colcon_core.event_reactor:joined thread
[4.507s] INFO:colcon.colcon_core.shell:Creating prefix script '/home/tannernelson3/ROS/ros/ros2_ws/install/local_setup.ps1'
[4.508s] INFO:colcon.colcon_core.shell:Creating prefix util module '/home/tannernelson3/ROS/ros/ros2_ws/install/_local_setup_util_ps1.py'
[4.510s] INFO:colcon.colcon_core.shell:Creating prefix chain script '/home/tannernelson3/ROS/ros/ros2_ws/install/setup.ps1'
[4.541s] INFO:colcon.colcon_core.shell:Creating prefix script '/home/tannernelson3/ROS/ros/ros2_ws/install/local_setup.sh'
[4.542s] INFO:colcon.colcon_core.shell:Creating prefix util module '/home/tannernelson3/ROS/ros/ros2_ws/install/_local_setup_util_sh.py'
[4.543s] INFO:colcon.colcon_core.shell:Creating prefix chain script '/home/tannernelson3/ROS/ros/ros2_ws/install/setup.sh'
[4.576s] INFO:colcon.colcon_core.shell:Creating prefix script '/home/tannernelson3/ROS/ros/ros2_ws/install/local_setup.bash'
[4.577s] INFO:colcon.colcon_core.shell:Creating prefix chain script '/home/tannernelson3/ROS/ros/ros2_ws/install/setup.bash'
[4.601s] INFO:colcon.colcon_core.shell:Creating prefix script '/home/tannernelson3/ROS/ros/ros2_ws/install/local_setup.zsh'
[4.601s] INFO:colcon.colcon_core.shell:Creating prefix chain script '/home/tannernelson3/ROS/ros/ros2_ws/install/setup.zsh'
