[0.388s] Invoking command in '/home/tannernelson3/snuff_ros2/ros2_ws/build/micro_ros_msgs': CMAKE_PREFIX_PATH=${CMAKE_PREFIX_PATH}:/opt/ros/iron /usr/bin/cmake --build /home/tannernelson3/snuff_ros2/ros2_ws/build/micro_ros_msgs -- -j4 -l4
[0.526s] [  0%] Built target ament_cmake_python_copy_micro_ros_msgs
[0.529s] [  1%] Built target micro_ros_msgs__rosidl_generator_type_description
[0.576s] [  3%] Built target micro_ros_msgs__cpp
[0.648s] [ 24%] Built target micro_ros_msgs__rosidl_generator_c
[0.853s] [ 33%] Built target micro_ros_msgs__rosidl_typesupport_fastrtps_c
[0.853s] [ 42%] Built target micro_ros_msgs__rosidl_typesupport_cpp
[0.866s] [ 51%] Built target micro_ros_msgs__rosidl_typesupport_introspection_c
[0.950s] [ 61%] Built target micro_ros_msgs__rosidl_typesupport_c
[0.979s] [ 70%] Built target micro_ros_msgs__rosidl_typesupport_introspection_cpp
[0.985s] [ 79%] Built target micro_ros_msgs__rosidl_typesupport_fastrtps_cpp
[1.070s] [ 79%] Built target micro_ros_msgs
[1.163s] [ 81%] Built target micro_ros_msgs__py
[1.248s] [ 88%] Built target micro_ros_msgs__rosidl_generator_py
[1.368s] [ 92%] Built target micro_ros_msgs__rosidl_typesupport_c__pyext
[1.408s] [ 96%] Built target micro_ros_msgs__rosidl_typesupport_introspection_c__pyext
[1.424s] [100%] Built target micro_ros_msgs__rosidl_typesupport_fastrtps_c__pyext
[1.585s] running egg_info
[1.586s] writing micro_ros_msgs.egg-info/PKG-INFO
[1.587s] writing dependency_links to micro_ros_msgs.egg-info/dependency_links.txt
[1.587s] writing top-level names to micro_ros_msgs.egg-info/top_level.txt
[1.592s] reading manifest file 'micro_ros_msgs.egg-info/SOURCES.txt'
[1.594s] writing manifest file 'micro_ros_msgs.egg-info/SOURCES.txt'
[1.640s] [100%] Built target ament_cmake_python_build_micro_ros_msgs_egg
[1.664s] Invoked command in '/home/tannernelson3/snuff_ros2/ros2_ws/build/micro_ros_msgs' returned '0': CMAKE_PREFIX_PATH=${CMAKE_PREFIX_PATH}:/opt/ros/iron /usr/bin/cmake --build /home/tannernelson3/snuff_ros2/ros2_ws/build/micro_ros_msgs -- -j4 -l4
[2.029s] Invoking command in '/home/tannernelson3/snuff_ros2/ros2_ws/build/micro_ros_msgs': CMAKE_PREFIX_PATH=${CMAKE_PREFIX_PATH}:/opt/ros/iron /usr/bin/cmake --install /home/tannernelson3/snuff_ros2/ros2_ws/build/micro_ros_msgs
[2.048s] -- Install configuration: ""
[2.057s] -- Up-to-date: /home/tannernelson3/snuff_ros2/ros2_ws/install/micro_ros_msgs/share/ament_index/resource_index/rosidl_interfaces/micro_ros_msgs
[2.057s] -- Up-to-date: /home/tannernelson3/snuff_ros2/ros2_ws/install/micro_ros_msgs/share/micro_ros_msgs/msg/Graph.json
[2.066s] -- Up-to-date: /home/tannernelson3/snuff_ros2/ros2_ws/install/micro_ros_msgs/share/micro_ros_msgs/msg/Node.json
[2.067s] -- Up-to-date: /home/tannernelson3/snuff_ros2/ros2_ws/install/micro_ros_msgs/share/micro_ros_msgs/msg/Entity.json
[2.067s] -- Up-to-date: /home/tannernelson3/snuff_ros2/ros2_ws/install/micro_ros_msgs/include/micro_ros_msgs/micro_ros_msgs
[2.068s] -- Up-to-date: /home/tannernelson3/snuff_ros2/ros2_ws/install/micro_ros_msgs/include/micro_ros_msgs/micro_ros_msgs/msg
[2.068s] -- Up-to-date: /home/tannernelson3/snuff_ros2/ros2_ws/install/micro_ros_msgs/include/micro_ros_msgs/micro_ros_msgs/msg/graph.h
[2.068s] -- Up-to-date: /home/tannernelson3/snuff_ros2/ros2_ws/install/micro_ros_msgs/include/micro_ros_msgs/micro_ros_msgs/msg/entity.h
[2.068s] -- Up-to-date: /home/tannernelson3/snuff_ros2/ros2_ws/install/micro_ros_msgs/include/micro_ros_msgs/micro_ros_msgs/msg/rosidl_generator_c__visibility_control.h
[2.068s] -- Up-to-date: /home/tannernelson3/snuff_ros2/ros2_ws/install/micro_ros_msgs/include/micro_ros_msgs/micro_ros_msgs/msg/node.h
[2.069s] -- Up-to-date: /home/tannernelson3/snuff_ros2/ros2_ws/install/micro_ros_msgs/include/micro_ros_msgs/micro_ros_msgs/msg/detail
[2.069s] -- Up-to-date: /home/tannernelson3/snuff_ros2/ros2_ws/install/micro_ros_msgs/include/micro_ros_msgs/micro_ros_msgs/msg/detail/node__type_support.c
[2.069s] -- Up-to-date: /home/tannernelson3/snuff_ros2/ros2_ws/install/micro_ros_msgs/include/micro_ros_msgs/micro_ros_msgs/msg/detail/graph__functions.c
[2.069s] -- Up-to-date: /home/tannernelson3/snuff_ros2/ros2_ws/install/micro_ros_msgs/include/micro_ros_msgs/micro_ros_msgs/msg/detail/entity__description.c
[2.069s] -- Up-to-date: /home/tannernelson3/snuff_ros2/ros2_ws/install/micro_ros_msgs/include/micro_ros_msgs/micro_ros_msgs/msg/detail/entity__functions.h
[2.070s] -- Up-to-date: /home/tannernelson3/snuff_ros2/ros2_ws/install/micro_ros_msgs/include/micro_ros_msgs/micro_ros_msgs/msg/detail/entity__struct.h
[2.070s] -- Up-to-date: /home/tannernelson3/snuff_ros2/ros2_ws/install/micro_ros_msgs/include/micro_ros_msgs/micro_ros_msgs/msg/detail/entity__type_support.c
[2.070s] -- Up-to-date: /home/tannernelson3/snuff_ros2/ros2_ws/install/micro_ros_msgs/include/micro_ros_msgs/micro_ros_msgs/msg/detail/graph__functions.h
[2.071s] -- Up-to-date: /home/tannernelson3/snuff_ros2/ros2_ws/install/micro_ros_msgs/include/micro_ros_msgs/micro_ros_msgs/msg/detail/node__functions.c
[2.071s] -- Up-to-date: /home/tannernelson3/snuff_ros2/ros2_ws/install/micro_ros_msgs/include/micro_ros_msgs/micro_ros_msgs/msg/detail/node__description.c
[2.071s] -- Up-to-date: /home/tannernelson3/snuff_ros2/ros2_ws/install/micro_ros_msgs/include/micro_ros_msgs/micro_ros_msgs/msg/detail/graph__struct.h
[2.071s] -- Up-to-date: /home/tannernelson3/snuff_ros2/ros2_ws/install/micro_ros_msgs/include/micro_ros_msgs/micro_ros_msgs/msg/detail/node__struct.h
[2.071s] -- Up-to-date: /home/tannernelson3/snuff_ros2/ros2_ws/install/micro_ros_msgs/include/micro_ros_msgs/micro_ros_msgs/msg/detail/graph__description.c
[2.071s] -- Up-to-date: /home/tannernelson3/snuff_ros2/ros2_ws/install/micro_ros_msgs/include/micro_ros_msgs/micro_ros_msgs/msg/detail/graph__type_support.h
[2.072s] -- Up-to-date: /home/tannernelson3/snuff_ros2/ros2_ws/install/micro_ros_msgs/include/micro_ros_msgs/micro_ros_msgs/msg/detail/node__type_support.h
[2.072s] -- Up-to-date: /home/tannernelson3/snuff_ros2/ros2_ws/install/micro_ros_msgs/include/micro_ros_msgs/micro_ros_msgs/msg/detail/graph__type_support.c
[2.072s] -- Up-to-date: /home/tannernelson3/snuff_ros2/ros2_ws/install/micro_ros_msgs/include/micro_ros_msgs/micro_ros_msgs/msg/detail/entity__functions.c
[2.072s] -- Up-to-date: /home/tannernelson3/snuff_ros2/ros2_ws/install/micro_ros_msgs/include/micro_ros_msgs/micro_ros_msgs/msg/detail/node__functions.h
[2.072s] -- Up-to-date: /home/tannernelson3/snuff_ros2/ros2_ws/install/micro_ros_msgs/include/micro_ros_msgs/micro_ros_msgs/msg/detail/entity__type_support.h
[2.073s] -- Up-to-date: /home/tannernelson3/snuff_ros2/ros2_ws/install/micro_ros_msgs/share/micro_ros_msgs/environment/library_path.sh
[2.073s] -- Up-to-date: /home/tannernelson3/snuff_ros2/ros2_ws/install/micro_ros_msgs/share/micro_ros_msgs/environment/library_path.dsv
[2.073s] -- Up-to-date: /home/tannernelson3/snuff_ros2/ros2_ws/install/micro_ros_msgs/lib/libmicro_ros_msgs__rosidl_generator_c.so
[2.073s] -- Up-to-date: /home/tannernelson3/snuff_ros2/ros2_ws/install/micro_ros_msgs/include/micro_ros_msgs/micro_ros_msgs
[2.074s] -- Up-to-date: /home/tannernelson3/snuff_ros2/ros2_ws/install/micro_ros_msgs/include/micro_ros_msgs/micro_ros_msgs/msg
[2.074s] -- Up-to-date: /home/tannernelson3/snuff_ros2/ros2_ws/install/micro_ros_msgs/include/micro_ros_msgs/micro_ros_msgs/msg/rosidl_typesupport_fastrtps_c__visibility_control.h
[2.075s] -- Up-to-date: /home/tannernelson3/snuff_ros2/ros2_ws/install/micro_ros_msgs/include/micro_ros_msgs/micro_ros_msgs/msg/detail
[2.075s] -- Up-to-date: /home/tannernelson3/snuff_ros2/ros2_ws/install/micro_ros_msgs/include/micro_ros_msgs/micro_ros_msgs/msg/detail/node__rosidl_typesupport_fastrtps_c.h
[2.075s] -- Up-to-date: /home/tannernelson3/snuff_ros2/ros2_ws/install/micro_ros_msgs/include/micro_ros_msgs/micro_ros_msgs/msg/detail/entity__rosidl_typesupport_fastrtps_c.h
[2.076s] -- Up-to-date: /home/tannernelson3/snuff_ros2/ros2_ws/install/micro_ros_msgs/include/micro_ros_msgs/micro_ros_msgs/msg/detail/graph__rosidl_typesupport_fastrtps_c.h
[2.078s] -- Up-to-date: /home/tannernelson3/snuff_ros2/ros2_ws/install/micro_ros_msgs/lib/libmicro_ros_msgs__rosidl_typesupport_fastrtps_c.so
[2.078s] -- Up-to-date: /home/tannernelson3/snuff_ros2/ros2_ws/install/micro_ros_msgs/include/micro_ros_msgs/micro_ros_msgs
[2.078s] -- Up-to-date: /home/tannernelson3/snuff_ros2/ros2_ws/install/micro_ros_msgs/include/micro_ros_msgs/micro_ros_msgs/msg
[2.078s] -- Up-to-date: /home/tannernelson3/snuff_ros2/ros2_ws/install/micro_ros_msgs/include/micro_ros_msgs/micro_ros_msgs/msg/rosidl_typesupport_introspection_c__visibility_control.h
[2.079s] -- Up-to-date: /home/tannernelson3/snuff_ros2/ros2_ws/install/micro_ros_msgs/include/micro_ros_msgs/micro_ros_msgs/msg/detail
[2.079s] -- Up-to-date: /home/tannernelson3/snuff_ros2/ros2_ws/install/micro_ros_msgs/include/micro_ros_msgs/micro_ros_msgs/msg/detail/node__type_support.c
[2.079s] -- Up-to-date: /home/tannernelson3/snuff_ros2/ros2_ws/install/micro_ros_msgs/include/micro_ros_msgs/micro_ros_msgs/msg/detail/node__rosidl_typesupport_introspection_c.h
[2.079s] -- Up-to-date: /home/tannernelson3/snuff_ros2/ros2_ws/install/micro_ros_msgs/include/micro_ros_msgs/micro_ros_msgs/msg/detail/entity__type_support.c
[2.079s] -- Up-to-date: /home/tannernelson3/snuff_ros2/ros2_ws/install/micro_ros_msgs/include/micro_ros_msgs/micro_ros_msgs/msg/detail/entity__rosidl_typesupport_introspection_c.h
[2.083s] -- Up-to-date: /home/tannernelson3/snuff_ros2/ros2_ws/install/micro_ros_msgs/include/micro_ros_msgs/micro_ros_msgs/msg/detail/graph__rosidl_typesupport_introspection_c.h
[2.090s] -- Up-to-date: /home/tannernelson3/snuff_ros2/ros2_ws/install/micro_ros_msgs/include/micro_ros_msgs/micro_ros_msgs/msg/detail/graph__type_support.c
[2.091s] -- Up-to-date: /home/tannernelson3/snuff_ros2/ros2_ws/install/micro_ros_msgs/lib/libmicro_ros_msgs__rosidl_typesupport_introspection_c.so
[2.092s] -- Up-to-date: /home/tannernelson3/snuff_ros2/ros2_ws/install/micro_ros_msgs/lib/libmicro_ros_msgs__rosidl_typesupport_c.so
[2.092s] -- Up-to-date: /home/tannernelson3/snuff_ros2/ros2_ws/install/micro_ros_msgs/include/micro_ros_msgs/micro_ros_msgs
[2.093s] -- Up-to-date: /home/tannernelson3/snuff_ros2/ros2_ws/install/micro_ros_msgs/include/micro_ros_msgs/micro_ros_msgs/msg
[2.093s] -- Up-to-date: /home/tannernelson3/snuff_ros2/ros2_ws/install/micro_ros_msgs/include/micro_ros_msgs/micro_ros_msgs/msg/node.hpp
[2.093s] -- Up-to-date: /home/tannernelson3/snuff_ros2/ros2_ws/install/micro_ros_msgs/include/micro_ros_msgs/micro_ros_msgs/msg/graph.hpp
[2.094s] -- Up-to-date: /home/tannernelson3/snuff_ros2/ros2_ws/install/micro_ros_msgs/include/micro_ros_msgs/micro_ros_msgs/msg/entity.hpp
[2.094s] -- Up-to-date: /home/tannernelson3/snuff_ros2/ros2_ws/install/micro_ros_msgs/include/micro_ros_msgs/micro_ros_msgs/msg/detail
[2.095s] -- Up-to-date: /home/tannernelson3/snuff_ros2/ros2_ws/install/micro_ros_msgs/include/micro_ros_msgs/micro_ros_msgs/msg/detail/graph__traits.hpp
[2.095s] -- Up-to-date: /home/tannernelson3/snuff_ros2/ros2_ws/install/micro_ros_msgs/include/micro_ros_msgs/micro_ros_msgs/msg/detail/node__builder.hpp
[2.095s] -- Up-to-date: /home/tannernelson3/snuff_ros2/ros2_ws/install/micro_ros_msgs/include/micro_ros_msgs/micro_ros_msgs/msg/detail/entity__struct.hpp
[2.095s] -- Up-to-date: /home/tannernelson3/snuff_ros2/ros2_ws/install/micro_ros_msgs/include/micro_ros_msgs/micro_ros_msgs/msg/detail/graph__struct.hpp
[2.095s] -- Up-to-date: /home/tannernelson3/snuff_ros2/ros2_ws/install/micro_ros_msgs/include/micro_ros_msgs/micro_ros_msgs/msg/detail/node__traits.hpp
[2.096s] -- Up-to-date: /home/tannernelson3/snuff_ros2/ros2_ws/install/micro_ros_msgs/include/micro_ros_msgs/micro_ros_msgs/msg/detail/node__struct.hpp
[2.096s] -- Up-to-date: /home/tannernelson3/snuff_ros2/ros2_ws/install/micro_ros_msgs/include/micro_ros_msgs/micro_ros_msgs/msg/detail/entity__builder.hpp
[2.096s] -- Up-to-date: /home/tannernelson3/snuff_ros2/ros2_ws/install/micro_ros_msgs/include/micro_ros_msgs/micro_ros_msgs/msg/detail/entity__traits.hpp
[2.096s] -- Up-to-date: /home/tannernelson3/snuff_ros2/ros2_ws/install/micro_ros_msgs/include/micro_ros_msgs/micro_ros_msgs/msg/detail/graph__builder.hpp
[2.096s] -- Up-to-date: /home/tannernelson3/snuff_ros2/ros2_ws/install/micro_ros_msgs/include/micro_ros_msgs/micro_ros_msgs
[2.097s] -- Up-to-date: /home/tannernelson3/snuff_ros2/ros2_ws/install/micro_ros_msgs/include/micro_ros_msgs/micro_ros_msgs/msg
[2.097s] -- Up-to-date: /home/tannernelson3/snuff_ros2/ros2_ws/install/micro_ros_msgs/include/micro_ros_msgs/micro_ros_msgs/msg/rosidl_typesupport_fastrtps_cpp__visibility_control.h
[2.097s] -- Up-to-date: /home/tannernelson3/snuff_ros2/ros2_ws/install/micro_ros_msgs/include/micro_ros_msgs/micro_ros_msgs/msg/detail
[2.097s] -- Up-to-date: /home/tannernelson3/snuff_ros2/ros2_ws/install/micro_ros_msgs/include/micro_ros_msgs/micro_ros_msgs/msg/detail/entity__rosidl_typesupport_fastrtps_cpp.hpp
[2.098s] -- Up-to-date: /home/tannernelson3/snuff_ros2/ros2_ws/install/micro_ros_msgs/include/micro_ros_msgs/micro_ros_msgs/msg/detail/node__rosidl_typesupport_fastrtps_cpp.hpp
[2.098s] -- Up-to-date: /home/tannernelson3/snuff_ros2/ros2_ws/install/micro_ros_msgs/include/micro_ros_msgs/micro_ros_msgs/msg/detail/dds_fastrtps
[2.101s] -- Up-to-date: /home/tannernelson3/snuff_ros2/ros2_ws/install/micro_ros_msgs/include/micro_ros_msgs/micro_ros_msgs/msg/detail/graph__rosidl_typesupport_fastrtps_cpp.hpp
[2.101s] -- Up-to-date: /home/tannernelson3/snuff_ros2/ros2_ws/install/micro_ros_msgs/lib/libmicro_ros_msgs__rosidl_typesupport_fastrtps_cpp.so
[2.102s] -- Up-to-date: /home/tannernelson3/snuff_ros2/ros2_ws/install/micro_ros_msgs/include/micro_ros_msgs/micro_ros_msgs
[2.102s] -- Up-to-date: /home/tannernelson3/snuff_ros2/ros2_ws/install/micro_ros_msgs/include/micro_ros_msgs/micro_ros_msgs/msg
[2.102s] -- Up-to-date: /home/tannernelson3/snuff_ros2/ros2_ws/install/micro_ros_msgs/include/micro_ros_msgs/micro_ros_msgs/msg/detail
[2.102s] -- Up-to-date: /home/tannernelson3/snuff_ros2/ros2_ws/install/micro_ros_msgs/include/micro_ros_msgs/micro_ros_msgs/msg/detail/node__type_support.cpp
[2.103s] -- Up-to-date: /home/tannernelson3/snuff_ros2/ros2_ws/install/micro_ros_msgs/include/micro_ros_msgs/micro_ros_msgs/msg/detail/entity__type_support.cpp
[2.103s] -- Up-to-date: /home/tannernelson3/snuff_ros2/ros2_ws/install/micro_ros_msgs/include/micro_ros_msgs/micro_ros_msgs/msg/detail/entity__rosidl_typesupport_introspection_cpp.hpp
[2.112s] -- Up-to-date: /home/tannernelson3/snuff_ros2/ros2_ws/install/micro_ros_msgs/include/micro_ros_msgs/micro_ros_msgs/msg/detail/graph__rosidl_typesupport_introspection_cpp.hpp
[2.112s] -- Up-to-date: /home/tannernelson3/snuff_ros2/ros2_ws/install/micro_ros_msgs/include/micro_ros_msgs/micro_ros_msgs/msg/detail/graph__type_support.cpp
[2.112s] -- Up-to-date: /home/tannernelson3/snuff_ros2/ros2_ws/install/micro_ros_msgs/include/micro_ros_msgs/micro_ros_msgs/msg/detail/node__rosidl_typesupport_introspection_cpp.hpp
[2.112s] -- Up-to-date: /home/tannernelson3/snuff_ros2/ros2_ws/install/micro_ros_msgs/lib/libmicro_ros_msgs__rosidl_typesupport_introspection_cpp.so
[2.112s] -- Up-to-date: /home/tannernelson3/snuff_ros2/ros2_ws/install/micro_ros_msgs/lib/libmicro_ros_msgs__rosidl_typesupport_cpp.so
[2.113s] -- Up-to-date: /home/tannernelson3/snuff_ros2/ros2_ws/install/micro_ros_msgs/share/micro_ros_msgs/environment/pythonpath.sh
[2.113s] -- Up-to-date: /home/tannernelson3/snuff_ros2/ros2_ws/install/micro_ros_msgs/share/micro_ros_msgs/environment/pythonpath.dsv
[2.113s] -- Up-to-date: /home/tannernelson3/snuff_ros2/ros2_ws/install/micro_ros_msgs/lib/python3.10/site-packages/micro_ros_msgs-4.0.0-py3.10.egg-info
[2.113s] -- Installing: /home/tannernelson3/snuff_ros2/ros2_ws/install/micro_ros_msgs/lib/python3.10/site-packages/micro_ros_msgs-4.0.0-py3.10.egg-info/PKG-INFO
[2.114s] -- Installing: /home/tannernelson3/snuff_ros2/ros2_ws/install/micro_ros_msgs/lib/python3.10/site-packages/micro_ros_msgs-4.0.0-py3.10.egg-info/dependency_links.txt
[2.114s] -- Installing: /home/tannernelson3/snuff_ros2/ros2_ws/install/micro_ros_msgs/lib/python3.10/site-packages/micro_ros_msgs-4.0.0-py3.10.egg-info/SOURCES.txt
[2.114s] -- Installing: /home/tannernelson3/snuff_ros2/ros2_ws/install/micro_ros_msgs/lib/python3.10/site-packages/micro_ros_msgs-4.0.0-py3.10.egg-info/top_level.txt
[2.114s] -- Up-to-date: /home/tannernelson3/snuff_ros2/ros2_ws/install/micro_ros_msgs/lib/python3.10/site-packages/micro_ros_msgs
[2.114s] -- Up-to-date: /home/tannernelson3/snuff_ros2/ros2_ws/install/micro_ros_msgs/lib/python3.10/site-packages/micro_ros_msgs/micro_ros_msgs_s__rosidl_typesupport_c.cpython-310-x86_64-linux-gnu.so
[2.115s] -- Up-to-date: /home/tannernelson3/snuff_ros2/ros2_ws/install/micro_ros_msgs/lib/python3.10/site-packages/micro_ros_msgs/msg
[2.115s] -- Up-to-date: /home/tannernelson3/snuff_ros2/ros2_ws/install/micro_ros_msgs/lib/python3.10/site-packages/micro_ros_msgs/msg/_entity_s.c
[2.115s] -- Up-to-date: /home/tannernelson3/snuff_ros2/ros2_ws/install/micro_ros_msgs/lib/python3.10/site-packages/micro_ros_msgs/msg/_entity.py
[2.119s] -- Up-to-date: /home/tannernelson3/snuff_ros2/ros2_ws/install/micro_ros_msgs/lib/python3.10/site-packages/micro_ros_msgs/msg/_graph.py
[2.119s] -- Up-to-date: /home/tannernelson3/snuff_ros2/ros2_ws/install/micro_ros_msgs/lib/python3.10/site-packages/micro_ros_msgs/msg/_node_s.c
[2.120s] -- Up-to-date: /home/tannernelson3/snuff_ros2/ros2_ws/install/micro_ros_msgs/lib/python3.10/site-packages/micro_ros_msgs/msg/_graph_s.c
[2.121s] -- Up-to-date: /home/tannernelson3/snuff_ros2/ros2_ws/install/micro_ros_msgs/lib/python3.10/site-packages/micro_ros_msgs/msg/__init__.py
[2.121s] -- Up-to-date: /home/tannernelson3/snuff_ros2/ros2_ws/install/micro_ros_msgs/lib/python3.10/site-packages/micro_ros_msgs/msg/_node.py
[2.122s] -- Up-to-date: /home/tannernelson3/snuff_ros2/ros2_ws/install/micro_ros_msgs/lib/python3.10/site-packages/micro_ros_msgs/_micro_ros_msgs_s.ep.rosidl_typesupport_c.c
[2.122s] -- Up-to-date: /home/tannernelson3/snuff_ros2/ros2_ws/install/micro_ros_msgs/lib/python3.10/site-packages/micro_ros_msgs/micro_ros_msgs_s__rosidl_typesupport_fastrtps_c.cpython-310-x86_64-linux-gnu.so
[2.123s] -- Up-to-date: /home/tannernelson3/snuff_ros2/ros2_ws/install/micro_ros_msgs/lib/python3.10/site-packages/micro_ros_msgs/_micro_ros_msgs_s.ep.rosidl_typesupport_fastrtps_c.c
[2.123s] -- Up-to-date: /home/tannernelson3/snuff_ros2/ros2_ws/install/micro_ros_msgs/lib/python3.10/site-packages/micro_ros_msgs/libmicro_ros_msgs__rosidl_generator_py.so
[2.124s] -- Up-to-date: /home/tannernelson3/snuff_ros2/ros2_ws/install/micro_ros_msgs/lib/python3.10/site-packages/micro_ros_msgs/_micro_ros_msgs_s.ep.rosidl_typesupport_introspection_c.c
[2.124s] -- Up-to-date: /home/tannernelson3/snuff_ros2/ros2_ws/install/micro_ros_msgs/lib/python3.10/site-packages/micro_ros_msgs/micro_ros_msgs_s__rosidl_typesupport_introspection_c.cpython-310-x86_64-linux-gnu.so
[2.125s] -- Up-to-date: /home/tannernelson3/snuff_ros2/ros2_ws/install/micro_ros_msgs/lib/python3.10/site-packages/micro_ros_msgs/__init__.py
[2.143s] Listing '/home/tannernelson3/snuff_ros2/ros2_ws/install/micro_ros_msgs/lib/python3.10/site-packages/micro_ros_msgs'...
[2.143s] Listing '/home/tannernelson3/snuff_ros2/ros2_ws/install/micro_ros_msgs/lib/python3.10/site-packages/micro_ros_msgs/msg'...
[2.154s] -- Up-to-date: /home/tannernelson3/snuff_ros2/ros2_ws/install/micro_ros_msgs/lib/python3.10/site-packages/micro_ros_msgs/micro_ros_msgs_s__rosidl_typesupport_fastrtps_c.cpython-310-x86_64-linux-gnu.so
[2.155s] -- Up-to-date: /home/tannernelson3/snuff_ros2/ros2_ws/install/micro_ros_msgs/lib/python3.10/site-packages/micro_ros_msgs/micro_ros_msgs_s__rosidl_typesupport_introspection_c.cpython-310-x86_64-linux-gnu.so
[2.155s] -- Up-to-date: /home/tannernelson3/snuff_ros2/ros2_ws/install/micro_ros_msgs/lib/python3.10/site-packages/micro_ros_msgs/micro_ros_msgs_s__rosidl_typesupport_c.cpython-310-x86_64-linux-gnu.so
[2.156s] -- Up-to-date: /home/tannernelson3/snuff_ros2/ros2_ws/install/micro_ros_msgs/lib/libmicro_ros_msgs__rosidl_generator_py.so
[2.159s] -- Up-to-date: /home/tannernelson3/snuff_ros2/ros2_ws/install/micro_ros_msgs/share/micro_ros_msgs/msg/Graph.idl
[2.160s] -- Up-to-date: /home/tannernelson3/snuff_ros2/ros2_ws/install/micro_ros_msgs/share/micro_ros_msgs/msg/Node.idl
[2.161s] -- Up-to-date: /home/tannernelson3/snuff_ros2/ros2_ws/install/micro_ros_msgs/share/micro_ros_msgs/msg/Entity.idl
[2.162s] -- Up-to-date: /home/tannernelson3/snuff_ros2/ros2_ws/install/micro_ros_msgs/share/micro_ros_msgs/msg/Graph.msg
[2.162s] -- Up-to-date: /home/tannernelson3/snuff_ros2/ros2_ws/install/micro_ros_msgs/share/micro_ros_msgs/msg/Node.msg
[2.163s] -- Up-to-date: /home/tannernelson3/snuff_ros2/ros2_ws/install/micro_ros_msgs/share/micro_ros_msgs/msg/Entity.msg
[2.163s] -- Up-to-date: /home/tannernelson3/snuff_ros2/ros2_ws/install/micro_ros_msgs/share/ament_index/resource_index/package_run_dependencies/micro_ros_msgs
[2.163s] -- Up-to-date: /home/tannernelson3/snuff_ros2/ros2_ws/install/micro_ros_msgs/share/ament_index/resource_index/parent_prefix_path/micro_ros_msgs
[2.163s] -- Up-to-date: /home/tannernelson3/snuff_ros2/ros2_ws/install/micro_ros_msgs/share/micro_ros_msgs/environment/ament_prefix_path.sh
[2.163s] -- Up-to-date: /home/tannernelson3/snuff_ros2/ros2_ws/install/micro_ros_msgs/share/micro_ros_msgs/environment/ament_prefix_path.dsv
[2.163s] -- Up-to-date: /home/tannernelson3/snuff_ros2/ros2_ws/install/micro_ros_msgs/share/micro_ros_msgs/environment/path.sh
[2.163s] -- Up-to-date: /home/tannernelson3/snuff_ros2/ros2_ws/install/micro_ros_msgs/share/micro_ros_msgs/environment/path.dsv
[2.163s] -- Up-to-date: /home/tannernelson3/snuff_ros2/ros2_ws/install/micro_ros_msgs/share/micro_ros_msgs/local_setup.bash
[2.163s] -- Up-to-date: /home/tannernelson3/snuff_ros2/ros2_ws/install/micro_ros_msgs/share/micro_ros_msgs/local_setup.sh
[2.165s] -- Up-to-date: /home/tannernelson3/snuff_ros2/ros2_ws/install/micro_ros_msgs/share/micro_ros_msgs/local_setup.zsh
[2.165s] -- Up-to-date: /home/tannernelson3/snuff_ros2/ros2_ws/install/micro_ros_msgs/share/micro_ros_msgs/local_setup.dsv
[2.166s] -- Installing: /home/tannernelson3/snuff_ros2/ros2_ws/install/micro_ros_msgs/share/micro_ros_msgs/package.dsv
[2.168s] -- Up-to-date: /home/tannernelson3/snuff_ros2/ros2_ws/install/micro_ros_msgs/share/ament_index/resource_index/packages/micro_ros_msgs
[2.169s] -- Up-to-date: /home/tannernelson3/snuff_ros2/ros2_ws/install/micro_ros_msgs/share/micro_ros_msgs/cmake/export_micro_ros_msgs__rosidl_generator_cExport.cmake
[2.169s] -- Up-to-date: /home/tannernelson3/snuff_ros2/ros2_ws/install/micro_ros_msgs/share/micro_ros_msgs/cmake/export_micro_ros_msgs__rosidl_generator_cExport-noconfig.cmake
[2.172s] -- Up-to-date: /home/tannernelson3/snuff_ros2/ros2_ws/install/micro_ros_msgs/share/micro_ros_msgs/cmake/export_micro_ros_msgs__rosidl_typesupport_fastrtps_cExport.cmake
[2.172s] -- Up-to-date: /home/tannernelson3/snuff_ros2/ros2_ws/install/micro_ros_msgs/share/micro_ros_msgs/cmake/export_micro_ros_msgs__rosidl_typesupport_fastrtps_cExport-noconfig.cmake
[2.172s] -- Up-to-date: /home/tannernelson3/snuff_ros2/ros2_ws/install/micro_ros_msgs/share/micro_ros_msgs/cmake/micro_ros_msgs__rosidl_typesupport_introspection_cExport.cmake
[2.173s] -- Up-to-date: /home/tannernelson3/snuff_ros2/ros2_ws/install/micro_ros_msgs/share/micro_ros_msgs/cmake/micro_ros_msgs__rosidl_typesupport_introspection_cExport-noconfig.cmake
[2.173s] -- Up-to-date: /home/tannernelson3/snuff_ros2/ros2_ws/install/micro_ros_msgs/share/micro_ros_msgs/cmake/micro_ros_msgs__rosidl_typesupport_cExport.cmake
[2.174s] -- Up-to-date: /home/tannernelson3/snuff_ros2/ros2_ws/install/micro_ros_msgs/share/micro_ros_msgs/cmake/micro_ros_msgs__rosidl_typesupport_cExport-noconfig.cmake
[2.176s] -- Up-to-date: /home/tannernelson3/snuff_ros2/ros2_ws/install/micro_ros_msgs/share/micro_ros_msgs/cmake/export_micro_ros_msgs__rosidl_generator_cppExport.cmake
[2.176s] -- Up-to-date: /home/tannernelson3/snuff_ros2/ros2_ws/install/micro_ros_msgs/share/micro_ros_msgs/cmake/export_micro_ros_msgs__rosidl_typesupport_fastrtps_cppExport.cmake
[2.177s] -- Up-to-date: /home/tannernelson3/snuff_ros2/ros2_ws/install/micro_ros_msgs/share/micro_ros_msgs/cmake/export_micro_ros_msgs__rosidl_typesupport_fastrtps_cppExport-noconfig.cmake
[2.177s] -- Up-to-date: /home/tannernelson3/snuff_ros2/ros2_ws/install/micro_ros_msgs/share/micro_ros_msgs/cmake/micro_ros_msgs__rosidl_typesupport_introspection_cppExport.cmake
[2.178s] -- Up-to-date: /home/tannernelson3/snuff_ros2/ros2_ws/install/micro_ros_msgs/share/micro_ros_msgs/cmake/micro_ros_msgs__rosidl_typesupport_introspection_cppExport-noconfig.cmake
[2.178s] -- Up-to-date: /home/tannernelson3/snuff_ros2/ros2_ws/install/micro_ros_msgs/share/micro_ros_msgs/cmake/micro_ros_msgs__rosidl_typesupport_cppExport.cmake
[2.181s] -- Up-to-date: /home/tannernelson3/snuff_ros2/ros2_ws/install/micro_ros_msgs/share/micro_ros_msgs/cmake/micro_ros_msgs__rosidl_typesupport_cppExport-noconfig.cmake
[2.181s] -- Up-to-date: /home/tannernelson3/snuff_ros2/ros2_ws/install/micro_ros_msgs/share/micro_ros_msgs/cmake/export_micro_ros_msgs__rosidl_generator_pyExport.cmake
[2.182s] -- Up-to-date: /home/tannernelson3/snuff_ros2/ros2_ws/install/micro_ros_msgs/share/micro_ros_msgs/cmake/export_micro_ros_msgs__rosidl_generator_pyExport-noconfig.cmake
[2.182s] -- Up-to-date: /home/tannernelson3/snuff_ros2/ros2_ws/install/micro_ros_msgs/share/micro_ros_msgs/cmake/rosidl_cmake-extras.cmake
[2.182s] -- Up-to-date: /home/tannernelson3/snuff_ros2/ros2_ws/install/micro_ros_msgs/share/micro_ros_msgs/cmake/ament_cmake_export_include_directories-extras.cmake
[2.185s] -- Up-to-date: /home/tannernelson3/snuff_ros2/ros2_ws/install/micro_ros_msgs/share/micro_ros_msgs/cmake/ament_cmake_export_libraries-extras.cmake
[2.186s] -- Up-to-date: /home/tannernelson3/snuff_ros2/ros2_ws/install/micro_ros_msgs/share/micro_ros_msgs/cmake/ament_cmake_export_targets-extras.cmake
[2.186s] -- Up-to-date: /home/tannernelson3/snuff_ros2/ros2_ws/install/micro_ros_msgs/share/micro_ros_msgs/cmake/rosidl_cmake_export_typesupport_targets-extras.cmake
[2.186s] -- Up-to-date: /home/tannernelson3/snuff_ros2/ros2_ws/install/micro_ros_msgs/share/micro_ros_msgs/cmake/ament_cmake_export_dependencies-extras.cmake
[2.187s] -- Up-to-date: /home/tannernelson3/snuff_ros2/ros2_ws/install/micro_ros_msgs/share/micro_ros_msgs/cmake/rosidl_cmake_export_typesupport_libraries-extras.cmake
[2.187s] -- Up-to-date: /home/tannernelson3/snuff_ros2/ros2_ws/install/micro_ros_msgs/share/micro_ros_msgs/cmake/micro_ros_msgsConfig.cmake
[2.187s] -- Up-to-date: /home/tannernelson3/snuff_ros2/ros2_ws/install/micro_ros_msgs/share/micro_ros_msgs/cmake/micro_ros_msgsConfig-version.cmake
[2.188s] -- Up-to-date: /home/tannernelson3/snuff_ros2/ros2_ws/install/micro_ros_msgs/share/micro_ros_msgs/package.xml
[2.281s] Invoked command in '/home/tannernelson3/snuff_ros2/ros2_ws/build/micro_ros_msgs' returned '0': CMAKE_PREFIX_PATH=${CMAKE_PREFIX_PATH}:/opt/ros/iron /usr/bin/cmake --install /home/tannernelson3/snuff_ros2/ros2_ws/build/micro_ros_msgs
