-- Found ament_cmake_auto: 2.0.3 (/opt/ros/iron/share/ament_cmake_auto/cmake)
-- Found rosidl_generator_c: 4.0.1 (/opt/ros/iron/share/rosidl_generator_c/cmake)
-- Found rosidl_generator_cpp: 4.0.1 (/opt/ros/iron/share/rosidl_generator_cpp/cmake)
-- Using all available rosidl_typesupport_c: rosidl_typesupport_fastrtps_c;rosidl_typesupport_introspection_c
-- Using all available rosidl_typesupport_cpp: rosidl_typesupport_fastrtps_cpp;rosidl_typesupport_introspection_cpp
-- Found rmw_implementation_cmake: 7.1.0 (/opt/ros/iron/share/rmw_implementation_cmake/cmake)
-- Found rmw_fastrtps_cpp: 7.1.2 (/opt/ros/iron/share/rmw_fastrtps_cpp/cmake)
-- Using RMW implementation 'rmw_fastrtps_cpp' as default
-- Found rosidl_adapter: 4.0.1 (/opt/ros/iron/share/rosidl_adapter/cmake)
-- Found ament_lint_auto: 0.14.2 (/opt/ros/iron/share/ament_lint_auto/cmake)
-- Found gtest sources under '/opt/ros/iron/src/gtest_vendor': C++ tests using 'Google Test' will be built
-- Added test 'copyright' to check source files copyright and LICENSE
-- Added test 'cppcheck' to perform static code analysis on C / C++ code
-- Configured cppcheck include dirs: /home/tannernelson3/ROS/ros/ros2_ws/src/usb_cam/include
-- Configured cppcheck exclude dirs and/or files: 
-- Added test 'cpplint' to check C / C++ code against the Google style
-- Configured cpplint exclude dirs and/or files: 
-- Added test 'flake8' to check Python code syntax and style conventions
-- Configured 'flake8' exclude dirs and/or files: 
-- Added test 'lint_cmake' to check CMake code style
-- Added test 'pep257' to check Python code against some of the docstring style conventions in PEP 257
-- Added test 'uncrustify' to check C / C++ code style
-- Configured uncrustify additional arguments: 
-- Added test 'xmllint' to check XML markup files
-- Configuring done
-- Generating done
-- Build files have been written to: /home/tannernelson3/ROS/ros/ros2_ws/build/usb_cam
[35m[1mConsolidate compiler generated dependencies of target gtest[0m
[35m[1mConsolidate compiler generated dependencies of target gtest_main[0m
[35m[1mConsolidate compiler generated dependencies of target usb_cam_node_exe[0m
[35m[1mConsolidate compiler generated dependencies of target usb_cam[0m
[  7%] [32mBuilding CXX object gtest/CMakeFiles/gtest_main.dir/src/gtest_main.cc.o[0m
[ 14%] [32mBuilding CXX object gtest/CMakeFiles/gtest.dir/src/gtest-all.cc.o[0m
[ 21%] [32mBuilding CXX object CMakeFiles/usb_cam.dir/src/usb_cam.cpp.o[0m
[ 28%] [32mBuilding CXX object CMakeFiles/usb_cam_node_exe.dir/rclcpp_components/node_main_usb_cam_node_exe.cpp.o[0m
[ 35%] [32m[1mLinking CXX static library libgtest_main.a[0m
[ 35%] Built target gtest_main
[ 42%] [32m[1mLinking CXX shared library libusb_cam.so[0m
[ 42%] Built target usb_cam
[35m[1mConsolidate compiler generated dependencies of target usb_cam_node[0m
[ 50%] [32mBuilding CXX object CMakeFiles/usb_cam_node.dir/src/usb_cam_node.cpp.o[0m
[ 57%] [32m[1mLinking CXX static library libgtest.a[0m
[ 57%] Built target gtest
[35m[1mConsolidate compiler generated dependencies of target test_usb_cam_utils[0m
[35m[1mConsolidate compiler generated dependencies of target test_pixel_formats[0m
[ 64%] [32mBuilding CXX object CMakeFiles/test_usb_cam_utils.dir/test/test_usb_cam_utils.cpp.o[0m
[ 71%] [32mBuilding CXX object CMakeFiles/test_pixel_formats.dir/test/test_pixel_formats.cpp.o[0m
[ 78%] [32m[1mLinking CXX executable test_pixel_formats[0m
[ 85%] [32m[1mLinking CXX executable test_usb_cam_utils[0m
[ 92%] [32m[1mLinking CXX executable usb_cam_node_exe[0m
[ 92%] Built target test_pixel_formats
[ 92%] Built target test_usb_cam_utils
[ 92%] Built target usb_cam_node_exe
[100%] [32m[1mLinking CXX shared library libusb_cam_node.so[0m
[100%] Built target usb_cam_node
