[0.581s] Invoking command in '/home/tannernelson3/ROS/ros/ros2_ws/build/usb_cam': CMAKE_PREFIX_PATH=/home/tannernelson3/ROS/ros/ros2_ws/install/py_srvcli:/opt/ros/iron:${CMAKE_PREFIX_PATH} /usr/bin/cmake --build /home/tannernelson3/ROS/ros/ros2_ws/build/usb_cam -- -j4 -l4
[0.700s] -- Found ament_cmake_auto: 2.0.3 (/opt/ros/iron/share/ament_cmake_auto/cmake)
[1.280s] -- Found rosidl_generator_c: 4.0.1 (/opt/ros/iron/share/rosidl_generator_c/cmake)
[1.302s] -- Found rosidl_generator_cpp: 4.0.1 (/opt/ros/iron/share/rosidl_generator_cpp/cmake)
[1.338s] -- Using all available rosidl_typesupport_c: rosidl_typesupport_fastrtps_c;rosidl_typesupport_introspection_c
[1.381s] -- Using all available rosidl_typesupport_cpp: rosidl_typesupport_fastrtps_cpp;rosidl_typesupport_introspection_cpp
[2.060s] -- Found rmw_implementation_cmake: 7.1.0 (/opt/ros/iron/share/rmw_implementation_cmake/cmake)
[2.063s] -- Found rmw_fastrtps_cpp: 7.1.2 (/opt/ros/iron/share/rmw_fastrtps_cpp/cmake)
[2.325s] -- Using RMW implementation 'rmw_fastrtps_cpp' as default
[3.382s] -- Found rosidl_adapter: 4.0.1 (/opt/ros/iron/share/rosidl_adapter/cmake)
[3.413s] -- Found ament_lint_auto: 0.14.2 (/opt/ros/iron/share/ament_lint_auto/cmake)
[3.430s] -- Found gtest sources under '/opt/ros/iron/src/gtest_vendor': C++ tests using 'Google Test' will be built
[3.448s] -- Added test 'copyright' to check source files copyright and LICENSE
[3.458s] -- Added test 'cppcheck' to perform static code analysis on C / C++ code
[3.459s] -- Configured cppcheck include dirs: /home/tannernelson3/ROS/ros/ros2_ws/src/usb_cam/include
[3.459s] -- Configured cppcheck exclude dirs and/or files: 
[3.464s] -- Added test 'cpplint' to check C / C++ code against the Google style
[3.465s] -- Configured cpplint exclude dirs and/or files: 
[3.466s] -- Added test 'flake8' to check Python code syntax and style conventions
[3.466s] -- Configured 'flake8' exclude dirs and/or files: 
[3.468s] -- Added test 'lint_cmake' to check CMake code style
[3.469s] -- Added test 'pep257' to check Python code against some of the docstring style conventions in PEP 257
[3.476s] -- Added test 'uncrustify' to check C / C++ code style
[3.477s] -- Configured uncrustify additional arguments: 
[3.477s] -- Added test 'xmllint' to check XML markup files
[3.482s] -- Configuring done
[3.560s] -- Generating done
[3.564s] -- Build files have been written to: /home/tannernelson3/ROS/ros/ros2_ws/build/usb_cam
[3.607s] [35m[1mConsolidate compiler generated dependencies of target gtest[0m
[3.607s] [35m[1mConsolidate compiler generated dependencies of target gtest_main[0m
[3.608s] [35m[1mConsolidate compiler generated dependencies of target usb_cam_node_exe[0m
[3.623s] [35m[1mConsolidate compiler generated dependencies of target usb_cam[0m
[3.644s] [  7%] [32mBuilding CXX object gtest/CMakeFiles/gtest_main.dir/src/gtest_main.cc.o[0m
[3.649s] [ 14%] [32mBuilding CXX object gtest/CMakeFiles/gtest.dir/src/gtest-all.cc.o[0m
[3.661s] [ 21%] [32mBuilding CXX object CMakeFiles/usb_cam.dir/src/usb_cam.cpp.o[0m
[3.664s] [ 28%] [32mBuilding CXX object CMakeFiles/usb_cam_node_exe.dir/rclcpp_components/node_main_usb_cam_node_exe.cpp.o[0m
[5.788s] [ 35%] [32m[1mLinking CXX static library libgtest_main.a[0m
[5.863s] [ 35%] Built target gtest_main
[7.035s] [ 42%] [32m[1mLinking CXX shared library libusb_cam.so[0m
[7.495s] [ 42%] Built target usb_cam
[7.512s] [35m[1mConsolidate compiler generated dependencies of target usb_cam_node[0m
[7.544s] [ 50%] [32mBuilding CXX object CMakeFiles/usb_cam_node.dir/src/usb_cam_node.cpp.o[0m
[10.889s] [ 57%] [32m[1mLinking CXX static library libgtest.a[0m
[11.002s] [ 57%] Built target gtest
[11.026s] [35m[1mConsolidate compiler generated dependencies of target test_usb_cam_utils[0m
[11.028s] [35m[1mConsolidate compiler generated dependencies of target test_pixel_formats[0m
[11.060s] [ 64%] [32mBuilding CXX object CMakeFiles/test_usb_cam_utils.dir/test/test_usb_cam_utils.cpp.o[0m
[11.063s] [ 71%] [32mBuilding CXX object CMakeFiles/test_pixel_formats.dir/test/test_pixel_formats.cpp.o[0m
[13.156s] [ 78%] [32m[1mLinking CXX executable test_pixel_formats[0m
[13.364s] [ 85%] [32m[1mLinking CXX executable test_usb_cam_utils[0m
[13.711s] [ 92%] [32m[1mLinking CXX executable usb_cam_node_exe[0m
[13.795s] [ 92%] Built target test_pixel_formats
[13.877s] [ 92%] Built target test_usb_cam_utils
[14.096s] [ 92%] Built target usb_cam_node_exe
[18.801s] [100%] [32m[1mLinking CXX shared library libusb_cam_node.so[0m
[19.261s] [100%] Built target usb_cam_node
