[1.543s] DEBUG:colcon:Command line arguments: ['/usr/bin/colcon', 'build']
[1.543s] DEBUG:colcon:Parsed command line arguments: Namespace(log_base=None, log_level=None, verb_name='build', build_base='build', install_base='install', merge_install=False, symlink_install=False, test_result_base=None, continue_on_error=False, executor='parallel', parallel_workers=4, event_handlers=None, ignore_user_meta=False, metas=['./colcon.meta'], base_paths=['.'], packages_ignore=None, packages_ignore_regex=None, paths=None, packages_up_to=None, packages_up_to_regex=None, packages_above=None, packages_above_and_dependencies=None, packages_above_depth=None, packages_select_by_dep=None, packages_skip_by_dep=None, packages_skip_up_to=None, packages_select_build_failed=False, packages_skip_build_finished=False, packages_select_test_failures=False, packages_skip_test_passed=False, packages_select=None, packages_skip=None, packages_select_regex=None, packages_skip_regex=None, packages_start=None, packages_end=None, allow_overriding=[], cmake_args=None, cmake_target=None, cmake_target_skip_unavailable=False, cmake_clean_cache=False, cmake_clean_first=False, cmake_force_configure=False, ament_cmake_args=None, catkin_cmake_args=None, catkin_skip_building_tests=False, verb_parser=<colcon_defaults.argument_parser.defaults.DefaultArgumentsDecorator object at 0x7faf2557eda0>, verb_extension=<colcon_core.verb.build.BuildVerb object at 0x7faf25570f70>, main=<bound method BuildVerb.main of <colcon_core.verb.build.BuildVerb object at 0x7faf25570f70>>)
[1.614s] Level 1:colcon.colcon_core.package_discovery:discover_packages(colcon_meta) check parameters
[1.614s] Level 1:colcon.colcon_core.package_discovery:discover_packages(recursive) check parameters
[1.614s] Level 1:colcon.colcon_core.package_discovery:discover_packages(ignore) check parameters
[1.614s] Level 1:colcon.colcon_core.package_discovery:discover_packages(path) check parameters
[1.614s] Level 1:colcon.colcon_core.package_discovery:discover_packages(colcon_meta) discover
[1.614s] Level 1:colcon.colcon_core.package_discovery:discover_packages(recursive) discover
[1.614s] INFO:colcon.colcon_core.package_discovery:Crawling recursively for packages in '/home/tannernelson3/snuff_ros2/ros2_ws'
[1.615s] Level 1:colcon.colcon_core.package_identification:_identify(.) by extensions ['ignore', 'ignore_ament_install']
[1.615s] Level 1:colcon.colcon_core.package_identification:_identify(.) by extension 'ignore'
[1.615s] Level 1:colcon.colcon_core.package_identification:_identify(.) by extension 'ignore_ament_install'
[1.615s] Level 1:colcon.colcon_core.package_identification:_identify(.) by extensions ['colcon_pkg']
[1.615s] Level 1:colcon.colcon_core.package_identification:_identify(.) by extension 'colcon_pkg'
[1.615s] Level 1:colcon.colcon_core.package_identification:_identify(.) by extensions ['colcon_meta']
[1.615s] Level 1:colcon.colcon_core.package_identification:_identify(.) by extension 'colcon_meta'
[1.615s] Level 1:colcon.colcon_core.package_identification:_identify(.) by extensions ['ros']
[1.615s] Level 1:colcon.colcon_core.package_identification:_identify(.) by extension 'ros'
[1.629s] Level 1:colcon.colcon_core.package_identification:_identify(.) by extensions ['cmake', 'python']
[1.630s] Level 1:colcon.colcon_core.package_identification:_identify(.) by extension 'cmake'
[1.630s] Level 1:colcon.colcon_core.package_identification:_identify(.) by extension 'python'
[1.630s] Level 1:colcon.colcon_core.package_identification:_identify(.) by extensions ['python_setup_py']
[1.630s] Level 1:colcon.colcon_core.package_identification:_identify(.) by extension 'python_setup_py'
[1.630s] Level 1:colcon.colcon_core.package_identification:_identify(build) by extensions ['ignore', 'ignore_ament_install']
[1.630s] Level 1:colcon.colcon_core.package_identification:_identify(build) by extension 'ignore'
[1.630s] Level 1:colcon.colcon_core.package_identification:_identify(build) ignored
[1.630s] Level 1:colcon.colcon_core.package_identification:_identify(install) by extensions ['ignore', 'ignore_ament_install']
[1.630s] Level 1:colcon.colcon_core.package_identification:_identify(install) by extension 'ignore'
[1.631s] Level 1:colcon.colcon_core.package_identification:_identify(install) ignored
[1.631s] Level 1:colcon.colcon_core.package_identification:_identify(log) by extensions ['ignore', 'ignore_ament_install']
[1.631s] Level 1:colcon.colcon_core.package_identification:_identify(log) by extension 'ignore'
[1.631s] Level 1:colcon.colcon_core.package_identification:_identify(log) ignored
[1.631s] Level 1:colcon.colcon_core.package_identification:_identify(src) by extensions ['ignore', 'ignore_ament_install']
[1.631s] Level 1:colcon.colcon_core.package_identification:_identify(src) by extension 'ignore'
[1.631s] Level 1:colcon.colcon_core.package_identification:_identify(src) by extension 'ignore_ament_install'
[1.631s] Level 1:colcon.colcon_core.package_identification:_identify(src) by extensions ['colcon_pkg']
[1.632s] Level 1:colcon.colcon_core.package_identification:_identify(src) by extension 'colcon_pkg'
[1.632s] Level 1:colcon.colcon_core.package_identification:_identify(src) by extensions ['colcon_meta']
[1.632s] Level 1:colcon.colcon_core.package_identification:_identify(src) by extension 'colcon_meta'
[1.632s] Level 1:colcon.colcon_core.package_identification:_identify(src) by extensions ['ros']
[1.632s] Level 1:colcon.colcon_core.package_identification:_identify(src) by extension 'ros'
[1.632s] Level 1:colcon.colcon_core.package_identification:_identify(src) by extensions ['cmake', 'python']
[1.632s] Level 1:colcon.colcon_core.package_identification:_identify(src) by extension 'cmake'
[1.632s] Level 1:colcon.colcon_core.package_identification:_identify(src) by extension 'python'
[1.632s] Level 1:colcon.colcon_core.package_identification:_identify(src) by extensions ['python_setup_py']
[1.632s] Level 1:colcon.colcon_core.package_identification:_identify(src) by extension 'python_setup_py'
[1.632s] Level 1:colcon.colcon_core.package_identification:_identify(src/micro_ros_setup) by extensions ['ignore', 'ignore_ament_install']
[1.632s] Level 1:colcon.colcon_core.package_identification:_identify(src/micro_ros_setup) by extension 'ignore'
[1.632s] Level 1:colcon.colcon_core.package_identification:_identify(src/micro_ros_setup) by extension 'ignore_ament_install'
[1.632s] Level 1:colcon.colcon_core.package_identification:_identify(src/micro_ros_setup) by extensions ['colcon_pkg']
[1.633s] Level 1:colcon.colcon_core.package_identification:_identify(src/micro_ros_setup) by extension 'colcon_pkg'
[1.633s] Level 1:colcon.colcon_core.package_identification:_identify(src/micro_ros_setup) by extensions ['colcon_meta']
[1.633s] Level 1:colcon.colcon_core.package_identification:_identify(src/micro_ros_setup) by extension 'colcon_meta'
[1.633s] Level 1:colcon.colcon_core.package_identification:_identify(src/micro_ros_setup) by extensions ['ros']
[1.633s] Level 1:colcon.colcon_core.package_identification:_identify(src/micro_ros_setup) by extension 'ros'
[1.636s] DEBUG:colcon.colcon_core.package_identification:Package 'src/micro_ros_setup' with type 'ros.ament_cmake' and name 'micro_ros_setup'
[1.636s] Level 1:colcon.colcon_core.package_identification:_identify(src/snuff) by extensions ['ignore', 'ignore_ament_install']
[1.637s] Level 1:colcon.colcon_core.package_identification:_identify(src/snuff) by extension 'ignore'
[1.637s] Level 1:colcon.colcon_core.package_identification:_identify(src/snuff) by extension 'ignore_ament_install'
[1.637s] Level 1:colcon.colcon_core.package_identification:_identify(src/snuff) by extensions ['colcon_pkg']
[1.637s] Level 1:colcon.colcon_core.package_identification:_identify(src/snuff) by extension 'colcon_pkg'
[1.637s] Level 1:colcon.colcon_core.package_identification:_identify(src/snuff) by extensions ['colcon_meta']
[1.637s] Level 1:colcon.colcon_core.package_identification:_identify(src/snuff) by extension 'colcon_meta'
[1.637s] Level 1:colcon.colcon_core.package_identification:_identify(src/snuff) by extensions ['ros']
[1.637s] Level 1:colcon.colcon_core.package_identification:_identify(src/snuff) by extension 'ros'
[1.638s] DEBUG:colcon.colcon_core.package_identification:Package 'src/snuff' with type 'ros.ament_cmake' and name 'snuff'
[1.638s] Level 1:colcon.colcon_core.package_identification:_identify(src/uros) by extensions ['ignore', 'ignore_ament_install']
[1.638s] Level 1:colcon.colcon_core.package_identification:_identify(src/uros) by extension 'ignore'
[1.638s] Level 1:colcon.colcon_core.package_identification:_identify(src/uros) by extension 'ignore_ament_install'
[1.638s] Level 1:colcon.colcon_core.package_identification:_identify(src/uros) by extensions ['colcon_pkg']
[1.638s] Level 1:colcon.colcon_core.package_identification:_identify(src/uros) by extension 'colcon_pkg'
[1.638s] Level 1:colcon.colcon_core.package_identification:_identify(src/uros) by extensions ['colcon_meta']
[1.638s] Level 1:colcon.colcon_core.package_identification:_identify(src/uros) by extension 'colcon_meta'
[1.638s] Level 1:colcon.colcon_core.package_identification:_identify(src/uros) by extensions ['ros']
[1.638s] Level 1:colcon.colcon_core.package_identification:_identify(src/uros) by extension 'ros'
[1.638s] Level 1:colcon.colcon_core.package_identification:_identify(src/uros) by extensions ['cmake', 'python']
[1.639s] Level 1:colcon.colcon_core.package_identification:_identify(src/uros) by extension 'cmake'
[1.639s] Level 1:colcon.colcon_core.package_identification:_identify(src/uros) by extension 'python'
[1.639s] Level 1:colcon.colcon_core.package_identification:_identify(src/uros) by extensions ['python_setup_py']
[1.639s] Level 1:colcon.colcon_core.package_identification:_identify(src/uros) by extension 'python_setup_py'
[1.639s] Level 1:colcon.colcon_core.package_identification:_identify(src/uros/drive_base) by extensions ['ignore', 'ignore_ament_install']
[1.639s] Level 1:colcon.colcon_core.package_identification:_identify(src/uros/drive_base) by extension 'ignore'
[1.639s] Level 1:colcon.colcon_core.package_identification:_identify(src/uros/drive_base) by extension 'ignore_ament_install'
[1.639s] Level 1:colcon.colcon_core.package_identification:_identify(src/uros/drive_base) by extensions ['colcon_pkg']
[1.639s] Level 1:colcon.colcon_core.package_identification:_identify(src/uros/drive_base) by extension 'colcon_pkg'
[1.639s] Level 1:colcon.colcon_core.package_identification:_identify(src/uros/drive_base) by extensions ['colcon_meta']
[1.639s] Level 1:colcon.colcon_core.package_identification:_identify(src/uros/drive_base) by extension 'colcon_meta'
[1.639s] Level 1:colcon.colcon_core.package_identification:_identify(src/uros/drive_base) by extensions ['ros']
[1.639s] Level 1:colcon.colcon_core.package_identification:_identify(src/uros/drive_base) by extension 'ros'
[1.639s] Level 1:colcon.colcon_core.package_identification:_identify(src/uros/drive_base) by extensions ['cmake', 'python']
[1.640s] Level 1:colcon.colcon_core.package_identification:_identify(src/uros/drive_base) by extension 'cmake'
[1.640s] Level 1:colcon.colcon_core.package_identification:_identify(src/uros/drive_base) by extension 'python'
[1.640s] Level 1:colcon.colcon_core.package_identification:_identify(src/uros/drive_base) by extensions ['python_setup_py']
[1.640s] Level 1:colcon.colcon_core.package_identification:_identify(src/uros/drive_base) by extension 'python_setup_py'
[1.640s] Level 1:colcon.colcon_core.package_identification:_identify(src/uros/drive_base/drive_base_msgs) by extensions ['ignore', 'ignore_ament_install']
[1.640s] Level 1:colcon.colcon_core.package_identification:_identify(src/uros/drive_base/drive_base_msgs) by extension 'ignore'
[1.640s] Level 1:colcon.colcon_core.package_identification:_identify(src/uros/drive_base/drive_base_msgs) by extension 'ignore_ament_install'
[1.640s] Level 1:colcon.colcon_core.package_identification:_identify(src/uros/drive_base/drive_base_msgs) by extensions ['colcon_pkg']
[1.640s] Level 1:colcon.colcon_core.package_identification:_identify(src/uros/drive_base/drive_base_msgs) by extension 'colcon_pkg'
[1.640s] Level 1:colcon.colcon_core.package_identification:_identify(src/uros/drive_base/drive_base_msgs) by extensions ['colcon_meta']
[1.640s] Level 1:colcon.colcon_core.package_identification:_identify(src/uros/drive_base/drive_base_msgs) by extension 'colcon_meta'
[1.640s] Level 1:colcon.colcon_core.package_identification:_identify(src/uros/drive_base/drive_base_msgs) by extensions ['ros']
[1.641s] Level 1:colcon.colcon_core.package_identification:_identify(src/uros/drive_base/drive_base_msgs) by extension 'ros'
[1.641s] DEBUG:colcon.colcon_core.package_identification:Package 'src/uros/drive_base/drive_base_msgs' with type 'ros.ament_cmake' and name 'drive_base_msgs'
[1.641s] Level 1:colcon.colcon_core.package_identification:_identify(src/uros/micro-ROS-Agent) by extensions ['ignore', 'ignore_ament_install']
[1.641s] Level 1:colcon.colcon_core.package_identification:_identify(src/uros/micro-ROS-Agent) by extension 'ignore'
[1.642s] Level 1:colcon.colcon_core.package_identification:_identify(src/uros/micro-ROS-Agent) by extension 'ignore_ament_install'
[1.642s] Level 1:colcon.colcon_core.package_identification:_identify(src/uros/micro-ROS-Agent) by extensions ['colcon_pkg']
[1.642s] Level 1:colcon.colcon_core.package_identification:_identify(src/uros/micro-ROS-Agent) by extension 'colcon_pkg'
[1.642s] Level 1:colcon.colcon_core.package_identification:_identify(src/uros/micro-ROS-Agent) by extensions ['colcon_meta']
[1.642s] Level 1:colcon.colcon_core.package_identification:_identify(src/uros/micro-ROS-Agent) by extension 'colcon_meta'
[1.642s] Level 1:colcon.colcon_core.package_identification:_identify(src/uros/micro-ROS-Agent) by extensions ['ros']
[1.642s] Level 1:colcon.colcon_core.package_identification:_identify(src/uros/micro-ROS-Agent) by extension 'ros'
[1.642s] Level 1:colcon.colcon_core.package_identification:_identify(src/uros/micro-ROS-Agent) by extensions ['cmake', 'python']
[1.642s] Level 1:colcon.colcon_core.package_identification:_identify(src/uros/micro-ROS-Agent) by extension 'cmake'
[1.642s] Level 1:colcon.colcon_core.package_identification:_identify(src/uros/micro-ROS-Agent) by extension 'python'
[1.642s] Level 1:colcon.colcon_core.package_identification:_identify(src/uros/micro-ROS-Agent) by extensions ['python_setup_py']
[1.642s] Level 1:colcon.colcon_core.package_identification:_identify(src/uros/micro-ROS-Agent) by extension 'python_setup_py'
[1.642s] Level 1:colcon.colcon_core.package_identification:_identify(src/uros/micro-ROS-Agent/micro_ros_agent) by extensions ['ignore', 'ignore_ament_install']
[1.642s] Level 1:colcon.colcon_core.package_identification:_identify(src/uros/micro-ROS-Agent/micro_ros_agent) by extension 'ignore'
[1.643s] Level 1:colcon.colcon_core.package_identification:_identify(src/uros/micro-ROS-Agent/micro_ros_agent) by extension 'ignore_ament_install'
[1.643s] Level 1:colcon.colcon_core.package_identification:_identify(src/uros/micro-ROS-Agent/micro_ros_agent) by extensions ['colcon_pkg']
[1.643s] Level 1:colcon.colcon_core.package_identification:_identify(src/uros/micro-ROS-Agent/micro_ros_agent) by extension 'colcon_pkg'
[1.643s] Level 1:colcon.colcon_core.package_identification:_identify(src/uros/micro-ROS-Agent/micro_ros_agent) by extensions ['colcon_meta']
[1.643s] Level 1:colcon.colcon_core.package_identification:_identify(src/uros/micro-ROS-Agent/micro_ros_agent) by extension 'colcon_meta'
[1.643s] Level 1:colcon.colcon_core.package_identification:_identify(src/uros/micro-ROS-Agent/micro_ros_agent) by extensions ['ros']
[1.643s] Level 1:colcon.colcon_core.package_identification:_identify(src/uros/micro-ROS-Agent/micro_ros_agent) by extension 'ros'
[1.644s] DEBUG:colcon.colcon_core.package_identification:Package 'src/uros/micro-ROS-Agent/micro_ros_agent' with type 'ros.ament_cmake' and name 'micro_ros_agent'
[1.644s] Level 1:colcon.colcon_core.package_identification:_identify(src/uros/micro-ROS-Agent/snap) by extensions ['ignore', 'ignore_ament_install']
[1.644s] Level 1:colcon.colcon_core.package_identification:_identify(src/uros/micro-ROS-Agent/snap) by extension 'ignore'
[1.644s] Level 1:colcon.colcon_core.package_identification:_identify(src/uros/micro-ROS-Agent/snap) by extension 'ignore_ament_install'
[1.644s] Level 1:colcon.colcon_core.package_identification:_identify(src/uros/micro-ROS-Agent/snap) by extensions ['colcon_pkg']
[1.644s] Level 1:colcon.colcon_core.package_identification:_identify(src/uros/micro-ROS-Agent/snap) by extension 'colcon_pkg'
[1.645s] Level 1:colcon.colcon_core.package_identification:_identify(src/uros/micro-ROS-Agent/snap) by extensions ['colcon_meta']
[1.645s] Level 1:colcon.colcon_core.package_identification:_identify(src/uros/micro-ROS-Agent/snap) by extension 'colcon_meta'
[1.645s] Level 1:colcon.colcon_core.package_identification:_identify(src/uros/micro-ROS-Agent/snap) by extensions ['ros']
[1.645s] Level 1:colcon.colcon_core.package_identification:_identify(src/uros/micro-ROS-Agent/snap) by extension 'ros'
[1.645s] Level 1:colcon.colcon_core.package_identification:_identify(src/uros/micro-ROS-Agent/snap) by extensions ['cmake', 'python']
[1.645s] Level 1:colcon.colcon_core.package_identification:_identify(src/uros/micro-ROS-Agent/snap) by extension 'cmake'
[1.645s] Level 1:colcon.colcon_core.package_identification:_identify(src/uros/micro-ROS-Agent/snap) by extension 'python'
[1.645s] Level 1:colcon.colcon_core.package_identification:_identify(src/uros/micro-ROS-Agent/snap) by extensions ['python_setup_py']
[1.645s] Level 1:colcon.colcon_core.package_identification:_identify(src/uros/micro-ROS-Agent/snap) by extension 'python_setup_py'
[1.645s] Level 1:colcon.colcon_core.package_identification:_identify(src/uros/micro-ROS-Agent/snap/hooks) by extensions ['ignore', 'ignore_ament_install']
[1.645s] Level 1:colcon.colcon_core.package_identification:_identify(src/uros/micro-ROS-Agent/snap/hooks) by extension 'ignore'
[1.645s] Level 1:colcon.colcon_core.package_identification:_identify(src/uros/micro-ROS-Agent/snap/hooks) by extension 'ignore_ament_install'
[1.645s] Level 1:colcon.colcon_core.package_identification:_identify(src/uros/micro-ROS-Agent/snap/hooks) by extensions ['colcon_pkg']
[1.645s] Level 1:colcon.colcon_core.package_identification:_identify(src/uros/micro-ROS-Agent/snap/hooks) by extension 'colcon_pkg'
[1.646s] Level 1:colcon.colcon_core.package_identification:_identify(src/uros/micro-ROS-Agent/snap/hooks) by extensions ['colcon_meta']
[1.646s] Level 1:colcon.colcon_core.package_identification:_identify(src/uros/micro-ROS-Agent/snap/hooks) by extension 'colcon_meta'
[1.646s] Level 1:colcon.colcon_core.package_identification:_identify(src/uros/micro-ROS-Agent/snap/hooks) by extensions ['ros']
[1.646s] Level 1:colcon.colcon_core.package_identification:_identify(src/uros/micro-ROS-Agent/snap/hooks) by extension 'ros'
[1.646s] Level 1:colcon.colcon_core.package_identification:_identify(src/uros/micro-ROS-Agent/snap/hooks) by extensions ['cmake', 'python']
[1.646s] Level 1:colcon.colcon_core.package_identification:_identify(src/uros/micro-ROS-Agent/snap/hooks) by extension 'cmake'
[1.646s] Level 1:colcon.colcon_core.package_identification:_identify(src/uros/micro-ROS-Agent/snap/hooks) by extension 'python'
[1.646s] Level 1:colcon.colcon_core.package_identification:_identify(src/uros/micro-ROS-Agent/snap/hooks) by extensions ['python_setup_py']
[1.646s] Level 1:colcon.colcon_core.package_identification:_identify(src/uros/micro-ROS-Agent/snap/hooks) by extension 'python_setup_py'
[1.646s] Level 1:colcon.colcon_core.package_identification:_identify(src/uros/micro-ROS-Agent/snap/local) by extensions ['ignore', 'ignore_ament_install']
[1.646s] Level 1:colcon.colcon_core.package_identification:_identify(src/uros/micro-ROS-Agent/snap/local) by extension 'ignore'
[1.646s] Level 1:colcon.colcon_core.package_identification:_identify(src/uros/micro-ROS-Agent/snap/local) by extension 'ignore_ament_install'
[1.646s] Level 1:colcon.colcon_core.package_identification:_identify(src/uros/micro-ROS-Agent/snap/local) by extensions ['colcon_pkg']
[1.646s] Level 1:colcon.colcon_core.package_identification:_identify(src/uros/micro-ROS-Agent/snap/local) by extension 'colcon_pkg'
[1.647s] Level 1:colcon.colcon_core.package_identification:_identify(src/uros/micro-ROS-Agent/snap/local) by extensions ['colcon_meta']
[1.647s] Level 1:colcon.colcon_core.package_identification:_identify(src/uros/micro-ROS-Agent/snap/local) by extension 'colcon_meta'
[1.647s] Level 1:colcon.colcon_core.package_identification:_identify(src/uros/micro-ROS-Agent/snap/local) by extensions ['ros']
[1.647s] Level 1:colcon.colcon_core.package_identification:_identify(src/uros/micro-ROS-Agent/snap/local) by extension 'ros'
[1.647s] Level 1:colcon.colcon_core.package_identification:_identify(src/uros/micro-ROS-Agent/snap/local) by extensions ['cmake', 'python']
[1.647s] Level 1:colcon.colcon_core.package_identification:_identify(src/uros/micro-ROS-Agent/snap/local) by extension 'cmake'
[1.647s] Level 1:colcon.colcon_core.package_identification:_identify(src/uros/micro-ROS-Agent/snap/local) by extension 'python'
[1.647s] Level 1:colcon.colcon_core.package_identification:_identify(src/uros/micro-ROS-Agent/snap/local) by extensions ['python_setup_py']
[1.647s] Level 1:colcon.colcon_core.package_identification:_identify(src/uros/micro-ROS-Agent/snap/local) by extension 'python_setup_py'
[1.647s] Level 1:colcon.colcon_core.package_identification:_identify(src/uros/micro_ros_msgs) by extensions ['ignore', 'ignore_ament_install']
[1.647s] Level 1:colcon.colcon_core.package_identification:_identify(src/uros/micro_ros_msgs) by extension 'ignore'
[1.647s] Level 1:colcon.colcon_core.package_identification:_identify(src/uros/micro_ros_msgs) by extension 'ignore_ament_install'
[1.647s] Level 1:colcon.colcon_core.package_identification:_identify(src/uros/micro_ros_msgs) by extensions ['colcon_pkg']
[1.647s] Level 1:colcon.colcon_core.package_identification:_identify(src/uros/micro_ros_msgs) by extension 'colcon_pkg'
[1.647s] Level 1:colcon.colcon_core.package_identification:_identify(src/uros/micro_ros_msgs) by extensions ['colcon_meta']
[1.648s] Level 1:colcon.colcon_core.package_identification:_identify(src/uros/micro_ros_msgs) by extension 'colcon_meta'
[1.648s] Level 1:colcon.colcon_core.package_identification:_identify(src/uros/micro_ros_msgs) by extensions ['ros']
[1.648s] Level 1:colcon.colcon_core.package_identification:_identify(src/uros/micro_ros_msgs) by extension 'ros'
[1.648s] DEBUG:colcon.colcon_core.package_identification:Package 'src/uros/micro_ros_msgs' with type 'ros.ament_cmake' and name 'micro_ros_msgs'
[1.648s] Level 1:colcon.colcon_core.package_identification:_identify(src/usb_cam) by extensions ['ignore', 'ignore_ament_install']
[1.649s] Level 1:colcon.colcon_core.package_identification:_identify(src/usb_cam) by extension 'ignore'
[1.649s] Level 1:colcon.colcon_core.package_identification:_identify(src/usb_cam) by extension 'ignore_ament_install'
[1.649s] Level 1:colcon.colcon_core.package_identification:_identify(src/usb_cam) by extensions ['colcon_pkg']
[1.649s] Level 1:colcon.colcon_core.package_identification:_identify(src/usb_cam) by extension 'colcon_pkg'
[1.649s] Level 1:colcon.colcon_core.package_identification:_identify(src/usb_cam) by extensions ['colcon_meta']
[1.649s] Level 1:colcon.colcon_core.package_identification:_identify(src/usb_cam) by extension 'colcon_meta'
[1.649s] Level 1:colcon.colcon_core.package_identification:_identify(src/usb_cam) by extensions ['ros']
[1.649s] Level 1:colcon.colcon_core.package_identification:_identify(src/usb_cam) by extension 'ros'
[1.651s] DEBUG:colcon.colcon_core.package_identification:Package 'src/usb_cam' with type 'ros.ament_cmake' and name 'usb_cam'
[1.651s] Level 1:colcon.colcon_core.package_discovery:discover_packages(recursive) using defaults
[1.651s] Level 1:colcon.colcon_core.package_discovery:discover_packages(ignore) discover
[1.651s] Level 1:colcon.colcon_core.package_discovery:discover_packages(ignore) using defaults
[1.651s] Level 1:colcon.colcon_core.package_discovery:discover_packages(path) discover
[1.651s] Level 1:colcon.colcon_core.package_discovery:discover_packages(path) using defaults
[1.793s] Level 1:colcon.colcon_core.package_discovery:discover_packages(prefix_path) check parameters
[1.793s] Level 1:colcon.colcon_core.package_discovery:discover_packages(prefix_path) discover
[1.840s] DEBUG:colcon.colcon_installed_package_information.package_discovery:Found 6 installed packages in /home/tannernelson3/snuff_ros2/ros2_ws/install
[1.864s] DEBUG:colcon.colcon_installed_package_information.package_discovery:Found 289 installed packages in /opt/ros/iron
[1.880s] Level 1:colcon.colcon_core.package_discovery:discover_packages(prefix_path) using defaults
[2.002s] Level 5:colcon.colcon_core.verb:set package 'drive_base_msgs' build argument 'cmake_args' from command line to 'None'
[2.002s] Level 5:colcon.colcon_core.verb:set package 'drive_base_msgs' build argument 'cmake_target' from command line to 'None'
[2.002s] Level 5:colcon.colcon_core.verb:set package 'drive_base_msgs' build argument 'cmake_target_skip_unavailable' from command line to 'False'
[2.002s] Level 5:colcon.colcon_core.verb:set package 'drive_base_msgs' build argument 'cmake_clean_cache' from command line to 'False'
[2.002s] Level 5:colcon.colcon_core.verb:set package 'drive_base_msgs' build argument 'cmake_clean_first' from command line to 'False'
[2.002s] Level 5:colcon.colcon_core.verb:set package 'drive_base_msgs' build argument 'cmake_force_configure' from command line to 'False'
[2.002s] Level 5:colcon.colcon_core.verb:set package 'drive_base_msgs' build argument 'ament_cmake_args' from command line to 'None'
[2.002s] Level 5:colcon.colcon_core.verb:set package 'drive_base_msgs' build argument 'catkin_cmake_args' from command line to 'None'
[2.002s] Level 5:colcon.colcon_core.verb:set package 'drive_base_msgs' build argument 'catkin_skip_building_tests' from command line to 'False'
[2.002s] DEBUG:colcon.colcon_core.verb:Building package 'drive_base_msgs' with the following arguments: {'ament_cmake_args': None, 'build_base': '/home/tannernelson3/snuff_ros2/ros2_ws/build/drive_base_msgs', 'catkin_cmake_args': None, 'catkin_skip_building_tests': False, 'cmake_args': None, 'cmake_clean_cache': False, 'cmake_clean_first': False, 'cmake_force_configure': False, 'cmake_target': None, 'cmake_target_skip_unavailable': False, 'install_base': '/home/tannernelson3/snuff_ros2/ros2_ws/install/drive_base_msgs', 'merge_install': False, 'path': '/home/tannernelson3/snuff_ros2/ros2_ws/src/uros/drive_base/drive_base_msgs', 'symlink_install': False, 'test_result_base': None}
[2.025s] Level 5:colcon.colcon_core.verb:set package 'micro_ros_msgs' build argument 'cmake_args' from command line to 'None'
[2.025s] Level 5:colcon.colcon_core.verb:set package 'micro_ros_msgs' build argument 'cmake_target' from command line to 'None'
[2.025s] Level 5:colcon.colcon_core.verb:set package 'micro_ros_msgs' build argument 'cmake_target_skip_unavailable' from command line to 'False'
[2.025s] Level 5:colcon.colcon_core.verb:set package 'micro_ros_msgs' build argument 'cmake_clean_cache' from command line to 'False'
[2.025s] Level 5:colcon.colcon_core.verb:set package 'micro_ros_msgs' build argument 'cmake_clean_first' from command line to 'False'
[2.025s] Level 5:colcon.colcon_core.verb:set package 'micro_ros_msgs' build argument 'cmake_force_configure' from command line to 'False'
[2.025s] Level 5:colcon.colcon_core.verb:set package 'micro_ros_msgs' build argument 'ament_cmake_args' from command line to 'None'
[2.025s] Level 5:colcon.colcon_core.verb:set package 'micro_ros_msgs' build argument 'catkin_cmake_args' from command line to 'None'
[2.025s] Level 5:colcon.colcon_core.verb:set package 'micro_ros_msgs' build argument 'catkin_skip_building_tests' from command line to 'False'
[2.025s] DEBUG:colcon.colcon_core.verb:Building package 'micro_ros_msgs' with the following arguments: {'ament_cmake_args': None, 'build_base': '/home/tannernelson3/snuff_ros2/ros2_ws/build/micro_ros_msgs', 'catkin_cmake_args': None, 'catkin_skip_building_tests': False, 'cmake_args': None, 'cmake_clean_cache': False, 'cmake_clean_first': False, 'cmake_force_configure': False, 'cmake_target': None, 'cmake_target_skip_unavailable': False, 'install_base': '/home/tannernelson3/snuff_ros2/ros2_ws/install/micro_ros_msgs', 'merge_install': False, 'path': '/home/tannernelson3/snuff_ros2/ros2_ws/src/uros/micro_ros_msgs', 'symlink_install': False, 'test_result_base': None}
[2.048s] Level 5:colcon.colcon_core.verb:set package 'micro_ros_setup' build argument 'cmake_args' from command line to 'None'
[2.049s] Level 5:colcon.colcon_core.verb:set package 'micro_ros_setup' build argument 'cmake_target' from command line to 'None'
[2.049s] Level 5:colcon.colcon_core.verb:set package 'micro_ros_setup' build argument 'cmake_target_skip_unavailable' from command line to 'False'
[2.049s] Level 5:colcon.colcon_core.verb:set package 'micro_ros_setup' build argument 'cmake_clean_cache' from command line to 'False'
[2.049s] Level 5:colcon.colcon_core.verb:set package 'micro_ros_setup' build argument 'cmake_clean_first' from command line to 'False'
[2.049s] Level 5:colcon.colcon_core.verb:set package 'micro_ros_setup' build argument 'cmake_force_configure' from command line to 'False'
[2.049s] Level 5:colcon.colcon_core.verb:set package 'micro_ros_setup' build argument 'ament_cmake_args' from command line to 'None'
[2.049s] Level 5:colcon.colcon_core.verb:set package 'micro_ros_setup' build argument 'catkin_cmake_args' from command line to 'None'
[2.049s] Level 5:colcon.colcon_core.verb:set package 'micro_ros_setup' build argument 'catkin_skip_building_tests' from command line to 'False'
[2.049s] DEBUG:colcon.colcon_core.verb:Building package 'micro_ros_setup' with the following arguments: {'ament_cmake_args': None, 'build_base': '/home/tannernelson3/snuff_ros2/ros2_ws/build/micro_ros_setup', 'catkin_cmake_args': None, 'catkin_skip_building_tests': False, 'cmake_args': None, 'cmake_clean_cache': False, 'cmake_clean_first': False, 'cmake_force_configure': False, 'cmake_target': None, 'cmake_target_skip_unavailable': False, 'install_base': '/home/tannernelson3/snuff_ros2/ros2_ws/install/micro_ros_setup', 'merge_install': False, 'path': '/home/tannernelson3/snuff_ros2/ros2_ws/src/micro_ros_setup', 'symlink_install': False, 'test_result_base': None}
[2.072s] Level 5:colcon.colcon_core.verb:set package 'snuff' build argument 'cmake_args' from command line to 'None'
[2.072s] Level 5:colcon.colcon_core.verb:set package 'snuff' build argument 'cmake_target' from command line to 'None'
[2.072s] Level 5:colcon.colcon_core.verb:set package 'snuff' build argument 'cmake_target_skip_unavailable' from command line to 'False'
[2.072s] Level 5:colcon.colcon_core.verb:set package 'snuff' build argument 'cmake_clean_cache' from command line to 'False'
[2.072s] Level 5:colcon.colcon_core.verb:set package 'snuff' build argument 'cmake_clean_first' from command line to 'False'
[2.072s] Level 5:colcon.colcon_core.verb:set package 'snuff' build argument 'cmake_force_configure' from command line to 'False'
[2.072s] Level 5:colcon.colcon_core.verb:set package 'snuff' build argument 'ament_cmake_args' from command line to 'None'
[2.072s] Level 5:colcon.colcon_core.verb:set package 'snuff' build argument 'catkin_cmake_args' from command line to 'None'
[2.072s] Level 5:colcon.colcon_core.verb:set package 'snuff' build argument 'catkin_skip_building_tests' from command line to 'False'
[2.072s] DEBUG:colcon.colcon_core.verb:Building package 'snuff' with the following arguments: {'ament_cmake_args': None, 'build_base': '/home/tannernelson3/snuff_ros2/ros2_ws/build/snuff', 'catkin_cmake_args': None, 'catkin_skip_building_tests': False, 'cmake_args': None, 'cmake_clean_cache': False, 'cmake_clean_first': False, 'cmake_force_configure': False, 'cmake_target': None, 'cmake_target_skip_unavailable': False, 'install_base': '/home/tannernelson3/snuff_ros2/ros2_ws/install/snuff', 'merge_install': False, 'path': '/home/tannernelson3/snuff_ros2/ros2_ws/src/snuff', 'symlink_install': False, 'test_result_base': None}
[2.095s] Level 5:colcon.colcon_core.verb:set package 'usb_cam' build argument 'cmake_args' from command line to 'None'
[2.095s] Level 5:colcon.colcon_core.verb:set package 'usb_cam' build argument 'cmake_target' from command line to 'None'
[2.095s] Level 5:colcon.colcon_core.verb:set package 'usb_cam' build argument 'cmake_target_skip_unavailable' from command line to 'False'
[2.096s] Level 5:colcon.colcon_core.verb:set package 'usb_cam' build argument 'cmake_clean_cache' from command line to 'False'
[2.096s] Level 5:colcon.colcon_core.verb:set package 'usb_cam' build argument 'cmake_clean_first' from command line to 'False'
[2.096s] Level 5:colcon.colcon_core.verb:set package 'usb_cam' build argument 'cmake_force_configure' from command line to 'False'
[2.096s] Level 5:colcon.colcon_core.verb:set package 'usb_cam' build argument 'ament_cmake_args' from command line to 'None'
[2.096s] Level 5:colcon.colcon_core.verb:set package 'usb_cam' build argument 'catkin_cmake_args' from command line to 'None'
[2.096s] Level 5:colcon.colcon_core.verb:set package 'usb_cam' build argument 'catkin_skip_building_tests' from command line to 'False'
[2.096s] DEBUG:colcon.colcon_core.verb:Building package 'usb_cam' with the following arguments: {'ament_cmake_args': None, 'build_base': '/home/tannernelson3/snuff_ros2/ros2_ws/build/usb_cam', 'catkin_cmake_args': None, 'catkin_skip_building_tests': False, 'cmake_args': None, 'cmake_clean_cache': False, 'cmake_clean_first': False, 'cmake_force_configure': False, 'cmake_target': None, 'cmake_target_skip_unavailable': False, 'install_base': '/home/tannernelson3/snuff_ros2/ros2_ws/install/usb_cam', 'merge_install': False, 'path': '/home/tannernelson3/snuff_ros2/ros2_ws/src/usb_cam', 'symlink_install': False, 'test_result_base': None}
[2.119s] Level 5:colcon.colcon_core.verb:set package 'micro_ros_agent' build argument 'cmake_args' from command line to 'None'
[2.119s] Level 5:colcon.colcon_core.verb:set package 'micro_ros_agent' build argument 'cmake_target' from command line to 'None'
[2.119s] Level 5:colcon.colcon_core.verb:set package 'micro_ros_agent' build argument 'cmake_target_skip_unavailable' from command line to 'False'
[2.119s] Level 5:colcon.colcon_core.verb:set package 'micro_ros_agent' build argument 'cmake_clean_cache' from command line to 'False'
[2.119s] Level 5:colcon.colcon_core.verb:set package 'micro_ros_agent' build argument 'cmake_clean_first' from command line to 'False'
[2.119s] Level 5:colcon.colcon_core.verb:set package 'micro_ros_agent' build argument 'cmake_force_configure' from command line to 'False'
[2.119s] Level 5:colcon.colcon_core.verb:set package 'micro_ros_agent' build argument 'ament_cmake_args' from command line to 'None'
[2.119s] Level 5:colcon.colcon_core.verb:set package 'micro_ros_agent' build argument 'catkin_cmake_args' from command line to 'None'
[2.119s] Level 5:colcon.colcon_core.verb:set package 'micro_ros_agent' build argument 'catkin_skip_building_tests' from command line to 'False'
[2.119s] DEBUG:colcon.colcon_core.verb:Building package 'micro_ros_agent' with the following arguments: {'ament_cmake_args': None, 'build_base': '/home/tannernelson3/snuff_ros2/ros2_ws/build/micro_ros_agent', 'catkin_cmake_args': None, 'catkin_skip_building_tests': False, 'cmake_args': None, 'cmake_clean_cache': False, 'cmake_clean_first': False, 'cmake_force_configure': False, 'cmake_target': None, 'cmake_target_skip_unavailable': False, 'install_base': '/home/tannernelson3/snuff_ros2/ros2_ws/install/micro_ros_agent', 'merge_install': False, 'path': '/home/tannernelson3/snuff_ros2/ros2_ws/src/uros/micro-ROS-Agent/micro_ros_agent', 'symlink_install': False, 'test_result_base': None}
[2.142s] INFO:colcon.colcon_core.executor:Executing jobs using 'parallel' executor
[2.166s] DEBUG:colcon.colcon_parallel_executor.executor.parallel:run_until_complete
[2.166s] INFO:colcon.colcon_ros.task.ament_cmake.build:Building ROS package in '/home/tannernelson3/snuff_ros2/ros2_ws/src/uros/micro_ros_msgs' with build type 'ament_cmake'
[2.166s] INFO:colcon.colcon_cmake.task.cmake.build:Building CMake package in '/home/tannernelson3/snuff_ros2/ros2_ws/src/uros/micro_ros_msgs'
[2.194s] INFO:colcon.colcon_core.plugin_system:Skipping extension 'colcon_core.shell.bat': Not used on non-Windows systems
[2.194s] INFO:colcon.colcon_core.shell:Skip shell extension 'powershell' for command environment: Not usable outside of PowerShell
[2.194s] DEBUG:colcon.colcon_core.shell:Skip shell extension 'dsv' for command environment
[2.267s] INFO:colcon.colcon_ros.task.ament_cmake.build:Building ROS package in '/home/tannernelson3/snuff_ros2/ros2_ws/src/uros/drive_base/drive_base_msgs' with build type 'ament_cmake'
[2.268s] INFO:colcon.colcon_cmake.task.cmake.build:Building CMake package in '/home/tannernelson3/snuff_ros2/ros2_ws/src/uros/drive_base/drive_base_msgs'
[2.292s] INFO:colcon.colcon_core.shell:Skip shell extension 'powershell' for command environment: Not usable outside of PowerShell
[2.292s] DEBUG:colcon.colcon_core.shell:Skip shell extension 'dsv' for command environment
[2.364s] INFO:colcon.colcon_ros.task.ament_cmake.build:Building ROS package in '/home/tannernelson3/snuff_ros2/ros2_ws/src/micro_ros_setup' with build type 'ament_cmake'
[2.364s] INFO:colcon.colcon_cmake.task.cmake.build:Building CMake package in '/home/tannernelson3/snuff_ros2/ros2_ws/src/micro_ros_setup'
[2.389s] INFO:colcon.colcon_core.shell:Skip shell extension 'powershell' for command environment: Not usable outside of PowerShell
[2.389s] DEBUG:colcon.colcon_core.shell:Skip shell extension 'dsv' for command environment
[2.461s] INFO:colcon.colcon_ros.task.ament_cmake.build:Building ROS package in '/home/tannernelson3/snuff_ros2/ros2_ws/src/snuff' with build type 'ament_cmake'
[2.461s] INFO:colcon.colcon_cmake.task.cmake.build:Building CMake package in '/home/tannernelson3/snuff_ros2/ros2_ws/src/snuff'
[2.486s] INFO:colcon.colcon_core.shell:Skip shell extension 'powershell' for command environment: Not usable outside of PowerShell
[2.486s] DEBUG:colcon.colcon_core.shell:Skip shell extension 'dsv' for command environment
[2.566s] DEBUG:colcon.colcon_core.event_handler.log_command:Invoking command in '/home/tannernelson3/snuff_ros2/ros2_ws/build/micro_ros_msgs': CMAKE_PREFIX_PATH=${CMAKE_PREFIX_PATH}:/opt/ros/iron /usr/bin/cmake --build /home/tannernelson3/snuff_ros2/ros2_ws/build/micro_ros_msgs -- -j4 -l4
[2.570s] DEBUG:colcon.colcon_core.event_handler.log_command:Invoking command in '/home/tannernelson3/snuff_ros2/ros2_ws/build/drive_base_msgs': CMAKE_PREFIX_PATH=${CMAKE_PREFIX_PATH}:/opt/ros/iron /usr/bin/cmake --build /home/tannernelson3/snuff_ros2/ros2_ws/build/drive_base_msgs -- -j4 -l4
[2.575s] DEBUG:colcon.colcon_core.event_handler.log_command:Invoking command in '/home/tannernelson3/snuff_ros2/ros2_ws/build/micro_ros_setup': CMAKE_PREFIX_PATH=${CMAKE_PREFIX_PATH}:/opt/ros/iron /usr/bin/cmake --build /home/tannernelson3/snuff_ros2/ros2_ws/build/micro_ros_setup -- -j4 -l4
[2.585s] DEBUG:colcon.colcon_core.event_handler.log_command:Invoking command in '/home/tannernelson3/snuff_ros2/ros2_ws/build/snuff': CMAKE_PREFIX_PATH=${CMAKE_PREFIX_PATH}:/opt/ros/iron /usr/bin/cmake --build /home/tannernelson3/snuff_ros2/ros2_ws/build/snuff -- -j4 -l4
[2.673s] DEBUG:colcon.colcon_core.event_handler.log_command:Invoked command in '/home/tannernelson3/snuff_ros2/ros2_ws/build/micro_ros_setup' returned '0': CMAKE_PREFIX_PATH=${CMAKE_PREFIX_PATH}:/opt/ros/iron /usr/bin/cmake --build /home/tannernelson3/snuff_ros2/ros2_ws/build/micro_ros_setup -- -j4 -l4
[2.841s] DEBUG:colcon.colcon_core.event_handler.log_command:Invoking command in '/home/tannernelson3/snuff_ros2/ros2_ws/build/micro_ros_setup': CMAKE_PREFIX_PATH=${CMAKE_PREFIX_PATH}:/opt/ros/iron /usr/bin/cmake --install /home/tannernelson3/snuff_ros2/ros2_ws/build/micro_ros_setup
[2.953s] Level 1:colcon.colcon_core.environment:create_environment_scripts_only(micro_ros_setup)
[3.012s] DEBUG:colcon.colcon_core.event_handler.log_command:Invoked command in '/home/tannernelson3/snuff_ros2/ros2_ws/build/micro_ros_setup' returned '0': CMAKE_PREFIX_PATH=${CMAKE_PREFIX_PATH}:/opt/ros/iron /usr/bin/cmake --install /home/tannernelson3/snuff_ros2/ros2_ws/build/micro_ros_setup
[3.075s] Level 1:colcon.colcon_core.environment:checking '/home/tannernelson3/snuff_ros2/ros2_ws/install/micro_ros_setup' for CMake module files
[3.082s] Level 1:colcon.colcon_core.environment:checking '/home/tannernelson3/snuff_ros2/ros2_ws/install/micro_ros_setup' for CMake config files
[3.084s] Level 1:colcon.colcon_core.shell:create_environment_hook('micro_ros_setup', 'cmake_prefix_path')
[3.195s] INFO:colcon.colcon_core.shell:Creating environment hook '/home/tannernelson3/snuff_ros2/ros2_ws/install/micro_ros_setup/share/micro_ros_setup/hook/cmake_prefix_path.ps1'
[3.197s] INFO:colcon.colcon_core.shell:Creating environment descriptor '/home/tannernelson3/snuff_ros2/ros2_ws/install/micro_ros_setup/share/micro_ros_setup/hook/cmake_prefix_path.dsv'
[3.198s] INFO:colcon.colcon_core.shell:Creating environment hook '/home/tannernelson3/snuff_ros2/ros2_ws/install/micro_ros_setup/share/micro_ros_setup/hook/cmake_prefix_path.sh'
[3.200s] Level 1:colcon.colcon_core.environment:checking '/home/tannernelson3/snuff_ros2/ros2_ws/install/micro_ros_setup/lib'
[3.201s] Level 1:colcon.colcon_core.environment:checking '/home/tannernelson3/snuff_ros2/ros2_ws/install/micro_ros_setup/bin'
[3.201s] Level 1:colcon.colcon_core.environment:checking '/home/tannernelson3/snuff_ros2/ros2_ws/install/micro_ros_setup/lib/pkgconfig/micro_ros_setup.pc'
[3.202s] Level 1:colcon.colcon_core.environment:checking '/home/tannernelson3/snuff_ros2/ros2_ws/install/micro_ros_setup/lib/python3.10/site-packages'
[3.202s] Level 1:colcon.colcon_core.environment:checking '/home/tannernelson3/snuff_ros2/ros2_ws/install/micro_ros_setup/bin'
[3.309s] INFO:colcon.colcon_core.shell:Creating package script '/home/tannernelson3/snuff_ros2/ros2_ws/install/micro_ros_setup/share/micro_ros_setup/package.ps1'
[3.311s] INFO:colcon.colcon_core.shell:Creating package descriptor '/home/tannernelson3/snuff_ros2/ros2_ws/install/micro_ros_setup/share/micro_ros_setup/package.dsv'
[3.312s] INFO:colcon.colcon_core.shell:Creating package script '/home/tannernelson3/snuff_ros2/ros2_ws/install/micro_ros_setup/share/micro_ros_setup/package.sh'
[3.314s] INFO:colcon.colcon_core.shell:Creating package script '/home/tannernelson3/snuff_ros2/ros2_ws/install/micro_ros_setup/share/micro_ros_setup/package.bash'
[3.328s] INFO:colcon.colcon_core.shell:Creating package script '/home/tannernelson3/snuff_ros2/ros2_ws/install/micro_ros_setup/share/micro_ros_setup/package.zsh'
[3.330s] Level 1:colcon.colcon_core.environment:create_file_with_runtime_dependencies(/home/tannernelson3/snuff_ros2/ros2_ws/install/micro_ros_setup/share/colcon-core/packages/micro_ros_setup)
[3.558s] Level 1:colcon.colcon_core.environment:create_environment_scripts_only(micro_ros_setup)
[3.618s] Level 1:colcon.colcon_core.environment:checking '/home/tannernelson3/snuff_ros2/ros2_ws/install/micro_ros_setup' for CMake module files
[3.620s] Level 1:colcon.colcon_core.environment:checking '/home/tannernelson3/snuff_ros2/ros2_ws/install/micro_ros_setup' for CMake config files
[3.621s] Level 1:colcon.colcon_core.shell:create_environment_hook('micro_ros_setup', 'cmake_prefix_path')
[3.672s] INFO:colcon.colcon_core.shell:Creating environment hook '/home/tannernelson3/snuff_ros2/ros2_ws/install/micro_ros_setup/share/micro_ros_setup/hook/cmake_prefix_path.ps1'
[3.673s] INFO:colcon.colcon_core.shell:Creating environment descriptor '/home/tannernelson3/snuff_ros2/ros2_ws/install/micro_ros_setup/share/micro_ros_setup/hook/cmake_prefix_path.dsv'
[3.674s] INFO:colcon.colcon_core.shell:Creating environment hook '/home/tannernelson3/snuff_ros2/ros2_ws/install/micro_ros_setup/share/micro_ros_setup/hook/cmake_prefix_path.sh'
[3.675s] Level 1:colcon.colcon_core.environment:checking '/home/tannernelson3/snuff_ros2/ros2_ws/install/micro_ros_setup/lib'
[3.676s] Level 1:colcon.colcon_core.environment:checking '/home/tannernelson3/snuff_ros2/ros2_ws/install/micro_ros_setup/bin'
[3.676s] Level 1:colcon.colcon_core.environment:checking '/home/tannernelson3/snuff_ros2/ros2_ws/install/micro_ros_setup/lib/pkgconfig/micro_ros_setup.pc'
[3.676s] Level 1:colcon.colcon_core.environment:checking '/home/tannernelson3/snuff_ros2/ros2_ws/install/micro_ros_setup/lib/python3.10/site-packages'
[3.677s] Level 1:colcon.colcon_core.environment:checking '/home/tannernelson3/snuff_ros2/ros2_ws/install/micro_ros_setup/bin'
[3.706s] INFO:colcon.colcon_core.shell:Creating package script '/home/tannernelson3/snuff_ros2/ros2_ws/install/micro_ros_setup/share/micro_ros_setup/package.ps1'
[3.708s] INFO:colcon.colcon_core.shell:Creating package descriptor '/home/tannernelson3/snuff_ros2/ros2_ws/install/micro_ros_setup/share/micro_ros_setup/package.dsv'
[3.709s] INFO:colcon.colcon_core.shell:Creating package script '/home/tannernelson3/snuff_ros2/ros2_ws/install/micro_ros_setup/share/micro_ros_setup/package.sh'
[3.709s] INFO:colcon.colcon_core.shell:Creating package script '/home/tannernelson3/snuff_ros2/ros2_ws/install/micro_ros_setup/share/micro_ros_setup/package.bash'
[3.710s] INFO:colcon.colcon_core.shell:Creating package script '/home/tannernelson3/snuff_ros2/ros2_ws/install/micro_ros_setup/share/micro_ros_setup/package.zsh'
[3.711s] Level 1:colcon.colcon_core.environment:create_file_with_runtime_dependencies(/home/tannernelson3/snuff_ros2/ros2_ws/install/micro_ros_setup/share/colcon-core/packages/micro_ros_setup)
[3.711s] INFO:colcon.colcon_ros.task.ament_cmake.build:Building ROS package in '/home/tannernelson3/snuff_ros2/ros2_ws/src/usb_cam' with build type 'ament_cmake'
[3.712s] INFO:colcon.colcon_cmake.task.cmake.build:Building CMake package in '/home/tannernelson3/snuff_ros2/ros2_ws/src/usb_cam'
[3.746s] INFO:colcon.colcon_core.shell:Skip shell extension 'powershell' for command environment: Not usable outside of PowerShell
[3.746s] DEBUG:colcon.colcon_core.shell:Skip shell extension 'dsv' for command environment
[3.847s] DEBUG:colcon.colcon_core.event_handler.log_command:Invoked command in '/home/tannernelson3/snuff_ros2/ros2_ws/build/drive_base_msgs' returned '0': CMAKE_PREFIX_PATH=${CMAKE_PREFIX_PATH}:/opt/ros/iron /usr/bin/cmake --build /home/tannernelson3/snuff_ros2/ros2_ws/build/drive_base_msgs -- -j4 -l4
[3.849s] DEBUG:colcon.colcon_core.event_handler.log_command:Invoked command in '/home/tannernelson3/snuff_ros2/ros2_ws/build/micro_ros_msgs' returned '0': CMAKE_PREFIX_PATH=${CMAKE_PREFIX_PATH}:/opt/ros/iron /usr/bin/cmake --build /home/tannernelson3/snuff_ros2/ros2_ws/build/micro_ros_msgs -- -j4 -l4
[3.851s] DEBUG:colcon.colcon_core.event_handler.log_command:Invoked command in '/home/tannernelson3/snuff_ros2/ros2_ws/build/snuff' returned '0': CMAKE_PREFIX_PATH=${CMAKE_PREFIX_PATH}:/opt/ros/iron /usr/bin/cmake --build /home/tannernelson3/snuff_ros2/ros2_ws/build/snuff -- -j4 -l4
[3.859s] DEBUG:colcon.colcon_core.event_handler.log_command:Invoking command in '/home/tannernelson3/snuff_ros2/ros2_ws/build/usb_cam': CMAKE_PREFIX_PATH=${CMAKE_PREFIX_PATH}:/opt/ros/iron /usr/bin/cmake --build /home/tannernelson3/snuff_ros2/ros2_ws/build/usb_cam -- -j4 -l4
[3.904s] DEBUG:colcon.colcon_core.event_handler.log_command:Invoking command in '/home/tannernelson3/snuff_ros2/ros2_ws/build/snuff': CMAKE_PREFIX_PATH=${CMAKE_PREFIX_PATH}:/opt/ros/iron /usr/bin/cmake --install /home/tannernelson3/snuff_ros2/ros2_ws/build/snuff
[4.022s] Level 1:colcon.colcon_core.environment:create_environment_scripts_only(snuff)
[4.027s] DEBUG:colcon.colcon_core.event_handler.log_command:Invoked command in '/home/tannernelson3/snuff_ros2/ros2_ws/build/snuff' returned '0': CMAKE_PREFIX_PATH=${CMAKE_PREFIX_PATH}:/opt/ros/iron /usr/bin/cmake --install /home/tannernelson3/snuff_ros2/ros2_ws/build/snuff
[4.074s] Level 1:colcon.colcon_core.environment:checking '/home/tannernelson3/snuff_ros2/ros2_ws/install/snuff' for CMake module files
[4.076s] Level 1:colcon.colcon_core.environment:checking '/home/tannernelson3/snuff_ros2/ros2_ws/install/snuff' for CMake config files
[4.077s] Level 1:colcon.colcon_core.shell:create_environment_hook('snuff', 'cmake_prefix_path')
[4.128s] INFO:colcon.colcon_core.shell:Creating environment hook '/home/tannernelson3/snuff_ros2/ros2_ws/install/snuff/share/snuff/hook/cmake_prefix_path.ps1'
[4.129s] INFO:colcon.colcon_core.shell:Creating environment descriptor '/home/tannernelson3/snuff_ros2/ros2_ws/install/snuff/share/snuff/hook/cmake_prefix_path.dsv'
[4.130s] INFO:colcon.colcon_core.shell:Creating environment hook '/home/tannernelson3/snuff_ros2/ros2_ws/install/snuff/share/snuff/hook/cmake_prefix_path.sh'
[4.131s] Level 1:colcon.colcon_core.environment:checking '/home/tannernelson3/snuff_ros2/ros2_ws/install/snuff/lib'
[4.131s] Level 1:colcon.colcon_core.environment:checking '/home/tannernelson3/snuff_ros2/ros2_ws/install/snuff/bin'
[4.131s] Level 1:colcon.colcon_core.environment:checking '/home/tannernelson3/snuff_ros2/ros2_ws/install/snuff/lib/pkgconfig/snuff.pc'
[4.132s] Level 1:colcon.colcon_core.environment:checking '/home/tannernelson3/snuff_ros2/ros2_ws/install/snuff/lib/python3.10/site-packages'
[4.132s] Level 1:colcon.colcon_core.shell:create_environment_hook('snuff', 'pythonpath')
[4.168s] INFO:colcon.colcon_core.shell:Creating environment hook '/home/tannernelson3/snuff_ros2/ros2_ws/install/snuff/share/snuff/hook/pythonpath.ps1'
[4.169s] INFO:colcon.colcon_core.shell:Creating environment descriptor '/home/tannernelson3/snuff_ros2/ros2_ws/install/snuff/share/snuff/hook/pythonpath.dsv'
[4.169s] INFO:colcon.colcon_core.shell:Creating environment hook '/home/tannernelson3/snuff_ros2/ros2_ws/install/snuff/share/snuff/hook/pythonpath.sh'
[4.170s] Level 1:colcon.colcon_core.environment:checking '/home/tannernelson3/snuff_ros2/ros2_ws/install/snuff/bin'
[4.198s] INFO:colcon.colcon_core.shell:Creating package script '/home/tannernelson3/snuff_ros2/ros2_ws/install/snuff/share/snuff/package.ps1'
[4.199s] INFO:colcon.colcon_core.shell:Creating package descriptor '/home/tannernelson3/snuff_ros2/ros2_ws/install/snuff/share/snuff/package.dsv'
[4.200s] INFO:colcon.colcon_core.shell:Creating package script '/home/tannernelson3/snuff_ros2/ros2_ws/install/snuff/share/snuff/package.sh'
[4.201s] INFO:colcon.colcon_core.shell:Creating package script '/home/tannernelson3/snuff_ros2/ros2_ws/install/snuff/share/snuff/package.bash'
[4.201s] INFO:colcon.colcon_core.shell:Creating package script '/home/tannernelson3/snuff_ros2/ros2_ws/install/snuff/share/snuff/package.zsh'
[4.202s] Level 1:colcon.colcon_core.environment:create_file_with_runtime_dependencies(/home/tannernelson3/snuff_ros2/ros2_ws/install/snuff/share/colcon-core/packages/snuff)
[4.208s] DEBUG:colcon.colcon_core.event_handler.log_command:Invoking command in '/home/tannernelson3/snuff_ros2/ros2_ws/build/micro_ros_msgs': CMAKE_PREFIX_PATH=${CMAKE_PREFIX_PATH}:/opt/ros/iron /usr/bin/cmake --install /home/tannernelson3/snuff_ros2/ros2_ws/build/micro_ros_msgs
[4.209s] DEBUG:colcon.colcon_core.event_handler.log_command:Invoked command in '/home/tannernelson3/snuff_ros2/ros2_ws/build/usb_cam' returned '0': CMAKE_PREFIX_PATH=${CMAKE_PREFIX_PATH}:/opt/ros/iron /usr/bin/cmake --build /home/tannernelson3/snuff_ros2/ros2_ws/build/usb_cam -- -j4 -l4
[4.213s] DEBUG:colcon.colcon_core.event_handler.log_command:Invoking command in '/home/tannernelson3/snuff_ros2/ros2_ws/build/drive_base_msgs': CMAKE_PREFIX_PATH=${CMAKE_PREFIX_PATH}:/opt/ros/iron /usr/bin/cmake --install /home/tannernelson3/snuff_ros2/ros2_ws/build/drive_base_msgs
[4.346s] Level 1:colcon.colcon_core.environment:create_environment_scripts_only(snuff)
[4.393s] Level 1:colcon.colcon_core.environment:checking '/home/tannernelson3/snuff_ros2/ros2_ws/install/snuff' for CMake module files
[4.393s] Level 1:colcon.colcon_core.environment:checking '/home/tannernelson3/snuff_ros2/ros2_ws/install/snuff' for CMake config files
[4.394s] Level 1:colcon.colcon_core.shell:create_environment_hook('snuff', 'cmake_prefix_path')
[4.417s] INFO:colcon.colcon_core.shell:Creating environment hook '/home/tannernelson3/snuff_ros2/ros2_ws/install/snuff/share/snuff/hook/cmake_prefix_path.ps1'
[4.418s] INFO:colcon.colcon_core.shell:Creating environment descriptor '/home/tannernelson3/snuff_ros2/ros2_ws/install/snuff/share/snuff/hook/cmake_prefix_path.dsv'
[4.419s] INFO:colcon.colcon_core.shell:Creating environment hook '/home/tannernelson3/snuff_ros2/ros2_ws/install/snuff/share/snuff/hook/cmake_prefix_path.sh'
[4.419s] Level 1:colcon.colcon_core.environment:checking '/home/tannernelson3/snuff_ros2/ros2_ws/install/snuff/lib'
[4.419s] Level 1:colcon.colcon_core.environment:checking '/home/tannernelson3/snuff_ros2/ros2_ws/install/snuff/bin'
[4.419s] Level 1:colcon.colcon_core.environment:checking '/home/tannernelson3/snuff_ros2/ros2_ws/install/snuff/lib/pkgconfig/snuff.pc'
[4.420s] Level 1:colcon.colcon_core.environment:checking '/home/tannernelson3/snuff_ros2/ros2_ws/install/snuff/lib/python3.10/site-packages'
[4.420s] Level 1:colcon.colcon_core.shell:create_environment_hook('snuff', 'pythonpath')
[4.443s] INFO:colcon.colcon_core.shell:Creating environment hook '/home/tannernelson3/snuff_ros2/ros2_ws/install/snuff/share/snuff/hook/pythonpath.ps1'
[4.444s] INFO:colcon.colcon_core.shell:Creating environment descriptor '/home/tannernelson3/snuff_ros2/ros2_ws/install/snuff/share/snuff/hook/pythonpath.dsv'
[4.444s] INFO:colcon.colcon_core.shell:Creating environment hook '/home/tannernelson3/snuff_ros2/ros2_ws/install/snuff/share/snuff/hook/pythonpath.sh'
[4.445s] Level 1:colcon.colcon_core.environment:checking '/home/tannernelson3/snuff_ros2/ros2_ws/install/snuff/bin'
[4.468s] INFO:colcon.colcon_core.shell:Creating package script '/home/tannernelson3/snuff_ros2/ros2_ws/install/snuff/share/snuff/package.ps1'
[4.469s] INFO:colcon.colcon_core.shell:Creating package descriptor '/home/tannernelson3/snuff_ros2/ros2_ws/install/snuff/share/snuff/package.dsv'
[4.470s] INFO:colcon.colcon_core.shell:Creating package script '/home/tannernelson3/snuff_ros2/ros2_ws/install/snuff/share/snuff/package.sh'
[4.470s] INFO:colcon.colcon_core.shell:Creating package script '/home/tannernelson3/snuff_ros2/ros2_ws/install/snuff/share/snuff/package.bash'
[4.471s] INFO:colcon.colcon_core.shell:Creating package script '/home/tannernelson3/snuff_ros2/ros2_ws/install/snuff/share/snuff/package.zsh'
[4.471s] Level 1:colcon.colcon_core.environment:create_file_with_runtime_dependencies(/home/tannernelson3/snuff_ros2/ros2_ws/install/snuff/share/colcon-core/packages/snuff)
[4.475s] DEBUG:colcon.colcon_core.event_handler.log_command:Invoking command in '/home/tannernelson3/snuff_ros2/ros2_ws/build/usb_cam': CMAKE_PREFIX_PATH=${CMAKE_PREFIX_PATH}:/opt/ros/iron /usr/bin/cmake --install /home/tannernelson3/snuff_ros2/ros2_ws/build/usb_cam
[4.475s] Level 1:colcon.colcon_core.environment:create_environment_scripts_only(micro_ros_msgs)
[4.476s] DEBUG:colcon.colcon_core.event_handler.log_command:Invoked command in '/home/tannernelson3/snuff_ros2/ros2_ws/build/micro_ros_msgs' returned '0': CMAKE_PREFIX_PATH=${CMAKE_PREFIX_PATH}:/opt/ros/iron /usr/bin/cmake --install /home/tannernelson3/snuff_ros2/ros2_ws/build/micro_ros_msgs
[4.502s] Level 1:colcon.colcon_core.environment:checking '/home/tannernelson3/snuff_ros2/ros2_ws/install/micro_ros_msgs' for CMake module files
[4.502s] Level 1:colcon.colcon_core.environment:checking '/home/tannernelson3/snuff_ros2/ros2_ws/install/micro_ros_msgs' for CMake config files
[4.503s] Level 1:colcon.colcon_core.shell:create_environment_hook('micro_ros_msgs', 'cmake_prefix_path')
[4.527s] INFO:colcon.colcon_core.shell:Creating environment hook '/home/tannernelson3/snuff_ros2/ros2_ws/install/micro_ros_msgs/share/micro_ros_msgs/hook/cmake_prefix_path.ps1'
[4.527s] INFO:colcon.colcon_core.shell:Creating environment descriptor '/home/tannernelson3/snuff_ros2/ros2_ws/install/micro_ros_msgs/share/micro_ros_msgs/hook/cmake_prefix_path.dsv'
[4.528s] INFO:colcon.colcon_core.shell:Creating environment hook '/home/tannernelson3/snuff_ros2/ros2_ws/install/micro_ros_msgs/share/micro_ros_msgs/hook/cmake_prefix_path.sh'
[4.529s] Level 1:colcon.colcon_core.environment:checking '/home/tannernelson3/snuff_ros2/ros2_ws/install/micro_ros_msgs/lib'
[4.529s] Level 1:colcon.colcon_core.shell:create_environment_hook('micro_ros_msgs', 'ld_library_path_lib')
[4.552s] INFO:colcon.colcon_core.shell:Creating environment hook '/home/tannernelson3/snuff_ros2/ros2_ws/install/micro_ros_msgs/share/micro_ros_msgs/hook/ld_library_path_lib.ps1'
[4.552s] INFO:colcon.colcon_core.shell:Creating environment descriptor '/home/tannernelson3/snuff_ros2/ros2_ws/install/micro_ros_msgs/share/micro_ros_msgs/hook/ld_library_path_lib.dsv'
[4.553s] INFO:colcon.colcon_core.shell:Creating environment hook '/home/tannernelson3/snuff_ros2/ros2_ws/install/micro_ros_msgs/share/micro_ros_msgs/hook/ld_library_path_lib.sh'
[4.553s] Level 1:colcon.colcon_core.environment:checking '/home/tannernelson3/snuff_ros2/ros2_ws/install/micro_ros_msgs/bin'
[4.553s] Level 1:colcon.colcon_core.environment:checking '/home/tannernelson3/snuff_ros2/ros2_ws/install/micro_ros_msgs/lib/pkgconfig/micro_ros_msgs.pc'
[4.554s] Level 1:colcon.colcon_core.environment:checking '/home/tannernelson3/snuff_ros2/ros2_ws/install/micro_ros_msgs/lib/python3.10/site-packages'
[4.554s] Level 1:colcon.colcon_core.shell:create_environment_hook('micro_ros_msgs', 'pythonpath')
[4.577s] INFO:colcon.colcon_core.shell:Creating environment hook '/home/tannernelson3/snuff_ros2/ros2_ws/install/micro_ros_msgs/share/micro_ros_msgs/hook/pythonpath.ps1'
[4.577s] INFO:colcon.colcon_core.shell:Creating environment descriptor '/home/tannernelson3/snuff_ros2/ros2_ws/install/micro_ros_msgs/share/micro_ros_msgs/hook/pythonpath.dsv'
[4.578s] INFO:colcon.colcon_core.shell:Creating environment hook '/home/tannernelson3/snuff_ros2/ros2_ws/install/micro_ros_msgs/share/micro_ros_msgs/hook/pythonpath.sh'
[4.579s] Level 1:colcon.colcon_core.environment:checking '/home/tannernelson3/snuff_ros2/ros2_ws/install/micro_ros_msgs/bin'
[4.602s] INFO:colcon.colcon_core.shell:Creating package script '/home/tannernelson3/snuff_ros2/ros2_ws/install/micro_ros_msgs/share/micro_ros_msgs/package.ps1'
[4.603s] INFO:colcon.colcon_core.shell:Creating package descriptor '/home/tannernelson3/snuff_ros2/ros2_ws/install/micro_ros_msgs/share/micro_ros_msgs/package.dsv'
[4.604s] INFO:colcon.colcon_core.shell:Creating package script '/home/tannernelson3/snuff_ros2/ros2_ws/install/micro_ros_msgs/share/micro_ros_msgs/package.sh'
[4.604s] INFO:colcon.colcon_core.shell:Creating package script '/home/tannernelson3/snuff_ros2/ros2_ws/install/micro_ros_msgs/share/micro_ros_msgs/package.bash'
[4.605s] INFO:colcon.colcon_core.shell:Creating package script '/home/tannernelson3/snuff_ros2/ros2_ws/install/micro_ros_msgs/share/micro_ros_msgs/package.zsh'
[4.605s] Level 1:colcon.colcon_core.environment:create_file_with_runtime_dependencies(/home/tannernelson3/snuff_ros2/ros2_ws/install/micro_ros_msgs/share/colcon-core/packages/micro_ros_msgs)
[4.606s] Level 1:colcon.colcon_core.environment:create_environment_scripts_only(drive_base_msgs)
[4.607s] DEBUG:colcon.colcon_core.event_handler.log_command:Invoked command in '/home/tannernelson3/snuff_ros2/ros2_ws/build/drive_base_msgs' returned '0': CMAKE_PREFIX_PATH=${CMAKE_PREFIX_PATH}:/opt/ros/iron /usr/bin/cmake --install /home/tannernelson3/snuff_ros2/ros2_ws/build/drive_base_msgs
[4.633s] Level 1:colcon.colcon_core.environment:checking '/home/tannernelson3/snuff_ros2/ros2_ws/install/drive_base_msgs' for CMake module files
[4.634s] Level 1:colcon.colcon_core.environment:checking '/home/tannernelson3/snuff_ros2/ros2_ws/install/drive_base_msgs' for CMake config files
[4.635s] Level 1:colcon.colcon_core.shell:create_environment_hook('drive_base_msgs', 'cmake_prefix_path')
[4.661s] INFO:colcon.colcon_core.shell:Creating environment hook '/home/tannernelson3/snuff_ros2/ros2_ws/install/drive_base_msgs/share/drive_base_msgs/hook/cmake_prefix_path.ps1'
[4.661s] INFO:colcon.colcon_core.shell:Creating environment descriptor '/home/tannernelson3/snuff_ros2/ros2_ws/install/drive_base_msgs/share/drive_base_msgs/hook/cmake_prefix_path.dsv'
[4.662s] INFO:colcon.colcon_core.shell:Creating environment hook '/home/tannernelson3/snuff_ros2/ros2_ws/install/drive_base_msgs/share/drive_base_msgs/hook/cmake_prefix_path.sh'
[4.663s] Level 1:colcon.colcon_core.environment:checking '/home/tannernelson3/snuff_ros2/ros2_ws/install/drive_base_msgs/lib'
[4.663s] Level 1:colcon.colcon_core.shell:create_environment_hook('drive_base_msgs', 'ld_library_path_lib')
[4.688s] INFO:colcon.colcon_core.shell:Creating environment hook '/home/tannernelson3/snuff_ros2/ros2_ws/install/drive_base_msgs/share/drive_base_msgs/hook/ld_library_path_lib.ps1'
[4.689s] INFO:colcon.colcon_core.shell:Creating environment descriptor '/home/tannernelson3/snuff_ros2/ros2_ws/install/drive_base_msgs/share/drive_base_msgs/hook/ld_library_path_lib.dsv'
[4.690s] INFO:colcon.colcon_core.shell:Creating environment hook '/home/tannernelson3/snuff_ros2/ros2_ws/install/drive_base_msgs/share/drive_base_msgs/hook/ld_library_path_lib.sh'
[4.690s] Level 1:colcon.colcon_core.environment:checking '/home/tannernelson3/snuff_ros2/ros2_ws/install/drive_base_msgs/bin'
[4.690s] Level 1:colcon.colcon_core.environment:checking '/home/tannernelson3/snuff_ros2/ros2_ws/install/drive_base_msgs/lib/pkgconfig/drive_base_msgs.pc'
[4.691s] Level 1:colcon.colcon_core.environment:checking '/home/tannernelson3/snuff_ros2/ros2_ws/install/drive_base_msgs/lib/python3.10/site-packages'
[4.691s] Level 1:colcon.colcon_core.shell:create_environment_hook('drive_base_msgs', 'pythonpath')
[4.717s] INFO:colcon.colcon_core.shell:Creating environment hook '/home/tannernelson3/snuff_ros2/ros2_ws/install/drive_base_msgs/share/drive_base_msgs/hook/pythonpath.ps1'
[4.717s] INFO:colcon.colcon_core.shell:Creating environment descriptor '/home/tannernelson3/snuff_ros2/ros2_ws/install/drive_base_msgs/share/drive_base_msgs/hook/pythonpath.dsv'
[4.718s] INFO:colcon.colcon_core.shell:Creating environment hook '/home/tannernelson3/snuff_ros2/ros2_ws/install/drive_base_msgs/share/drive_base_msgs/hook/pythonpath.sh'
[4.719s] Level 1:colcon.colcon_core.environment:checking '/home/tannernelson3/snuff_ros2/ros2_ws/install/drive_base_msgs/bin'
[4.764s] INFO:colcon.colcon_core.shell:Creating package script '/home/tannernelson3/snuff_ros2/ros2_ws/install/drive_base_msgs/share/drive_base_msgs/package.ps1'
[4.765s] INFO:colcon.colcon_core.shell:Creating package descriptor '/home/tannernelson3/snuff_ros2/ros2_ws/install/drive_base_msgs/share/drive_base_msgs/package.dsv'
[4.766s] INFO:colcon.colcon_core.shell:Creating package script '/home/tannernelson3/snuff_ros2/ros2_ws/install/drive_base_msgs/share/drive_base_msgs/package.sh'
[4.766s] INFO:colcon.colcon_core.shell:Creating package script '/home/tannernelson3/snuff_ros2/ros2_ws/install/drive_base_msgs/share/drive_base_msgs/package.bash'
[4.767s] INFO:colcon.colcon_core.shell:Creating package script '/home/tannernelson3/snuff_ros2/ros2_ws/install/drive_base_msgs/share/drive_base_msgs/package.zsh'
[4.767s] Level 1:colcon.colcon_core.environment:create_file_with_runtime_dependencies(/home/tannernelson3/snuff_ros2/ros2_ws/install/drive_base_msgs/share/colcon-core/packages/drive_base_msgs)
[4.807s] Level 1:colcon.colcon_core.environment:create_environment_scripts_only(micro_ros_msgs)
[4.832s] Level 1:colcon.colcon_core.environment:checking '/home/tannernelson3/snuff_ros2/ros2_ws/install/micro_ros_msgs' for CMake module files
[4.833s] Level 1:colcon.colcon_core.environment:checking '/home/tannernelson3/snuff_ros2/ros2_ws/install/micro_ros_msgs' for CMake config files
[4.834s] Level 1:colcon.colcon_core.shell:create_environment_hook('micro_ros_msgs', 'cmake_prefix_path')
[4.859s] INFO:colcon.colcon_core.shell:Creating environment hook '/home/tannernelson3/snuff_ros2/ros2_ws/install/micro_ros_msgs/share/micro_ros_msgs/hook/cmake_prefix_path.ps1'
[4.859s] INFO:colcon.colcon_core.shell:Creating environment descriptor '/home/tannernelson3/snuff_ros2/ros2_ws/install/micro_ros_msgs/share/micro_ros_msgs/hook/cmake_prefix_path.dsv'
[4.860s] INFO:colcon.colcon_core.shell:Creating environment hook '/home/tannernelson3/snuff_ros2/ros2_ws/install/micro_ros_msgs/share/micro_ros_msgs/hook/cmake_prefix_path.sh'
[4.861s] Level 1:colcon.colcon_core.environment:checking '/home/tannernelson3/snuff_ros2/ros2_ws/install/micro_ros_msgs/lib'
[4.861s] Level 1:colcon.colcon_core.shell:create_environment_hook('micro_ros_msgs', 'ld_library_path_lib')
[4.887s] INFO:colcon.colcon_core.shell:Creating environment hook '/home/tannernelson3/snuff_ros2/ros2_ws/install/micro_ros_msgs/share/micro_ros_msgs/hook/ld_library_path_lib.ps1'
[4.887s] INFO:colcon.colcon_core.shell:Creating environment descriptor '/home/tannernelson3/snuff_ros2/ros2_ws/install/micro_ros_msgs/share/micro_ros_msgs/hook/ld_library_path_lib.dsv'
[4.888s] INFO:colcon.colcon_core.shell:Creating environment hook '/home/tannernelson3/snuff_ros2/ros2_ws/install/micro_ros_msgs/share/micro_ros_msgs/hook/ld_library_path_lib.sh'
[4.889s] Level 1:colcon.colcon_core.environment:checking '/home/tannernelson3/snuff_ros2/ros2_ws/install/micro_ros_msgs/bin'
[4.889s] Level 1:colcon.colcon_core.environment:checking '/home/tannernelson3/snuff_ros2/ros2_ws/install/micro_ros_msgs/lib/pkgconfig/micro_ros_msgs.pc'
[4.889s] Level 1:colcon.colcon_core.environment:checking '/home/tannernelson3/snuff_ros2/ros2_ws/install/micro_ros_msgs/lib/python3.10/site-packages'
[4.889s] Level 1:colcon.colcon_core.shell:create_environment_hook('micro_ros_msgs', 'pythonpath')
[4.917s] INFO:colcon.colcon_core.shell:Creating environment hook '/home/tannernelson3/snuff_ros2/ros2_ws/install/micro_ros_msgs/share/micro_ros_msgs/hook/pythonpath.ps1'
[4.918s] INFO:colcon.colcon_core.shell:Creating environment descriptor '/home/tannernelson3/snuff_ros2/ros2_ws/install/micro_ros_msgs/share/micro_ros_msgs/hook/pythonpath.dsv'
[4.918s] INFO:colcon.colcon_core.shell:Creating environment hook '/home/tannernelson3/snuff_ros2/ros2_ws/install/micro_ros_msgs/share/micro_ros_msgs/hook/pythonpath.sh'
[4.919s] Level 1:colcon.colcon_core.environment:checking '/home/tannernelson3/snuff_ros2/ros2_ws/install/micro_ros_msgs/bin'
[4.945s] INFO:colcon.colcon_core.shell:Creating package script '/home/tannernelson3/snuff_ros2/ros2_ws/install/micro_ros_msgs/share/micro_ros_msgs/package.ps1'
[4.946s] INFO:colcon.colcon_core.shell:Creating package descriptor '/home/tannernelson3/snuff_ros2/ros2_ws/install/micro_ros_msgs/share/micro_ros_msgs/package.dsv'
[4.947s] INFO:colcon.colcon_core.shell:Creating package script '/home/tannernelson3/snuff_ros2/ros2_ws/install/micro_ros_msgs/share/micro_ros_msgs/package.sh'
[4.948s] INFO:colcon.colcon_core.shell:Creating package script '/home/tannernelson3/snuff_ros2/ros2_ws/install/micro_ros_msgs/share/micro_ros_msgs/package.bash'
[4.949s] INFO:colcon.colcon_core.shell:Creating package script '/home/tannernelson3/snuff_ros2/ros2_ws/install/micro_ros_msgs/share/micro_ros_msgs/package.zsh'
[4.950s] Level 1:colcon.colcon_core.environment:create_file_with_runtime_dependencies(/home/tannernelson3/snuff_ros2/ros2_ws/install/micro_ros_msgs/share/colcon-core/packages/micro_ros_msgs)
[4.951s] INFO:colcon.colcon_ros.task.ament_cmake.build:Building ROS package in '/home/tannernelson3/snuff_ros2/ros2_ws/src/uros/micro-ROS-Agent/micro_ros_agent' with build type 'ament_cmake'
[4.951s] INFO:colcon.colcon_cmake.task.cmake.build:Building CMake package in '/home/tannernelson3/snuff_ros2/ros2_ws/src/uros/micro-ROS-Agent/micro_ros_agent'
[4.976s] INFO:colcon.colcon_core.shell:Skip shell extension 'powershell' for command environment: Not usable outside of PowerShell
[4.976s] DEBUG:colcon.colcon_core.shell:Skip shell extension 'dsv' for command environment
[5.049s] Level 1:colcon.colcon_core.environment:create_environment_scripts_only(usb_cam)
[5.050s] DEBUG:colcon.colcon_core.event_handler.log_command:Invoked command in '/home/tannernelson3/snuff_ros2/ros2_ws/build/usb_cam' returned '0': CMAKE_PREFIX_PATH=${CMAKE_PREFIX_PATH}:/opt/ros/iron /usr/bin/cmake --install /home/tannernelson3/snuff_ros2/ros2_ws/build/usb_cam
[5.073s] Level 1:colcon.colcon_core.environment:checking '/home/tannernelson3/snuff_ros2/ros2_ws/install/usb_cam' for CMake module files
[5.074s] Level 1:colcon.colcon_core.environment:checking '/home/tannernelson3/snuff_ros2/ros2_ws/install/usb_cam' for CMake config files
[5.074s] Level 1:colcon.colcon_core.shell:create_environment_hook('usb_cam', 'cmake_prefix_path')
[5.097s] INFO:colcon.colcon_core.shell:Creating environment hook '/home/tannernelson3/snuff_ros2/ros2_ws/install/usb_cam/share/usb_cam/hook/cmake_prefix_path.ps1'
[5.098s] INFO:colcon.colcon_core.shell:Creating environment descriptor '/home/tannernelson3/snuff_ros2/ros2_ws/install/usb_cam/share/usb_cam/hook/cmake_prefix_path.dsv'
[5.098s] INFO:colcon.colcon_core.shell:Creating environment hook '/home/tannernelson3/snuff_ros2/ros2_ws/install/usb_cam/share/usb_cam/hook/cmake_prefix_path.sh'
[5.099s] Level 1:colcon.colcon_core.environment:checking '/home/tannernelson3/snuff_ros2/ros2_ws/install/usb_cam/lib'
[5.099s] Level 1:colcon.colcon_core.shell:create_environment_hook('usb_cam', 'ld_library_path_lib')
[5.123s] INFO:colcon.colcon_core.shell:Creating environment hook '/home/tannernelson3/snuff_ros2/ros2_ws/install/usb_cam/share/usb_cam/hook/ld_library_path_lib.ps1'
[5.124s] INFO:colcon.colcon_core.shell:Creating environment descriptor '/home/tannernelson3/snuff_ros2/ros2_ws/install/usb_cam/share/usb_cam/hook/ld_library_path_lib.dsv'
[5.124s] INFO:colcon.colcon_core.shell:Creating environment hook '/home/tannernelson3/snuff_ros2/ros2_ws/install/usb_cam/share/usb_cam/hook/ld_library_path_lib.sh'
[5.125s] Level 1:colcon.colcon_core.environment:checking '/home/tannernelson3/snuff_ros2/ros2_ws/install/usb_cam/bin'
[5.125s] Level 1:colcon.colcon_core.environment:checking '/home/tannernelson3/snuff_ros2/ros2_ws/install/usb_cam/lib/pkgconfig/usb_cam.pc'
[5.125s] Level 1:colcon.colcon_core.environment:checking '/home/tannernelson3/snuff_ros2/ros2_ws/install/usb_cam/lib/python3.10/site-packages'
[5.125s] Level 1:colcon.colcon_core.environment:checking '/home/tannernelson3/snuff_ros2/ros2_ws/install/usb_cam/bin'
[5.149s] INFO:colcon.colcon_core.shell:Creating package script '/home/tannernelson3/snuff_ros2/ros2_ws/install/usb_cam/share/usb_cam/package.ps1'
[5.149s] INFO:colcon.colcon_core.shell:Creating package descriptor '/home/tannernelson3/snuff_ros2/ros2_ws/install/usb_cam/share/usb_cam/package.dsv'
[5.150s] INFO:colcon.colcon_core.shell:Creating package script '/home/tannernelson3/snuff_ros2/ros2_ws/install/usb_cam/share/usb_cam/package.sh'
[5.151s] INFO:colcon.colcon_core.shell:Creating package script '/home/tannernelson3/snuff_ros2/ros2_ws/install/usb_cam/share/usb_cam/package.bash'
[5.151s] INFO:colcon.colcon_core.shell:Creating package script '/home/tannernelson3/snuff_ros2/ros2_ws/install/usb_cam/share/usb_cam/package.zsh'
[5.151s] Level 1:colcon.colcon_core.environment:create_file_with_runtime_dependencies(/home/tannernelson3/snuff_ros2/ros2_ws/install/usb_cam/share/colcon-core/packages/usb_cam)
[5.180s] Level 1:colcon.colcon_core.environment:create_environment_scripts_only(drive_base_msgs)
[5.206s] Level 1:colcon.colcon_core.environment:checking '/home/tannernelson3/snuff_ros2/ros2_ws/install/drive_base_msgs' for CMake module files
[5.207s] Level 1:colcon.colcon_core.environment:checking '/home/tannernelson3/snuff_ros2/ros2_ws/install/drive_base_msgs' for CMake config files
[5.208s] Level 1:colcon.colcon_core.shell:create_environment_hook('drive_base_msgs', 'cmake_prefix_path')
[5.232s] INFO:colcon.colcon_core.shell:Creating environment hook '/home/tannernelson3/snuff_ros2/ros2_ws/install/drive_base_msgs/share/drive_base_msgs/hook/cmake_prefix_path.ps1'
[5.232s] INFO:colcon.colcon_core.shell:Creating environment descriptor '/home/tannernelson3/snuff_ros2/ros2_ws/install/drive_base_msgs/share/drive_base_msgs/hook/cmake_prefix_path.dsv'
[5.233s] INFO:colcon.colcon_core.shell:Creating environment hook '/home/tannernelson3/snuff_ros2/ros2_ws/install/drive_base_msgs/share/drive_base_msgs/hook/cmake_prefix_path.sh'
[5.233s] Level 1:colcon.colcon_core.environment:checking '/home/tannernelson3/snuff_ros2/ros2_ws/install/drive_base_msgs/lib'
[5.233s] Level 1:colcon.colcon_core.shell:create_environment_hook('drive_base_msgs', 'ld_library_path_lib')
[5.257s] INFO:colcon.colcon_core.shell:Creating environment hook '/home/tannernelson3/snuff_ros2/ros2_ws/install/drive_base_msgs/share/drive_base_msgs/hook/ld_library_path_lib.ps1'
[5.259s] INFO:colcon.colcon_core.shell:Creating environment descriptor '/home/tannernelson3/snuff_ros2/ros2_ws/install/drive_base_msgs/share/drive_base_msgs/hook/ld_library_path_lib.dsv'
[5.260s] INFO:colcon.colcon_core.shell:Creating environment hook '/home/tannernelson3/snuff_ros2/ros2_ws/install/drive_base_msgs/share/drive_base_msgs/hook/ld_library_path_lib.sh'
[5.260s] Level 1:colcon.colcon_core.environment:checking '/home/tannernelson3/snuff_ros2/ros2_ws/install/drive_base_msgs/bin'
[5.260s] Level 1:colcon.colcon_core.environment:checking '/home/tannernelson3/snuff_ros2/ros2_ws/install/drive_base_msgs/lib/pkgconfig/drive_base_msgs.pc'
[5.261s] Level 1:colcon.colcon_core.environment:checking '/home/tannernelson3/snuff_ros2/ros2_ws/install/drive_base_msgs/lib/python3.10/site-packages'
[5.261s] Level 1:colcon.colcon_core.shell:create_environment_hook('drive_base_msgs', 'pythonpath')
[5.284s] INFO:colcon.colcon_core.shell:Creating environment hook '/home/tannernelson3/snuff_ros2/ros2_ws/install/drive_base_msgs/share/drive_base_msgs/hook/pythonpath.ps1'
[5.285s] INFO:colcon.colcon_core.shell:Creating environment descriptor '/home/tannernelson3/snuff_ros2/ros2_ws/install/drive_base_msgs/share/drive_base_msgs/hook/pythonpath.dsv'
[5.285s] INFO:colcon.colcon_core.shell:Creating environment hook '/home/tannernelson3/snuff_ros2/ros2_ws/install/drive_base_msgs/share/drive_base_msgs/hook/pythonpath.sh'
[5.286s] Level 1:colcon.colcon_core.environment:checking '/home/tannernelson3/snuff_ros2/ros2_ws/install/drive_base_msgs/bin'
[5.309s] INFO:colcon.colcon_core.shell:Creating package script '/home/tannernelson3/snuff_ros2/ros2_ws/install/drive_base_msgs/share/drive_base_msgs/package.ps1'
[5.310s] INFO:colcon.colcon_core.shell:Creating package descriptor '/home/tannernelson3/snuff_ros2/ros2_ws/install/drive_base_msgs/share/drive_base_msgs/package.dsv'
[5.311s] INFO:colcon.colcon_core.shell:Creating package script '/home/tannernelson3/snuff_ros2/ros2_ws/install/drive_base_msgs/share/drive_base_msgs/package.sh'
[5.311s] INFO:colcon.colcon_core.shell:Creating package script '/home/tannernelson3/snuff_ros2/ros2_ws/install/drive_base_msgs/share/drive_base_msgs/package.bash'
[5.312s] INFO:colcon.colcon_core.shell:Creating package script '/home/tannernelson3/snuff_ros2/ros2_ws/install/drive_base_msgs/share/drive_base_msgs/package.zsh'
[5.313s] Level 1:colcon.colcon_core.environment:create_file_with_runtime_dependencies(/home/tannernelson3/snuff_ros2/ros2_ws/install/drive_base_msgs/share/colcon-core/packages/drive_base_msgs)
[5.320s] DEBUG:colcon.colcon_core.event_handler.log_command:Invoking command in '/home/tannernelson3/snuff_ros2/ros2_ws/build/micro_ros_agent': CMAKE_PREFIX_PATH=/home/tannernelson3/snuff_ros2/ros2_ws/install/micro_ros_msgs:/home/tannernelson3/snuff_ros2/ros2_ws/install/usb_cam:/home/tannernelson3/snuff_ros2/ros2_ws/install/snuff:/home/tannernelson3/snuff_ros2/ros2_ws/install/micro_ros_setup:/home/tannernelson3/snuff_ros2/ros2_ws/install/micro_ros_agent:/home/tannernelson3/snuff_ros2/ros2_ws/install/drive_base_msgs:/opt/ros/iron LD_LIBRARY_PATH=/home/tannernelson3/snuff_ros2/ros2_ws/install/micro_ros_msgs/lib:/home/tannernelson3/snuff_ros2/ros2_ws/install/usb_cam/lib:/home/tannernelson3/snuff_ros2/ros2_ws/install/micro_ros_agent/lib:/home/tannernelson3/snuff_ros2/ros2_ws/install/drive_base_msgs/lib:/opt/ros/iron/opt/rviz_ogre_vendor/lib:/opt/ros/iron/lib/x86_64-linux-gnu:/opt/ros/iron/lib PYTHONPATH=/home/tannernelson3/snuff_ros2/ros2_ws/install/micro_ros_msgs/lib/python3.10/site-packages:/home/tannernelson3/snuff_ros2/ros2_ws/install/snuff/lib/python3.10/site-packages:/home/tannernelson3/snuff_ros2/ros2_ws/install/drive_base_msgs/lib/python3.10/site-packages:/opt/ros/iron/lib/python3.10/site-packages /usr/bin/cmake --build /home/tannernelson3/snuff_ros2/ros2_ws/build/micro_ros_agent -- -j4 -l4
[5.344s] Level 1:colcon.colcon_core.environment:create_environment_scripts_only(usb_cam)
[5.370s] Level 1:colcon.colcon_core.environment:checking '/home/tannernelson3/snuff_ros2/ros2_ws/install/usb_cam' for CMake module files
[5.371s] Level 1:colcon.colcon_core.environment:checking '/home/tannernelson3/snuff_ros2/ros2_ws/install/usb_cam' for CMake config files
[5.371s] Level 1:colcon.colcon_core.shell:create_environment_hook('usb_cam', 'cmake_prefix_path')
[5.397s] INFO:colcon.colcon_core.shell:Creating environment hook '/home/tannernelson3/snuff_ros2/ros2_ws/install/usb_cam/share/usb_cam/hook/cmake_prefix_path.ps1'
[5.398s] INFO:colcon.colcon_core.shell:Creating environment descriptor '/home/tannernelson3/snuff_ros2/ros2_ws/install/usb_cam/share/usb_cam/hook/cmake_prefix_path.dsv'
[5.398s] INFO:colcon.colcon_core.shell:Creating environment hook '/home/tannernelson3/snuff_ros2/ros2_ws/install/usb_cam/share/usb_cam/hook/cmake_prefix_path.sh'
[5.399s] Level 1:colcon.colcon_core.environment:checking '/home/tannernelson3/snuff_ros2/ros2_ws/install/usb_cam/lib'
[5.399s] Level 1:colcon.colcon_core.shell:create_environment_hook('usb_cam', 'ld_library_path_lib')
[5.424s] INFO:colcon.colcon_core.shell:Creating environment hook '/home/tannernelson3/snuff_ros2/ros2_ws/install/usb_cam/share/usb_cam/hook/ld_library_path_lib.ps1'
[5.425s] INFO:colcon.colcon_core.shell:Creating environment descriptor '/home/tannernelson3/snuff_ros2/ros2_ws/install/usb_cam/share/usb_cam/hook/ld_library_path_lib.dsv'
[5.425s] INFO:colcon.colcon_core.shell:Creating environment hook '/home/tannernelson3/snuff_ros2/ros2_ws/install/usb_cam/share/usb_cam/hook/ld_library_path_lib.sh'
[5.426s] Level 1:colcon.colcon_core.environment:checking '/home/tannernelson3/snuff_ros2/ros2_ws/install/usb_cam/bin'
[5.426s] Level 1:colcon.colcon_core.environment:checking '/home/tannernelson3/snuff_ros2/ros2_ws/install/usb_cam/lib/pkgconfig/usb_cam.pc'
[5.426s] Level 1:colcon.colcon_core.environment:checking '/home/tannernelson3/snuff_ros2/ros2_ws/install/usb_cam/lib/python3.10/site-packages'
[5.427s] Level 1:colcon.colcon_core.environment:checking '/home/tannernelson3/snuff_ros2/ros2_ws/install/usb_cam/bin'
[5.450s] INFO:colcon.colcon_core.shell:Creating package script '/home/tannernelson3/snuff_ros2/ros2_ws/install/usb_cam/share/usb_cam/package.ps1'
[5.451s] INFO:colcon.colcon_core.shell:Creating package descriptor '/home/tannernelson3/snuff_ros2/ros2_ws/install/usb_cam/share/usb_cam/package.dsv'
[5.452s] INFO:colcon.colcon_core.shell:Creating package script '/home/tannernelson3/snuff_ros2/ros2_ws/install/usb_cam/share/usb_cam/package.sh'
[5.453s] INFO:colcon.colcon_core.shell:Creating package script '/home/tannernelson3/snuff_ros2/ros2_ws/install/usb_cam/share/usb_cam/package.bash'
[5.453s] INFO:colcon.colcon_core.shell:Creating package script '/home/tannernelson3/snuff_ros2/ros2_ws/install/usb_cam/share/usb_cam/package.zsh'
[5.454s] Level 1:colcon.colcon_core.environment:create_file_with_runtime_dependencies(/home/tannernelson3/snuff_ros2/ros2_ws/install/usb_cam/share/colcon-core/packages/usb_cam)
[5.457s] DEBUG:colcon.colcon_core.event_handler.log_command:Invoked command in '/home/tannernelson3/snuff_ros2/ros2_ws/build/micro_ros_agent' returned '0': CMAKE_PREFIX_PATH=/home/tannernelson3/snuff_ros2/ros2_ws/install/micro_ros_msgs:/home/tannernelson3/snuff_ros2/ros2_ws/install/usb_cam:/home/tannernelson3/snuff_ros2/ros2_ws/install/snuff:/home/tannernelson3/snuff_ros2/ros2_ws/install/micro_ros_setup:/home/tannernelson3/snuff_ros2/ros2_ws/install/micro_ros_agent:/home/tannernelson3/snuff_ros2/ros2_ws/install/drive_base_msgs:/opt/ros/iron LD_LIBRARY_PATH=/home/tannernelson3/snuff_ros2/ros2_ws/install/micro_ros_msgs/lib:/home/tannernelson3/snuff_ros2/ros2_ws/install/usb_cam/lib:/home/tannernelson3/snuff_ros2/ros2_ws/install/micro_ros_agent/lib:/home/tannernelson3/snuff_ros2/ros2_ws/install/drive_base_msgs/lib:/opt/ros/iron/opt/rviz_ogre_vendor/lib:/opt/ros/iron/lib/x86_64-linux-gnu:/opt/ros/iron/lib PYTHONPATH=/home/tannernelson3/snuff_ros2/ros2_ws/install/micro_ros_msgs/lib/python3.10/site-packages:/home/tannernelson3/snuff_ros2/ros2_ws/install/snuff/lib/python3.10/site-packages:/home/tannernelson3/snuff_ros2/ros2_ws/install/drive_base_msgs/lib/python3.10/site-packages:/opt/ros/iron/lib/python3.10/site-packages /usr/bin/cmake --build /home/tannernelson3/snuff_ros2/ros2_ws/build/micro_ros_agent -- -j4 -l4
[5.501s] DEBUG:colcon.colcon_core.event_handler.log_command:Invoking command in '/home/tannernelson3/snuff_ros2/ros2_ws/build/micro_ros_agent': CMAKE_PREFIX_PATH=/home/tannernelson3/snuff_ros2/ros2_ws/install/micro_ros_msgs:/home/tannernelson3/snuff_ros2/ros2_ws/install/usb_cam:/home/tannernelson3/snuff_ros2/ros2_ws/install/snuff:/home/tannernelson3/snuff_ros2/ros2_ws/install/micro_ros_setup:/home/tannernelson3/snuff_ros2/ros2_ws/install/micro_ros_agent:/home/tannernelson3/snuff_ros2/ros2_ws/install/drive_base_msgs:/opt/ros/iron LD_LIBRARY_PATH=/home/tannernelson3/snuff_ros2/ros2_ws/install/micro_ros_msgs/lib:/home/tannernelson3/snuff_ros2/ros2_ws/install/usb_cam/lib:/home/tannernelson3/snuff_ros2/ros2_ws/install/micro_ros_agent/lib:/home/tannernelson3/snuff_ros2/ros2_ws/install/drive_base_msgs/lib:/opt/ros/iron/opt/rviz_ogre_vendor/lib:/opt/ros/iron/lib/x86_64-linux-gnu:/opt/ros/iron/lib PYTHONPATH=/home/tannernelson3/snuff_ros2/ros2_ws/install/micro_ros_msgs/lib/python3.10/site-packages:/home/tannernelson3/snuff_ros2/ros2_ws/install/snuff/lib/python3.10/site-packages:/home/tannernelson3/snuff_ros2/ros2_ws/install/drive_base_msgs/lib/python3.10/site-packages:/opt/ros/iron/lib/python3.10/site-packages /usr/bin/cmake --install /home/tannernelson3/snuff_ros2/ros2_ws/build/micro_ros_agent
[5.516s] Level 1:colcon.colcon_core.environment:create_environment_scripts_only(micro_ros_agent)
[5.517s] DEBUG:colcon.colcon_core.event_handler.log_command:Invoked command in '/home/tannernelson3/snuff_ros2/ros2_ws/build/micro_ros_agent' returned '0': CMAKE_PREFIX_PATH=/home/tannernelson3/snuff_ros2/ros2_ws/install/micro_ros_msgs:/home/tannernelson3/snuff_ros2/ros2_ws/install/usb_cam:/home/tannernelson3/snuff_ros2/ros2_ws/install/snuff:/home/tannernelson3/snuff_ros2/ros2_ws/install/micro_ros_setup:/home/tannernelson3/snuff_ros2/ros2_ws/install/micro_ros_agent:/home/tannernelson3/snuff_ros2/ros2_ws/install/drive_base_msgs:/opt/ros/iron LD_LIBRARY_PATH=/home/tannernelson3/snuff_ros2/ros2_ws/install/micro_ros_msgs/lib:/home/tannernelson3/snuff_ros2/ros2_ws/install/usb_cam/lib:/home/tannernelson3/snuff_ros2/ros2_ws/install/micro_ros_agent/lib:/home/tannernelson3/snuff_ros2/ros2_ws/install/drive_base_msgs/lib:/opt/ros/iron/opt/rviz_ogre_vendor/lib:/opt/ros/iron/lib/x86_64-linux-gnu:/opt/ros/iron/lib PYTHONPATH=/home/tannernelson3/snuff_ros2/ros2_ws/install/micro_ros_msgs/lib/python3.10/site-packages:/home/tannernelson3/snuff_ros2/ros2_ws/install/snuff/lib/python3.10/site-packages:/home/tannernelson3/snuff_ros2/ros2_ws/install/drive_base_msgs/lib/python3.10/site-packages:/opt/ros/iron/lib/python3.10/site-packages /usr/bin/cmake --install /home/tannernelson3/snuff_ros2/ros2_ws/build/micro_ros_agent
[5.541s] Level 1:colcon.colcon_core.environment:checking '/home/tannernelson3/snuff_ros2/ros2_ws/install/micro_ros_agent' for CMake module files
[5.541s] Level 1:colcon.colcon_core.environment:checking '/home/tannernelson3/snuff_ros2/ros2_ws/install/micro_ros_agent' for CMake config files
[5.542s] Level 1:colcon.colcon_core.shell:create_environment_hook('micro_ros_agent', 'cmake_prefix_path')
[5.565s] INFO:colcon.colcon_core.shell:Creating environment hook '/home/tannernelson3/snuff_ros2/ros2_ws/install/micro_ros_agent/share/micro_ros_agent/hook/cmake_prefix_path.ps1'
[5.566s] INFO:colcon.colcon_core.shell:Creating environment descriptor '/home/tannernelson3/snuff_ros2/ros2_ws/install/micro_ros_agent/share/micro_ros_agent/hook/cmake_prefix_path.dsv'
[5.566s] INFO:colcon.colcon_core.shell:Creating environment hook '/home/tannernelson3/snuff_ros2/ros2_ws/install/micro_ros_agent/share/micro_ros_agent/hook/cmake_prefix_path.sh'
[5.567s] Level 1:colcon.colcon_core.environment:checking '/home/tannernelson3/snuff_ros2/ros2_ws/install/micro_ros_agent/lib'
[5.567s] Level 1:colcon.colcon_core.shell:create_environment_hook('micro_ros_agent', 'ld_library_path_lib')
[5.590s] INFO:colcon.colcon_core.shell:Creating environment hook '/home/tannernelson3/snuff_ros2/ros2_ws/install/micro_ros_agent/share/micro_ros_agent/hook/ld_library_path_lib.ps1'
[5.591s] INFO:colcon.colcon_core.shell:Creating environment descriptor '/home/tannernelson3/snuff_ros2/ros2_ws/install/micro_ros_agent/share/micro_ros_agent/hook/ld_library_path_lib.dsv'
[5.591s] INFO:colcon.colcon_core.shell:Creating environment hook '/home/tannernelson3/snuff_ros2/ros2_ws/install/micro_ros_agent/share/micro_ros_agent/hook/ld_library_path_lib.sh'
[5.592s] Level 1:colcon.colcon_core.environment:checking '/home/tannernelson3/snuff_ros2/ros2_ws/install/micro_ros_agent/bin'
[5.592s] Level 1:colcon.colcon_core.environment:checking '/home/tannernelson3/snuff_ros2/ros2_ws/install/micro_ros_agent/lib/pkgconfig/micro_ros_agent.pc'
[5.592s] Level 1:colcon.colcon_core.environment:checking '/home/tannernelson3/snuff_ros2/ros2_ws/install/micro_ros_agent/lib/python3.10/site-packages'
[5.593s] Level 1:colcon.colcon_core.environment:checking '/home/tannernelson3/snuff_ros2/ros2_ws/install/micro_ros_agent/bin'
[5.616s] INFO:colcon.colcon_core.shell:Creating package script '/home/tannernelson3/snuff_ros2/ros2_ws/install/micro_ros_agent/share/micro_ros_agent/package.ps1'
[5.617s] INFO:colcon.colcon_core.shell:Creating package descriptor '/home/tannernelson3/snuff_ros2/ros2_ws/install/micro_ros_agent/share/micro_ros_agent/package.dsv'
[5.618s] INFO:colcon.colcon_core.shell:Creating package script '/home/tannernelson3/snuff_ros2/ros2_ws/install/micro_ros_agent/share/micro_ros_agent/package.sh'
[5.618s] INFO:colcon.colcon_core.shell:Creating package script '/home/tannernelson3/snuff_ros2/ros2_ws/install/micro_ros_agent/share/micro_ros_agent/package.bash'
[5.619s] INFO:colcon.colcon_core.shell:Creating package script '/home/tannernelson3/snuff_ros2/ros2_ws/install/micro_ros_agent/share/micro_ros_agent/package.zsh'
[5.619s] Level 1:colcon.colcon_core.environment:create_file_with_runtime_dependencies(/home/tannernelson3/snuff_ros2/ros2_ws/install/micro_ros_agent/share/colcon-core/packages/micro_ros_agent)
[5.687s] Level 1:colcon.colcon_core.environment:create_environment_scripts_only(micro_ros_agent)
[5.710s] Level 1:colcon.colcon_core.environment:checking '/home/tannernelson3/snuff_ros2/ros2_ws/install/micro_ros_agent' for CMake module files
[5.711s] Level 1:colcon.colcon_core.environment:checking '/home/tannernelson3/snuff_ros2/ros2_ws/install/micro_ros_agent' for CMake config files
[5.712s] Level 1:colcon.colcon_core.shell:create_environment_hook('micro_ros_agent', 'cmake_prefix_path')
[5.735s] INFO:colcon.colcon_core.shell:Creating environment hook '/home/tannernelson3/snuff_ros2/ros2_ws/install/micro_ros_agent/share/micro_ros_agent/hook/cmake_prefix_path.ps1'
[5.736s] INFO:colcon.colcon_core.shell:Creating environment descriptor '/home/tannernelson3/snuff_ros2/ros2_ws/install/micro_ros_agent/share/micro_ros_agent/hook/cmake_prefix_path.dsv'
[5.736s] INFO:colcon.colcon_core.shell:Creating environment hook '/home/tannernelson3/snuff_ros2/ros2_ws/install/micro_ros_agent/share/micro_ros_agent/hook/cmake_prefix_path.sh'
[5.737s] Level 1:colcon.colcon_core.environment:checking '/home/tannernelson3/snuff_ros2/ros2_ws/install/micro_ros_agent/lib'
[5.737s] Level 1:colcon.colcon_core.shell:create_environment_hook('micro_ros_agent', 'ld_library_path_lib')
[5.760s] INFO:colcon.colcon_core.shell:Creating environment hook '/home/tannernelson3/snuff_ros2/ros2_ws/install/micro_ros_agent/share/micro_ros_agent/hook/ld_library_path_lib.ps1'
[5.761s] INFO:colcon.colcon_core.shell:Creating environment descriptor '/home/tannernelson3/snuff_ros2/ros2_ws/install/micro_ros_agent/share/micro_ros_agent/hook/ld_library_path_lib.dsv'
[5.761s] INFO:colcon.colcon_core.shell:Creating environment hook '/home/tannernelson3/snuff_ros2/ros2_ws/install/micro_ros_agent/share/micro_ros_agent/hook/ld_library_path_lib.sh'
[5.762s] Level 1:colcon.colcon_core.environment:checking '/home/tannernelson3/snuff_ros2/ros2_ws/install/micro_ros_agent/bin'
[5.762s] Level 1:colcon.colcon_core.environment:checking '/home/tannernelson3/snuff_ros2/ros2_ws/install/micro_ros_agent/lib/pkgconfig/micro_ros_agent.pc'
[5.762s] Level 1:colcon.colcon_core.environment:checking '/home/tannernelson3/snuff_ros2/ros2_ws/install/micro_ros_agent/lib/python3.10/site-packages'
[5.763s] Level 1:colcon.colcon_core.environment:checking '/home/tannernelson3/snuff_ros2/ros2_ws/install/micro_ros_agent/bin'
[5.787s] INFO:colcon.colcon_core.shell:Creating package script '/home/tannernelson3/snuff_ros2/ros2_ws/install/micro_ros_agent/share/micro_ros_agent/package.ps1'
[5.788s] INFO:colcon.colcon_core.shell:Creating package descriptor '/home/tannernelson3/snuff_ros2/ros2_ws/install/micro_ros_agent/share/micro_ros_agent/package.dsv'
[5.789s] INFO:colcon.colcon_core.shell:Creating package script '/home/tannernelson3/snuff_ros2/ros2_ws/install/micro_ros_agent/share/micro_ros_agent/package.sh'
[5.790s] INFO:colcon.colcon_core.shell:Creating package script '/home/tannernelson3/snuff_ros2/ros2_ws/install/micro_ros_agent/share/micro_ros_agent/package.bash'
[5.790s] INFO:colcon.colcon_core.shell:Creating package script '/home/tannernelson3/snuff_ros2/ros2_ws/install/micro_ros_agent/share/micro_ros_agent/package.zsh'
[5.791s] Level 1:colcon.colcon_core.environment:create_file_with_runtime_dependencies(/home/tannernelson3/snuff_ros2/ros2_ws/install/micro_ros_agent/share/colcon-core/packages/micro_ros_agent)
[5.791s] DEBUG:colcon.colcon_parallel_executor.executor.parallel:closing loop
[5.792s] DEBUG:colcon.colcon_parallel_executor.executor.parallel:loop closed
[5.792s] DEBUG:colcon.colcon_parallel_executor.executor.parallel:run_until_complete finished with '0'
[5.792s] DEBUG:colcon.colcon_core.event_reactor:joining thread
[5.822s] INFO:colcon.colcon_core.plugin_system:Skipping extension 'colcon_notification.desktop_notification.terminal_notifier': Not used on non-Darwin systems
[5.823s] INFO:colcon.colcon_core.plugin_system:Skipping extension 'colcon_notification.desktop_notification.win32': Not used on non-Windows systems
[5.823s] INFO:colcon.colcon_notification.desktop_notification:Sending desktop notification using 'notify2'
[5.835s] DEBUG:colcon.colcon_core.event_reactor:joined thread
[5.858s] INFO:colcon.colcon_core.shell:Creating prefix script '/home/tannernelson3/snuff_ros2/ros2_ws/install/local_setup.ps1'
[5.859s] INFO:colcon.colcon_core.shell:Creating prefix util module '/home/tannernelson3/snuff_ros2/ros2_ws/install/_local_setup_util_ps1.py'
[5.861s] INFO:colcon.colcon_core.shell:Creating prefix chain script '/home/tannernelson3/snuff_ros2/ros2_ws/install/setup.ps1'
[5.885s] INFO:colcon.colcon_core.shell:Creating prefix script '/home/tannernelson3/snuff_ros2/ros2_ws/install/local_setup.sh'
[5.886s] INFO:colcon.colcon_core.shell:Creating prefix util module '/home/tannernelson3/snuff_ros2/ros2_ws/install/_local_setup_util_sh.py'
[5.887s] INFO:colcon.colcon_core.shell:Creating prefix chain script '/home/tannernelson3/snuff_ros2/ros2_ws/install/setup.sh'
[5.911s] INFO:colcon.colcon_core.shell:Creating prefix script '/home/tannernelson3/snuff_ros2/ros2_ws/install/local_setup.bash'
[5.912s] INFO:colcon.colcon_core.shell:Creating prefix chain script '/home/tannernelson3/snuff_ros2/ros2_ws/install/setup.bash'
[5.936s] INFO:colcon.colcon_core.shell:Creating prefix script '/home/tannernelson3/snuff_ros2/ros2_ws/install/local_setup.zsh'
[5.937s] INFO:colcon.colcon_core.shell:Creating prefix chain script '/home/tannernelson3/snuff_ros2/ros2_ws/install/setup.zsh'
