[0.122s] Invoking command in '/home/tannernelson3/snuff_ros2/ros2_ws/build/snuff': CMAKE_PREFIX_PATH=${CMAKE_PREFIX_PATH}:/opt/ros/iron /usr/bin/cmake --build /home/tannernelson3/snuff_ros2/ros2_ws/build/snuff -- -j4 -l4
[0.280s] Built target ament_cmake_python_copy_snuff
[1.270s] running egg_info
[1.272s] writing snuff.egg-info/PKG-INFO
[1.273s] writing dependency_links to snuff.egg-info/dependency_links.txt
[1.274s] writing top-level names to snuff.egg-info/top_level.txt
[1.279s] reading manifest file 'snuff.egg-info/SOURCES.txt'
[1.283s] writing manifest file 'snuff.egg-info/SOURCES.txt'
[1.366s] Built target ament_cmake_python_build_snuff_egg
[1.406s] Invoked command in '/home/tannernelson3/snuff_ros2/ros2_ws/build/snuff' returned '0': CMAKE_PREFIX_PATH=${CMAKE_PREFIX_PATH}:/opt/ros/iron /usr/bin/cmake --build /home/tannernelson3/snuff_ros2/ros2_ws/build/snuff -- -j4 -l4
[1.546s] Invoking command in '/home/tannernelson3/snuff_ros2/ros2_ws/build/snuff': CMAKE_PREFIX_PATH=${CMAKE_PREFIX_PATH}:/opt/ros/iron /usr/bin/cmake --install /home/tannernelson3/snuff_ros2/ros2_ws/build/snuff
[1.566s] -- Install configuration: ""
[1.566s] -- Up-to-date: /home/tannernelson3/snuff_ros2/ros2_ws/install/snuff/share/snuff/launch
[1.566s] -- Up-to-date: /home/tannernelson3/snuff_ros2/ros2_ws/install/snuff/share/snuff/launch/__pycache__
[1.567s] -- Installing: /home/tannernelson3/snuff_ros2/ros2_ws/install/snuff/share/snuff/launch/__pycache__/robot.launch.cpython-310.pyc
[1.567s] -- Up-to-date: /home/tannernelson3/snuff_ros2/ros2_ws/install/snuff/share/snuff/launch/robot.launch.py
[1.567s] -- Up-to-date: /home/tannernelson3/snuff_ros2/ros2_ws/install/snuff/share/snuff/rviz
[1.567s] -- Up-to-date: /home/tannernelson3/snuff_ros2/ros2_ws/install/snuff/share/snuff/rviz/robot.rviz
[1.567s] -- Up-to-date: /home/tannernelson3/snuff_ros2/ros2_ws/install/snuff/share/snuff/config
[1.568s] -- Up-to-date: /home/tannernelson3/snuff_ros2/ros2_ws/install/snuff/share/snuff/config/params_1.yaml
[1.568s] -- Up-to-date: /home/tannernelson3/snuff_ros2/ros2_ws/install/snuff/share/snuff/config/camera_info.yaml
[1.568s] -- Up-to-date: /home/tannernelson3/snuff_ros2/ros2_ws/install/snuff/share/snuff/config/apriltags.yaml
[1.568s] -- Up-to-date: /home/tannernelson3/snuff_ros2/ros2_ws/install/snuff/share/snuff/models
[1.569s] -- Up-to-date: /home/tannernelson3/snuff_ros2/ros2_ws/install/snuff/share/snuff/models/robot
[1.569s] -- Up-to-date: /home/tannernelson3/snuff_ros2/ros2_ws/install/snuff/share/snuff/models/robot/floor.sdf
[1.569s] -- Up-to-date: /home/tannernelson3/snuff_ros2/ros2_ws/install/snuff/share/snuff/models/robot/Invoice 5030603.pdf
[1.569s] -- Up-to-date: /home/tannernelson3/snuff_ros2/ros2_ws/install/snuff/share/snuff/models/robot/tag1_cube.sdf
[1.569s] -- Up-to-date: /home/tannernelson3/snuff_ros2/ros2_ws/install/snuff/share/snuff/models/robot/pxxls_cam.urdf.xacro
[1.570s] -- Up-to-date: /home/tannernelson3/snuff_ros2/ros2_ws/install/snuff/share/snuff/models/robot/meshes
[1.570s] -- Up-to-date: /home/tannernelson3/snuff_ros2/ros2_ws/install/snuff/share/snuff/models/robot/meshes/tag36_11_00003.png
[1.570s] -- Up-to-date: /home/tannernelson3/snuff_ros2/ros2_ws/install/snuff/share/snuff/models/robot/meshes/pxxls_cam_camera.stl
[1.571s] -- Up-to-date: /home/tannernelson3/snuff_ros2/ros2_ws/install/snuff/share/snuff/models/robot/meshes/tag3_cube.dae
[1.571s] -- Up-to-date: /home/tannernelson3/snuff_ros2/ros2_ws/install/snuff/share/snuff/models/robot/meshes/camera.dae
[1.571s] -- Up-to-date: /home/tannernelson3/snuff_ros2/ros2_ws/install/snuff/share/snuff/models/robot/meshes/base.dae
[1.571s] -- Up-to-date: /home/tannernelson3/snuff_ros2/ros2_ws/install/snuff/share/snuff/models/robot/meshes/pxxls_cam_tilt.stl
[1.571s] -- Up-to-date: /home/tannernelson3/snuff_ros2/ros2_ws/install/snuff/share/snuff/models/robot/meshes/pxxls_cam_pan.stl
[1.571s] -- Up-to-date: /home/tannernelson3/snuff_ros2/ros2_ws/install/snuff/share/snuff/models/robot/meshes/pxxls_cam_base.stl
[1.572s] -- Up-to-date: /home/tannernelson3/snuff_ros2/ros2_ws/install/snuff/share/snuff/models/robot/world.world
[1.572s] -- Up-to-date: /home/tannernelson3/snuff_ros2/ros2_ws/install/snuff/share/snuff/models/robot/robot.sdf
[1.572s] -- Up-to-date: /home/tannernelson3/snuff_ros2/ros2_ws/install/snuff/share/snuff/models/robot/tag2_cube.sdf
[1.572s] -- Up-to-date: /home/tannernelson3/snuff_ros2/ros2_ws/install/snuff/share/snuff/models/robot/tag3_cube.sdf
[1.572s] -- Up-to-date: /home/tannernelson3/snuff_ros2/ros2_ws/install/snuff/share/snuff/models/robot/world.sdf
[1.573s] -- Up-to-date: /home/tannernelson3/snuff_ros2/ros2_ws/install/snuff/share/snuff/models/robot/__init__.py
[1.573s] -- Up-to-date: /home/tannernelson3/snuff_ros2/ros2_ws/install/snuff/share/snuff/worlds
[1.573s] -- Up-to-date: /home/tannernelson3/snuff_ros2/ros2_ws/install/snuff/share/snuff/environment/pythonpath.sh
[1.573s] -- Up-to-date: /home/tannernelson3/snuff_ros2/ros2_ws/install/snuff/share/snuff/environment/pythonpath.dsv
[1.574s] -- Up-to-date: /home/tannernelson3/snuff_ros2/ros2_ws/install/snuff/lib/python3.10/site-packages/snuff-0.0.0-py3.10.egg-info
[1.574s] -- Installing: /home/tannernelson3/snuff_ros2/ros2_ws/install/snuff/lib/python3.10/site-packages/snuff-0.0.0-py3.10.egg-info/PKG-INFO
[1.574s] -- Installing: /home/tannernelson3/snuff_ros2/ros2_ws/install/snuff/lib/python3.10/site-packages/snuff-0.0.0-py3.10.egg-info/dependency_links.txt
[1.574s] -- Installing: /home/tannernelson3/snuff_ros2/ros2_ws/install/snuff/lib/python3.10/site-packages/snuff-0.0.0-py3.10.egg-info/SOURCES.txt
[1.575s] -- Installing: /home/tannernelson3/snuff_ros2/ros2_ws/install/snuff/lib/python3.10/site-packages/snuff-0.0.0-py3.10.egg-info/top_level.txt
[1.575s] -- Up-to-date: /home/tannernelson3/snuff_ros2/ros2_ws/install/snuff/lib/python3.10/site-packages/snuff
[1.575s] -- Up-to-date: /home/tannernelson3/snuff_ros2/ros2_ws/install/snuff/lib/python3.10/site-packages/snuff/__init__.py
[1.649s] Listing '/home/tannernelson3/snuff_ros2/ros2_ws/install/snuff/lib/python3.10/site-packages/snuff'...
[1.662s] -- Up-to-date: /home/tannernelson3/snuff_ros2/ros2_ws/install/snuff/lib/snuff/exec.py
[1.663s] -- Installing: /home/tannernelson3/snuff_ros2/ros2_ws/install/snuff/lib/snuff/state_publisher.py
[1.664s] -- Up-to-date: /home/tannernelson3/snuff_ros2/ros2_ws/install/snuff/lib/snuff/dyn_lib.py
[1.666s] -- Up-to-date: /home/tannernelson3/snuff_ros2/ros2_ws/install/snuff/lib/snuff/flame_state_publisher.py
[1.666s] -- Up-to-date: /home/tannernelson3/snuff_ros2/ros2_ws/install/snuff/lib/snuff/object_found_sub.py
[1.666s] -- Up-to-date: /home/tannernelson3/snuff_ros2/ros2_ws/install/snuff/lib/snuff/valve.py
[1.666s] -- Up-to-date: /home/tannernelson3/snuff_ros2/ros2_ws/install/snuff/share/ament_index/resource_index/package_run_dependencies/snuff
[1.668s] -- Up-to-date: /home/tannernelson3/snuff_ros2/ros2_ws/install/snuff/share/ament_index/resource_index/parent_prefix_path/snuff
[1.668s] -- Up-to-date: /home/tannernelson3/snuff_ros2/ros2_ws/install/snuff/share/snuff/environment/ament_prefix_path.sh
[1.668s] -- Up-to-date: /home/tannernelson3/snuff_ros2/ros2_ws/install/snuff/share/snuff/environment/ament_prefix_path.dsv
[1.669s] -- Up-to-date: /home/tannernelson3/snuff_ros2/ros2_ws/install/snuff/share/snuff/environment/path.sh
[1.669s] -- Up-to-date: /home/tannernelson3/snuff_ros2/ros2_ws/install/snuff/share/snuff/environment/path.dsv
[1.669s] -- Up-to-date: /home/tannernelson3/snuff_ros2/ros2_ws/install/snuff/share/snuff/local_setup.bash
[1.669s] -- Up-to-date: /home/tannernelson3/snuff_ros2/ros2_ws/install/snuff/share/snuff/local_setup.sh
[1.670s] -- Up-to-date: /home/tannernelson3/snuff_ros2/ros2_ws/install/snuff/share/snuff/local_setup.zsh
[1.670s] -- Up-to-date: /home/tannernelson3/snuff_ros2/ros2_ws/install/snuff/share/snuff/local_setup.dsv
[1.673s] -- Installing: /home/tannernelson3/snuff_ros2/ros2_ws/install/snuff/share/snuff/package.dsv
[1.684s] -- Up-to-date: /home/tannernelson3/snuff_ros2/ros2_ws/install/snuff/share/ament_index/resource_index/packages/snuff
[1.684s] -- Up-to-date: /home/tannernelson3/snuff_ros2/ros2_ws/install/snuff/share/snuff/cmake/snuffConfig.cmake
[1.684s] -- Up-to-date: /home/tannernelson3/snuff_ros2/ros2_ws/install/snuff/share/snuff/cmake/snuffConfig-version.cmake
[1.685s] -- Up-to-date: /home/tannernelson3/snuff_ros2/ros2_ws/install/snuff/share/snuff/package.xml
[1.685s] Invoked command in '/home/tannernelson3/snuff_ros2/ros2_ws/build/snuff' returned '0': CMAKE_PREFIX_PATH=${CMAKE_PREFIX_PATH}:/opt/ros/iron /usr/bin/cmake --install /home/tannernelson3/snuff_ros2/ros2_ws/build/snuff
