[0.548s] Invoking command in '/home/tannernelson3/ROS/ros/ros2_ws/build/usb_cam': CMAKE_PREFIX_PATH=/home/tannernelson3/ROS/ros/ros2_ws/install/py_srvcli:/opt/ros/iron:${CMAKE_PREFIX_PATH} /usr/bin/cmake --build /home/tannernelson3/ROS/ros/ros2_ws/build/usb_cam -- -j4 -l4
[0.635s] [35m[1mConsolidate compiler generated dependencies of target usb_cam[0m
[0.637s] [35m[1mConsolidate compiler generated dependencies of target usb_cam_node_exe[0m
[0.654s] [35m[1mConsolidate compiler generated dependencies of target gtest_main[0m
[0.675s] [35m[1mConsolidate compiler generated dependencies of target gtest[0m
[0.676s] [ 14%] Built target usb_cam
[0.702s] [ 28%] Built target gtest_main
[0.707s] [ 42%] Built target gtest
[0.713s] [ 57%] Built target usb_cam_node_exe
[0.740s] [35m[1mConsolidate compiler generated dependencies of target test_pixel_formats[0m
[0.742s] [35m[1mConsolidate compiler generated dependencies of target usb_cam_node[0m
[0.760s] [35m[1mConsolidate compiler generated dependencies of target test_usb_cam_utils[0m
[0.799s] [ 71%] Built target test_pixel_formats
[0.819s] [100%] Built target usb_cam_node
[0.820s] [100%] Built target test_usb_cam_utils
[0.842s] Invoked command in '/home/tannernelson3/ROS/ros/ros2_ws/build/usb_cam' returned '0': CMAKE_PREFIX_PATH=/home/tannernelson3/ROS/ros/ros2_ws/install/py_srvcli:/opt/ros/iron:${CMAKE_PREFIX_PATH} /usr/bin/cmake --build /home/tannernelson3/ROS/ros/ros2_ws/build/usb_cam -- -j4 -l4
[0.939s] Invoking command in '/home/tannernelson3/ROS/ros/ros2_ws/build/usb_cam': CMAKE_PREFIX_PATH=/home/tannernelson3/ROS/ros/ros2_ws/install/py_srvcli:/opt/ros/iron:${CMAKE_PREFIX_PATH} /usr/bin/cmake --install /home/tannernelson3/ROS/ros/ros2_ws/build/usb_cam
[0.954s] -- Install configuration: ""
[0.955s] -- Up-to-date: /home/tannernelson3/ROS/ros/ros2_ws/install/usb_cam/share/usb_cam/environment/library_path.sh
[0.955s] -- Up-to-date: /home/tannernelson3/ROS/ros/ros2_ws/install/usb_cam/share/usb_cam/environment/library_path.dsv
[0.955s] -- Installing: /home/tannernelson3/ROS/ros/ros2_ws/install/usb_cam/lib/usb_cam/usb_cam_node_exe
[0.957s] -- Set runtime path of "/home/tannernelson3/ROS/ros/ros2_ws/install/usb_cam/lib/usb_cam/usb_cam_node_exe" to ""
[0.957s] -- Up-to-date: /home/tannernelson3/ROS/ros/ros2_ws/install/usb_cam/lib/usb_cam/show_image.py
[0.959s] -- Installing: /home/tannernelson3/ROS/ros/ros2_ws/install/usb_cam/lib/libusb_cam.so
[0.968s] -- Installing: /home/tannernelson3/ROS/ros/ros2_ws/install/usb_cam/lib/libusb_cam_node.so
[0.968s] -- Set runtime path of "/home/tannernelson3/ROS/ros/ros2_ws/install/usb_cam/lib/libusb_cam_node.so" to ""
[0.968s] -- Up-to-date: /home/tannernelson3/ROS/ros/ros2_ws/install/usb_cam/include
[0.968s] -- Up-to-date: /home/tannernelson3/ROS/ros/ros2_ws/install/usb_cam/include/usb_cam
[0.969s] -- Up-to-date: /home/tannernelson3/ROS/ros/ros2_ws/install/usb_cam/include/usb_cam/usb_cam_node.hpp
[0.969s] -- Up-to-date: /home/tannernelson3/ROS/ros/ros2_ws/install/usb_cam/include/usb_cam/constants.hpp
[0.970s] -- Up-to-date: /home/tannernelson3/ROS/ros/ros2_ws/install/usb_cam/include/usb_cam/usb_cam.hpp
[0.970s] -- Up-to-date: /home/tannernelson3/ROS/ros/ros2_ws/install/usb_cam/include/usb_cam/formats
[0.971s] -- Up-to-date: /home/tannernelson3/ROS/ros/ros2_ws/install/usb_cam/include/usb_cam/formats/mono.hpp
[0.971s] -- Up-to-date: /home/tannernelson3/ROS/ros/ros2_ws/install/usb_cam/include/usb_cam/formats/rgb.hpp
[0.971s] -- Up-to-date: /home/tannernelson3/ROS/ros/ros2_ws/install/usb_cam/include/usb_cam/formats/mjpeg.hpp
[0.972s] -- Up-to-date: /home/tannernelson3/ROS/ros/ros2_ws/install/usb_cam/include/usb_cam/formats/m420.hpp
[0.972s] -- Up-to-date: /home/tannernelson3/ROS/ros/ros2_ws/install/usb_cam/include/usb_cam/formats/pixel_format_base.hpp
[0.973s] -- Up-to-date: /home/tannernelson3/ROS/ros/ros2_ws/install/usb_cam/include/usb_cam/formats/yuyv.hpp
[0.973s] -- Up-to-date: /home/tannernelson3/ROS/ros/ros2_ws/install/usb_cam/include/usb_cam/formats/utils.hpp
[0.973s] -- Up-to-date: /home/tannernelson3/ROS/ros/ros2_ws/install/usb_cam/include/usb_cam/formats/uyvy.hpp
[0.974s] -- Up-to-date: /home/tannernelson3/ROS/ros/ros2_ws/install/usb_cam/include/usb_cam/conversions.hpp
[0.974s] -- Up-to-date: /home/tannernelson3/ROS/ros/ros2_ws/install/usb_cam/include/usb_cam/utils.hpp
[0.975s] -- Up-to-date: /home/tannernelson3/ROS/ros/ros2_ws/install/usb_cam/lib/libusb_cam_node.so
[0.976s] -- Up-to-date: /home/tannernelson3/ROS/ros/ros2_ws/install/usb_cam/share/usb_cam/launch
[0.977s] -- Up-to-date: /home/tannernelson3/ROS/ros/ros2_ws/install/usb_cam/share/usb_cam/launch/camera_config.py
[0.977s] -- Up-to-date: /home/tannernelson3/ROS/ros/ros2_ws/install/usb_cam/share/usb_cam/launch/camera.launch.py
[0.977s] -- Up-to-date: /home/tannernelson3/ROS/ros/ros2_ws/install/usb_cam/share/usb_cam/launch/__init__.py
[0.978s] -- Up-to-date: /home/tannernelson3/ROS/ros/ros2_ws/install/usb_cam/share/usb_cam/config
[0.979s] -- Up-to-date: /home/tannernelson3/ROS/ros/ros2_ws/install/usb_cam/share/usb_cam/config/params_2.yaml
[0.979s] -- Installing: /home/tannernelson3/ROS/ros/ros2_ws/install/usb_cam/share/usb_cam/config/params_1.yaml
[0.980s] -- Up-to-date: /home/tannernelson3/ROS/ros/ros2_ws/install/usb_cam/share/usb_cam/config/camera_info.yaml
[0.981s] -- Up-to-date: /home/tannernelson3/ROS/ros/ros2_ws/install/usb_cam/share/ament_index/resource_index/package_run_dependencies/usb_cam
[0.981s] -- Installing: /home/tannernelson3/ROS/ros/ros2_ws/install/usb_cam/share/ament_index/resource_index/parent_prefix_path/usb_cam
[0.982s] -- Up-to-date: /home/tannernelson3/ROS/ros/ros2_ws/install/usb_cam/share/usb_cam/environment/ament_prefix_path.sh
[0.983s] -- Up-to-date: /home/tannernelson3/ROS/ros/ros2_ws/install/usb_cam/share/usb_cam/environment/ament_prefix_path.dsv
[0.983s] -- Up-to-date: /home/tannernelson3/ROS/ros/ros2_ws/install/usb_cam/share/usb_cam/environment/path.sh
[0.984s] -- Up-to-date: /home/tannernelson3/ROS/ros/ros2_ws/install/usb_cam/share/usb_cam/environment/path.dsv
[0.985s] -- Up-to-date: /home/tannernelson3/ROS/ros/ros2_ws/install/usb_cam/share/usb_cam/local_setup.bash
[0.985s] -- Up-to-date: /home/tannernelson3/ROS/ros/ros2_ws/install/usb_cam/share/usb_cam/local_setup.sh
[0.986s] -- Up-to-date: /home/tannernelson3/ROS/ros/ros2_ws/install/usb_cam/share/usb_cam/local_setup.zsh
[0.986s] -- Up-to-date: /home/tannernelson3/ROS/ros/ros2_ws/install/usb_cam/share/usb_cam/local_setup.dsv
[0.987s] -- Installing: /home/tannernelson3/ROS/ros/ros2_ws/install/usb_cam/share/usb_cam/package.dsv
[0.987s] -- Up-to-date: /home/tannernelson3/ROS/ros/ros2_ws/install/usb_cam/share/ament_index/resource_index/packages/usb_cam
[0.988s] -- Up-to-date: /home/tannernelson3/ROS/ros/ros2_ws/install/usb_cam/share/ament_index/resource_index/rclcpp_components/usb_cam
[0.989s] -- Up-to-date: /home/tannernelson3/ROS/ros/ros2_ws/install/usb_cam/share/usb_cam/cmake/ament_cmake_export_libraries-extras.cmake
[0.989s] -- Up-to-date: /home/tannernelson3/ROS/ros/ros2_ws/install/usb_cam/share/usb_cam/cmake/ament_cmake_export_dependencies-extras.cmake
[0.990s] -- Up-to-date: /home/tannernelson3/ROS/ros/ros2_ws/install/usb_cam/share/usb_cam/cmake/ament_cmake_export_include_directories-extras.cmake
[0.991s] -- Up-to-date: /home/tannernelson3/ROS/ros/ros2_ws/install/usb_cam/share/usb_cam/cmake/usb_camConfig.cmake
[0.991s] -- Up-to-date: /home/tannernelson3/ROS/ros/ros2_ws/install/usb_cam/share/usb_cam/cmake/usb_camConfig-version.cmake
[0.992s] -- Up-to-date: /home/tannernelson3/ROS/ros/ros2_ws/install/usb_cam/share/usb_cam/package.xml
[1.007s] Invoked command in '/home/tannernelson3/ROS/ros/ros2_ws/build/usb_cam' returned '0': CMAKE_PREFIX_PATH=/home/tannernelson3/ROS/ros/ros2_ws/install/py_srvcli:/opt/ros/iron:${CMAKE_PREFIX_PATH} /usr/bin/cmake --install /home/tannernelson3/ROS/ros/ros2_ws/build/usb_cam
