[0.206s] Invoking command in '/home/tannernelson3/snuff_ros2/ros2_ws/build/usb_cam': CMAKE_PREFIX_PATH=/opt/ros/iron /usr/bin/cmake --build /home/tannernelson3/snuff_ros2/ros2_ws/build/usb_cam -- -j4 -l4
[0.370s] [ 14%] Built target gtest_main
[0.374s] [ 28%] Built target gtest
[0.393s] [ 42%] Built target usb_cam
[0.397s] [ 57%] Built target usb_cam_node_exe
[0.460s] [ 71%] Built target test_usb_cam_utils
[0.472s] [ 85%] Built target test_pixel_formats
[0.497s] [100%] Built target usb_cam_node
[0.573s] Invoked command in '/home/tannernelson3/snuff_ros2/ros2_ws/build/usb_cam' returned '0': CMAKE_PREFIX_PATH=/opt/ros/iron /usr/bin/cmake --build /home/tannernelson3/snuff_ros2/ros2_ws/build/usb_cam -- -j4 -l4
[0.855s] Invoking command in '/home/tannernelson3/snuff_ros2/ros2_ws/build/usb_cam': CMAKE_PREFIX_PATH=/opt/ros/iron /usr/bin/cmake --install /home/tannernelson3/snuff_ros2/ros2_ws/build/usb_cam
[0.871s] -- Install configuration: ""
[0.871s] -- Up-to-date: /home/tannernelson3/snuff_ros2/ros2_ws/install/usb_cam/share/usb_cam/environment/library_path.sh
[0.871s] -- Up-to-date: /home/tannernelson3/snuff_ros2/ros2_ws/install/usb_cam/share/usb_cam/environment/library_path.dsv
[0.873s] -- Up-to-date: /home/tannernelson3/snuff_ros2/ros2_ws/install/usb_cam/lib/usb_cam/usb_cam_node_exe
[0.873s] -- Up-to-date: /home/tannernelson3/snuff_ros2/ros2_ws/install/usb_cam/lib/usb_cam/show_image.py
[0.874s] -- Up-to-date: /home/tannernelson3/snuff_ros2/ros2_ws/install/usb_cam/lib/libusb_cam.so
[0.876s] -- Up-to-date: /home/tannernelson3/snuff_ros2/ros2_ws/install/usb_cam/lib/libusb_cam_node.so
[0.876s] -- Up-to-date: /home/tannernelson3/snuff_ros2/ros2_ws/install/usb_cam/include
[0.876s] -- Up-to-date: /home/tannernelson3/snuff_ros2/ros2_ws/install/usb_cam/include/usb_cam
[0.877s] -- Up-to-date: /home/tannernelson3/snuff_ros2/ros2_ws/install/usb_cam/include/usb_cam/usb_cam_node.hpp
[0.877s] -- Up-to-date: /home/tannernelson3/snuff_ros2/ros2_ws/install/usb_cam/include/usb_cam/constants.hpp
[0.878s] -- Up-to-date: /home/tannernelson3/snuff_ros2/ros2_ws/install/usb_cam/include/usb_cam/usb_cam.hpp
[0.878s] -- Up-to-date: /home/tannernelson3/snuff_ros2/ros2_ws/install/usb_cam/include/usb_cam/formats
[0.879s] -- Up-to-date: /home/tannernelson3/snuff_ros2/ros2_ws/install/usb_cam/include/usb_cam/formats/mono.hpp
[0.879s] -- Up-to-date: /home/tannernelson3/snuff_ros2/ros2_ws/install/usb_cam/include/usb_cam/formats/rgb.hpp
[0.879s] -- Up-to-date: /home/tannernelson3/snuff_ros2/ros2_ws/install/usb_cam/include/usb_cam/formats/mjpeg.hpp
[0.880s] -- Up-to-date: /home/tannernelson3/snuff_ros2/ros2_ws/install/usb_cam/include/usb_cam/formats/m420.hpp
[0.880s] -- Up-to-date: /home/tannernelson3/snuff_ros2/ros2_ws/install/usb_cam/include/usb_cam/formats/pixel_format_base.hpp
[0.881s] -- Up-to-date: /home/tannernelson3/snuff_ros2/ros2_ws/install/usb_cam/include/usb_cam/formats/yuyv.hpp
[0.881s] -- Up-to-date: /home/tannernelson3/snuff_ros2/ros2_ws/install/usb_cam/include/usb_cam/formats/utils.hpp
[0.882s] -- Up-to-date: /home/tannernelson3/snuff_ros2/ros2_ws/install/usb_cam/include/usb_cam/formats/uyvy.hpp
[0.882s] -- Up-to-date: /home/tannernelson3/snuff_ros2/ros2_ws/install/usb_cam/include/usb_cam/conversions.hpp
[0.882s] -- Up-to-date: /home/tannernelson3/snuff_ros2/ros2_ws/install/usb_cam/include/usb_cam/utils.hpp
[0.883s] -- Up-to-date: /home/tannernelson3/snuff_ros2/ros2_ws/install/usb_cam/lib/libusb_cam_node.so
[0.883s] -- Up-to-date: /home/tannernelson3/snuff_ros2/ros2_ws/install/usb_cam/share/usb_cam/launch
[0.883s] -- Up-to-date: /home/tannernelson3/snuff_ros2/ros2_ws/install/usb_cam/share/usb_cam/launch/camera_config.py
[0.883s] -- Up-to-date: /home/tannernelson3/snuff_ros2/ros2_ws/install/usb_cam/share/usb_cam/launch/camera.launch.py
[0.884s] -- Up-to-date: /home/tannernelson3/snuff_ros2/ros2_ws/install/usb_cam/share/usb_cam/launch/__init__.py
[0.884s] -- Up-to-date: /home/tannernelson3/snuff_ros2/ros2_ws/install/usb_cam/share/usb_cam/config
[0.884s] -- Up-to-date: /home/tannernelson3/snuff_ros2/ros2_ws/install/usb_cam/share/usb_cam/config/params_2.yaml
[0.885s] -- Up-to-date: /home/tannernelson3/snuff_ros2/ros2_ws/install/usb_cam/share/usb_cam/config/params_1.yaml
[0.885s] -- Up-to-date: /home/tannernelson3/snuff_ros2/ros2_ws/install/usb_cam/share/usb_cam/config/camera_info.yaml
[0.885s] -- Up-to-date: /home/tannernelson3/snuff_ros2/ros2_ws/install/usb_cam/share/ament_index/resource_index/package_run_dependencies/usb_cam
[0.885s] -- Up-to-date: /home/tannernelson3/snuff_ros2/ros2_ws/install/usb_cam/share/ament_index/resource_index/parent_prefix_path/usb_cam
[0.886s] -- Up-to-date: /home/tannernelson3/snuff_ros2/ros2_ws/install/usb_cam/share/usb_cam/environment/ament_prefix_path.sh
[0.886s] -- Up-to-date: /home/tannernelson3/snuff_ros2/ros2_ws/install/usb_cam/share/usb_cam/environment/ament_prefix_path.dsv
[0.886s] -- Up-to-date: /home/tannernelson3/snuff_ros2/ros2_ws/install/usb_cam/share/usb_cam/environment/path.sh
[0.887s] -- Up-to-date: /home/tannernelson3/snuff_ros2/ros2_ws/install/usb_cam/share/usb_cam/environment/path.dsv
[0.887s] -- Up-to-date: /home/tannernelson3/snuff_ros2/ros2_ws/install/usb_cam/share/usb_cam/local_setup.bash
[0.888s] -- Up-to-date: /home/tannernelson3/snuff_ros2/ros2_ws/install/usb_cam/share/usb_cam/local_setup.sh
[0.888s] -- Up-to-date: /home/tannernelson3/snuff_ros2/ros2_ws/install/usb_cam/share/usb_cam/local_setup.zsh
[0.888s] -- Up-to-date: /home/tannernelson3/snuff_ros2/ros2_ws/install/usb_cam/share/usb_cam/local_setup.dsv
[0.889s] -- Installing: /home/tannernelson3/snuff_ros2/ros2_ws/install/usb_cam/share/usb_cam/package.dsv
[0.889s] -- Up-to-date: /home/tannernelson3/snuff_ros2/ros2_ws/install/usb_cam/share/ament_index/resource_index/packages/usb_cam
[0.889s] -- Up-to-date: /home/tannernelson3/snuff_ros2/ros2_ws/install/usb_cam/share/ament_index/resource_index/rclcpp_components/usb_cam
[0.890s] -- Up-to-date: /home/tannernelson3/snuff_ros2/ros2_ws/install/usb_cam/share/usb_cam/cmake/ament_cmake_export_libraries-extras.cmake
[0.890s] -- Up-to-date: /home/tannernelson3/snuff_ros2/ros2_ws/install/usb_cam/share/usb_cam/cmake/ament_cmake_export_dependencies-extras.cmake
[0.890s] -- Up-to-date: /home/tannernelson3/snuff_ros2/ros2_ws/install/usb_cam/share/usb_cam/cmake/ament_cmake_export_include_directories-extras.cmake
[0.891s] -- Up-to-date: /home/tannernelson3/snuff_ros2/ros2_ws/install/usb_cam/share/usb_cam/cmake/usb_camConfig.cmake
[0.891s] -- Up-to-date: /home/tannernelson3/snuff_ros2/ros2_ws/install/usb_cam/share/usb_cam/cmake/usb_camConfig-version.cmake
[0.891s] -- Up-to-date: /home/tannernelson3/snuff_ros2/ros2_ws/install/usb_cam/share/usb_cam/package.xml
[1.441s] Invoked command in '/home/tannernelson3/snuff_ros2/ros2_ws/build/usb_cam' returned '0': CMAKE_PREFIX_PATH=/opt/ros/iron /usr/bin/cmake --install /home/tannernelson3/snuff_ros2/ros2_ws/build/usb_cam
