[0.483s] Invoking command in '/home/tannernelson3/snuff_ros2/ros2_ws/build/micro_ros_msgs': CMAKE_PREFIX_PATH=${CMAKE_PREFIX_PATH}:/opt/ros/iron /usr/bin/cmake --build /home/tannernelson3/snuff_ros2/ros2_ws/build/micro_ros_msgs -- -j4 -l4
[0.598s] [  1%] Built target micro_ros_msgs__rosidl_generator_type_description
[0.628s] [  1%] Built target ament_cmake_python_copy_micro_ros_msgs
[0.681s] [  3%] Built target micro_ros_msgs__cpp
[0.713s] [ 24%] Built target micro_ros_msgs__rosidl_generator_c
[0.852s] [ 33%] Built target micro_ros_msgs__rosidl_typesupport_cpp
[0.852s] [ 42%] Built target micro_ros_msgs__rosidl_typesupport_introspection_c
[0.898s] [ 51%] Built target micro_ros_msgs__rosidl_typesupport_fastrtps_c
[0.997s] [ 61%] Built target micro_ros_msgs__rosidl_typesupport_c
[1.028s] [ 70%] Built target micro_ros_msgs__rosidl_typesupport_fastrtps_cpp
[1.052s] [ 79%] Built target micro_ros_msgs__rosidl_typesupport_introspection_cpp
[1.169s] [ 79%] Built target micro_ros_msgs
[1.300s] [ 81%] Built target micro_ros_msgs__py
[1.410s] [ 88%] Built target micro_ros_msgs__rosidl_generator_py
[1.540s] [ 92%] Built target micro_ros_msgs__rosidl_typesupport_introspection_c__pyext
[1.574s] [ 96%] Built target micro_ros_msgs__rosidl_typesupport_fastrtps_c__pyext
[1.588s] [100%] Built target micro_ros_msgs__rosidl_typesupport_c__pyext
[1.677s] running egg_info
[1.679s] writing micro_ros_msgs.egg-info/PKG-INFO
[1.679s] writing dependency_links to micro_ros_msgs.egg-info/dependency_links.txt
[1.680s] writing top-level names to micro_ros_msgs.egg-info/top_level.txt
[1.686s] reading manifest file 'micro_ros_msgs.egg-info/SOURCES.txt'
[1.688s] writing manifest file 'micro_ros_msgs.egg-info/SOURCES.txt'
[1.755s] [100%] Built target ament_cmake_python_build_micro_ros_msgs_egg
[1.779s] Invoked command in '/home/tannernelson3/snuff_ros2/ros2_ws/build/micro_ros_msgs' returned '0': CMAKE_PREFIX_PATH=${CMAKE_PREFIX_PATH}:/opt/ros/iron /usr/bin/cmake --build /home/tannernelson3/snuff_ros2/ros2_ws/build/micro_ros_msgs -- -j4 -l4
[2.189s] Invoking command in '/home/tannernelson3/snuff_ros2/ros2_ws/build/micro_ros_msgs': CMAKE_PREFIX_PATH=${CMAKE_PREFIX_PATH}:/opt/ros/iron /usr/bin/cmake --install /home/tannernelson3/snuff_ros2/ros2_ws/build/micro_ros_msgs
[2.212s] -- Install configuration: ""
[2.214s] -- Up-to-date: /home/tannernelson3/snuff_ros2/ros2_ws/install/micro_ros_msgs/share/ament_index/resource_index/rosidl_interfaces/micro_ros_msgs
[2.215s] -- Up-to-date: /home/tannernelson3/snuff_ros2/ros2_ws/install/micro_ros_msgs/share/micro_ros_msgs/msg/Graph.json
[2.215s] -- Up-to-date: /home/tannernelson3/snuff_ros2/ros2_ws/install/micro_ros_msgs/share/micro_ros_msgs/msg/Node.json
[2.219s] -- Up-to-date: /home/tannernelson3/snuff_ros2/ros2_ws/install/micro_ros_msgs/share/micro_ros_msgs/msg/Entity.json
[2.231s] -- Up-to-date: /home/tannernelson3/snuff_ros2/ros2_ws/install/micro_ros_msgs/include/micro_ros_msgs/micro_ros_msgs
[2.235s] -- Up-to-date: /home/tannernelson3/snuff_ros2/ros2_ws/install/micro_ros_msgs/include/micro_ros_msgs/micro_ros_msgs/msg
[2.235s] -- Up-to-date: /home/tannernelson3/snuff_ros2/ros2_ws/install/micro_ros_msgs/include/micro_ros_msgs/micro_ros_msgs/msg/graph.h
[2.236s] -- Up-to-date: /home/tannernelson3/snuff_ros2/ros2_ws/install/micro_ros_msgs/include/micro_ros_msgs/micro_ros_msgs/msg/entity.h
[2.236s] -- Up-to-date: /home/tannernelson3/snuff_ros2/ros2_ws/install/micro_ros_msgs/include/micro_ros_msgs/micro_ros_msgs/msg/rosidl_generator_c__visibility_control.h
[2.237s] -- Up-to-date: /home/tannernelson3/snuff_ros2/ros2_ws/install/micro_ros_msgs/include/micro_ros_msgs/micro_ros_msgs/msg/node.h
[2.237s] -- Up-to-date: /home/tannernelson3/snuff_ros2/ros2_ws/install/micro_ros_msgs/include/micro_ros_msgs/micro_ros_msgs/msg/detail
[2.237s] -- Up-to-date: /home/tannernelson3/snuff_ros2/ros2_ws/install/micro_ros_msgs/include/micro_ros_msgs/micro_ros_msgs/msg/detail/node__type_support.c
[2.238s] -- Up-to-date: /home/tannernelson3/snuff_ros2/ros2_ws/install/micro_ros_msgs/include/micro_ros_msgs/micro_ros_msgs/msg/detail/graph__functions.c
[2.239s] -- Up-to-date: /home/tannernelson3/snuff_ros2/ros2_ws/install/micro_ros_msgs/include/micro_ros_msgs/micro_ros_msgs/msg/detail/entity__description.c
[2.239s] -- Up-to-date: /home/tannernelson3/snuff_ros2/ros2_ws/install/micro_ros_msgs/include/micro_ros_msgs/micro_ros_msgs/msg/detail/entity__functions.h
[2.240s] -- Up-to-date: /home/tannernelson3/snuff_ros2/ros2_ws/install/micro_ros_msgs/include/micro_ros_msgs/micro_ros_msgs/msg/detail/entity__struct.h
[2.240s] -- Up-to-date: /home/tannernelson3/snuff_ros2/ros2_ws/install/micro_ros_msgs/include/micro_ros_msgs/micro_ros_msgs/msg/detail/entity__type_support.c
[2.241s] -- Up-to-date: /home/tannernelson3/snuff_ros2/ros2_ws/install/micro_ros_msgs/include/micro_ros_msgs/micro_ros_msgs/msg/detail/graph__functions.h
[2.241s] -- Up-to-date: /home/tannernelson3/snuff_ros2/ros2_ws/install/micro_ros_msgs/include/micro_ros_msgs/micro_ros_msgs/msg/detail/node__functions.c
[2.242s] -- Up-to-date: /home/tannernelson3/snuff_ros2/ros2_ws/install/micro_ros_msgs/include/micro_ros_msgs/micro_ros_msgs/msg/detail/node__description.c
[2.243s] -- Up-to-date: /home/tannernelson3/snuff_ros2/ros2_ws/install/micro_ros_msgs/include/micro_ros_msgs/micro_ros_msgs/msg/detail/graph__struct.h
[2.243s] -- Up-to-date: /home/tannernelson3/snuff_ros2/ros2_ws/install/micro_ros_msgs/include/micro_ros_msgs/micro_ros_msgs/msg/detail/node__struct.h
[2.244s] -- Up-to-date: /home/tannernelson3/snuff_ros2/ros2_ws/install/micro_ros_msgs/include/micro_ros_msgs/micro_ros_msgs/msg/detail/graph__description.c
[2.248s] -- Up-to-date: /home/tannernelson3/snuff_ros2/ros2_ws/install/micro_ros_msgs/include/micro_ros_msgs/micro_ros_msgs/msg/detail/graph__type_support.h
[2.248s] -- Up-to-date: /home/tannernelson3/snuff_ros2/ros2_ws/install/micro_ros_msgs/include/micro_ros_msgs/micro_ros_msgs/msg/detail/node__type_support.h
[2.254s] -- Up-to-date: /home/tannernelson3/snuff_ros2/ros2_ws/install/micro_ros_msgs/include/micro_ros_msgs/micro_ros_msgs/msg/detail/graph__type_support.c
[2.254s] -- Up-to-date: /home/tannernelson3/snuff_ros2/ros2_ws/install/micro_ros_msgs/include/micro_ros_msgs/micro_ros_msgs/msg/detail/entity__functions.c
[2.255s] -- Up-to-date: /home/tannernelson3/snuff_ros2/ros2_ws/install/micro_ros_msgs/include/micro_ros_msgs/micro_ros_msgs/msg/detail/node__functions.h
[2.255s] -- Up-to-date: /home/tannernelson3/snuff_ros2/ros2_ws/install/micro_ros_msgs/include/micro_ros_msgs/micro_ros_msgs/msg/detail/entity__type_support.h
[2.255s] -- Up-to-date: /home/tannernelson3/snuff_ros2/ros2_ws/install/micro_ros_msgs/share/micro_ros_msgs/environment/library_path.sh
[2.256s] -- Up-to-date: /home/tannernelson3/snuff_ros2/ros2_ws/install/micro_ros_msgs/share/micro_ros_msgs/environment/library_path.dsv
[2.257s] -- Up-to-date: /home/tannernelson3/snuff_ros2/ros2_ws/install/micro_ros_msgs/lib/libmicro_ros_msgs__rosidl_generator_c.so
[2.259s] -- Up-to-date: /home/tannernelson3/snuff_ros2/ros2_ws/install/micro_ros_msgs/include/micro_ros_msgs/micro_ros_msgs
[2.259s] -- Up-to-date: /home/tannernelson3/snuff_ros2/ros2_ws/install/micro_ros_msgs/include/micro_ros_msgs/micro_ros_msgs/msg
[2.263s] -- Up-to-date: /home/tannernelson3/snuff_ros2/ros2_ws/install/micro_ros_msgs/include/micro_ros_msgs/micro_ros_msgs/msg/rosidl_typesupport_fastrtps_c__visibility_control.h
[2.263s] -- Up-to-date: /home/tannernelson3/snuff_ros2/ros2_ws/install/micro_ros_msgs/include/micro_ros_msgs/micro_ros_msgs/msg/detail
[2.264s] -- Up-to-date: /home/tannernelson3/snuff_ros2/ros2_ws/install/micro_ros_msgs/include/micro_ros_msgs/micro_ros_msgs/msg/detail/node__rosidl_typesupport_fastrtps_c.h
[2.265s] -- Up-to-date: /home/tannernelson3/snuff_ros2/ros2_ws/install/micro_ros_msgs/include/micro_ros_msgs/micro_ros_msgs/msg/detail/entity__rosidl_typesupport_fastrtps_c.h
[2.265s] -- Up-to-date: /home/tannernelson3/snuff_ros2/ros2_ws/install/micro_ros_msgs/include/micro_ros_msgs/micro_ros_msgs/msg/detail/graph__rosidl_typesupport_fastrtps_c.h
[2.266s] -- Up-to-date: /home/tannernelson3/snuff_ros2/ros2_ws/install/micro_ros_msgs/lib/libmicro_ros_msgs__rosidl_typesupport_fastrtps_c.so
[2.266s] -- Up-to-date: /home/tannernelson3/snuff_ros2/ros2_ws/install/micro_ros_msgs/include/micro_ros_msgs/micro_ros_msgs
[2.267s] -- Up-to-date: /home/tannernelson3/snuff_ros2/ros2_ws/install/micro_ros_msgs/include/micro_ros_msgs/micro_ros_msgs/msg
[2.267s] -- Up-to-date: /home/tannernelson3/snuff_ros2/ros2_ws/install/micro_ros_msgs/include/micro_ros_msgs/micro_ros_msgs/msg/rosidl_typesupport_introspection_c__visibility_control.h
[2.267s] -- Up-to-date: /home/tannernelson3/snuff_ros2/ros2_ws/install/micro_ros_msgs/include/micro_ros_msgs/micro_ros_msgs/msg/detail
[2.268s] -- Up-to-date: /home/tannernelson3/snuff_ros2/ros2_ws/install/micro_ros_msgs/include/micro_ros_msgs/micro_ros_msgs/msg/detail/node__type_support.c
[2.269s] -- Up-to-date: /home/tannernelson3/snuff_ros2/ros2_ws/install/micro_ros_msgs/include/micro_ros_msgs/micro_ros_msgs/msg/detail/node__rosidl_typesupport_introspection_c.h
[2.269s] -- Up-to-date: /home/tannernelson3/snuff_ros2/ros2_ws/install/micro_ros_msgs/include/micro_ros_msgs/micro_ros_msgs/msg/detail/entity__type_support.c
[2.270s] -- Up-to-date: /home/tannernelson3/snuff_ros2/ros2_ws/install/micro_ros_msgs/include/micro_ros_msgs/micro_ros_msgs/msg/detail/entity__rosidl_typesupport_introspection_c.h
[2.270s] -- Up-to-date: /home/tannernelson3/snuff_ros2/ros2_ws/install/micro_ros_msgs/include/micro_ros_msgs/micro_ros_msgs/msg/detail/graph__rosidl_typesupport_introspection_c.h
[2.271s] -- Up-to-date: /home/tannernelson3/snuff_ros2/ros2_ws/install/micro_ros_msgs/include/micro_ros_msgs/micro_ros_msgs/msg/detail/graph__type_support.c
[2.271s] -- Up-to-date: /home/tannernelson3/snuff_ros2/ros2_ws/install/micro_ros_msgs/lib/libmicro_ros_msgs__rosidl_typesupport_introspection_c.so
[2.280s] -- Up-to-date: /home/tannernelson3/snuff_ros2/ros2_ws/install/micro_ros_msgs/lib/libmicro_ros_msgs__rosidl_typesupport_c.so
[2.284s] -- Up-to-date: /home/tannernelson3/snuff_ros2/ros2_ws/install/micro_ros_msgs/include/micro_ros_msgs/micro_ros_msgs
[2.285s] -- Up-to-date: /home/tannernelson3/snuff_ros2/ros2_ws/install/micro_ros_msgs/include/micro_ros_msgs/micro_ros_msgs/msg
[2.286s] -- Up-to-date: /home/tannernelson3/snuff_ros2/ros2_ws/install/micro_ros_msgs/include/micro_ros_msgs/micro_ros_msgs/msg/node.hpp
[2.286s] -- Up-to-date: /home/tannernelson3/snuff_ros2/ros2_ws/install/micro_ros_msgs/include/micro_ros_msgs/micro_ros_msgs/msg/graph.hpp
[2.287s] -- Up-to-date: /home/tannernelson3/snuff_ros2/ros2_ws/install/micro_ros_msgs/include/micro_ros_msgs/micro_ros_msgs/msg/entity.hpp
[2.287s] -- Up-to-date: /home/tannernelson3/snuff_ros2/ros2_ws/install/micro_ros_msgs/include/micro_ros_msgs/micro_ros_msgs/msg/detail
[2.288s] -- Up-to-date: /home/tannernelson3/snuff_ros2/ros2_ws/install/micro_ros_msgs/include/micro_ros_msgs/micro_ros_msgs/msg/detail/graph__traits.hpp
[2.289s] -- Up-to-date: /home/tannernelson3/snuff_ros2/ros2_ws/install/micro_ros_msgs/include/micro_ros_msgs/micro_ros_msgs/msg/detail/node__builder.hpp
[2.289s] -- Up-to-date: /home/tannernelson3/snuff_ros2/ros2_ws/install/micro_ros_msgs/include/micro_ros_msgs/micro_ros_msgs/msg/detail/entity__struct.hpp
[2.290s] -- Up-to-date: /home/tannernelson3/snuff_ros2/ros2_ws/install/micro_ros_msgs/include/micro_ros_msgs/micro_ros_msgs/msg/detail/graph__struct.hpp
[2.290s] -- Up-to-date: /home/tannernelson3/snuff_ros2/ros2_ws/install/micro_ros_msgs/include/micro_ros_msgs/micro_ros_msgs/msg/detail/node__traits.hpp
[2.291s] -- Up-to-date: /home/tannernelson3/snuff_ros2/ros2_ws/install/micro_ros_msgs/include/micro_ros_msgs/micro_ros_msgs/msg/detail/node__struct.hpp
[2.291s] -- Up-to-date: /home/tannernelson3/snuff_ros2/ros2_ws/install/micro_ros_msgs/include/micro_ros_msgs/micro_ros_msgs/msg/detail/entity__builder.hpp
[2.292s] -- Up-to-date: /home/tannernelson3/snuff_ros2/ros2_ws/install/micro_ros_msgs/include/micro_ros_msgs/micro_ros_msgs/msg/detail/entity__traits.hpp
[2.292s] -- Up-to-date: /home/tannernelson3/snuff_ros2/ros2_ws/install/micro_ros_msgs/include/micro_ros_msgs/micro_ros_msgs/msg/detail/graph__builder.hpp
[2.295s] -- Up-to-date: /home/tannernelson3/snuff_ros2/ros2_ws/install/micro_ros_msgs/include/micro_ros_msgs/micro_ros_msgs
[2.296s] -- Up-to-date: /home/tannernelson3/snuff_ros2/ros2_ws/install/micro_ros_msgs/include/micro_ros_msgs/micro_ros_msgs/msg
[2.296s] -- Up-to-date: /home/tannernelson3/snuff_ros2/ros2_ws/install/micro_ros_msgs/include/micro_ros_msgs/micro_ros_msgs/msg/rosidl_typesupport_fastrtps_cpp__visibility_control.h
[2.297s] -- Up-to-date: /home/tannernelson3/snuff_ros2/ros2_ws/install/micro_ros_msgs/include/micro_ros_msgs/micro_ros_msgs/msg/detail
[2.298s] -- Up-to-date: /home/tannernelson3/snuff_ros2/ros2_ws/install/micro_ros_msgs/include/micro_ros_msgs/micro_ros_msgs/msg/detail/entity__rosidl_typesupport_fastrtps_cpp.hpp
[2.298s] -- Up-to-date: /home/tannernelson3/snuff_ros2/ros2_ws/install/micro_ros_msgs/include/micro_ros_msgs/micro_ros_msgs/msg/detail/node__rosidl_typesupport_fastrtps_cpp.hpp
[2.300s] -- Up-to-date: /home/tannernelson3/snuff_ros2/ros2_ws/install/micro_ros_msgs/include/micro_ros_msgs/micro_ros_msgs/msg/detail/dds_fastrtps
[2.303s] -- Up-to-date: /home/tannernelson3/snuff_ros2/ros2_ws/install/micro_ros_msgs/include/micro_ros_msgs/micro_ros_msgs/msg/detail/graph__rosidl_typesupport_fastrtps_cpp.hpp
[2.307s] -- Up-to-date: /home/tannernelson3/snuff_ros2/ros2_ws/install/micro_ros_msgs/lib/libmicro_ros_msgs__rosidl_typesupport_fastrtps_cpp.so
[2.319s] -- Up-to-date: /home/tannernelson3/snuff_ros2/ros2_ws/install/micro_ros_msgs/include/micro_ros_msgs/micro_ros_msgs
[2.320s] -- Up-to-date: /home/tannernelson3/snuff_ros2/ros2_ws/install/micro_ros_msgs/include/micro_ros_msgs/micro_ros_msgs/msg
[2.320s] -- Up-to-date: /home/tannernelson3/snuff_ros2/ros2_ws/install/micro_ros_msgs/include/micro_ros_msgs/micro_ros_msgs/msg/detail
[2.320s] -- Up-to-date: /home/tannernelson3/snuff_ros2/ros2_ws/install/micro_ros_msgs/include/micro_ros_msgs/micro_ros_msgs/msg/detail/node__type_support.cpp
[2.321s] -- Up-to-date: /home/tannernelson3/snuff_ros2/ros2_ws/install/micro_ros_msgs/include/micro_ros_msgs/micro_ros_msgs/msg/detail/entity__type_support.cpp
[2.321s] -- Up-to-date: /home/tannernelson3/snuff_ros2/ros2_ws/install/micro_ros_msgs/include/micro_ros_msgs/micro_ros_msgs/msg/detail/entity__rosidl_typesupport_introspection_cpp.hpp
[2.321s] -- Up-to-date: /home/tannernelson3/snuff_ros2/ros2_ws/install/micro_ros_msgs/include/micro_ros_msgs/micro_ros_msgs/msg/detail/graph__rosidl_typesupport_introspection_cpp.hpp
[2.321s] -- Up-to-date: /home/tannernelson3/snuff_ros2/ros2_ws/install/micro_ros_msgs/include/micro_ros_msgs/micro_ros_msgs/msg/detail/graph__type_support.cpp
[2.322s] -- Up-to-date: /home/tannernelson3/snuff_ros2/ros2_ws/install/micro_ros_msgs/include/micro_ros_msgs/micro_ros_msgs/msg/detail/node__rosidl_typesupport_introspection_cpp.hpp
[2.324s] -- Up-to-date: /home/tannernelson3/snuff_ros2/ros2_ws/install/micro_ros_msgs/lib/libmicro_ros_msgs__rosidl_typesupport_introspection_cpp.so
[2.326s] -- Up-to-date: /home/tannernelson3/snuff_ros2/ros2_ws/install/micro_ros_msgs/lib/libmicro_ros_msgs__rosidl_typesupport_cpp.so
[2.330s] -- Up-to-date: /home/tannernelson3/snuff_ros2/ros2_ws/install/micro_ros_msgs/share/micro_ros_msgs/environment/pythonpath.sh
[2.330s] -- Up-to-date: /home/tannernelson3/snuff_ros2/ros2_ws/install/micro_ros_msgs/share/micro_ros_msgs/environment/pythonpath.dsv
[2.330s] -- Up-to-date: /home/tannernelson3/snuff_ros2/ros2_ws/install/micro_ros_msgs/lib/python3.10/site-packages/micro_ros_msgs-4.0.0-py3.10.egg-info
[2.330s] -- Installing: /home/tannernelson3/snuff_ros2/ros2_ws/install/micro_ros_msgs/lib/python3.10/site-packages/micro_ros_msgs-4.0.0-py3.10.egg-info/PKG-INFO
[2.330s] -- Installing: /home/tannernelson3/snuff_ros2/ros2_ws/install/micro_ros_msgs/lib/python3.10/site-packages/micro_ros_msgs-4.0.0-py3.10.egg-info/dependency_links.txt
[2.331s] -- Installing: /home/tannernelson3/snuff_ros2/ros2_ws/install/micro_ros_msgs/lib/python3.10/site-packages/micro_ros_msgs-4.0.0-py3.10.egg-info/SOURCES.txt
[2.331s] -- Installing: /home/tannernelson3/snuff_ros2/ros2_ws/install/micro_ros_msgs/lib/python3.10/site-packages/micro_ros_msgs-4.0.0-py3.10.egg-info/top_level.txt
[2.332s] -- Up-to-date: /home/tannernelson3/snuff_ros2/ros2_ws/install/micro_ros_msgs/lib/python3.10/site-packages/micro_ros_msgs
[2.332s] -- Up-to-date: /home/tannernelson3/snuff_ros2/ros2_ws/install/micro_ros_msgs/lib/python3.10/site-packages/micro_ros_msgs/micro_ros_msgs_s__rosidl_typesupport_c.cpython-310-x86_64-linux-gnu.so
[2.332s] -- Up-to-date: /home/tannernelson3/snuff_ros2/ros2_ws/install/micro_ros_msgs/lib/python3.10/site-packages/micro_ros_msgs/msg
[2.332s] -- Up-to-date: /home/tannernelson3/snuff_ros2/ros2_ws/install/micro_ros_msgs/lib/python3.10/site-packages/micro_ros_msgs/msg/_entity_s.c
[2.332s] -- Up-to-date: /home/tannernelson3/snuff_ros2/ros2_ws/install/micro_ros_msgs/lib/python3.10/site-packages/micro_ros_msgs/msg/_entity.py
[2.332s] -- Up-to-date: /home/tannernelson3/snuff_ros2/ros2_ws/install/micro_ros_msgs/lib/python3.10/site-packages/micro_ros_msgs/msg/_graph.py
[2.333s] -- Up-to-date: /home/tannernelson3/snuff_ros2/ros2_ws/install/micro_ros_msgs/lib/python3.10/site-packages/micro_ros_msgs/msg/_node_s.c
[2.333s] -- Up-to-date: /home/tannernelson3/snuff_ros2/ros2_ws/install/micro_ros_msgs/lib/python3.10/site-packages/micro_ros_msgs/msg/_graph_s.c
[2.333s] -- Up-to-date: /home/tannernelson3/snuff_ros2/ros2_ws/install/micro_ros_msgs/lib/python3.10/site-packages/micro_ros_msgs/msg/__init__.py
[2.333s] -- Up-to-date: /home/tannernelson3/snuff_ros2/ros2_ws/install/micro_ros_msgs/lib/python3.10/site-packages/micro_ros_msgs/msg/_node.py
[2.333s] -- Up-to-date: /home/tannernelson3/snuff_ros2/ros2_ws/install/micro_ros_msgs/lib/python3.10/site-packages/micro_ros_msgs/_micro_ros_msgs_s.ep.rosidl_typesupport_c.c
[2.334s] -- Up-to-date: /home/tannernelson3/snuff_ros2/ros2_ws/install/micro_ros_msgs/lib/python3.10/site-packages/micro_ros_msgs/micro_ros_msgs_s__rosidl_typesupport_fastrtps_c.cpython-310-x86_64-linux-gnu.so
[2.334s] -- Up-to-date: /home/tannernelson3/snuff_ros2/ros2_ws/install/micro_ros_msgs/lib/python3.10/site-packages/micro_ros_msgs/_micro_ros_msgs_s.ep.rosidl_typesupport_fastrtps_c.c
[2.334s] -- Up-to-date: /home/tannernelson3/snuff_ros2/ros2_ws/install/micro_ros_msgs/lib/python3.10/site-packages/micro_ros_msgs/libmicro_ros_msgs__rosidl_generator_py.so
[2.334s] -- Up-to-date: /home/tannernelson3/snuff_ros2/ros2_ws/install/micro_ros_msgs/lib/python3.10/site-packages/micro_ros_msgs/_micro_ros_msgs_s.ep.rosidl_typesupport_introspection_c.c
[2.334s] -- Up-to-date: /home/tannernelson3/snuff_ros2/ros2_ws/install/micro_ros_msgs/lib/python3.10/site-packages/micro_ros_msgs/micro_ros_msgs_s__rosidl_typesupport_introspection_c.cpython-310-x86_64-linux-gnu.so
[2.335s] -- Up-to-date: /home/tannernelson3/snuff_ros2/ros2_ws/install/micro_ros_msgs/lib/python3.10/site-packages/micro_ros_msgs/__init__.py
[2.350s] Listing '/home/tannernelson3/snuff_ros2/ros2_ws/install/micro_ros_msgs/lib/python3.10/site-packages/micro_ros_msgs'...
[2.351s] Listing '/home/tannernelson3/snuff_ros2/ros2_ws/install/micro_ros_msgs/lib/python3.10/site-packages/micro_ros_msgs/msg'...
[2.352s] -- Up-to-date: /home/tannernelson3/snuff_ros2/ros2_ws/install/micro_ros_msgs/lib/python3.10/site-packages/micro_ros_msgs/micro_ros_msgs_s__rosidl_typesupport_fastrtps_c.cpython-310-x86_64-linux-gnu.so
[2.352s] -- Up-to-date: /home/tannernelson3/snuff_ros2/ros2_ws/install/micro_ros_msgs/lib/python3.10/site-packages/micro_ros_msgs/micro_ros_msgs_s__rosidl_typesupport_introspection_c.cpython-310-x86_64-linux-gnu.so
[2.353s] -- Up-to-date: /home/tannernelson3/snuff_ros2/ros2_ws/install/micro_ros_msgs/lib/python3.10/site-packages/micro_ros_msgs/micro_ros_msgs_s__rosidl_typesupport_c.cpython-310-x86_64-linux-gnu.so
[2.353s] -- Up-to-date: /home/tannernelson3/snuff_ros2/ros2_ws/install/micro_ros_msgs/lib/libmicro_ros_msgs__rosidl_generator_py.so
[2.353s] -- Up-to-date: /home/tannernelson3/snuff_ros2/ros2_ws/install/micro_ros_msgs/share/micro_ros_msgs/msg/Graph.idl
[2.354s] -- Up-to-date: /home/tannernelson3/snuff_ros2/ros2_ws/install/micro_ros_msgs/share/micro_ros_msgs/msg/Node.idl
[2.354s] -- Up-to-date: /home/tannernelson3/snuff_ros2/ros2_ws/install/micro_ros_msgs/share/micro_ros_msgs/msg/Entity.idl
[2.355s] -- Up-to-date: /home/tannernelson3/snuff_ros2/ros2_ws/install/micro_ros_msgs/share/micro_ros_msgs/msg/Graph.msg
[2.355s] -- Up-to-date: /home/tannernelson3/snuff_ros2/ros2_ws/install/micro_ros_msgs/share/micro_ros_msgs/msg/Node.msg
[2.355s] -- Up-to-date: /home/tannernelson3/snuff_ros2/ros2_ws/install/micro_ros_msgs/share/micro_ros_msgs/msg/Entity.msg
[2.356s] -- Up-to-date: /home/tannernelson3/snuff_ros2/ros2_ws/install/micro_ros_msgs/share/ament_index/resource_index/package_run_dependencies/micro_ros_msgs
[2.356s] -- Up-to-date: /home/tannernelson3/snuff_ros2/ros2_ws/install/micro_ros_msgs/share/ament_index/resource_index/parent_prefix_path/micro_ros_msgs
[2.356s] -- Up-to-date: /home/tannernelson3/snuff_ros2/ros2_ws/install/micro_ros_msgs/share/micro_ros_msgs/environment/ament_prefix_path.sh
[2.357s] -- Up-to-date: /home/tannernelson3/snuff_ros2/ros2_ws/install/micro_ros_msgs/share/micro_ros_msgs/environment/ament_prefix_path.dsv
[2.357s] -- Up-to-date: /home/tannernelson3/snuff_ros2/ros2_ws/install/micro_ros_msgs/share/micro_ros_msgs/environment/path.sh
[2.357s] -- Up-to-date: /home/tannernelson3/snuff_ros2/ros2_ws/install/micro_ros_msgs/share/micro_ros_msgs/environment/path.dsv
[2.358s] -- Up-to-date: /home/tannernelson3/snuff_ros2/ros2_ws/install/micro_ros_msgs/share/micro_ros_msgs/local_setup.bash
[2.358s] -- Up-to-date: /home/tannernelson3/snuff_ros2/ros2_ws/install/micro_ros_msgs/share/micro_ros_msgs/local_setup.sh
[2.358s] -- Up-to-date: /home/tannernelson3/snuff_ros2/ros2_ws/install/micro_ros_msgs/share/micro_ros_msgs/local_setup.zsh
[2.359s] -- Up-to-date: /home/tannernelson3/snuff_ros2/ros2_ws/install/micro_ros_msgs/share/micro_ros_msgs/local_setup.dsv
[2.359s] -- Installing: /home/tannernelson3/snuff_ros2/ros2_ws/install/micro_ros_msgs/share/micro_ros_msgs/package.dsv
[2.359s] -- Up-to-date: /home/tannernelson3/snuff_ros2/ros2_ws/install/micro_ros_msgs/share/ament_index/resource_index/packages/micro_ros_msgs
[2.360s] -- Up-to-date: /home/tannernelson3/snuff_ros2/ros2_ws/install/micro_ros_msgs/share/micro_ros_msgs/cmake/export_micro_ros_msgs__rosidl_generator_cExport.cmake
[2.360s] -- Up-to-date: /home/tannernelson3/snuff_ros2/ros2_ws/install/micro_ros_msgs/share/micro_ros_msgs/cmake/export_micro_ros_msgs__rosidl_generator_cExport-noconfig.cmake
[2.361s] -- Up-to-date: /home/tannernelson3/snuff_ros2/ros2_ws/install/micro_ros_msgs/share/micro_ros_msgs/cmake/export_micro_ros_msgs__rosidl_typesupport_fastrtps_cExport.cmake
[2.361s] -- Up-to-date: /home/tannernelson3/snuff_ros2/ros2_ws/install/micro_ros_msgs/share/micro_ros_msgs/cmake/export_micro_ros_msgs__rosidl_typesupport_fastrtps_cExport-noconfig.cmake
[2.362s] -- Up-to-date: /home/tannernelson3/snuff_ros2/ros2_ws/install/micro_ros_msgs/share/micro_ros_msgs/cmake/micro_ros_msgs__rosidl_typesupport_introspection_cExport.cmake
[2.363s] -- Up-to-date: /home/tannernelson3/snuff_ros2/ros2_ws/install/micro_ros_msgs/share/micro_ros_msgs/cmake/micro_ros_msgs__rosidl_typesupport_introspection_cExport-noconfig.cmake
[2.363s] -- Up-to-date: /home/tannernelson3/snuff_ros2/ros2_ws/install/micro_ros_msgs/share/micro_ros_msgs/cmake/micro_ros_msgs__rosidl_typesupport_cExport.cmake
[2.363s] -- Up-to-date: /home/tannernelson3/snuff_ros2/ros2_ws/install/micro_ros_msgs/share/micro_ros_msgs/cmake/micro_ros_msgs__rosidl_typesupport_cExport-noconfig.cmake
[2.364s] -- Up-to-date: /home/tannernelson3/snuff_ros2/ros2_ws/install/micro_ros_msgs/share/micro_ros_msgs/cmake/export_micro_ros_msgs__rosidl_generator_cppExport.cmake
[2.364s] -- Up-to-date: /home/tannernelson3/snuff_ros2/ros2_ws/install/micro_ros_msgs/share/micro_ros_msgs/cmake/export_micro_ros_msgs__rosidl_typesupport_fastrtps_cppExport.cmake
[2.365s] -- Up-to-date: /home/tannernelson3/snuff_ros2/ros2_ws/install/micro_ros_msgs/share/micro_ros_msgs/cmake/export_micro_ros_msgs__rosidl_typesupport_fastrtps_cppExport-noconfig.cmake
[2.365s] -- Up-to-date: /home/tannernelson3/snuff_ros2/ros2_ws/install/micro_ros_msgs/share/micro_ros_msgs/cmake/micro_ros_msgs__rosidl_typesupport_introspection_cppExport.cmake
[2.365s] -- Up-to-date: /home/tannernelson3/snuff_ros2/ros2_ws/install/micro_ros_msgs/share/micro_ros_msgs/cmake/micro_ros_msgs__rosidl_typesupport_introspection_cppExport-noconfig.cmake
[2.366s] -- Up-to-date: /home/tannernelson3/snuff_ros2/ros2_ws/install/micro_ros_msgs/share/micro_ros_msgs/cmake/micro_ros_msgs__rosidl_typesupport_cppExport.cmake
[2.366s] -- Up-to-date: /home/tannernelson3/snuff_ros2/ros2_ws/install/micro_ros_msgs/share/micro_ros_msgs/cmake/micro_ros_msgs__rosidl_typesupport_cppExport-noconfig.cmake
[2.367s] -- Up-to-date: /home/tannernelson3/snuff_ros2/ros2_ws/install/micro_ros_msgs/share/micro_ros_msgs/cmake/export_micro_ros_msgs__rosidl_generator_pyExport.cmake
[2.367s] -- Up-to-date: /home/tannernelson3/snuff_ros2/ros2_ws/install/micro_ros_msgs/share/micro_ros_msgs/cmake/export_micro_ros_msgs__rosidl_generator_pyExport-noconfig.cmake
[2.369s] -- Up-to-date: /home/tannernelson3/snuff_ros2/ros2_ws/install/micro_ros_msgs/share/micro_ros_msgs/cmake/rosidl_cmake-extras.cmake
[2.369s] -- Up-to-date: /home/tannernelson3/snuff_ros2/ros2_ws/install/micro_ros_msgs/share/micro_ros_msgs/cmake/ament_cmake_export_include_directories-extras.cmake
[2.370s] -- Up-to-date: /home/tannernelson3/snuff_ros2/ros2_ws/install/micro_ros_msgs/share/micro_ros_msgs/cmake/ament_cmake_export_libraries-extras.cmake
[2.371s] -- Up-to-date: /home/tannernelson3/snuff_ros2/ros2_ws/install/micro_ros_msgs/share/micro_ros_msgs/cmake/ament_cmake_export_targets-extras.cmake
[2.372s] -- Up-to-date: /home/tannernelson3/snuff_ros2/ros2_ws/install/micro_ros_msgs/share/micro_ros_msgs/cmake/rosidl_cmake_export_typesupport_targets-extras.cmake
[2.373s] -- Up-to-date: /home/tannernelson3/snuff_ros2/ros2_ws/install/micro_ros_msgs/share/micro_ros_msgs/cmake/ament_cmake_export_dependencies-extras.cmake
[2.373s] -- Up-to-date: /home/tannernelson3/snuff_ros2/ros2_ws/install/micro_ros_msgs/share/micro_ros_msgs/cmake/rosidl_cmake_export_typesupport_libraries-extras.cmake
[2.373s] -- Up-to-date: /home/tannernelson3/snuff_ros2/ros2_ws/install/micro_ros_msgs/share/micro_ros_msgs/cmake/micro_ros_msgsConfig.cmake
[2.374s] -- Up-to-date: /home/tannernelson3/snuff_ros2/ros2_ws/install/micro_ros_msgs/share/micro_ros_msgs/cmake/micro_ros_msgsConfig-version.cmake
[2.374s] -- Up-to-date: /home/tannernelson3/snuff_ros2/ros2_ws/install/micro_ros_msgs/share/micro_ros_msgs/package.xml
[2.454s] Invoked command in '/home/tannernelson3/snuff_ros2/ros2_ws/build/micro_ros_msgs' returned '0': CMAKE_PREFIX_PATH=${CMAKE_PREFIX_PATH}:/opt/ros/iron /usr/bin/cmake --install /home/tannernelson3/snuff_ros2/ros2_ws/build/micro_ros_msgs
