[1.477s] DEBUG:colcon:Command line arguments: ['/usr/bin/colcon', 'build']
[1.478s] DEBUG:colcon:Parsed command line arguments: Namespace(log_base=None, log_level=None, verb_name='build', build_base='build', install_base='install', merge_install=False, symlink_install=False, test_result_base=None, continue_on_error=False, executor='parallel', parallel_workers=4, event_handlers=None, ignore_user_meta=False, metas=['./colcon.meta'], base_paths=['.'], packages_ignore=None, packages_ignore_regex=None, paths=None, packages_up_to=None, packages_up_to_regex=None, packages_above=None, packages_above_and_dependencies=None, packages_above_depth=None, packages_select_by_dep=None, packages_skip_by_dep=None, packages_skip_up_to=None, packages_select_build_failed=False, packages_skip_build_finished=False, packages_select_test_failures=False, packages_skip_test_passed=False, packages_select=None, packages_skip=None, packages_select_regex=None, packages_skip_regex=None, packages_start=None, packages_end=None, allow_overriding=[], cmake_args=None, cmake_target=None, cmake_target_skip_unavailable=False, cmake_clean_cache=False, cmake_clean_first=False, cmake_force_configure=False, ament_cmake_args=None, catkin_cmake_args=None, catkin_skip_building_tests=False, verb_parser=<colcon_defaults.argument_parser.defaults.DefaultArgumentsDecorator object at 0x7fc3df66ccd0>, verb_extension=<colcon_core.verb.build.BuildVerb object at 0x7fc3e04fa8c0>, main=<bound method BuildVerb.main of <colcon_core.verb.build.BuildVerb object at 0x7fc3e04fa8c0>>)
[1.551s] Level 1:colcon.colcon_core.package_discovery:discover_packages(colcon_meta) check parameters
[1.551s] Level 1:colcon.colcon_core.package_discovery:discover_packages(recursive) check parameters
[1.551s] Level 1:colcon.colcon_core.package_discovery:discover_packages(ignore) check parameters
[1.552s] Level 1:colcon.colcon_core.package_discovery:discover_packages(path) check parameters
[1.552s] Level 1:colcon.colcon_core.package_discovery:discover_packages(colcon_meta) discover
[1.552s] Level 1:colcon.colcon_core.package_discovery:discover_packages(recursive) discover
[1.552s] INFO:colcon.colcon_core.package_discovery:Crawling recursively for packages in '/home/tannernelson3/ROS/ros/ros2_ws'
[1.552s] Level 1:colcon.colcon_core.package_identification:_identify(.) by extensions ['ignore', 'ignore_ament_install']
[1.552s] Level 1:colcon.colcon_core.package_identification:_identify(.) by extension 'ignore'
[1.552s] Level 1:colcon.colcon_core.package_identification:_identify(.) by extension 'ignore_ament_install'
[1.552s] Level 1:colcon.colcon_core.package_identification:_identify(.) by extensions ['colcon_pkg']
[1.553s] Level 1:colcon.colcon_core.package_identification:_identify(.) by extension 'colcon_pkg'
[1.553s] Level 1:colcon.colcon_core.package_identification:_identify(.) by extensions ['colcon_meta']
[1.553s] Level 1:colcon.colcon_core.package_identification:_identify(.) by extension 'colcon_meta'
[1.553s] Level 1:colcon.colcon_core.package_identification:_identify(.) by extensions ['ros']
[1.553s] Level 1:colcon.colcon_core.package_identification:_identify(.) by extension 'ros'
[1.577s] Level 1:colcon.colcon_core.package_identification:_identify(.) by extensions ['cmake', 'python']
[1.577s] Level 1:colcon.colcon_core.package_identification:_identify(.) by extension 'cmake'
[1.577s] Level 1:colcon.colcon_core.package_identification:_identify(.) by extension 'python'
[1.578s] Level 1:colcon.colcon_core.package_identification:_identify(.) by extensions ['python_setup_py']
[1.578s] Level 1:colcon.colcon_core.package_identification:_identify(.) by extension 'python_setup_py'
[1.578s] Level 1:colcon.colcon_core.package_identification:_identify(build) by extensions ['ignore', 'ignore_ament_install']
[1.578s] Level 1:colcon.colcon_core.package_identification:_identify(build) by extension 'ignore'
[1.578s] Level 1:colcon.colcon_core.package_identification:_identify(build) ignored
[1.578s] Level 1:colcon.colcon_core.package_identification:_identify(install) by extensions ['ignore', 'ignore_ament_install']
[1.579s] Level 1:colcon.colcon_core.package_identification:_identify(install) by extension 'ignore'
[1.579s] Level 1:colcon.colcon_core.package_identification:_identify(install) ignored
[1.579s] Level 1:colcon.colcon_core.package_identification:_identify(log) by extensions ['ignore', 'ignore_ament_install']
[1.579s] Level 1:colcon.colcon_core.package_identification:_identify(log) by extension 'ignore'
[1.579s] Level 1:colcon.colcon_core.package_identification:_identify(log) ignored
[1.579s] Level 1:colcon.colcon_core.package_identification:_identify(src) by extensions ['ignore', 'ignore_ament_install']
[1.580s] Level 1:colcon.colcon_core.package_identification:_identify(src) by extension 'ignore'
[1.580s] Level 1:colcon.colcon_core.package_identification:_identify(src) by extension 'ignore_ament_install'
[1.580s] Level 1:colcon.colcon_core.package_identification:_identify(src) by extensions ['colcon_pkg']
[1.580s] Level 1:colcon.colcon_core.package_identification:_identify(src) by extension 'colcon_pkg'
[1.580s] Level 1:colcon.colcon_core.package_identification:_identify(src) by extensions ['colcon_meta']
[1.580s] Level 1:colcon.colcon_core.package_identification:_identify(src) by extension 'colcon_meta'
[1.580s] Level 1:colcon.colcon_core.package_identification:_identify(src) by extensions ['ros']
[1.580s] Level 1:colcon.colcon_core.package_identification:_identify(src) by extension 'ros'
[1.580s] Level 1:colcon.colcon_core.package_identification:_identify(src) by extensions ['cmake', 'python']
[1.580s] Level 1:colcon.colcon_core.package_identification:_identify(src) by extension 'cmake'
[1.581s] Level 1:colcon.colcon_core.package_identification:_identify(src) by extension 'python'
[1.581s] Level 1:colcon.colcon_core.package_identification:_identify(src) by extensions ['python_setup_py']
[1.581s] Level 1:colcon.colcon_core.package_identification:_identify(src) by extension 'python_setup_py'
[1.581s] Level 1:colcon.colcon_core.package_identification:_identify(src/py_srvcli) by extensions ['ignore', 'ignore_ament_install']
[1.581s] Level 1:colcon.colcon_core.package_identification:_identify(src/py_srvcli) by extension 'ignore'
[1.581s] Level 1:colcon.colcon_core.package_identification:_identify(src/py_srvcli) by extension 'ignore_ament_install'
[1.581s] Level 1:colcon.colcon_core.package_identification:_identify(src/py_srvcli) by extensions ['colcon_pkg']
[1.581s] Level 1:colcon.colcon_core.package_identification:_identify(src/py_srvcli) by extension 'colcon_pkg'
[1.581s] Level 1:colcon.colcon_core.package_identification:_identify(src/py_srvcli) by extensions ['colcon_meta']
[1.582s] Level 1:colcon.colcon_core.package_identification:_identify(src/py_srvcli) by extension 'colcon_meta'
[1.582s] Level 1:colcon.colcon_core.package_identification:_identify(src/py_srvcli) by extensions ['ros']
[1.582s] Level 1:colcon.colcon_core.package_identification:_identify(src/py_srvcli) by extension 'ros'
[1.586s] DEBUG:colcon.colcon_core.package_identification:Package 'src/py_srvcli' with type 'ros.ament_python' and name 'py_srvcli'
[1.586s] Level 1:colcon.colcon_core.package_identification:_identify(src/snuff) by extensions ['ignore', 'ignore_ament_install']
[1.586s] Level 1:colcon.colcon_core.package_identification:_identify(src/snuff) by extension 'ignore'
[1.586s] Level 1:colcon.colcon_core.package_identification:_identify(src/snuff) by extension 'ignore_ament_install'
[1.586s] Level 1:colcon.colcon_core.package_identification:_identify(src/snuff) by extensions ['colcon_pkg']
[1.586s] Level 1:colcon.colcon_core.package_identification:_identify(src/snuff) by extension 'colcon_pkg'
[1.586s] Level 1:colcon.colcon_core.package_identification:_identify(src/snuff) by extensions ['colcon_meta']
[1.586s] Level 1:colcon.colcon_core.package_identification:_identify(src/snuff) by extension 'colcon_meta'
[1.586s] Level 1:colcon.colcon_core.package_identification:_identify(src/snuff) by extensions ['ros']
[1.586s] Level 1:colcon.colcon_core.package_identification:_identify(src/snuff) by extension 'ros'
[1.591s] DEBUG:colcon.colcon_core.package_identification:Package 'src/snuff' with type 'ros.ament_cmake' and name 'snuff'
[1.591s] Level 1:colcon.colcon_core.package_identification:_identify(src/usb_cam) by extensions ['ignore', 'ignore_ament_install']
[1.592s] Level 1:colcon.colcon_core.package_identification:_identify(src/usb_cam) by extension 'ignore'
[1.592s] Level 1:colcon.colcon_core.package_identification:_identify(src/usb_cam) by extension 'ignore_ament_install'
[1.592s] Level 1:colcon.colcon_core.package_identification:_identify(src/usb_cam) by extensions ['colcon_pkg']
[1.592s] Level 1:colcon.colcon_core.package_identification:_identify(src/usb_cam) by extension 'colcon_pkg'
[1.592s] Level 1:colcon.colcon_core.package_identification:_identify(src/usb_cam) by extensions ['colcon_meta']
[1.592s] Level 1:colcon.colcon_core.package_identification:_identify(src/usb_cam) by extension 'colcon_meta'
[1.592s] Level 1:colcon.colcon_core.package_identification:_identify(src/usb_cam) by extensions ['ros']
[1.592s] Level 1:colcon.colcon_core.package_identification:_identify(src/usb_cam) by extension 'ros'
[1.594s] DEBUG:colcon.colcon_core.package_identification:Package 'src/usb_cam' with type 'ros.ament_cmake' and name 'usb_cam'
[1.594s] Level 1:colcon.colcon_core.package_discovery:discover_packages(recursive) using defaults
[1.594s] Level 1:colcon.colcon_core.package_discovery:discover_packages(ignore) discover
[1.594s] Level 1:colcon.colcon_core.package_discovery:discover_packages(ignore) using defaults
[1.595s] Level 1:colcon.colcon_core.package_discovery:discover_packages(path) discover
[1.595s] Level 1:colcon.colcon_core.package_discovery:discover_packages(path) using defaults
[1.722s] Level 1:colcon.colcon_core.package_discovery:discover_packages(prefix_path) check parameters
[1.722s] Level 1:colcon.colcon_core.package_discovery:discover_packages(prefix_path) discover
[1.771s] DEBUG:colcon.colcon_installed_package_information.package_discovery:Found 3 installed packages in /home/tannernelson3/ROS/ros/ros2_ws/install
[1.794s] DEBUG:colcon.colcon_installed_package_information.package_discovery:Found 289 installed packages in /opt/ros/iron
[1.796s] Level 1:colcon.colcon_core.package_discovery:discover_packages(prefix_path) using defaults
[1.926s] Level 5:colcon.colcon_core.verb:set package 'py_srvcli' build argument 'cmake_args' from command line to 'None'
[1.926s] Level 5:colcon.colcon_core.verb:set package 'py_srvcli' build argument 'cmake_target' from command line to 'None'
[1.926s] Level 5:colcon.colcon_core.verb:set package 'py_srvcli' build argument 'cmake_target_skip_unavailable' from command line to 'False'
[1.926s] Level 5:colcon.colcon_core.verb:set package 'py_srvcli' build argument 'cmake_clean_cache' from command line to 'False'
[1.926s] Level 5:colcon.colcon_core.verb:set package 'py_srvcli' build argument 'cmake_clean_first' from command line to 'False'
[1.926s] Level 5:colcon.colcon_core.verb:set package 'py_srvcli' build argument 'cmake_force_configure' from command line to 'False'
[1.926s] Level 5:colcon.colcon_core.verb:set package 'py_srvcli' build argument 'ament_cmake_args' from command line to 'None'
[1.926s] Level 5:colcon.colcon_core.verb:set package 'py_srvcli' build argument 'catkin_cmake_args' from command line to 'None'
[1.926s] Level 5:colcon.colcon_core.verb:set package 'py_srvcli' build argument 'catkin_skip_building_tests' from command line to 'False'
[1.926s] DEBUG:colcon.colcon_core.verb:Building package 'py_srvcli' with the following arguments: {'ament_cmake_args': None, 'build_base': '/home/tannernelson3/ROS/ros/ros2_ws/build/py_srvcli', 'catkin_cmake_args': None, 'catkin_skip_building_tests': False, 'cmake_args': None, 'cmake_clean_cache': False, 'cmake_clean_first': False, 'cmake_force_configure': False, 'cmake_target': None, 'cmake_target_skip_unavailable': False, 'install_base': '/home/tannernelson3/ROS/ros/ros2_ws/install/py_srvcli', 'merge_install': False, 'path': '/home/tannernelson3/ROS/ros/ros2_ws/src/py_srvcli', 'symlink_install': False, 'test_result_base': None}
[1.949s] Level 5:colcon.colcon_core.verb:set package 'snuff' build argument 'cmake_args' from command line to 'None'
[1.950s] Level 5:colcon.colcon_core.verb:set package 'snuff' build argument 'cmake_target' from command line to 'None'
[1.950s] Level 5:colcon.colcon_core.verb:set package 'snuff' build argument 'cmake_target_skip_unavailable' from command line to 'False'
[1.950s] Level 5:colcon.colcon_core.verb:set package 'snuff' build argument 'cmake_clean_cache' from command line to 'False'
[1.950s] Level 5:colcon.colcon_core.verb:set package 'snuff' build argument 'cmake_clean_first' from command line to 'False'
[1.950s] Level 5:colcon.colcon_core.verb:set package 'snuff' build argument 'cmake_force_configure' from command line to 'False'
[1.950s] Level 5:colcon.colcon_core.verb:set package 'snuff' build argument 'ament_cmake_args' from command line to 'None'
[1.950s] Level 5:colcon.colcon_core.verb:set package 'snuff' build argument 'catkin_cmake_args' from command line to 'None'
[1.950s] Level 5:colcon.colcon_core.verb:set package 'snuff' build argument 'catkin_skip_building_tests' from command line to 'False'
[1.950s] DEBUG:colcon.colcon_core.verb:Building package 'snuff' with the following arguments: {'ament_cmake_args': None, 'build_base': '/home/tannernelson3/ROS/ros/ros2_ws/build/snuff', 'catkin_cmake_args': None, 'catkin_skip_building_tests': False, 'cmake_args': None, 'cmake_clean_cache': False, 'cmake_clean_first': False, 'cmake_force_configure': False, 'cmake_target': None, 'cmake_target_skip_unavailable': False, 'install_base': '/home/tannernelson3/ROS/ros/ros2_ws/install/snuff', 'merge_install': False, 'path': '/home/tannernelson3/ROS/ros/ros2_ws/src/snuff', 'symlink_install': False, 'test_result_base': None}
[1.974s] Level 5:colcon.colcon_core.verb:set package 'usb_cam' build argument 'cmake_args' from command line to 'None'
[1.974s] Level 5:colcon.colcon_core.verb:set package 'usb_cam' build argument 'cmake_target' from command line to 'None'
[1.974s] Level 5:colcon.colcon_core.verb:set package 'usb_cam' build argument 'cmake_target_skip_unavailable' from command line to 'False'
[1.974s] Level 5:colcon.colcon_core.verb:set package 'usb_cam' build argument 'cmake_clean_cache' from command line to 'False'
[1.974s] Level 5:colcon.colcon_core.verb:set package 'usb_cam' build argument 'cmake_clean_first' from command line to 'False'
[1.974s] Level 5:colcon.colcon_core.verb:set package 'usb_cam' build argument 'cmake_force_configure' from command line to 'False'
[1.974s] Level 5:colcon.colcon_core.verb:set package 'usb_cam' build argument 'ament_cmake_args' from command line to 'None'
[1.974s] Level 5:colcon.colcon_core.verb:set package 'usb_cam' build argument 'catkin_cmake_args' from command line to 'None'
[1.975s] Level 5:colcon.colcon_core.verb:set package 'usb_cam' build argument 'catkin_skip_building_tests' from command line to 'False'
[1.975s] DEBUG:colcon.colcon_core.verb:Building package 'usb_cam' with the following arguments: {'ament_cmake_args': None, 'build_base': '/home/tannernelson3/ROS/ros/ros2_ws/build/usb_cam', 'catkin_cmake_args': None, 'catkin_skip_building_tests': False, 'cmake_args': None, 'cmake_clean_cache': False, 'cmake_clean_first': False, 'cmake_force_configure': False, 'cmake_target': None, 'cmake_target_skip_unavailable': False, 'install_base': '/home/tannernelson3/ROS/ros/ros2_ws/install/usb_cam', 'merge_install': False, 'path': '/home/tannernelson3/ROS/ros/ros2_ws/src/usb_cam', 'symlink_install': False, 'test_result_base': None}
[1.996s] INFO:colcon.colcon_core.executor:Executing jobs using 'parallel' executor
[2.018s] DEBUG:colcon.colcon_parallel_executor.executor.parallel:run_until_complete
[2.018s] INFO:colcon.colcon_ros.task.ament_python.build:Building ROS package in '/home/tannernelson3/ROS/ros/ros2_ws/src/py_srvcli' with build type 'ament_python'
[2.018s] Level 1:colcon.colcon_core.shell:create_environment_hook('py_srvcli', 'ament_prefix_path')
[2.043s] INFO:colcon.colcon_core.plugin_system:Skipping extension 'colcon_core.shell.bat': Not used on non-Windows systems
[2.043s] INFO:colcon.colcon_core.shell:Creating environment hook '/home/tannernelson3/ROS/ros/ros2_ws/install/py_srvcli/share/py_srvcli/hook/ament_prefix_path.ps1'
[2.044s] INFO:colcon.colcon_core.shell:Creating environment descriptor '/home/tannernelson3/ROS/ros/ros2_ws/install/py_srvcli/share/py_srvcli/hook/ament_prefix_path.dsv'
[2.044s] INFO:colcon.colcon_core.shell:Creating environment hook '/home/tannernelson3/ROS/ros/ros2_ws/install/py_srvcli/share/py_srvcli/hook/ament_prefix_path.sh'
[2.066s] INFO:colcon.colcon_core.shell:Skip shell extension 'powershell' for command environment: Not usable outside of PowerShell
[2.066s] DEBUG:colcon.colcon_core.shell:Skip shell extension 'dsv' for command environment
[2.132s] INFO:colcon.colcon_ros.task.ament_cmake.build:Building ROS package in '/home/tannernelson3/ROS/ros/ros2_ws/src/snuff' with build type 'ament_cmake'
[2.132s] INFO:colcon.colcon_cmake.task.cmake.build:Building CMake package in '/home/tannernelson3/ROS/ros/ros2_ws/src/snuff'
[2.157s] INFO:colcon.colcon_core.shell:Skip shell extension 'powershell' for command environment: Not usable outside of PowerShell
[2.157s] DEBUG:colcon.colcon_core.shell:Skip shell extension 'dsv' for command environment
[2.228s] INFO:colcon.colcon_ros.task.ament_cmake.build:Building ROS package in '/home/tannernelson3/ROS/ros/ros2_ws/src/usb_cam' with build type 'ament_cmake'
[2.228s] INFO:colcon.colcon_cmake.task.cmake.build:Building CMake package in '/home/tannernelson3/ROS/ros/ros2_ws/src/usb_cam'
[2.250s] INFO:colcon.colcon_core.shell:Skip shell extension 'powershell' for command environment: Not usable outside of PowerShell
[2.250s] DEBUG:colcon.colcon_core.shell:Skip shell extension 'dsv' for command environment
[2.674s] INFO:colcon.colcon_core.task.python.build:Building Python package in '/home/tannernelson3/ROS/ros/ros2_ws/src/py_srvcli'
[2.696s] INFO:colcon.colcon_core.shell:Skip shell extension 'powershell' for command environment: Not usable outside of PowerShell
[2.696s] DEBUG:colcon.colcon_core.shell:Skip shell extension 'dsv' for command environment
[2.766s] DEBUG:colcon.colcon_core.event_handler.log_command:Invoking command in '/home/tannernelson3/ROS/ros/ros2_ws/build/snuff': CMAKE_PREFIX_PATH=/home/tannernelson3/ROS/ros/ros2_ws/install/py_srvcli:/opt/ros/iron:${CMAKE_PREFIX_PATH} /usr/bin/cmake /home/tannernelson3/ROS/ros/ros2_ws/src/snuff -DCMAKE_INSTALL_PREFIX=/home/tannernelson3/ROS/ros/ros2_ws/install/snuff
[2.776s] DEBUG:colcon.colcon_core.event_handler.log_command:Invoking command in '/home/tannernelson3/ROS/ros/ros2_ws/build/usb_cam': CMAKE_PREFIX_PATH=/home/tannernelson3/ROS/ros/ros2_ws/install/py_srvcli:/opt/ros/iron:${CMAKE_PREFIX_PATH} /usr/bin/cmake --build /home/tannernelson3/ROS/ros/ros2_ws/build/usb_cam -- -j4 -l4
[3.071s] DEBUG:colcon.colcon_core.event_handler.log_command:Invoked command in '/home/tannernelson3/ROS/ros/ros2_ws/build/usb_cam' returned '0': CMAKE_PREFIX_PATH=/home/tannernelson3/ROS/ros/ros2_ws/install/py_srvcli:/opt/ros/iron:${CMAKE_PREFIX_PATH} /usr/bin/cmake --build /home/tannernelson3/ROS/ros/ros2_ws/build/usb_cam -- -j4 -l4
[3.167s] DEBUG:colcon.colcon_core.event_handler.log_command:Invoking command in '/home/tannernelson3/ROS/ros/ros2_ws/build/usb_cam': CMAKE_PREFIX_PATH=/home/tannernelson3/ROS/ros/ros2_ws/install/py_srvcli:/opt/ros/iron:${CMAKE_PREFIX_PATH} /usr/bin/cmake --install /home/tannernelson3/ROS/ros/ros2_ws/build/usb_cam
[3.224s] Level 1:colcon.colcon_core.environment:create_environment_scripts_only(usb_cam)
[3.235s] DEBUG:colcon.colcon_core.event_handler.log_command:Invoked command in '/home/tannernelson3/ROS/ros/ros2_ws/build/usb_cam' returned '0': CMAKE_PREFIX_PATH=/home/tannernelson3/ROS/ros/ros2_ws/install/py_srvcli:/opt/ros/iron:${CMAKE_PREFIX_PATH} /usr/bin/cmake --install /home/tannernelson3/ROS/ros/ros2_ws/build/usb_cam
[3.272s] Level 1:colcon.colcon_core.environment:checking '/home/tannernelson3/ROS/ros/ros2_ws/install/usb_cam' for CMake module files
[3.274s] Level 1:colcon.colcon_core.environment:checking '/home/tannernelson3/ROS/ros/ros2_ws/install/usb_cam' for CMake config files
[3.275s] Level 1:colcon.colcon_core.shell:create_environment_hook('usb_cam', 'cmake_prefix_path')
[3.317s] INFO:colcon.colcon_core.shell:Creating environment hook '/home/tannernelson3/ROS/ros/ros2_ws/install/usb_cam/share/usb_cam/hook/cmake_prefix_path.ps1'
[3.318s] INFO:colcon.colcon_core.shell:Creating environment descriptor '/home/tannernelson3/ROS/ros/ros2_ws/install/usb_cam/share/usb_cam/hook/cmake_prefix_path.dsv'
[3.319s] INFO:colcon.colcon_core.shell:Creating environment hook '/home/tannernelson3/ROS/ros/ros2_ws/install/usb_cam/share/usb_cam/hook/cmake_prefix_path.sh'
[3.321s] Level 1:colcon.colcon_core.environment:checking '/home/tannernelson3/ROS/ros/ros2_ws/install/usb_cam/lib'
[3.321s] Level 1:colcon.colcon_core.shell:create_environment_hook('usb_cam', 'ld_library_path_lib')
[3.362s] INFO:colcon.colcon_core.shell:Creating environment hook '/home/tannernelson3/ROS/ros/ros2_ws/install/usb_cam/share/usb_cam/hook/ld_library_path_lib.ps1'
[3.363s] INFO:colcon.colcon_core.shell:Creating environment descriptor '/home/tannernelson3/ROS/ros/ros2_ws/install/usb_cam/share/usb_cam/hook/ld_library_path_lib.dsv'
[3.364s] INFO:colcon.colcon_core.shell:Creating environment hook '/home/tannernelson3/ROS/ros/ros2_ws/install/usb_cam/share/usb_cam/hook/ld_library_path_lib.sh'
[3.365s] Level 1:colcon.colcon_core.environment:checking '/home/tannernelson3/ROS/ros/ros2_ws/install/usb_cam/bin'
[3.365s] Level 1:colcon.colcon_core.environment:checking '/home/tannernelson3/ROS/ros/ros2_ws/install/usb_cam/lib/pkgconfig/usb_cam.pc'
[3.365s] Level 1:colcon.colcon_core.environment:checking '/home/tannernelson3/ROS/ros/ros2_ws/install/usb_cam/lib/python3.10/site-packages'
[3.366s] Level 1:colcon.colcon_core.environment:checking '/home/tannernelson3/ROS/ros/ros2_ws/install/usb_cam/bin'
[3.410s] INFO:colcon.colcon_core.shell:Creating package script '/home/tannernelson3/ROS/ros/ros2_ws/install/usb_cam/share/usb_cam/package.ps1'
[3.412s] INFO:colcon.colcon_core.shell:Creating package descriptor '/home/tannernelson3/ROS/ros/ros2_ws/install/usb_cam/share/usb_cam/package.dsv'
[3.413s] INFO:colcon.colcon_core.shell:Creating package script '/home/tannernelson3/ROS/ros/ros2_ws/install/usb_cam/share/usb_cam/package.sh'
[3.415s] INFO:colcon.colcon_core.shell:Creating package script '/home/tannernelson3/ROS/ros/ros2_ws/install/usb_cam/share/usb_cam/package.bash'
[3.417s] INFO:colcon.colcon_core.shell:Creating package script '/home/tannernelson3/ROS/ros/ros2_ws/install/usb_cam/share/usb_cam/package.zsh'
[3.419s] Level 1:colcon.colcon_core.environment:create_file_with_runtime_dependencies(/home/tannernelson3/ROS/ros/ros2_ws/install/usb_cam/share/colcon-core/packages/usb_cam)
[3.449s] DEBUG:colcon.colcon_core.event_handler.log_command:Invoking command in '/home/tannernelson3/ROS/ros/ros2_ws/src/py_srvcli': PYTHONPATH=/home/tannernelson3/ROS/ros/ros2_ws/build/py_srvcli/prefix_override:/home/tannernelson3/ROS/ros/ros2_ws/install/py_srvcli/lib/python3.10/site-packages:${PYTHONPATH} /usr/bin/python3 setup.py egg_info --egg-base ../../build/py_srvcli build --build-base /home/tannernelson3/ROS/ros/ros2_ws/build/py_srvcli/build install --record /home/tannernelson3/ROS/ros/ros2_ws/build/py_srvcli/install.log --single-version-externally-managed
[3.539s] Level 1:colcon.colcon_core.environment:create_environment_scripts_only(usb_cam)
[3.579s] Level 1:colcon.colcon_core.environment:checking '/home/tannernelson3/ROS/ros/ros2_ws/install/usb_cam' for CMake module files
[3.581s] Level 1:colcon.colcon_core.environment:checking '/home/tannernelson3/ROS/ros/ros2_ws/install/usb_cam' for CMake config files
[3.581s] Level 1:colcon.colcon_core.shell:create_environment_hook('usb_cam', 'cmake_prefix_path')
[3.621s] INFO:colcon.colcon_core.shell:Creating environment hook '/home/tannernelson3/ROS/ros/ros2_ws/install/usb_cam/share/usb_cam/hook/cmake_prefix_path.ps1'
[3.622s] INFO:colcon.colcon_core.shell:Creating environment descriptor '/home/tannernelson3/ROS/ros/ros2_ws/install/usb_cam/share/usb_cam/hook/cmake_prefix_path.dsv'
[3.623s] INFO:colcon.colcon_core.shell:Creating environment hook '/home/tannernelson3/ROS/ros/ros2_ws/install/usb_cam/share/usb_cam/hook/cmake_prefix_path.sh'
[3.624s] Level 1:colcon.colcon_core.environment:checking '/home/tannernelson3/ROS/ros/ros2_ws/install/usb_cam/lib'
[3.624s] Level 1:colcon.colcon_core.shell:create_environment_hook('usb_cam', 'ld_library_path_lib')
[3.664s] INFO:colcon.colcon_core.shell:Creating environment hook '/home/tannernelson3/ROS/ros/ros2_ws/install/usb_cam/share/usb_cam/hook/ld_library_path_lib.ps1'
[3.665s] INFO:colcon.colcon_core.shell:Creating environment descriptor '/home/tannernelson3/ROS/ros/ros2_ws/install/usb_cam/share/usb_cam/hook/ld_library_path_lib.dsv'
[3.665s] INFO:colcon.colcon_core.shell:Creating environment hook '/home/tannernelson3/ROS/ros/ros2_ws/install/usb_cam/share/usb_cam/hook/ld_library_path_lib.sh'
[3.666s] Level 1:colcon.colcon_core.environment:checking '/home/tannernelson3/ROS/ros/ros2_ws/install/usb_cam/bin'
[3.666s] Level 1:colcon.colcon_core.environment:checking '/home/tannernelson3/ROS/ros/ros2_ws/install/usb_cam/lib/pkgconfig/usb_cam.pc'
[3.667s] Level 1:colcon.colcon_core.environment:checking '/home/tannernelson3/ROS/ros/ros2_ws/install/usb_cam/lib/python3.10/site-packages'
[3.668s] Level 1:colcon.colcon_core.environment:checking '/home/tannernelson3/ROS/ros/ros2_ws/install/usb_cam/bin'
[3.708s] INFO:colcon.colcon_core.shell:Creating package script '/home/tannernelson3/ROS/ros/ros2_ws/install/usb_cam/share/usb_cam/package.ps1'
[3.710s] INFO:colcon.colcon_core.shell:Creating package descriptor '/home/tannernelson3/ROS/ros/ros2_ws/install/usb_cam/share/usb_cam/package.dsv'
[3.711s] INFO:colcon.colcon_core.shell:Creating package script '/home/tannernelson3/ROS/ros/ros2_ws/install/usb_cam/share/usb_cam/package.sh'
[3.712s] INFO:colcon.colcon_core.shell:Creating package script '/home/tannernelson3/ROS/ros/ros2_ws/install/usb_cam/share/usb_cam/package.bash'
[3.713s] INFO:colcon.colcon_core.shell:Creating package script '/home/tannernelson3/ROS/ros/ros2_ws/install/usb_cam/share/usb_cam/package.zsh'
[3.714s] Level 1:colcon.colcon_core.environment:create_file_with_runtime_dependencies(/home/tannernelson3/ROS/ros/ros2_ws/install/usb_cam/share/colcon-core/packages/usb_cam)
[3.904s] DEBUG:colcon.colcon_core.event_handler.log_command:Invoked command in '/home/tannernelson3/ROS/ros/ros2_ws/src/py_srvcli' returned '0': PYTHONPATH=/home/tannernelson3/ROS/ros/ros2_ws/build/py_srvcli/prefix_override:/home/tannernelson3/ROS/ros/ros2_ws/install/py_srvcli/lib/python3.10/site-packages:${PYTHONPATH} /usr/bin/python3 setup.py egg_info --egg-base ../../build/py_srvcli build --build-base /home/tannernelson3/ROS/ros/ros2_ws/build/py_srvcli/build install --record /home/tannernelson3/ROS/ros/ros2_ws/build/py_srvcli/install.log --single-version-externally-managed
[3.927s] Level 1:colcon.colcon_core.environment:checking '/home/tannernelson3/ROS/ros/ros2_ws/install/py_srvcli' for CMake module files
[3.927s] Level 1:colcon.colcon_core.environment:checking '/home/tannernelson3/ROS/ros/ros2_ws/install/py_srvcli' for CMake config files
[3.928s] Level 1:colcon.colcon_core.environment:checking '/home/tannernelson3/ROS/ros/ros2_ws/install/py_srvcli/lib'
[3.928s] Level 1:colcon.colcon_core.environment:checking '/home/tannernelson3/ROS/ros/ros2_ws/install/py_srvcli/bin'
[3.928s] Level 1:colcon.colcon_core.environment:checking '/home/tannernelson3/ROS/ros/ros2_ws/install/py_srvcli/lib/pkgconfig/py_srvcli.pc'
[3.929s] Level 1:colcon.colcon_core.environment:checking '/home/tannernelson3/ROS/ros/ros2_ws/install/py_srvcli/lib/python3.10/site-packages'
[3.929s] Level 1:colcon.colcon_core.shell:create_environment_hook('py_srvcli', 'pythonpath')
[3.951s] INFO:colcon.colcon_core.shell:Creating environment hook '/home/tannernelson3/ROS/ros/ros2_ws/install/py_srvcli/share/py_srvcli/hook/pythonpath.ps1'
[3.952s] INFO:colcon.colcon_core.shell:Creating environment descriptor '/home/tannernelson3/ROS/ros/ros2_ws/install/py_srvcli/share/py_srvcli/hook/pythonpath.dsv'
[3.952s] INFO:colcon.colcon_core.shell:Creating environment hook '/home/tannernelson3/ROS/ros/ros2_ws/install/py_srvcli/share/py_srvcli/hook/pythonpath.sh'
[3.953s] Level 1:colcon.colcon_core.environment:checking '/home/tannernelson3/ROS/ros/ros2_ws/install/py_srvcli/bin'
[3.953s] Level 1:colcon.colcon_core.environment:create_environment_scripts_only(py_srvcli)
[3.976s] INFO:colcon.colcon_core.shell:Creating package script '/home/tannernelson3/ROS/ros/ros2_ws/install/py_srvcli/share/py_srvcli/package.ps1'
[3.976s] INFO:colcon.colcon_core.shell:Creating package descriptor '/home/tannernelson3/ROS/ros/ros2_ws/install/py_srvcli/share/py_srvcli/package.dsv'
[3.977s] INFO:colcon.colcon_core.shell:Creating package script '/home/tannernelson3/ROS/ros/ros2_ws/install/py_srvcli/share/py_srvcli/package.sh'
[3.977s] INFO:colcon.colcon_core.shell:Creating package script '/home/tannernelson3/ROS/ros/ros2_ws/install/py_srvcli/share/py_srvcli/package.bash'
[3.978s] INFO:colcon.colcon_core.shell:Creating package script '/home/tannernelson3/ROS/ros/ros2_ws/install/py_srvcli/share/py_srvcli/package.zsh'
[3.978s] Level 1:colcon.colcon_core.environment:create_file_with_runtime_dependencies(/home/tannernelson3/ROS/ros/ros2_ws/install/py_srvcli/share/colcon-core/packages/py_srvcli)
[4.413s] DEBUG:colcon.colcon_core.event_handler.log_command:Invoked command in '/home/tannernelson3/ROS/ros/ros2_ws/build/snuff' returned '1': CMAKE_PREFIX_PATH=/home/tannernelson3/ROS/ros/ros2_ws/install/py_srvcli:/opt/ros/iron:${CMAKE_PREFIX_PATH} /usr/bin/cmake /home/tannernelson3/ROS/ros/ros2_ws/src/snuff -DCMAKE_INSTALL_PREFIX=/home/tannernelson3/ROS/ros/ros2_ws/install/snuff
[4.431s] Level 1:colcon.colcon_core.environment:create_environment_scripts_only(snuff)
[4.466s] Level 1:colcon.colcon_core.environment:checking '/home/tannernelson3/ROS/ros/ros2_ws/install/snuff' for CMake module files
[4.467s] Level 1:colcon.colcon_core.environment:checking '/home/tannernelson3/ROS/ros/ros2_ws/install/snuff' for CMake config files
[4.468s] Level 1:colcon.colcon_core.environment:checking '/home/tannernelson3/ROS/ros/ros2_ws/install/snuff/bin'
[4.468s] Level 1:colcon.colcon_core.environment:checking '/home/tannernelson3/ROS/ros/ros2_ws/install/snuff/lib/pkgconfig/snuff.pc'
[4.468s] Level 1:colcon.colcon_core.environment:checking '/home/tannernelson3/ROS/ros/ros2_ws/install/snuff/lib/python3.10/site-packages'
[4.469s] Level 1:colcon.colcon_core.environment:checking '/home/tannernelson3/ROS/ros/ros2_ws/install/snuff/bin'
[4.491s] INFO:colcon.colcon_core.shell:Creating package script '/home/tannernelson3/ROS/ros/ros2_ws/install/snuff/share/snuff/package.ps1'
[4.491s] INFO:colcon.colcon_core.shell:Creating package descriptor '/home/tannernelson3/ROS/ros/ros2_ws/install/snuff/share/snuff/package.dsv'
[4.492s] INFO:colcon.colcon_core.shell:Creating package script '/home/tannernelson3/ROS/ros/ros2_ws/install/snuff/share/snuff/package.sh'
[4.492s] INFO:colcon.colcon_core.shell:Creating package script '/home/tannernelson3/ROS/ros/ros2_ws/install/snuff/share/snuff/package.bash'
[4.493s] INFO:colcon.colcon_core.shell:Creating package script '/home/tannernelson3/ROS/ros/ros2_ws/install/snuff/share/snuff/package.zsh'
[4.493s] Level 1:colcon.colcon_core.environment:create_file_with_runtime_dependencies(/home/tannernelson3/ROS/ros/ros2_ws/install/snuff/share/colcon-core/packages/snuff)
[4.503s] DEBUG:colcon.colcon_parallel_executor.executor.parallel:closing loop
[4.504s] DEBUG:colcon.colcon_parallel_executor.executor.parallel:loop closed
[4.504s] DEBUG:colcon.colcon_parallel_executor.executor.parallel:run_until_complete finished with '1'
[4.504s] DEBUG:colcon.colcon_core.event_reactor:joining thread
[4.532s] INFO:colcon.colcon_core.plugin_system:Skipping extension 'colcon_notification.desktop_notification.terminal_notifier': Not used on non-Darwin systems
[4.532s] INFO:colcon.colcon_core.plugin_system:Skipping extension 'colcon_notification.desktop_notification.win32': Not used on non-Windows systems
[4.532s] INFO:colcon.colcon_notification.desktop_notification:Sending desktop notification using 'notify2'
[4.548s] DEBUG:colcon.colcon_core.event_reactor:joined thread
[4.569s] INFO:colcon.colcon_core.shell:Creating prefix script '/home/tannernelson3/ROS/ros/ros2_ws/install/local_setup.ps1'
[4.570s] INFO:colcon.colcon_core.shell:Creating prefix util module '/home/tannernelson3/ROS/ros/ros2_ws/install/_local_setup_util_ps1.py'
[4.572s] INFO:colcon.colcon_core.shell:Creating prefix chain script '/home/tannernelson3/ROS/ros/ros2_ws/install/setup.ps1'
[4.593s] INFO:colcon.colcon_core.shell:Creating prefix script '/home/tannernelson3/ROS/ros/ros2_ws/install/local_setup.sh'
[4.594s] INFO:colcon.colcon_core.shell:Creating prefix util module '/home/tannernelson3/ROS/ros/ros2_ws/install/_local_setup_util_sh.py'
[4.595s] INFO:colcon.colcon_core.shell:Creating prefix chain script '/home/tannernelson3/ROS/ros/ros2_ws/install/setup.sh'
[4.619s] INFO:colcon.colcon_core.shell:Creating prefix script '/home/tannernelson3/ROS/ros/ros2_ws/install/local_setup.bash'
[4.619s] INFO:colcon.colcon_core.shell:Creating prefix chain script '/home/tannernelson3/ROS/ros/ros2_ws/install/setup.bash'
[4.645s] INFO:colcon.colcon_core.shell:Creating prefix script '/home/tannernelson3/ROS/ros/ros2_ws/install/local_setup.zsh'
[4.646s] INFO:colcon.colcon_core.shell:Creating prefix chain script '/home/tannernelson3/ROS/ros/ros2_ws/install/setup.zsh'
