[0.187s] Invoking command in '/home/tannernelson3/ROS/ros/ros2_ws/build/snuff': CMAKE_PREFIX_PATH=/opt/ros/iron:${CMAKE_PREFIX_PATH} /usr/bin/cmake --build /home/tannernelson3/ROS/ros/ros2_ws/build/snuff -- -j4 -l4
[0.275s] Built target ament_cmake_python_copy_snuff
[0.657s] running egg_info
[0.658s] writing snuff.egg-info/PKG-INFO
[0.658s] writing dependency_links to snuff.egg-info/dependency_links.txt
[0.659s] writing top-level names to snuff.egg-info/top_level.txt
[0.662s] reading manifest file 'snuff.egg-info/SOURCES.txt'
[0.663s] writing manifest file 'snuff.egg-info/SOURCES.txt'
[0.702s] Built target ament_cmake_python_build_snuff_egg
[0.737s] Invoked command in '/home/tannernelson3/ROS/ros/ros2_ws/build/snuff' returned '0': CMAKE_PREFIX_PATH=/opt/ros/iron:${CMAKE_PREFIX_PATH} /usr/bin/cmake --build /home/tannernelson3/ROS/ros/ros2_ws/build/snuff -- -j4 -l4
[0.765s] Invoking command in '/home/tannernelson3/ROS/ros/ros2_ws/build/snuff': CMAKE_PREFIX_PATH=/opt/ros/iron:${CMAKE_PREFIX_PATH} /usr/bin/cmake --install /home/tannernelson3/ROS/ros/ros2_ws/build/snuff
[0.775s] -- Install configuration: ""
[0.776s] -- Up-to-date: /home/tannernelson3/ROS/ros/ros2_ws/install/snuff/share/snuff/launch
[0.776s] -- Up-to-date: /home/tannernelson3/ROS/ros/ros2_ws/install/snuff/share/snuff/launch/__pycache__
[0.776s] -- Installing: /home/tannernelson3/ROS/ros/ros2_ws/install/snuff/share/snuff/launch/__pycache__/robot.launch.cpython-310.pyc
[0.776s] -- Installing: /home/tannernelson3/ROS/ros/ros2_ws/install/snuff/share/snuff/launch/robot.launch.py
[0.777s] -- Up-to-date: /home/tannernelson3/ROS/ros/ros2_ws/install/snuff/share/snuff/rviz
[0.777s] -- Up-to-date: /home/tannernelson3/ROS/ros/ros2_ws/install/snuff/share/snuff/rviz/robot.rviz
[0.777s] -- Up-to-date: /home/tannernelson3/ROS/ros/ros2_ws/install/snuff/share/snuff/config
[0.777s] -- Up-to-date: /home/tannernelson3/ROS/ros/ros2_ws/install/snuff/share/snuff/config/params_1.yaml
[0.778s] -- Up-to-date: /home/tannernelson3/ROS/ros/ros2_ws/install/snuff/share/snuff/config/camera_info.yaml
[0.778s] -- Up-to-date: /home/tannernelson3/ROS/ros/ros2_ws/install/snuff/share/snuff/config/apriltags.yaml
[0.778s] -- Up-to-date: /home/tannernelson3/ROS/ros/ros2_ws/install/snuff/share/snuff/models
[0.778s] -- Up-to-date: /home/tannernelson3/ROS/ros/ros2_ws/install/snuff/share/snuff/models/robot
[0.778s] -- Up-to-date: /home/tannernelson3/ROS/ros/ros2_ws/install/snuff/share/snuff/models/robot/floor.sdf
[0.779s] -- Up-to-date: /home/tannernelson3/ROS/ros/ros2_ws/install/snuff/share/snuff/models/robot/Invoice 5030603.pdf
[0.779s] -- Up-to-date: /home/tannernelson3/ROS/ros/ros2_ws/install/snuff/share/snuff/models/robot/tag1_cube.sdf
[0.779s] -- Up-to-date: /home/tannernelson3/ROS/ros/ros2_ws/install/snuff/share/snuff/models/robot/pxxls_cam.urdf.xacro
[0.779s] -- Up-to-date: /home/tannernelson3/ROS/ros/ros2_ws/install/snuff/share/snuff/models/robot/meshes
[0.779s] -- Up-to-date: /home/tannernelson3/ROS/ros/ros2_ws/install/snuff/share/snuff/models/robot/meshes/tag36_11_00003.png
[0.780s] -- Up-to-date: /home/tannernelson3/ROS/ros/ros2_ws/install/snuff/share/snuff/models/robot/meshes/pxxls_cam_camera.stl
[0.780s] -- Up-to-date: /home/tannernelson3/ROS/ros/ros2_ws/install/snuff/share/snuff/models/robot/meshes/tag3_cube.dae
[0.780s] -- Up-to-date: /home/tannernelson3/ROS/ros/ros2_ws/install/snuff/share/snuff/models/robot/meshes/camera.dae
[0.780s] -- Up-to-date: /home/tannernelson3/ROS/ros/ros2_ws/install/snuff/share/snuff/models/robot/meshes/base.dae
[0.780s] -- Up-to-date: /home/tannernelson3/ROS/ros/ros2_ws/install/snuff/share/snuff/models/robot/meshes/pxxls_cam_tilt.stl
[0.780s] -- Up-to-date: /home/tannernelson3/ROS/ros/ros2_ws/install/snuff/share/snuff/models/robot/meshes/pxxls_cam_pan.stl
[0.780s] -- Up-to-date: /home/tannernelson3/ROS/ros/ros2_ws/install/snuff/share/snuff/models/robot/meshes/pxxls_cam_base.stl
[0.780s] -- Up-to-date: /home/tannernelson3/ROS/ros/ros2_ws/install/snuff/share/snuff/models/robot/world.world
[0.780s] -- Up-to-date: /home/tannernelson3/ROS/ros/ros2_ws/install/snuff/share/snuff/models/robot/robot.sdf
[0.780s] -- Up-to-date: /home/tannernelson3/ROS/ros/ros2_ws/install/snuff/share/snuff/models/robot/tag2_cube.sdf
[0.781s] -- Up-to-date: /home/tannernelson3/ROS/ros/ros2_ws/install/snuff/share/snuff/models/robot/tag3_cube.sdf
[0.781s] -- Up-to-date: /home/tannernelson3/ROS/ros/ros2_ws/install/snuff/share/snuff/models/robot/world.sdf
[0.781s] -- Up-to-date: /home/tannernelson3/ROS/ros/ros2_ws/install/snuff/share/snuff/models/robot/__init__.py
[0.781s] -- Up-to-date: /home/tannernelson3/ROS/ros/ros2_ws/install/snuff/share/snuff/worlds
[0.781s] -- Up-to-date: /home/tannernelson3/ROS/ros/ros2_ws/install/snuff/share/snuff/environment/pythonpath.sh
[0.781s] -- Up-to-date: /home/tannernelson3/ROS/ros/ros2_ws/install/snuff/share/snuff/environment/pythonpath.dsv
[0.781s] -- Up-to-date: /home/tannernelson3/ROS/ros/ros2_ws/install/snuff/lib/python3.10/site-packages/snuff-0.0.0-py3.10.egg-info
[0.782s] -- Installing: /home/tannernelson3/ROS/ros/ros2_ws/install/snuff/lib/python3.10/site-packages/snuff-0.0.0-py3.10.egg-info/PKG-INFO
[0.782s] -- Installing: /home/tannernelson3/ROS/ros/ros2_ws/install/snuff/lib/python3.10/site-packages/snuff-0.0.0-py3.10.egg-info/dependency_links.txt
[0.782s] -- Installing: /home/tannernelson3/ROS/ros/ros2_ws/install/snuff/lib/python3.10/site-packages/snuff-0.0.0-py3.10.egg-info/SOURCES.txt
[0.782s] -- Installing: /home/tannernelson3/ROS/ros/ros2_ws/install/snuff/lib/python3.10/site-packages/snuff-0.0.0-py3.10.egg-info/top_level.txt
[0.782s] -- Up-to-date: /home/tannernelson3/ROS/ros/ros2_ws/install/snuff/lib/python3.10/site-packages/snuff
[0.782s] -- Up-to-date: /home/tannernelson3/ROS/ros/ros2_ws/install/snuff/lib/python3.10/site-packages/snuff/__init__.py
[0.818s] Listing '/home/tannernelson3/ROS/ros/ros2_ws/install/snuff/lib/python3.10/site-packages/snuff'...
[0.824s] [31mCMake Error at cmake_install.cmake:90 (file):
[0.824s]   file INSTALL cannot find
[0.824s]   "/home/tannernelson3/ROS/ros/ros2_ws/src/snuff/scripts/exec.py": No such
[0.825s]   file or directory.
[0.825s] 
[0.825s] [0m
[0.826s] Invoked command in '/home/tannernelson3/ROS/ros/ros2_ws/build/snuff' returned '1': CMAKE_PREFIX_PATH=/opt/ros/iron:${CMAKE_PREFIX_PATH} /usr/bin/cmake --install /home/tannernelson3/ROS/ros/ros2_ws/build/snuff
