[0.389s] Invoking command in '/home/tannernelson3/snuff_ros2/ros2_ws/build/micro_ros_msgs': CMAKE_PREFIX_PATH=${CMAKE_PREFIX_PATH}:/opt/ros/iron /usr/bin/cmake --build /home/tannernelson3/snuff_ros2/ros2_ws/build/micro_ros_msgs -- -j4 -l4
[0.522s] [  1%] Built target micro_ros_msgs__rosidl_generator_type_description
[0.544s] [  1%] Built target ament_cmake_python_copy_micro_ros_msgs
[0.587s] [  3%] Built target micro_ros_msgs__cpp
[0.615s] [ 24%] Built target micro_ros_msgs__rosidl_generator_c
[0.690s] [ 33%] Built target micro_ros_msgs__rosidl_typesupport_cpp
[0.753s] [ 42%] Built target micro_ros_msgs__rosidl_typesupport_fastrtps_c
[0.811s] [ 51%] Built target micro_ros_msgs__rosidl_typesupport_introspection_c
[0.871s] [ 61%] Built target micro_ros_msgs__rosidl_typesupport_fastrtps_cpp
[0.873s] [ 70%] Built target micro_ros_msgs__rosidl_typesupport_c
[0.893s] [ 79%] Built target micro_ros_msgs__rosidl_typesupport_introspection_cpp
[0.987s] [ 79%] Built target micro_ros_msgs
[1.080s] [ 81%] Built target micro_ros_msgs__py
[1.176s] [ 88%] Built target micro_ros_msgs__rosidl_generator_py
[1.305s] [ 92%] Built target micro_ros_msgs__rosidl_typesupport_introspection_c__pyext
[1.340s] [ 96%] Built target micro_ros_msgs__rosidl_typesupport_fastrtps_c__pyext
[1.362s] [100%] Built target micro_ros_msgs__rosidl_typesupport_c__pyext
[1.496s] running egg_info
[1.498s] writing micro_ros_msgs.egg-info/PKG-INFO
[1.498s] writing dependency_links to micro_ros_msgs.egg-info/dependency_links.txt
[1.499s] writing top-level names to micro_ros_msgs.egg-info/top_level.txt
[1.504s] reading manifest file 'micro_ros_msgs.egg-info/SOURCES.txt'
[1.506s] writing manifest file 'micro_ros_msgs.egg-info/SOURCES.txt'
[1.569s] [100%] Built target ament_cmake_python_build_micro_ros_msgs_egg
[1.637s] Invoked command in '/home/tannernelson3/snuff_ros2/ros2_ws/build/micro_ros_msgs' returned '0': CMAKE_PREFIX_PATH=${CMAKE_PREFIX_PATH}:/opt/ros/iron /usr/bin/cmake --build /home/tannernelson3/snuff_ros2/ros2_ws/build/micro_ros_msgs -- -j4 -l4
[2.015s] Invoking command in '/home/tannernelson3/snuff_ros2/ros2_ws/build/micro_ros_msgs': CMAKE_PREFIX_PATH=${CMAKE_PREFIX_PATH}:/opt/ros/iron /usr/bin/cmake --install /home/tannernelson3/snuff_ros2/ros2_ws/build/micro_ros_msgs
[2.031s] -- Install configuration: ""
[2.031s] -- Up-to-date: /home/tannernelson3/snuff_ros2/ros2_ws/install/micro_ros_msgs/share/ament_index/resource_index/rosidl_interfaces/micro_ros_msgs
[2.032s] -- Up-to-date: /home/tannernelson3/snuff_ros2/ros2_ws/install/micro_ros_msgs/share/micro_ros_msgs/msg/Graph.json
[2.032s] -- Up-to-date: /home/tannernelson3/snuff_ros2/ros2_ws/install/micro_ros_msgs/share/micro_ros_msgs/msg/Node.json
[2.033s] -- Up-to-date: /home/tannernelson3/snuff_ros2/ros2_ws/install/micro_ros_msgs/share/micro_ros_msgs/msg/Entity.json
[2.033s] -- Up-to-date: /home/tannernelson3/snuff_ros2/ros2_ws/install/micro_ros_msgs/include/micro_ros_msgs/micro_ros_msgs
[2.033s] -- Up-to-date: /home/tannernelson3/snuff_ros2/ros2_ws/install/micro_ros_msgs/include/micro_ros_msgs/micro_ros_msgs/msg
[2.033s] -- Up-to-date: /home/tannernelson3/snuff_ros2/ros2_ws/install/micro_ros_msgs/include/micro_ros_msgs/micro_ros_msgs/msg/graph.h
[2.033s] -- Up-to-date: /home/tannernelson3/snuff_ros2/ros2_ws/install/micro_ros_msgs/include/micro_ros_msgs/micro_ros_msgs/msg/entity.h
[2.034s] -- Up-to-date: /home/tannernelson3/snuff_ros2/ros2_ws/install/micro_ros_msgs/include/micro_ros_msgs/micro_ros_msgs/msg/rosidl_generator_c__visibility_control.h
[2.034s] -- Up-to-date: /home/tannernelson3/snuff_ros2/ros2_ws/install/micro_ros_msgs/include/micro_ros_msgs/micro_ros_msgs/msg/node.h
[2.034s] -- Up-to-date: /home/tannernelson3/snuff_ros2/ros2_ws/install/micro_ros_msgs/include/micro_ros_msgs/micro_ros_msgs/msg/detail
[2.034s] -- Up-to-date: /home/tannernelson3/snuff_ros2/ros2_ws/install/micro_ros_msgs/include/micro_ros_msgs/micro_ros_msgs/msg/detail/node__type_support.c
[2.035s] -- Up-to-date: /home/tannernelson3/snuff_ros2/ros2_ws/install/micro_ros_msgs/include/micro_ros_msgs/micro_ros_msgs/msg/detail/graph__functions.c
[2.035s] -- Up-to-date: /home/tannernelson3/snuff_ros2/ros2_ws/install/micro_ros_msgs/include/micro_ros_msgs/micro_ros_msgs/msg/detail/entity__description.c
[2.036s] -- Up-to-date: /home/tannernelson3/snuff_ros2/ros2_ws/install/micro_ros_msgs/include/micro_ros_msgs/micro_ros_msgs/msg/detail/entity__functions.h
[2.037s] -- Up-to-date: /home/tannernelson3/snuff_ros2/ros2_ws/install/micro_ros_msgs/include/micro_ros_msgs/micro_ros_msgs/msg/detail/entity__struct.h
[2.037s] -- Up-to-date: /home/tannernelson3/snuff_ros2/ros2_ws/install/micro_ros_msgs/include/micro_ros_msgs/micro_ros_msgs/msg/detail/entity__type_support.c
[2.038s] -- Up-to-date: /home/tannernelson3/snuff_ros2/ros2_ws/install/micro_ros_msgs/include/micro_ros_msgs/micro_ros_msgs/msg/detail/graph__functions.h
[2.038s] -- Up-to-date: /home/tannernelson3/snuff_ros2/ros2_ws/install/micro_ros_msgs/include/micro_ros_msgs/micro_ros_msgs/msg/detail/node__functions.c
[2.039s] -- Up-to-date: /home/tannernelson3/snuff_ros2/ros2_ws/install/micro_ros_msgs/include/micro_ros_msgs/micro_ros_msgs/msg/detail/node__description.c
[2.039s] -- Up-to-date: /home/tannernelson3/snuff_ros2/ros2_ws/install/micro_ros_msgs/include/micro_ros_msgs/micro_ros_msgs/msg/detail/graph__struct.h
[2.040s] -- Up-to-date: /home/tannernelson3/snuff_ros2/ros2_ws/install/micro_ros_msgs/include/micro_ros_msgs/micro_ros_msgs/msg/detail/node__struct.h
[2.040s] -- Up-to-date: /home/tannernelson3/snuff_ros2/ros2_ws/install/micro_ros_msgs/include/micro_ros_msgs/micro_ros_msgs/msg/detail/graph__description.c
[2.040s] -- Up-to-date: /home/tannernelson3/snuff_ros2/ros2_ws/install/micro_ros_msgs/include/micro_ros_msgs/micro_ros_msgs/msg/detail/graph__type_support.h
[2.040s] -- Up-to-date: /home/tannernelson3/snuff_ros2/ros2_ws/install/micro_ros_msgs/include/micro_ros_msgs/micro_ros_msgs/msg/detail/node__type_support.h
[2.041s] -- Up-to-date: /home/tannernelson3/snuff_ros2/ros2_ws/install/micro_ros_msgs/include/micro_ros_msgs/micro_ros_msgs/msg/detail/graph__type_support.c
[2.041s] -- Up-to-date: /home/tannernelson3/snuff_ros2/ros2_ws/install/micro_ros_msgs/include/micro_ros_msgs/micro_ros_msgs/msg/detail/entity__functions.c
[2.041s] -- Up-to-date: /home/tannernelson3/snuff_ros2/ros2_ws/install/micro_ros_msgs/include/micro_ros_msgs/micro_ros_msgs/msg/detail/node__functions.h
[2.043s] -- Up-to-date: /home/tannernelson3/snuff_ros2/ros2_ws/install/micro_ros_msgs/include/micro_ros_msgs/micro_ros_msgs/msg/detail/entity__type_support.h
[2.043s] -- Up-to-date: /home/tannernelson3/snuff_ros2/ros2_ws/install/micro_ros_msgs/share/micro_ros_msgs/environment/library_path.sh
[2.043s] -- Up-to-date: /home/tannernelson3/snuff_ros2/ros2_ws/install/micro_ros_msgs/share/micro_ros_msgs/environment/library_path.dsv
[2.043s] -- Up-to-date: /home/tannernelson3/snuff_ros2/ros2_ws/install/micro_ros_msgs/lib/libmicro_ros_msgs__rosidl_generator_c.so
[2.043s] -- Up-to-date: /home/tannernelson3/snuff_ros2/ros2_ws/install/micro_ros_msgs/include/micro_ros_msgs/micro_ros_msgs
[2.043s] -- Up-to-date: /home/tannernelson3/snuff_ros2/ros2_ws/install/micro_ros_msgs/include/micro_ros_msgs/micro_ros_msgs/msg
[2.044s] -- Up-to-date: /home/tannernelson3/snuff_ros2/ros2_ws/install/micro_ros_msgs/include/micro_ros_msgs/micro_ros_msgs/msg/rosidl_typesupport_fastrtps_c__visibility_control.h
[2.044s] -- Up-to-date: /home/tannernelson3/snuff_ros2/ros2_ws/install/micro_ros_msgs/include/micro_ros_msgs/micro_ros_msgs/msg/detail
[2.044s] -- Up-to-date: /home/tannernelson3/snuff_ros2/ros2_ws/install/micro_ros_msgs/include/micro_ros_msgs/micro_ros_msgs/msg/detail/node__rosidl_typesupport_fastrtps_c.h
[2.044s] -- Up-to-date: /home/tannernelson3/snuff_ros2/ros2_ws/install/micro_ros_msgs/include/micro_ros_msgs/micro_ros_msgs/msg/detail/entity__rosidl_typesupport_fastrtps_c.h
[2.044s] -- Up-to-date: /home/tannernelson3/snuff_ros2/ros2_ws/install/micro_ros_msgs/include/micro_ros_msgs/micro_ros_msgs/msg/detail/graph__rosidl_typesupport_fastrtps_c.h
[2.045s] -- Up-to-date: /home/tannernelson3/snuff_ros2/ros2_ws/install/micro_ros_msgs/lib/libmicro_ros_msgs__rosidl_typesupport_fastrtps_c.so
[2.045s] -- Up-to-date: /home/tannernelson3/snuff_ros2/ros2_ws/install/micro_ros_msgs/include/micro_ros_msgs/micro_ros_msgs
[2.045s] -- Up-to-date: /home/tannernelson3/snuff_ros2/ros2_ws/install/micro_ros_msgs/include/micro_ros_msgs/micro_ros_msgs/msg
[2.045s] -- Up-to-date: /home/tannernelson3/snuff_ros2/ros2_ws/install/micro_ros_msgs/include/micro_ros_msgs/micro_ros_msgs/msg/rosidl_typesupport_introspection_c__visibility_control.h
[2.045s] -- Up-to-date: /home/tannernelson3/snuff_ros2/ros2_ws/install/micro_ros_msgs/include/micro_ros_msgs/micro_ros_msgs/msg/detail
[2.045s] -- Up-to-date: /home/tannernelson3/snuff_ros2/ros2_ws/install/micro_ros_msgs/include/micro_ros_msgs/micro_ros_msgs/msg/detail/node__type_support.c
[2.046s] -- Up-to-date: /home/tannernelson3/snuff_ros2/ros2_ws/install/micro_ros_msgs/include/micro_ros_msgs/micro_ros_msgs/msg/detail/node__rosidl_typesupport_introspection_c.h
[2.048s] -- Up-to-date: /home/tannernelson3/snuff_ros2/ros2_ws/install/micro_ros_msgs/include/micro_ros_msgs/micro_ros_msgs/msg/detail/entity__type_support.c
[2.050s] -- Up-to-date: /home/tannernelson3/snuff_ros2/ros2_ws/install/micro_ros_msgs/include/micro_ros_msgs/micro_ros_msgs/msg/detail/entity__rosidl_typesupport_introspection_c.h
[2.050s] -- Up-to-date: /home/tannernelson3/snuff_ros2/ros2_ws/install/micro_ros_msgs/include/micro_ros_msgs/micro_ros_msgs/msg/detail/graph__rosidl_typesupport_introspection_c.h
[2.050s] -- Up-to-date: /home/tannernelson3/snuff_ros2/ros2_ws/install/micro_ros_msgs/include/micro_ros_msgs/micro_ros_msgs/msg/detail/graph__type_support.c
[2.053s] -- Up-to-date: /home/tannernelson3/snuff_ros2/ros2_ws/install/micro_ros_msgs/lib/libmicro_ros_msgs__rosidl_typesupport_introspection_c.so
[2.054s] -- Up-to-date: /home/tannernelson3/snuff_ros2/ros2_ws/install/micro_ros_msgs/lib/libmicro_ros_msgs__rosidl_typesupport_c.so
[2.056s] -- Up-to-date: /home/tannernelson3/snuff_ros2/ros2_ws/install/micro_ros_msgs/include/micro_ros_msgs/micro_ros_msgs
[2.056s] -- Up-to-date: /home/tannernelson3/snuff_ros2/ros2_ws/install/micro_ros_msgs/include/micro_ros_msgs/micro_ros_msgs/msg
[2.056s] -- Up-to-date: /home/tannernelson3/snuff_ros2/ros2_ws/install/micro_ros_msgs/include/micro_ros_msgs/micro_ros_msgs/msg/node.hpp
[2.056s] -- Up-to-date: /home/tannernelson3/snuff_ros2/ros2_ws/install/micro_ros_msgs/include/micro_ros_msgs/micro_ros_msgs/msg/graph.hpp
[2.056s] -- Up-to-date: /home/tannernelson3/snuff_ros2/ros2_ws/install/micro_ros_msgs/include/micro_ros_msgs/micro_ros_msgs/msg/entity.hpp
[2.057s] -- Up-to-date: /home/tannernelson3/snuff_ros2/ros2_ws/install/micro_ros_msgs/include/micro_ros_msgs/micro_ros_msgs/msg/detail
[2.057s] -- Up-to-date: /home/tannernelson3/snuff_ros2/ros2_ws/install/micro_ros_msgs/include/micro_ros_msgs/micro_ros_msgs/msg/detail/graph__traits.hpp
[2.057s] -- Up-to-date: /home/tannernelson3/snuff_ros2/ros2_ws/install/micro_ros_msgs/include/micro_ros_msgs/micro_ros_msgs/msg/detail/node__builder.hpp
[2.057s] -- Up-to-date: /home/tannernelson3/snuff_ros2/ros2_ws/install/micro_ros_msgs/include/micro_ros_msgs/micro_ros_msgs/msg/detail/entity__struct.hpp
[2.058s] -- Up-to-date: /home/tannernelson3/snuff_ros2/ros2_ws/install/micro_ros_msgs/include/micro_ros_msgs/micro_ros_msgs/msg/detail/graph__struct.hpp
[2.058s] -- Up-to-date: /home/tannernelson3/snuff_ros2/ros2_ws/install/micro_ros_msgs/include/micro_ros_msgs/micro_ros_msgs/msg/detail/node__traits.hpp
[2.058s] -- Up-to-date: /home/tannernelson3/snuff_ros2/ros2_ws/install/micro_ros_msgs/include/micro_ros_msgs/micro_ros_msgs/msg/detail/node__struct.hpp
[2.058s] -- Up-to-date: /home/tannernelson3/snuff_ros2/ros2_ws/install/micro_ros_msgs/include/micro_ros_msgs/micro_ros_msgs/msg/detail/entity__builder.hpp
[2.058s] -- Up-to-date: /home/tannernelson3/snuff_ros2/ros2_ws/install/micro_ros_msgs/include/micro_ros_msgs/micro_ros_msgs/msg/detail/entity__traits.hpp
[2.058s] -- Up-to-date: /home/tannernelson3/snuff_ros2/ros2_ws/install/micro_ros_msgs/include/micro_ros_msgs/micro_ros_msgs/msg/detail/graph__builder.hpp
[2.060s] -- Up-to-date: /home/tannernelson3/snuff_ros2/ros2_ws/install/micro_ros_msgs/include/micro_ros_msgs/micro_ros_msgs
[2.060s] -- Up-to-date: /home/tannernelson3/snuff_ros2/ros2_ws/install/micro_ros_msgs/include/micro_ros_msgs/micro_ros_msgs/msg
[2.060s] -- Up-to-date: /home/tannernelson3/snuff_ros2/ros2_ws/install/micro_ros_msgs/include/micro_ros_msgs/micro_ros_msgs/msg/rosidl_typesupport_fastrtps_cpp__visibility_control.h
[2.061s] -- Up-to-date: /home/tannernelson3/snuff_ros2/ros2_ws/install/micro_ros_msgs/include/micro_ros_msgs/micro_ros_msgs/msg/detail
[2.061s] -- Up-to-date: /home/tannernelson3/snuff_ros2/ros2_ws/install/micro_ros_msgs/include/micro_ros_msgs/micro_ros_msgs/msg/detail/entity__rosidl_typesupport_fastrtps_cpp.hpp
[2.061s] -- Up-to-date: /home/tannernelson3/snuff_ros2/ros2_ws/install/micro_ros_msgs/include/micro_ros_msgs/micro_ros_msgs/msg/detail/node__rosidl_typesupport_fastrtps_cpp.hpp
[2.061s] -- Up-to-date: /home/tannernelson3/snuff_ros2/ros2_ws/install/micro_ros_msgs/include/micro_ros_msgs/micro_ros_msgs/msg/detail/dds_fastrtps
[2.062s] -- Up-to-date: /home/tannernelson3/snuff_ros2/ros2_ws/install/micro_ros_msgs/include/micro_ros_msgs/micro_ros_msgs/msg/detail/graph__rosidl_typesupport_fastrtps_cpp.hpp
[2.062s] -- Up-to-date: /home/tannernelson3/snuff_ros2/ros2_ws/install/micro_ros_msgs/lib/libmicro_ros_msgs__rosidl_typesupport_fastrtps_cpp.so
[2.063s] -- Up-to-date: /home/tannernelson3/snuff_ros2/ros2_ws/install/micro_ros_msgs/include/micro_ros_msgs/micro_ros_msgs
[2.063s] -- Up-to-date: /home/tannernelson3/snuff_ros2/ros2_ws/install/micro_ros_msgs/include/micro_ros_msgs/micro_ros_msgs/msg
[2.063s] -- Up-to-date: /home/tannernelson3/snuff_ros2/ros2_ws/install/micro_ros_msgs/include/micro_ros_msgs/micro_ros_msgs/msg/detail
[2.064s] -- Up-to-date: /home/tannernelson3/snuff_ros2/ros2_ws/install/micro_ros_msgs/include/micro_ros_msgs/micro_ros_msgs/msg/detail/node__type_support.cpp
[2.064s] -- Up-to-date: /home/tannernelson3/snuff_ros2/ros2_ws/install/micro_ros_msgs/include/micro_ros_msgs/micro_ros_msgs/msg/detail/entity__type_support.cpp
[2.064s] -- Up-to-date: /home/tannernelson3/snuff_ros2/ros2_ws/install/micro_ros_msgs/include/micro_ros_msgs/micro_ros_msgs/msg/detail/entity__rosidl_typesupport_introspection_cpp.hpp
[2.065s] -- Up-to-date: /home/tannernelson3/snuff_ros2/ros2_ws/install/micro_ros_msgs/include/micro_ros_msgs/micro_ros_msgs/msg/detail/graph__rosidl_typesupport_introspection_cpp.hpp
[2.065s] -- Up-to-date: /home/tannernelson3/snuff_ros2/ros2_ws/install/micro_ros_msgs/include/micro_ros_msgs/micro_ros_msgs/msg/detail/graph__type_support.cpp
[2.065s] -- Up-to-date: /home/tannernelson3/snuff_ros2/ros2_ws/install/micro_ros_msgs/include/micro_ros_msgs/micro_ros_msgs/msg/detail/node__rosidl_typesupport_introspection_cpp.hpp
[2.066s] -- Up-to-date: /home/tannernelson3/snuff_ros2/ros2_ws/install/micro_ros_msgs/lib/libmicro_ros_msgs__rosidl_typesupport_introspection_cpp.so
[2.067s] -- Up-to-date: /home/tannernelson3/snuff_ros2/ros2_ws/install/micro_ros_msgs/lib/libmicro_ros_msgs__rosidl_typesupport_cpp.so
[2.067s] -- Up-to-date: /home/tannernelson3/snuff_ros2/ros2_ws/install/micro_ros_msgs/share/micro_ros_msgs/environment/pythonpath.sh
[2.067s] -- Up-to-date: /home/tannernelson3/snuff_ros2/ros2_ws/install/micro_ros_msgs/share/micro_ros_msgs/environment/pythonpath.dsv
[2.067s] -- Up-to-date: /home/tannernelson3/snuff_ros2/ros2_ws/install/micro_ros_msgs/lib/python3.10/site-packages/micro_ros_msgs-4.0.0-py3.10.egg-info
[2.067s] -- Installing: /home/tannernelson3/snuff_ros2/ros2_ws/install/micro_ros_msgs/lib/python3.10/site-packages/micro_ros_msgs-4.0.0-py3.10.egg-info/PKG-INFO
[2.067s] -- Installing: /home/tannernelson3/snuff_ros2/ros2_ws/install/micro_ros_msgs/lib/python3.10/site-packages/micro_ros_msgs-4.0.0-py3.10.egg-info/dependency_links.txt
[2.068s] -- Installing: /home/tannernelson3/snuff_ros2/ros2_ws/install/micro_ros_msgs/lib/python3.10/site-packages/micro_ros_msgs-4.0.0-py3.10.egg-info/SOURCES.txt
[2.068s] -- Installing: /home/tannernelson3/snuff_ros2/ros2_ws/install/micro_ros_msgs/lib/python3.10/site-packages/micro_ros_msgs-4.0.0-py3.10.egg-info/top_level.txt
[2.068s] -- Up-to-date: /home/tannernelson3/snuff_ros2/ros2_ws/install/micro_ros_msgs/lib/python3.10/site-packages/micro_ros_msgs
[2.068s] -- Up-to-date: /home/tannernelson3/snuff_ros2/ros2_ws/install/micro_ros_msgs/lib/python3.10/site-packages/micro_ros_msgs/micro_ros_msgs_s__rosidl_typesupport_c.cpython-310-x86_64-linux-gnu.so
[2.068s] -- Up-to-date: /home/tannernelson3/snuff_ros2/ros2_ws/install/micro_ros_msgs/lib/python3.10/site-packages/micro_ros_msgs/msg
[2.068s] -- Up-to-date: /home/tannernelson3/snuff_ros2/ros2_ws/install/micro_ros_msgs/lib/python3.10/site-packages/micro_ros_msgs/msg/_entity_s.c
[2.069s] -- Up-to-date: /home/tannernelson3/snuff_ros2/ros2_ws/install/micro_ros_msgs/lib/python3.10/site-packages/micro_ros_msgs/msg/_entity.py
[2.069s] -- Up-to-date: /home/tannernelson3/snuff_ros2/ros2_ws/install/micro_ros_msgs/lib/python3.10/site-packages/micro_ros_msgs/msg/_graph.py
[2.069s] -- Up-to-date: /home/tannernelson3/snuff_ros2/ros2_ws/install/micro_ros_msgs/lib/python3.10/site-packages/micro_ros_msgs/msg/_node_s.c
[2.069s] -- Up-to-date: /home/tannernelson3/snuff_ros2/ros2_ws/install/micro_ros_msgs/lib/python3.10/site-packages/micro_ros_msgs/msg/_graph_s.c
[2.069s] -- Up-to-date: /home/tannernelson3/snuff_ros2/ros2_ws/install/micro_ros_msgs/lib/python3.10/site-packages/micro_ros_msgs/msg/__init__.py
[2.070s] -- Up-to-date: /home/tannernelson3/snuff_ros2/ros2_ws/install/micro_ros_msgs/lib/python3.10/site-packages/micro_ros_msgs/msg/_node.py
[2.070s] -- Up-to-date: /home/tannernelson3/snuff_ros2/ros2_ws/install/micro_ros_msgs/lib/python3.10/site-packages/micro_ros_msgs/_micro_ros_msgs_s.ep.rosidl_typesupport_c.c
[2.070s] -- Up-to-date: /home/tannernelson3/snuff_ros2/ros2_ws/install/micro_ros_msgs/lib/python3.10/site-packages/micro_ros_msgs/micro_ros_msgs_s__rosidl_typesupport_fastrtps_c.cpython-310-x86_64-linux-gnu.so
[2.070s] -- Up-to-date: /home/tannernelson3/snuff_ros2/ros2_ws/install/micro_ros_msgs/lib/python3.10/site-packages/micro_ros_msgs/_micro_ros_msgs_s.ep.rosidl_typesupport_fastrtps_c.c
[2.070s] -- Up-to-date: /home/tannernelson3/snuff_ros2/ros2_ws/install/micro_ros_msgs/lib/python3.10/site-packages/micro_ros_msgs/libmicro_ros_msgs__rosidl_generator_py.so
[2.071s] -- Up-to-date: /home/tannernelson3/snuff_ros2/ros2_ws/install/micro_ros_msgs/lib/python3.10/site-packages/micro_ros_msgs/_micro_ros_msgs_s.ep.rosidl_typesupport_introspection_c.c
[2.071s] -- Up-to-date: /home/tannernelson3/snuff_ros2/ros2_ws/install/micro_ros_msgs/lib/python3.10/site-packages/micro_ros_msgs/micro_ros_msgs_s__rosidl_typesupport_introspection_c.cpython-310-x86_64-linux-gnu.so
[2.071s] -- Up-to-date: /home/tannernelson3/snuff_ros2/ros2_ws/install/micro_ros_msgs/lib/python3.10/site-packages/micro_ros_msgs/__init__.py
[2.121s] Listing '/home/tannernelson3/snuff_ros2/ros2_ws/install/micro_ros_msgs/lib/python3.10/site-packages/micro_ros_msgs'...
[2.122s] Listing '/home/tannernelson3/snuff_ros2/ros2_ws/install/micro_ros_msgs/lib/python3.10/site-packages/micro_ros_msgs/msg'...
[2.129s] -- Up-to-date: /home/tannernelson3/snuff_ros2/ros2_ws/install/micro_ros_msgs/lib/python3.10/site-packages/micro_ros_msgs/micro_ros_msgs_s__rosidl_typesupport_fastrtps_c.cpython-310-x86_64-linux-gnu.so
[2.130s] -- Up-to-date: /home/tannernelson3/snuff_ros2/ros2_ws/install/micro_ros_msgs/lib/python3.10/site-packages/micro_ros_msgs/micro_ros_msgs_s__rosidl_typesupport_introspection_c.cpython-310-x86_64-linux-gnu.so
[2.131s] -- Up-to-date: /home/tannernelson3/snuff_ros2/ros2_ws/install/micro_ros_msgs/lib/python3.10/site-packages/micro_ros_msgs/micro_ros_msgs_s__rosidl_typesupport_c.cpython-310-x86_64-linux-gnu.so
[2.131s] -- Up-to-date: /home/tannernelson3/snuff_ros2/ros2_ws/install/micro_ros_msgs/lib/libmicro_ros_msgs__rosidl_generator_py.so
[2.132s] -- Up-to-date: /home/tannernelson3/snuff_ros2/ros2_ws/install/micro_ros_msgs/share/micro_ros_msgs/msg/Graph.idl
[2.133s] -- Up-to-date: /home/tannernelson3/snuff_ros2/ros2_ws/install/micro_ros_msgs/share/micro_ros_msgs/msg/Node.idl
[2.134s] -- Up-to-date: /home/tannernelson3/snuff_ros2/ros2_ws/install/micro_ros_msgs/share/micro_ros_msgs/msg/Entity.idl
[2.134s] -- Up-to-date: /home/tannernelson3/snuff_ros2/ros2_ws/install/micro_ros_msgs/share/micro_ros_msgs/msg/Graph.msg
[2.135s] -- Up-to-date: /home/tannernelson3/snuff_ros2/ros2_ws/install/micro_ros_msgs/share/micro_ros_msgs/msg/Node.msg
[2.136s] -- Up-to-date: /home/tannernelson3/snuff_ros2/ros2_ws/install/micro_ros_msgs/share/micro_ros_msgs/msg/Entity.msg
[2.136s] -- Up-to-date: /home/tannernelson3/snuff_ros2/ros2_ws/install/micro_ros_msgs/share/ament_index/resource_index/package_run_dependencies/micro_ros_msgs
[2.136s] -- Up-to-date: /home/tannernelson3/snuff_ros2/ros2_ws/install/micro_ros_msgs/share/ament_index/resource_index/parent_prefix_path/micro_ros_msgs
[2.137s] -- Up-to-date: /home/tannernelson3/snuff_ros2/ros2_ws/install/micro_ros_msgs/share/micro_ros_msgs/environment/ament_prefix_path.sh
[2.137s] -- Up-to-date: /home/tannernelson3/snuff_ros2/ros2_ws/install/micro_ros_msgs/share/micro_ros_msgs/environment/ament_prefix_path.dsv
[2.137s] -- Up-to-date: /home/tannernelson3/snuff_ros2/ros2_ws/install/micro_ros_msgs/share/micro_ros_msgs/environment/path.sh
[2.137s] -- Up-to-date: /home/tannernelson3/snuff_ros2/ros2_ws/install/micro_ros_msgs/share/micro_ros_msgs/environment/path.dsv
[2.137s] -- Up-to-date: /home/tannernelson3/snuff_ros2/ros2_ws/install/micro_ros_msgs/share/micro_ros_msgs/local_setup.bash
[2.137s] -- Up-to-date: /home/tannernelson3/snuff_ros2/ros2_ws/install/micro_ros_msgs/share/micro_ros_msgs/local_setup.sh
[2.138s] -- Up-to-date: /home/tannernelson3/snuff_ros2/ros2_ws/install/micro_ros_msgs/share/micro_ros_msgs/local_setup.zsh
[2.138s] -- Up-to-date: /home/tannernelson3/snuff_ros2/ros2_ws/install/micro_ros_msgs/share/micro_ros_msgs/local_setup.dsv
[2.138s] -- Installing: /home/tannernelson3/snuff_ros2/ros2_ws/install/micro_ros_msgs/share/micro_ros_msgs/package.dsv
[2.138s] -- Up-to-date: /home/tannernelson3/snuff_ros2/ros2_ws/install/micro_ros_msgs/share/ament_index/resource_index/packages/micro_ros_msgs
[2.138s] -- Up-to-date: /home/tannernelson3/snuff_ros2/ros2_ws/install/micro_ros_msgs/share/micro_ros_msgs/cmake/export_micro_ros_msgs__rosidl_generator_cExport.cmake
[2.139s] -- Up-to-date: /home/tannernelson3/snuff_ros2/ros2_ws/install/micro_ros_msgs/share/micro_ros_msgs/cmake/export_micro_ros_msgs__rosidl_generator_cExport-noconfig.cmake
[2.139s] -- Up-to-date: /home/tannernelson3/snuff_ros2/ros2_ws/install/micro_ros_msgs/share/micro_ros_msgs/cmake/export_micro_ros_msgs__rosidl_typesupport_fastrtps_cExport.cmake
[2.139s] -- Up-to-date: /home/tannernelson3/snuff_ros2/ros2_ws/install/micro_ros_msgs/share/micro_ros_msgs/cmake/export_micro_ros_msgs__rosidl_typesupport_fastrtps_cExport-noconfig.cmake
[2.140s] -- Up-to-date: /home/tannernelson3/snuff_ros2/ros2_ws/install/micro_ros_msgs/share/micro_ros_msgs/cmake/micro_ros_msgs__rosidl_typesupport_introspection_cExport.cmake
[2.140s] -- Up-to-date: /home/tannernelson3/snuff_ros2/ros2_ws/install/micro_ros_msgs/share/micro_ros_msgs/cmake/micro_ros_msgs__rosidl_typesupport_introspection_cExport-noconfig.cmake
[2.140s] -- Up-to-date: /home/tannernelson3/snuff_ros2/ros2_ws/install/micro_ros_msgs/share/micro_ros_msgs/cmake/micro_ros_msgs__rosidl_typesupport_cExport.cmake
[2.140s] -- Up-to-date: /home/tannernelson3/snuff_ros2/ros2_ws/install/micro_ros_msgs/share/micro_ros_msgs/cmake/micro_ros_msgs__rosidl_typesupport_cExport-noconfig.cmake
[2.140s] -- Up-to-date: /home/tannernelson3/snuff_ros2/ros2_ws/install/micro_ros_msgs/share/micro_ros_msgs/cmake/export_micro_ros_msgs__rosidl_generator_cppExport.cmake
[2.140s] -- Up-to-date: /home/tannernelson3/snuff_ros2/ros2_ws/install/micro_ros_msgs/share/micro_ros_msgs/cmake/export_micro_ros_msgs__rosidl_typesupport_fastrtps_cppExport.cmake
[2.140s] -- Up-to-date: /home/tannernelson3/snuff_ros2/ros2_ws/install/micro_ros_msgs/share/micro_ros_msgs/cmake/export_micro_ros_msgs__rosidl_typesupport_fastrtps_cppExport-noconfig.cmake
[2.140s] -- Up-to-date: /home/tannernelson3/snuff_ros2/ros2_ws/install/micro_ros_msgs/share/micro_ros_msgs/cmake/micro_ros_msgs__rosidl_typesupport_introspection_cppExport.cmake
[2.141s] -- Up-to-date: /home/tannernelson3/snuff_ros2/ros2_ws/install/micro_ros_msgs/share/micro_ros_msgs/cmake/micro_ros_msgs__rosidl_typesupport_introspection_cppExport-noconfig.cmake
[2.141s] -- Up-to-date: /home/tannernelson3/snuff_ros2/ros2_ws/install/micro_ros_msgs/share/micro_ros_msgs/cmake/micro_ros_msgs__rosidl_typesupport_cppExport.cmake
[2.141s] -- Up-to-date: /home/tannernelson3/snuff_ros2/ros2_ws/install/micro_ros_msgs/share/micro_ros_msgs/cmake/micro_ros_msgs__rosidl_typesupport_cppExport-noconfig.cmake
[2.141s] -- Up-to-date: /home/tannernelson3/snuff_ros2/ros2_ws/install/micro_ros_msgs/share/micro_ros_msgs/cmake/export_micro_ros_msgs__rosidl_generator_pyExport.cmake
[2.141s] -- Up-to-date: /home/tannernelson3/snuff_ros2/ros2_ws/install/micro_ros_msgs/share/micro_ros_msgs/cmake/export_micro_ros_msgs__rosidl_generator_pyExport-noconfig.cmake
[2.141s] -- Up-to-date: /home/tannernelson3/snuff_ros2/ros2_ws/install/micro_ros_msgs/share/micro_ros_msgs/cmake/rosidl_cmake-extras.cmake
[2.141s] -- Up-to-date: /home/tannernelson3/snuff_ros2/ros2_ws/install/micro_ros_msgs/share/micro_ros_msgs/cmake/ament_cmake_export_include_directories-extras.cmake
[2.141s] -- Up-to-date: /home/tannernelson3/snuff_ros2/ros2_ws/install/micro_ros_msgs/share/micro_ros_msgs/cmake/ament_cmake_export_libraries-extras.cmake
[2.141s] -- Up-to-date: /home/tannernelson3/snuff_ros2/ros2_ws/install/micro_ros_msgs/share/micro_ros_msgs/cmake/ament_cmake_export_targets-extras.cmake
[2.141s] -- Up-to-date: /home/tannernelson3/snuff_ros2/ros2_ws/install/micro_ros_msgs/share/micro_ros_msgs/cmake/rosidl_cmake_export_typesupport_targets-extras.cmake
[2.142s] -- Up-to-date: /home/tannernelson3/snuff_ros2/ros2_ws/install/micro_ros_msgs/share/micro_ros_msgs/cmake/ament_cmake_export_dependencies-extras.cmake
[2.142s] -- Up-to-date: /home/tannernelson3/snuff_ros2/ros2_ws/install/micro_ros_msgs/share/micro_ros_msgs/cmake/rosidl_cmake_export_typesupport_libraries-extras.cmake
[2.142s] -- Up-to-date: /home/tannernelson3/snuff_ros2/ros2_ws/install/micro_ros_msgs/share/micro_ros_msgs/cmake/micro_ros_msgsConfig.cmake
[2.142s] -- Up-to-date: /home/tannernelson3/snuff_ros2/ros2_ws/install/micro_ros_msgs/share/micro_ros_msgs/cmake/micro_ros_msgsConfig-version.cmake
[2.142s] -- Up-to-date: /home/tannernelson3/snuff_ros2/ros2_ws/install/micro_ros_msgs/share/micro_ros_msgs/package.xml
[2.265s] Invoked command in '/home/tannernelson3/snuff_ros2/ros2_ws/build/micro_ros_msgs' returned '0': CMAKE_PREFIX_PATH=${CMAKE_PREFIX_PATH}:/opt/ros/iron /usr/bin/cmake --install /home/tannernelson3/snuff_ros2/ros2_ws/build/micro_ros_msgs
