[0.183s] Invoking command in '/home/tannernelson3/snuff_ros2/ros2_ws/build/snuff': CMAKE_PREFIX_PATH=${CMAKE_PREFIX_PATH}:/opt/ros/iron /usr/bin/cmake --build /home/tannernelson3/snuff_ros2/ros2_ws/build/snuff -- -j4 -l4
[0.217s] -- Found ament_cmake: 2.0.3 (/opt/ros/iron/share/ament_cmake/cmake)
[0.472s] -- Found rclcpp: 21.0.4 (/opt/ros/iron/share/rclcpp/cmake)
[0.540s] -- Found rosidl_generator_c: 4.0.1 (/opt/ros/iron/share/rosidl_generator_c/cmake)
[0.563s] -- Found rosidl_generator_cpp: 4.0.1 (/opt/ros/iron/share/rosidl_generator_cpp/cmake)
[0.596s] -- Using all available rosidl_typesupport_c: rosidl_typesupport_fastrtps_c;rosidl_typesupport_introspection_c
[0.623s] -- Using all available rosidl_typesupport_cpp: rosidl_typesupport_fastrtps_cpp;rosidl_typesupport_introspection_cpp
[0.913s] -- Found rmw_implementation_cmake: 7.1.0 (/opt/ros/iron/share/rmw_implementation_cmake/cmake)
[0.915s] -- Found rmw_fastrtps_cpp: 7.1.2 (/opt/ros/iron/share/rmw_fastrtps_cpp/cmake)
[1.065s] -- Using RMW implementation 'rmw_fastrtps_cpp' as default
[1.292s] -- Found std_msgs: 5.0.0 (/opt/ros/iron/share/std_msgs/cmake)
[1.336s] -- Found geometry_msgs: 5.0.0 (/opt/ros/iron/share/geometry_msgs/cmake)
[1.393s] -- Found apriltag_msgs: 2.0.1 (/opt/ros/iron/share/apriltag_msgs/cmake)
[1.611s] -- Configuring done
[1.618s] -- Generating done
[1.621s] -- Build files have been written to: /home/tannernelson3/snuff_ros2/ros2_ws/build/snuff
[1.672s] Built target ament_cmake_python_copy_snuff
[1.995s] running egg_info
[1.996s] writing snuff.egg-info/PKG-INFO
[1.996s] writing dependency_links to snuff.egg-info/dependency_links.txt
[1.997s] writing top-level names to snuff.egg-info/top_level.txt
[2.000s] reading manifest file 'snuff.egg-info/SOURCES.txt'
[2.001s] writing manifest file 'snuff.egg-info/SOURCES.txt'
[2.037s] Built target ament_cmake_python_build_snuff_egg
[2.050s] Invoked command in '/home/tannernelson3/snuff_ros2/ros2_ws/build/snuff' returned '0': CMAKE_PREFIX_PATH=${CMAKE_PREFIX_PATH}:/opt/ros/iron /usr/bin/cmake --build /home/tannernelson3/snuff_ros2/ros2_ws/build/snuff -- -j4 -l4
[2.081s] Invoking command in '/home/tannernelson3/snuff_ros2/ros2_ws/build/snuff': CMAKE_PREFIX_PATH=${CMAKE_PREFIX_PATH}:/opt/ros/iron /usr/bin/cmake --install /home/tannernelson3/snuff_ros2/ros2_ws/build/snuff
[2.090s] -- Install configuration: ""
[2.090s] -- Up-to-date: /home/tannernelson3/snuff_ros2/ros2_ws/install/snuff/share/snuff/launch
[2.090s] -- Up-to-date: /home/tannernelson3/snuff_ros2/ros2_ws/install/snuff/share/snuff/launch/__pycache__
[2.091s] -- Installing: /home/tannernelson3/snuff_ros2/ros2_ws/install/snuff/share/snuff/launch/__pycache__/robot.launch.cpython-310.pyc
[2.091s] -- Installing: /home/tannernelson3/snuff_ros2/ros2_ws/install/snuff/share/snuff/launch/robot.launch.py
[2.091s] -- Up-to-date: /home/tannernelson3/snuff_ros2/ros2_ws/install/snuff/share/snuff/rviz
[2.091s] -- Up-to-date: /home/tannernelson3/snuff_ros2/ros2_ws/install/snuff/share/snuff/rviz/robot.rviz
[2.092s] -- Up-to-date: /home/tannernelson3/snuff_ros2/ros2_ws/install/snuff/share/snuff/config
[2.092s] -- Up-to-date: /home/tannernelson3/snuff_ros2/ros2_ws/install/snuff/share/snuff/config/params_1.yaml
[2.092s] -- Up-to-date: /home/tannernelson3/snuff_ros2/ros2_ws/install/snuff/share/snuff/config/camera_info.yaml
[2.092s] -- Up-to-date: /home/tannernelson3/snuff_ros2/ros2_ws/install/snuff/share/snuff/config/apriltags.yaml
[2.092s] -- Up-to-date: /home/tannernelson3/snuff_ros2/ros2_ws/install/snuff/share/snuff/models
[2.093s] -- Up-to-date: /home/tannernelson3/snuff_ros2/ros2_ws/install/snuff/share/snuff/models/robot
[2.093s] -- Up-to-date: /home/tannernelson3/snuff_ros2/ros2_ws/install/snuff/share/snuff/models/robot/floor.sdf
[2.093s] -- Up-to-date: /home/tannernelson3/snuff_ros2/ros2_ws/install/snuff/share/snuff/models/robot/Invoice 5030603.pdf
[2.093s] -- Up-to-date: /home/tannernelson3/snuff_ros2/ros2_ws/install/snuff/share/snuff/models/robot/tag1_cube.sdf
[2.093s] -- Up-to-date: /home/tannernelson3/snuff_ros2/ros2_ws/install/snuff/share/snuff/models/robot/pxxls_cam.urdf.xacro
[2.094s] -- Up-to-date: /home/tannernelson3/snuff_ros2/ros2_ws/install/snuff/share/snuff/models/robot/meshes
[2.094s] -- Up-to-date: /home/tannernelson3/snuff_ros2/ros2_ws/install/snuff/share/snuff/models/robot/meshes/tag36_11_00003.png
[2.094s] -- Up-to-date: /home/tannernelson3/snuff_ros2/ros2_ws/install/snuff/share/snuff/models/robot/meshes/pxxls_cam_camera.stl
[2.094s] -- Up-to-date: /home/tannernelson3/snuff_ros2/ros2_ws/install/snuff/share/snuff/models/robot/meshes/tag3_cube.dae
[2.094s] -- Up-to-date: /home/tannernelson3/snuff_ros2/ros2_ws/install/snuff/share/snuff/models/robot/meshes/camera.dae
[2.094s] -- Up-to-date: /home/tannernelson3/snuff_ros2/ros2_ws/install/snuff/share/snuff/models/robot/meshes/base.dae
[2.094s] -- Up-to-date: /home/tannernelson3/snuff_ros2/ros2_ws/install/snuff/share/snuff/models/robot/meshes/pxxls_cam_tilt.stl
[2.095s] -- Up-to-date: /home/tannernelson3/snuff_ros2/ros2_ws/install/snuff/share/snuff/models/robot/meshes/pxxls_cam_pan.stl
[2.095s] -- Up-to-date: /home/tannernelson3/snuff_ros2/ros2_ws/install/snuff/share/snuff/models/robot/meshes/pxxls_cam_base.stl
[2.095s] -- Up-to-date: /home/tannernelson3/snuff_ros2/ros2_ws/install/snuff/share/snuff/models/robot/world.world
[2.095s] -- Up-to-date: /home/tannernelson3/snuff_ros2/ros2_ws/install/snuff/share/snuff/models/robot/robot.sdf
[2.095s] -- Up-to-date: /home/tannernelson3/snuff_ros2/ros2_ws/install/snuff/share/snuff/models/robot/tag2_cube.sdf
[2.095s] -- Up-to-date: /home/tannernelson3/snuff_ros2/ros2_ws/install/snuff/share/snuff/models/robot/tag3_cube.sdf
[2.095s] -- Up-to-date: /home/tannernelson3/snuff_ros2/ros2_ws/install/snuff/share/snuff/models/robot/world.sdf
[2.095s] -- Up-to-date: /home/tannernelson3/snuff_ros2/ros2_ws/install/snuff/share/snuff/models/robot/__init__.py
[2.095s] -- Up-to-date: /home/tannernelson3/snuff_ros2/ros2_ws/install/snuff/share/snuff/worlds
[2.095s] -- Up-to-date: /home/tannernelson3/snuff_ros2/ros2_ws/install/snuff/share/snuff/environment/pythonpath.sh
[2.095s] -- Up-to-date: /home/tannernelson3/snuff_ros2/ros2_ws/install/snuff/share/snuff/environment/pythonpath.dsv
[2.096s] -- Up-to-date: /home/tannernelson3/snuff_ros2/ros2_ws/install/snuff/lib/python3.10/site-packages/snuff-0.0.0-py3.10.egg-info
[2.096s] -- Installing: /home/tannernelson3/snuff_ros2/ros2_ws/install/snuff/lib/python3.10/site-packages/snuff-0.0.0-py3.10.egg-info/PKG-INFO
[2.096s] -- Installing: /home/tannernelson3/snuff_ros2/ros2_ws/install/snuff/lib/python3.10/site-packages/snuff-0.0.0-py3.10.egg-info/dependency_links.txt
[2.096s] -- Installing: /home/tannernelson3/snuff_ros2/ros2_ws/install/snuff/lib/python3.10/site-packages/snuff-0.0.0-py3.10.egg-info/SOURCES.txt
[2.096s] -- Installing: /home/tannernelson3/snuff_ros2/ros2_ws/install/snuff/lib/python3.10/site-packages/snuff-0.0.0-py3.10.egg-info/top_level.txt
[2.096s] -- Up-to-date: /home/tannernelson3/snuff_ros2/ros2_ws/install/snuff/lib/python3.10/site-packages/snuff
[2.096s] -- Up-to-date: /home/tannernelson3/snuff_ros2/ros2_ws/install/snuff/lib/python3.10/site-packages/snuff/__init__.py
[2.133s] Listing '/home/tannernelson3/snuff_ros2/ros2_ws/install/snuff/lib/python3.10/site-packages/snuff'...
[2.138s] -- Up-to-date: /home/tannernelson3/snuff_ros2/ros2_ws/install/snuff/lib/snuff/exec.py
[2.138s] -- Up-to-date: /home/tannernelson3/snuff_ros2/ros2_ws/install/snuff/lib/snuff/state_publisher.py
[2.139s] -- Installing: /home/tannernelson3/snuff_ros2/ros2_ws/install/snuff/lib/snuff/dyn_lib.py
[2.139s] -- Up-to-date: /home/tannernelson3/snuff_ros2/ros2_ws/install/snuff/share/ament_index/resource_index/package_run_dependencies/snuff
[2.139s] -- Up-to-date: /home/tannernelson3/snuff_ros2/ros2_ws/install/snuff/share/ament_index/resource_index/parent_prefix_path/snuff
[2.139s] -- Up-to-date: /home/tannernelson3/snuff_ros2/ros2_ws/install/snuff/share/snuff/environment/ament_prefix_path.sh
[2.139s] -- Up-to-date: /home/tannernelson3/snuff_ros2/ros2_ws/install/snuff/share/snuff/environment/ament_prefix_path.dsv
[2.139s] -- Up-to-date: /home/tannernelson3/snuff_ros2/ros2_ws/install/snuff/share/snuff/environment/path.sh
[2.140s] -- Up-to-date: /home/tannernelson3/snuff_ros2/ros2_ws/install/snuff/share/snuff/environment/path.dsv
[2.140s] -- Up-to-date: /home/tannernelson3/snuff_ros2/ros2_ws/install/snuff/share/snuff/local_setup.bash
[2.140s] -- Up-to-date: /home/tannernelson3/snuff_ros2/ros2_ws/install/snuff/share/snuff/local_setup.sh
[2.140s] -- Up-to-date: /home/tannernelson3/snuff_ros2/ros2_ws/install/snuff/share/snuff/local_setup.zsh
[2.140s] -- Up-to-date: /home/tannernelson3/snuff_ros2/ros2_ws/install/snuff/share/snuff/local_setup.dsv
[2.140s] -- Installing: /home/tannernelson3/snuff_ros2/ros2_ws/install/snuff/share/snuff/package.dsv
[2.140s] -- Up-to-date: /home/tannernelson3/snuff_ros2/ros2_ws/install/snuff/share/ament_index/resource_index/packages/snuff
[2.140s] -- Up-to-date: /home/tannernelson3/snuff_ros2/ros2_ws/install/snuff/share/snuff/cmake/snuffConfig.cmake
[2.140s] -- Up-to-date: /home/tannernelson3/snuff_ros2/ros2_ws/install/snuff/share/snuff/cmake/snuffConfig-version.cmake
[2.141s] -- Up-to-date: /home/tannernelson3/snuff_ros2/ros2_ws/install/snuff/share/snuff/package.xml
[2.142s] Invoked command in '/home/tannernelson3/snuff_ros2/ros2_ws/build/snuff' returned '0': CMAKE_PREFIX_PATH=${CMAKE_PREFIX_PATH}:/opt/ros/iron /usr/bin/cmake --install /home/tannernelson3/snuff_ros2/ros2_ws/build/snuff
