[1.670s] Invoking command in '/home/tannernelson3/ROS/ros/ros2_ws/src/py_srvcli': PYTHONPATH=/home/tannernelson3/ROS/ros/ros2_ws/build/py_srvcli/prefix_override:/home/tannernelson3/ROS/ros/ros2_ws/install/py_srvcli/lib/python3.10/site-packages:${PYTHONPATH} /usr/bin/python3 setup.py egg_info --egg-base ../../build/py_srvcli build --build-base /home/tannernelson3/ROS/ros/ros2_ws/build/py_srvcli/build install --record /home/tannernelson3/ROS/ros/ros2_ws/build/py_srvcli/install.log --single-version-externally-managed
[2.104s] running egg_info
[2.105s] writing ../../build/py_srvcli/py_srvcli.egg-info/PKG-INFO
[2.106s] writing dependency_links to ../../build/py_srvcli/py_srvcli.egg-info/dependency_links.txt
[2.106s] writing entry points to ../../build/py_srvcli/py_srvcli.egg-info/entry_points.txt
[2.106s] writing requirements to ../../build/py_srvcli/py_srvcli.egg-info/requires.txt
[2.106s] writing top-level names to ../../build/py_srvcli/py_srvcli.egg-info/top_level.txt
[2.109s] reading manifest file '../../build/py_srvcli/py_srvcli.egg-info/SOURCES.txt'
[2.110s] writing manifest file '../../build/py_srvcli/py_srvcli.egg-info/SOURCES.txt'
[2.110s] running build
[2.110s] running build_py
[2.110s] running install
[2.111s] /usr/lib/python3/dist-packages/setuptools/command/install.py:34: SetuptoolsDeprecationWarning: setup.py install is deprecated. Use build and pip and other standards-based tools.
[2.111s]   warnings.warn(
[2.111s] running install_lib
[2.113s] running install_data
[2.113s] running install_egg_info
[2.115s] removing '/home/tannernelson3/ROS/ros/ros2_ws/install/py_srvcli/lib/python3.10/site-packages/py_srvcli-0.0.0-py3.10.egg-info' (and everything under it)
[2.116s] Copying ../../build/py_srvcli/py_srvcli.egg-info to /home/tannernelson3/ROS/ros/ros2_ws/install/py_srvcli/lib/python3.10/site-packages/py_srvcli-0.0.0-py3.10.egg-info
[2.117s] running install_scripts
[2.143s] Installing client script to /home/tannernelson3/ROS/ros/ros2_ws/install/py_srvcli/lib/py_srvcli
[2.144s] Installing service script to /home/tannernelson3/ROS/ros/ros2_ws/install/py_srvcli/lib/py_srvcli
[2.147s] writing list of installed files to '/home/tannernelson3/ROS/ros/ros2_ws/build/py_srvcli/install.log'
[2.185s] Invoked command in '/home/tannernelson3/ROS/ros/ros2_ws/src/py_srvcli' returned '0': PYTHONPATH=/home/tannernelson3/ROS/ros/ros2_ws/build/py_srvcli/prefix_override:/home/tannernelson3/ROS/ros/ros2_ws/install/py_srvcli/lib/python3.10/site-packages:${PYTHONPATH} /usr/bin/python3 setup.py egg_info --egg-base ../../build/py_srvcli build --build-base /home/tannernelson3/ROS/ros/ros2_ws/build/py_srvcli/build install --record /home/tannernelson3/ROS/ros/ros2_ws/build/py_srvcli/install.log --single-version-externally-managed
