[0.392s] Invoking command in '/home/tannernelson3/snuff_ros2/ros2_ws/build/micro_ros_msgs': CMAKE_PREFIX_PATH=${CMAKE_PREFIX_PATH}:/opt/ros/iron /usr/bin/cmake --build /home/tannernelson3/snuff_ros2/ros2_ws/build/micro_ros_msgs -- -j4 -l4
[0.516s] [  1%] Built target micro_ros_msgs__rosidl_generator_type_description
[0.540s] [  1%] Built target ament_cmake_python_copy_micro_ros_msgs
[0.588s] [ 22%] Built target micro_ros_msgs__rosidl_generator_c
[0.593s] [ 24%] Built target micro_ros_msgs__cpp
[0.748s] [ 33%] Built target micro_ros_msgs__rosidl_typesupport_fastrtps_c
[0.772s] [ 42%] Built target micro_ros_msgs__rosidl_typesupport_c
[0.773s] [ 51%] Built target micro_ros_msgs__rosidl_typesupport_introspection_c
[0.842s] [ 61%] Built target micro_ros_msgs__rosidl_typesupport_fastrtps_cpp
[0.876s] [ 70%] Built target micro_ros_msgs__rosidl_typesupport_introspection_cpp
[0.892s] [ 79%] Built target micro_ros_msgs__rosidl_typesupport_cpp
[1.019s] [ 79%] Built target micro_ros_msgs
[1.103s] [ 81%] Built target micro_ros_msgs__py
[1.193s] [ 88%] Built target micro_ros_msgs__rosidl_generator_py
[1.307s] [ 92%] Built target micro_ros_msgs__rosidl_typesupport_fastrtps_c__pyext
[1.319s] [ 96%] Built target micro_ros_msgs__rosidl_typesupport_introspection_c__pyext
[1.350s] [100%] Built target micro_ros_msgs__rosidl_typesupport_c__pyext
[1.536s] running egg_info
[1.538s] writing micro_ros_msgs.egg-info/PKG-INFO
[1.538s] writing dependency_links to micro_ros_msgs.egg-info/dependency_links.txt
[1.539s] writing top-level names to micro_ros_msgs.egg-info/top_level.txt
[1.545s] reading manifest file 'micro_ros_msgs.egg-info/SOURCES.txt'
[1.546s] writing manifest file 'micro_ros_msgs.egg-info/SOURCES.txt'
[1.611s] [100%] Built target ament_cmake_python_build_micro_ros_msgs_egg
[1.646s] Invoked command in '/home/tannernelson3/snuff_ros2/ros2_ws/build/micro_ros_msgs' returned '0': CMAKE_PREFIX_PATH=${CMAKE_PREFIX_PATH}:/opt/ros/iron /usr/bin/cmake --build /home/tannernelson3/snuff_ros2/ros2_ws/build/micro_ros_msgs -- -j4 -l4
[2.028s] Invoking command in '/home/tannernelson3/snuff_ros2/ros2_ws/build/micro_ros_msgs': CMAKE_PREFIX_PATH=${CMAKE_PREFIX_PATH}:/opt/ros/iron /usr/bin/cmake --install /home/tannernelson3/snuff_ros2/ros2_ws/build/micro_ros_msgs
[2.044s] -- Install configuration: ""
[2.044s] -- Up-to-date: /home/tannernelson3/snuff_ros2/ros2_ws/install/micro_ros_msgs/share/ament_index/resource_index/rosidl_interfaces/micro_ros_msgs
[2.045s] -- Up-to-date: /home/tannernelson3/snuff_ros2/ros2_ws/install/micro_ros_msgs/share/micro_ros_msgs/msg/Graph.json
[2.045s] -- Up-to-date: /home/tannernelson3/snuff_ros2/ros2_ws/install/micro_ros_msgs/share/micro_ros_msgs/msg/Node.json
[2.045s] -- Up-to-date: /home/tannernelson3/snuff_ros2/ros2_ws/install/micro_ros_msgs/share/micro_ros_msgs/msg/Entity.json
[2.045s] -- Up-to-date: /home/tannernelson3/snuff_ros2/ros2_ws/install/micro_ros_msgs/include/micro_ros_msgs/micro_ros_msgs
[2.046s] -- Up-to-date: /home/tannernelson3/snuff_ros2/ros2_ws/install/micro_ros_msgs/include/micro_ros_msgs/micro_ros_msgs/msg
[2.046s] -- Up-to-date: /home/tannernelson3/snuff_ros2/ros2_ws/install/micro_ros_msgs/include/micro_ros_msgs/micro_ros_msgs/msg/graph.h
[2.046s] -- Up-to-date: /home/tannernelson3/snuff_ros2/ros2_ws/install/micro_ros_msgs/include/micro_ros_msgs/micro_ros_msgs/msg/entity.h
[2.047s] -- Up-to-date: /home/tannernelson3/snuff_ros2/ros2_ws/install/micro_ros_msgs/include/micro_ros_msgs/micro_ros_msgs/msg/rosidl_generator_c__visibility_control.h
[2.047s] -- Up-to-date: /home/tannernelson3/snuff_ros2/ros2_ws/install/micro_ros_msgs/include/micro_ros_msgs/micro_ros_msgs/msg/node.h
[2.047s] -- Up-to-date: /home/tannernelson3/snuff_ros2/ros2_ws/install/micro_ros_msgs/include/micro_ros_msgs/micro_ros_msgs/msg/detail
[2.047s] -- Up-to-date: /home/tannernelson3/snuff_ros2/ros2_ws/install/micro_ros_msgs/include/micro_ros_msgs/micro_ros_msgs/msg/detail/node__type_support.c
[2.047s] -- Up-to-date: /home/tannernelson3/snuff_ros2/ros2_ws/install/micro_ros_msgs/include/micro_ros_msgs/micro_ros_msgs/msg/detail/graph__functions.c
[2.047s] -- Up-to-date: /home/tannernelson3/snuff_ros2/ros2_ws/install/micro_ros_msgs/include/micro_ros_msgs/micro_ros_msgs/msg/detail/entity__description.c
[2.048s] -- Up-to-date: /home/tannernelson3/snuff_ros2/ros2_ws/install/micro_ros_msgs/include/micro_ros_msgs/micro_ros_msgs/msg/detail/entity__functions.h
[2.048s] -- Up-to-date: /home/tannernelson3/snuff_ros2/ros2_ws/install/micro_ros_msgs/include/micro_ros_msgs/micro_ros_msgs/msg/detail/entity__struct.h
[2.049s] -- Up-to-date: /home/tannernelson3/snuff_ros2/ros2_ws/install/micro_ros_msgs/include/micro_ros_msgs/micro_ros_msgs/msg/detail/entity__type_support.c
[2.049s] -- Up-to-date: /home/tannernelson3/snuff_ros2/ros2_ws/install/micro_ros_msgs/include/micro_ros_msgs/micro_ros_msgs/msg/detail/graph__functions.h
[2.050s] -- Up-to-date: /home/tannernelson3/snuff_ros2/ros2_ws/install/micro_ros_msgs/include/micro_ros_msgs/micro_ros_msgs/msg/detail/node__functions.c
[2.051s] -- Up-to-date: /home/tannernelson3/snuff_ros2/ros2_ws/install/micro_ros_msgs/include/micro_ros_msgs/micro_ros_msgs/msg/detail/node__description.c
[2.051s] -- Up-to-date: /home/tannernelson3/snuff_ros2/ros2_ws/install/micro_ros_msgs/include/micro_ros_msgs/micro_ros_msgs/msg/detail/graph__struct.h
[2.052s] -- Up-to-date: /home/tannernelson3/snuff_ros2/ros2_ws/install/micro_ros_msgs/include/micro_ros_msgs/micro_ros_msgs/msg/detail/node__struct.h
[2.052s] -- Up-to-date: /home/tannernelson3/snuff_ros2/ros2_ws/install/micro_ros_msgs/include/micro_ros_msgs/micro_ros_msgs/msg/detail/graph__description.c
[2.052s] -- Up-to-date: /home/tannernelson3/snuff_ros2/ros2_ws/install/micro_ros_msgs/include/micro_ros_msgs/micro_ros_msgs/msg/detail/graph__type_support.h
[2.053s] -- Up-to-date: /home/tannernelson3/snuff_ros2/ros2_ws/install/micro_ros_msgs/include/micro_ros_msgs/micro_ros_msgs/msg/detail/node__type_support.h
[2.053s] -- Up-to-date: /home/tannernelson3/snuff_ros2/ros2_ws/install/micro_ros_msgs/include/micro_ros_msgs/micro_ros_msgs/msg/detail/graph__type_support.c
[2.054s] -- Up-to-date: /home/tannernelson3/snuff_ros2/ros2_ws/install/micro_ros_msgs/include/micro_ros_msgs/micro_ros_msgs/msg/detail/entity__functions.c
[2.055s] -- Up-to-date: /home/tannernelson3/snuff_ros2/ros2_ws/install/micro_ros_msgs/include/micro_ros_msgs/micro_ros_msgs/msg/detail/node__functions.h
[2.056s] -- Up-to-date: /home/tannernelson3/snuff_ros2/ros2_ws/install/micro_ros_msgs/include/micro_ros_msgs/micro_ros_msgs/msg/detail/entity__type_support.h
[2.056s] -- Up-to-date: /home/tannernelson3/snuff_ros2/ros2_ws/install/micro_ros_msgs/share/micro_ros_msgs/environment/library_path.sh
[2.056s] -- Up-to-date: /home/tannernelson3/snuff_ros2/ros2_ws/install/micro_ros_msgs/share/micro_ros_msgs/environment/library_path.dsv
[2.057s] -- Up-to-date: /home/tannernelson3/snuff_ros2/ros2_ws/install/micro_ros_msgs/lib/libmicro_ros_msgs__rosidl_generator_c.so
[2.057s] -- Up-to-date: /home/tannernelson3/snuff_ros2/ros2_ws/install/micro_ros_msgs/include/micro_ros_msgs/micro_ros_msgs
[2.057s] -- Up-to-date: /home/tannernelson3/snuff_ros2/ros2_ws/install/micro_ros_msgs/include/micro_ros_msgs/micro_ros_msgs/msg
[2.058s] -- Up-to-date: /home/tannernelson3/snuff_ros2/ros2_ws/install/micro_ros_msgs/include/micro_ros_msgs/micro_ros_msgs/msg/rosidl_typesupport_fastrtps_c__visibility_control.h
[2.058s] -- Up-to-date: /home/tannernelson3/snuff_ros2/ros2_ws/install/micro_ros_msgs/include/micro_ros_msgs/micro_ros_msgs/msg/detail
[2.058s] -- Up-to-date: /home/tannernelson3/snuff_ros2/ros2_ws/install/micro_ros_msgs/include/micro_ros_msgs/micro_ros_msgs/msg/detail/node__rosidl_typesupport_fastrtps_c.h
[2.059s] -- Up-to-date: /home/tannernelson3/snuff_ros2/ros2_ws/install/micro_ros_msgs/include/micro_ros_msgs/micro_ros_msgs/msg/detail/entity__rosidl_typesupport_fastrtps_c.h
[2.059s] -- Up-to-date: /home/tannernelson3/snuff_ros2/ros2_ws/install/micro_ros_msgs/include/micro_ros_msgs/micro_ros_msgs/msg/detail/graph__rosidl_typesupport_fastrtps_c.h
[2.060s] -- Up-to-date: /home/tannernelson3/snuff_ros2/ros2_ws/install/micro_ros_msgs/lib/libmicro_ros_msgs__rosidl_typesupport_fastrtps_c.so
[2.060s] -- Up-to-date: /home/tannernelson3/snuff_ros2/ros2_ws/install/micro_ros_msgs/include/micro_ros_msgs/micro_ros_msgs
[2.060s] -- Up-to-date: /home/tannernelson3/snuff_ros2/ros2_ws/install/micro_ros_msgs/include/micro_ros_msgs/micro_ros_msgs/msg
[2.061s] -- Up-to-date: /home/tannernelson3/snuff_ros2/ros2_ws/install/micro_ros_msgs/include/micro_ros_msgs/micro_ros_msgs/msg/rosidl_typesupport_introspection_c__visibility_control.h
[2.061s] -- Up-to-date: /home/tannernelson3/snuff_ros2/ros2_ws/install/micro_ros_msgs/include/micro_ros_msgs/micro_ros_msgs/msg/detail
[2.062s] -- Up-to-date: /home/tannernelson3/snuff_ros2/ros2_ws/install/micro_ros_msgs/include/micro_ros_msgs/micro_ros_msgs/msg/detail/node__type_support.c
[2.062s] -- Up-to-date: /home/tannernelson3/snuff_ros2/ros2_ws/install/micro_ros_msgs/include/micro_ros_msgs/micro_ros_msgs/msg/detail/node__rosidl_typesupport_introspection_c.h
[2.065s] -- Up-to-date: /home/tannernelson3/snuff_ros2/ros2_ws/install/micro_ros_msgs/include/micro_ros_msgs/micro_ros_msgs/msg/detail/entity__type_support.c
[2.067s] -- Up-to-date: /home/tannernelson3/snuff_ros2/ros2_ws/install/micro_ros_msgs/include/micro_ros_msgs/micro_ros_msgs/msg/detail/entity__rosidl_typesupport_introspection_c.h
[2.067s] -- Up-to-date: /home/tannernelson3/snuff_ros2/ros2_ws/install/micro_ros_msgs/include/micro_ros_msgs/micro_ros_msgs/msg/detail/graph__rosidl_typesupport_introspection_c.h
[2.067s] -- Up-to-date: /home/tannernelson3/snuff_ros2/ros2_ws/install/micro_ros_msgs/include/micro_ros_msgs/micro_ros_msgs/msg/detail/graph__type_support.c
[2.068s] -- Up-to-date: /home/tannernelson3/snuff_ros2/ros2_ws/install/micro_ros_msgs/lib/libmicro_ros_msgs__rosidl_typesupport_introspection_c.so
[2.073s] -- Up-to-date: /home/tannernelson3/snuff_ros2/ros2_ws/install/micro_ros_msgs/lib/libmicro_ros_msgs__rosidl_typesupport_c.so
[2.075s] -- Up-to-date: /home/tannernelson3/snuff_ros2/ros2_ws/install/micro_ros_msgs/include/micro_ros_msgs/micro_ros_msgs
[2.075s] -- Up-to-date: /home/tannernelson3/snuff_ros2/ros2_ws/install/micro_ros_msgs/include/micro_ros_msgs/micro_ros_msgs/msg
[2.079s] -- Up-to-date: /home/tannernelson3/snuff_ros2/ros2_ws/install/micro_ros_msgs/include/micro_ros_msgs/micro_ros_msgs/msg/node.hpp
[2.080s] -- Up-to-date: /home/tannernelson3/snuff_ros2/ros2_ws/install/micro_ros_msgs/include/micro_ros_msgs/micro_ros_msgs/msg/graph.hpp
[2.081s] -- Up-to-date: /home/tannernelson3/snuff_ros2/ros2_ws/install/micro_ros_msgs/include/micro_ros_msgs/micro_ros_msgs/msg/entity.hpp
[2.081s] -- Up-to-date: /home/tannernelson3/snuff_ros2/ros2_ws/install/micro_ros_msgs/include/micro_ros_msgs/micro_ros_msgs/msg/detail
[2.081s] -- Up-to-date: /home/tannernelson3/snuff_ros2/ros2_ws/install/micro_ros_msgs/include/micro_ros_msgs/micro_ros_msgs/msg/detail/graph__traits.hpp
[2.082s] -- Up-to-date: /home/tannernelson3/snuff_ros2/ros2_ws/install/micro_ros_msgs/include/micro_ros_msgs/micro_ros_msgs/msg/detail/node__builder.hpp
[2.083s] -- Up-to-date: /home/tannernelson3/snuff_ros2/ros2_ws/install/micro_ros_msgs/include/micro_ros_msgs/micro_ros_msgs/msg/detail/entity__struct.hpp
[2.083s] -- Up-to-date: /home/tannernelson3/snuff_ros2/ros2_ws/install/micro_ros_msgs/include/micro_ros_msgs/micro_ros_msgs/msg/detail/graph__struct.hpp
[2.083s] -- Up-to-date: /home/tannernelson3/snuff_ros2/ros2_ws/install/micro_ros_msgs/include/micro_ros_msgs/micro_ros_msgs/msg/detail/node__traits.hpp
[2.084s] -- Up-to-date: /home/tannernelson3/snuff_ros2/ros2_ws/install/micro_ros_msgs/include/micro_ros_msgs/micro_ros_msgs/msg/detail/node__struct.hpp
[2.084s] -- Up-to-date: /home/tannernelson3/snuff_ros2/ros2_ws/install/micro_ros_msgs/include/micro_ros_msgs/micro_ros_msgs/msg/detail/entity__builder.hpp
[2.085s] -- Up-to-date: /home/tannernelson3/snuff_ros2/ros2_ws/install/micro_ros_msgs/include/micro_ros_msgs/micro_ros_msgs/msg/detail/entity__traits.hpp
[2.085s] -- Up-to-date: /home/tannernelson3/snuff_ros2/ros2_ws/install/micro_ros_msgs/include/micro_ros_msgs/micro_ros_msgs/msg/detail/graph__builder.hpp
[2.085s] -- Up-to-date: /home/tannernelson3/snuff_ros2/ros2_ws/install/micro_ros_msgs/include/micro_ros_msgs/micro_ros_msgs
[2.086s] -- Up-to-date: /home/tannernelson3/snuff_ros2/ros2_ws/install/micro_ros_msgs/include/micro_ros_msgs/micro_ros_msgs/msg
[2.086s] -- Up-to-date: /home/tannernelson3/snuff_ros2/ros2_ws/install/micro_ros_msgs/include/micro_ros_msgs/micro_ros_msgs/msg/rosidl_typesupport_fastrtps_cpp__visibility_control.h
[2.087s] -- Up-to-date: /home/tannernelson3/snuff_ros2/ros2_ws/install/micro_ros_msgs/include/micro_ros_msgs/micro_ros_msgs/msg/detail
[2.088s] -- Up-to-date: /home/tannernelson3/snuff_ros2/ros2_ws/install/micro_ros_msgs/include/micro_ros_msgs/micro_ros_msgs/msg/detail/entity__rosidl_typesupport_fastrtps_cpp.hpp
[2.088s] -- Up-to-date: /home/tannernelson3/snuff_ros2/ros2_ws/install/micro_ros_msgs/include/micro_ros_msgs/micro_ros_msgs/msg/detail/node__rosidl_typesupport_fastrtps_cpp.hpp
[2.089s] -- Up-to-date: /home/tannernelson3/snuff_ros2/ros2_ws/install/micro_ros_msgs/include/micro_ros_msgs/micro_ros_msgs/msg/detail/dds_fastrtps
[2.089s] -- Up-to-date: /home/tannernelson3/snuff_ros2/ros2_ws/install/micro_ros_msgs/include/micro_ros_msgs/micro_ros_msgs/msg/detail/graph__rosidl_typesupport_fastrtps_cpp.hpp
[2.090s] -- Up-to-date: /home/tannernelson3/snuff_ros2/ros2_ws/install/micro_ros_msgs/lib/libmicro_ros_msgs__rosidl_typesupport_fastrtps_cpp.so
[2.093s] -- Up-to-date: /home/tannernelson3/snuff_ros2/ros2_ws/install/micro_ros_msgs/include/micro_ros_msgs/micro_ros_msgs
[2.095s] -- Up-to-date: /home/tannernelson3/snuff_ros2/ros2_ws/install/micro_ros_msgs/include/micro_ros_msgs/micro_ros_msgs/msg
[2.114s] -- Up-to-date: /home/tannernelson3/snuff_ros2/ros2_ws/install/micro_ros_msgs/include/micro_ros_msgs/micro_ros_msgs/msg/detail
[2.115s] -- Up-to-date: /home/tannernelson3/snuff_ros2/ros2_ws/install/micro_ros_msgs/include/micro_ros_msgs/micro_ros_msgs/msg/detail/node__type_support.cpp
[2.115s] -- Up-to-date: /home/tannernelson3/snuff_ros2/ros2_ws/install/micro_ros_msgs/include/micro_ros_msgs/micro_ros_msgs/msg/detail/entity__type_support.cpp
[2.116s] -- Up-to-date: /home/tannernelson3/snuff_ros2/ros2_ws/install/micro_ros_msgs/include/micro_ros_msgs/micro_ros_msgs/msg/detail/entity__rosidl_typesupport_introspection_cpp.hpp
[2.116s] -- Up-to-date: /home/tannernelson3/snuff_ros2/ros2_ws/install/micro_ros_msgs/include/micro_ros_msgs/micro_ros_msgs/msg/detail/graph__rosidl_typesupport_introspection_cpp.hpp
[2.117s] -- Up-to-date: /home/tannernelson3/snuff_ros2/ros2_ws/install/micro_ros_msgs/include/micro_ros_msgs/micro_ros_msgs/msg/detail/graph__type_support.cpp
[2.118s] -- Up-to-date: /home/tannernelson3/snuff_ros2/ros2_ws/install/micro_ros_msgs/include/micro_ros_msgs/micro_ros_msgs/msg/detail/node__rosidl_typesupport_introspection_cpp.hpp
[2.119s] -- Up-to-date: /home/tannernelson3/snuff_ros2/ros2_ws/install/micro_ros_msgs/lib/libmicro_ros_msgs__rosidl_typesupport_introspection_cpp.so
[2.121s] -- Up-to-date: /home/tannernelson3/snuff_ros2/ros2_ws/install/micro_ros_msgs/lib/libmicro_ros_msgs__rosidl_typesupport_cpp.so
[2.121s] -- Up-to-date: /home/tannernelson3/snuff_ros2/ros2_ws/install/micro_ros_msgs/share/micro_ros_msgs/environment/pythonpath.sh
[2.122s] -- Up-to-date: /home/tannernelson3/snuff_ros2/ros2_ws/install/micro_ros_msgs/share/micro_ros_msgs/environment/pythonpath.dsv
[2.122s] -- Up-to-date: /home/tannernelson3/snuff_ros2/ros2_ws/install/micro_ros_msgs/lib/python3.10/site-packages/micro_ros_msgs-4.0.0-py3.10.egg-info
[2.122s] -- Installing: /home/tannernelson3/snuff_ros2/ros2_ws/install/micro_ros_msgs/lib/python3.10/site-packages/micro_ros_msgs-4.0.0-py3.10.egg-info/PKG-INFO
[2.122s] -- Installing: /home/tannernelson3/snuff_ros2/ros2_ws/install/micro_ros_msgs/lib/python3.10/site-packages/micro_ros_msgs-4.0.0-py3.10.egg-info/dependency_links.txt
[2.123s] -- Installing: /home/tannernelson3/snuff_ros2/ros2_ws/install/micro_ros_msgs/lib/python3.10/site-packages/micro_ros_msgs-4.0.0-py3.10.egg-info/SOURCES.txt
[2.124s] -- Installing: /home/tannernelson3/snuff_ros2/ros2_ws/install/micro_ros_msgs/lib/python3.10/site-packages/micro_ros_msgs-4.0.0-py3.10.egg-info/top_level.txt
[2.125s] -- Up-to-date: /home/tannernelson3/snuff_ros2/ros2_ws/install/micro_ros_msgs/lib/python3.10/site-packages/micro_ros_msgs
[2.125s] -- Up-to-date: /home/tannernelson3/snuff_ros2/ros2_ws/install/micro_ros_msgs/lib/python3.10/site-packages/micro_ros_msgs/micro_ros_msgs_s__rosidl_typesupport_c.cpython-310-x86_64-linux-gnu.so
[2.125s] -- Up-to-date: /home/tannernelson3/snuff_ros2/ros2_ws/install/micro_ros_msgs/lib/python3.10/site-packages/micro_ros_msgs/msg
[2.125s] -- Up-to-date: /home/tannernelson3/snuff_ros2/ros2_ws/install/micro_ros_msgs/lib/python3.10/site-packages/micro_ros_msgs/msg/_entity_s.c
[2.125s] -- Up-to-date: /home/tannernelson3/snuff_ros2/ros2_ws/install/micro_ros_msgs/lib/python3.10/site-packages/micro_ros_msgs/msg/_entity.py
[2.126s] -- Up-to-date: /home/tannernelson3/snuff_ros2/ros2_ws/install/micro_ros_msgs/lib/python3.10/site-packages/micro_ros_msgs/msg/_graph.py
[2.126s] -- Up-to-date: /home/tannernelson3/snuff_ros2/ros2_ws/install/micro_ros_msgs/lib/python3.10/site-packages/micro_ros_msgs/msg/_node_s.c
[2.126s] -- Up-to-date: /home/tannernelson3/snuff_ros2/ros2_ws/install/micro_ros_msgs/lib/python3.10/site-packages/micro_ros_msgs/msg/_graph_s.c
[2.126s] -- Up-to-date: /home/tannernelson3/snuff_ros2/ros2_ws/install/micro_ros_msgs/lib/python3.10/site-packages/micro_ros_msgs/msg/__init__.py
[2.126s] -- Up-to-date: /home/tannernelson3/snuff_ros2/ros2_ws/install/micro_ros_msgs/lib/python3.10/site-packages/micro_ros_msgs/msg/_node.py
[2.132s] -- Up-to-date: /home/tannernelson3/snuff_ros2/ros2_ws/install/micro_ros_msgs/lib/python3.10/site-packages/micro_ros_msgs/_micro_ros_msgs_s.ep.rosidl_typesupport_c.c
[2.133s] -- Up-to-date: /home/tannernelson3/snuff_ros2/ros2_ws/install/micro_ros_msgs/lib/python3.10/site-packages/micro_ros_msgs/micro_ros_msgs_s__rosidl_typesupport_fastrtps_c.cpython-310-x86_64-linux-gnu.so
[2.134s] -- Up-to-date: /home/tannernelson3/snuff_ros2/ros2_ws/install/micro_ros_msgs/lib/python3.10/site-packages/micro_ros_msgs/_micro_ros_msgs_s.ep.rosidl_typesupport_fastrtps_c.c
[2.137s] -- Up-to-date: /home/tannernelson3/snuff_ros2/ros2_ws/install/micro_ros_msgs/lib/python3.10/site-packages/micro_ros_msgs/libmicro_ros_msgs__rosidl_generator_py.so
[2.139s] -- Up-to-date: /home/tannernelson3/snuff_ros2/ros2_ws/install/micro_ros_msgs/lib/python3.10/site-packages/micro_ros_msgs/_micro_ros_msgs_s.ep.rosidl_typesupport_introspection_c.c
[2.139s] -- Up-to-date: /home/tannernelson3/snuff_ros2/ros2_ws/install/micro_ros_msgs/lib/python3.10/site-packages/micro_ros_msgs/micro_ros_msgs_s__rosidl_typesupport_introspection_c.cpython-310-x86_64-linux-gnu.so
[2.140s] -- Up-to-date: /home/tannernelson3/snuff_ros2/ros2_ws/install/micro_ros_msgs/lib/python3.10/site-packages/micro_ros_msgs/__init__.py
[2.154s] Listing '/home/tannernelson3/snuff_ros2/ros2_ws/install/micro_ros_msgs/lib/python3.10/site-packages/micro_ros_msgs'...
[2.155s] Listing '/home/tannernelson3/snuff_ros2/ros2_ws/install/micro_ros_msgs/lib/python3.10/site-packages/micro_ros_msgs/msg'...
[2.157s] -- Up-to-date: /home/tannernelson3/snuff_ros2/ros2_ws/install/micro_ros_msgs/lib/python3.10/site-packages/micro_ros_msgs/micro_ros_msgs_s__rosidl_typesupport_fastrtps_c.cpython-310-x86_64-linux-gnu.so
[2.157s] -- Up-to-date: /home/tannernelson3/snuff_ros2/ros2_ws/install/micro_ros_msgs/lib/python3.10/site-packages/micro_ros_msgs/micro_ros_msgs_s__rosidl_typesupport_introspection_c.cpython-310-x86_64-linux-gnu.so
[2.157s] -- Up-to-date: /home/tannernelson3/snuff_ros2/ros2_ws/install/micro_ros_msgs/lib/python3.10/site-packages/micro_ros_msgs/micro_ros_msgs_s__rosidl_typesupport_c.cpython-310-x86_64-linux-gnu.so
[2.157s] -- Up-to-date: /home/tannernelson3/snuff_ros2/ros2_ws/install/micro_ros_msgs/lib/libmicro_ros_msgs__rosidl_generator_py.so
[2.157s] -- Up-to-date: /home/tannernelson3/snuff_ros2/ros2_ws/install/micro_ros_msgs/share/micro_ros_msgs/msg/Graph.idl
[2.158s] -- Up-to-date: /home/tannernelson3/snuff_ros2/ros2_ws/install/micro_ros_msgs/share/micro_ros_msgs/msg/Node.idl
[2.158s] -- Up-to-date: /home/tannernelson3/snuff_ros2/ros2_ws/install/micro_ros_msgs/share/micro_ros_msgs/msg/Entity.idl
[2.159s] -- Up-to-date: /home/tannernelson3/snuff_ros2/ros2_ws/install/micro_ros_msgs/share/micro_ros_msgs/msg/Graph.msg
[2.159s] -- Up-to-date: /home/tannernelson3/snuff_ros2/ros2_ws/install/micro_ros_msgs/share/micro_ros_msgs/msg/Node.msg
[2.160s] -- Up-to-date: /home/tannernelson3/snuff_ros2/ros2_ws/install/micro_ros_msgs/share/micro_ros_msgs/msg/Entity.msg
[2.160s] -- Up-to-date: /home/tannernelson3/snuff_ros2/ros2_ws/install/micro_ros_msgs/share/ament_index/resource_index/package_run_dependencies/micro_ros_msgs
[2.160s] -- Up-to-date: /home/tannernelson3/snuff_ros2/ros2_ws/install/micro_ros_msgs/share/ament_index/resource_index/parent_prefix_path/micro_ros_msgs
[2.160s] -- Up-to-date: /home/tannernelson3/snuff_ros2/ros2_ws/install/micro_ros_msgs/share/micro_ros_msgs/environment/ament_prefix_path.sh
[2.160s] -- Up-to-date: /home/tannernelson3/snuff_ros2/ros2_ws/install/micro_ros_msgs/share/micro_ros_msgs/environment/ament_prefix_path.dsv
[2.161s] -- Up-to-date: /home/tannernelson3/snuff_ros2/ros2_ws/install/micro_ros_msgs/share/micro_ros_msgs/environment/path.sh
[2.161s] -- Up-to-date: /home/tannernelson3/snuff_ros2/ros2_ws/install/micro_ros_msgs/share/micro_ros_msgs/environment/path.dsv
[2.161s] -- Up-to-date: /home/tannernelson3/snuff_ros2/ros2_ws/install/micro_ros_msgs/share/micro_ros_msgs/local_setup.bash
[2.161s] -- Up-to-date: /home/tannernelson3/snuff_ros2/ros2_ws/install/micro_ros_msgs/share/micro_ros_msgs/local_setup.sh
[2.162s] -- Up-to-date: /home/tannernelson3/snuff_ros2/ros2_ws/install/micro_ros_msgs/share/micro_ros_msgs/local_setup.zsh
[2.163s] -- Up-to-date: /home/tannernelson3/snuff_ros2/ros2_ws/install/micro_ros_msgs/share/micro_ros_msgs/local_setup.dsv
[2.163s] -- Installing: /home/tannernelson3/snuff_ros2/ros2_ws/install/micro_ros_msgs/share/micro_ros_msgs/package.dsv
[2.163s] -- Up-to-date: /home/tannernelson3/snuff_ros2/ros2_ws/install/micro_ros_msgs/share/ament_index/resource_index/packages/micro_ros_msgs
[2.163s] -- Up-to-date: /home/tannernelson3/snuff_ros2/ros2_ws/install/micro_ros_msgs/share/micro_ros_msgs/cmake/export_micro_ros_msgs__rosidl_generator_cExport.cmake
[2.163s] -- Up-to-date: /home/tannernelson3/snuff_ros2/ros2_ws/install/micro_ros_msgs/share/micro_ros_msgs/cmake/export_micro_ros_msgs__rosidl_generator_cExport-noconfig.cmake
[2.164s] -- Up-to-date: /home/tannernelson3/snuff_ros2/ros2_ws/install/micro_ros_msgs/share/micro_ros_msgs/cmake/export_micro_ros_msgs__rosidl_typesupport_fastrtps_cExport.cmake
[2.164s] -- Up-to-date: /home/tannernelson3/snuff_ros2/ros2_ws/install/micro_ros_msgs/share/micro_ros_msgs/cmake/export_micro_ros_msgs__rosidl_typesupport_fastrtps_cExport-noconfig.cmake
[2.164s] -- Up-to-date: /home/tannernelson3/snuff_ros2/ros2_ws/install/micro_ros_msgs/share/micro_ros_msgs/cmake/micro_ros_msgs__rosidl_typesupport_introspection_cExport.cmake
[2.164s] -- Up-to-date: /home/tannernelson3/snuff_ros2/ros2_ws/install/micro_ros_msgs/share/micro_ros_msgs/cmake/micro_ros_msgs__rosidl_typesupport_introspection_cExport-noconfig.cmake
[2.164s] -- Up-to-date: /home/tannernelson3/snuff_ros2/ros2_ws/install/micro_ros_msgs/share/micro_ros_msgs/cmake/micro_ros_msgs__rosidl_typesupport_cExport.cmake
[2.164s] -- Up-to-date: /home/tannernelson3/snuff_ros2/ros2_ws/install/micro_ros_msgs/share/micro_ros_msgs/cmake/micro_ros_msgs__rosidl_typesupport_cExport-noconfig.cmake
[2.164s] -- Up-to-date: /home/tannernelson3/snuff_ros2/ros2_ws/install/micro_ros_msgs/share/micro_ros_msgs/cmake/export_micro_ros_msgs__rosidl_generator_cppExport.cmake
[2.164s] -- Up-to-date: /home/tannernelson3/snuff_ros2/ros2_ws/install/micro_ros_msgs/share/micro_ros_msgs/cmake/export_micro_ros_msgs__rosidl_typesupport_fastrtps_cppExport.cmake
[2.164s] -- Up-to-date: /home/tannernelson3/snuff_ros2/ros2_ws/install/micro_ros_msgs/share/micro_ros_msgs/cmake/export_micro_ros_msgs__rosidl_typesupport_fastrtps_cppExport-noconfig.cmake
[2.165s] -- Up-to-date: /home/tannernelson3/snuff_ros2/ros2_ws/install/micro_ros_msgs/share/micro_ros_msgs/cmake/micro_ros_msgs__rosidl_typesupport_introspection_cppExport.cmake
[2.165s] -- Up-to-date: /home/tannernelson3/snuff_ros2/ros2_ws/install/micro_ros_msgs/share/micro_ros_msgs/cmake/micro_ros_msgs__rosidl_typesupport_introspection_cppExport-noconfig.cmake
[2.165s] -- Up-to-date: /home/tannernelson3/snuff_ros2/ros2_ws/install/micro_ros_msgs/share/micro_ros_msgs/cmake/micro_ros_msgs__rosidl_typesupport_cppExport.cmake
[2.165s] -- Up-to-date: /home/tannernelson3/snuff_ros2/ros2_ws/install/micro_ros_msgs/share/micro_ros_msgs/cmake/micro_ros_msgs__rosidl_typesupport_cppExport-noconfig.cmake
[2.165s] -- Up-to-date: /home/tannernelson3/snuff_ros2/ros2_ws/install/micro_ros_msgs/share/micro_ros_msgs/cmake/export_micro_ros_msgs__rosidl_generator_pyExport.cmake
[2.165s] -- Up-to-date: /home/tannernelson3/snuff_ros2/ros2_ws/install/micro_ros_msgs/share/micro_ros_msgs/cmake/export_micro_ros_msgs__rosidl_generator_pyExport-noconfig.cmake
[2.165s] -- Up-to-date: /home/tannernelson3/snuff_ros2/ros2_ws/install/micro_ros_msgs/share/micro_ros_msgs/cmake/rosidl_cmake-extras.cmake
[2.165s] -- Up-to-date: /home/tannernelson3/snuff_ros2/ros2_ws/install/micro_ros_msgs/share/micro_ros_msgs/cmake/ament_cmake_export_include_directories-extras.cmake
[2.165s] -- Up-to-date: /home/tannernelson3/snuff_ros2/ros2_ws/install/micro_ros_msgs/share/micro_ros_msgs/cmake/ament_cmake_export_libraries-extras.cmake
[2.166s] -- Up-to-date: /home/tannernelson3/snuff_ros2/ros2_ws/install/micro_ros_msgs/share/micro_ros_msgs/cmake/ament_cmake_export_targets-extras.cmake
[2.166s] -- Up-to-date: /home/tannernelson3/snuff_ros2/ros2_ws/install/micro_ros_msgs/share/micro_ros_msgs/cmake/rosidl_cmake_export_typesupport_targets-extras.cmake
[2.167s] -- Up-to-date: /home/tannernelson3/snuff_ros2/ros2_ws/install/micro_ros_msgs/share/micro_ros_msgs/cmake/ament_cmake_export_dependencies-extras.cmake
[2.167s] -- Up-to-date: /home/tannernelson3/snuff_ros2/ros2_ws/install/micro_ros_msgs/share/micro_ros_msgs/cmake/rosidl_cmake_export_typesupport_libraries-extras.cmake
[2.167s] -- Up-to-date: /home/tannernelson3/snuff_ros2/ros2_ws/install/micro_ros_msgs/share/micro_ros_msgs/cmake/micro_ros_msgsConfig.cmake
[2.167s] -- Up-to-date: /home/tannernelson3/snuff_ros2/ros2_ws/install/micro_ros_msgs/share/micro_ros_msgs/cmake/micro_ros_msgsConfig-version.cmake
[2.168s] -- Up-to-date: /home/tannernelson3/snuff_ros2/ros2_ws/install/micro_ros_msgs/share/micro_ros_msgs/package.xml
[2.423s] Invoked command in '/home/tannernelson3/snuff_ros2/ros2_ws/build/micro_ros_msgs' returned '0': CMAKE_PREFIX_PATH=${CMAKE_PREFIX_PATH}:/opt/ros/iron /usr/bin/cmake --install /home/tannernelson3/snuff_ros2/ros2_ws/build/micro_ros_msgs
