[0.163s] Invoking command in '/home/tannernelson3/snuff_ros2/ros2_ws/build/usb_cam': CMAKE_PREFIX_PATH=${CMAKE_PREFIX_PATH}:/opt/ros/iron /usr/bin/cmake --build /home/tannernelson3/snuff_ros2/ros2_ws/build/usb_cam -- -j4 -l4
[0.303s] [ 14%] Built target usb_cam
[0.306s] [ 28%] Built target gtest
[0.322s] [ 57%] Built target gtest_main
[0.323s] [ 57%] Built target usb_cam_node_exe
[0.366s] [ 71%] Built target usb_cam_node
[0.376s] [ 85%] Built target test_usb_cam_utils
[0.392s] [100%] Built target test_pixel_formats
[0.539s] Invoked command in '/home/tannernelson3/snuff_ros2/ros2_ws/build/usb_cam' returned '0': CMAKE_PREFIX_PATH=${CMAKE_PREFIX_PATH}:/opt/ros/iron /usr/bin/cmake --build /home/tannernelson3/snuff_ros2/ros2_ws/build/usb_cam -- -j4 -l4
[0.788s] Invoking command in '/home/tannernelson3/snuff_ros2/ros2_ws/build/usb_cam': CMAKE_PREFIX_PATH=${CMAKE_PREFIX_PATH}:/opt/ros/iron /usr/bin/cmake --install /home/tannernelson3/snuff_ros2/ros2_ws/build/usb_cam
[0.803s] -- Install configuration: ""
[0.803s] -- Up-to-date: /home/tannernelson3/snuff_ros2/ros2_ws/install/usb_cam/share/usb_cam/environment/library_path.sh
[0.804s] -- Up-to-date: /home/tannernelson3/snuff_ros2/ros2_ws/install/usb_cam/share/usb_cam/environment/library_path.dsv
[0.805s] -- Up-to-date: /home/tannernelson3/snuff_ros2/ros2_ws/install/usb_cam/lib/usb_cam/usb_cam_node_exe
[0.805s] -- Up-to-date: /home/tannernelson3/snuff_ros2/ros2_ws/install/usb_cam/lib/usb_cam/show_image.py
[0.806s] -- Up-to-date: /home/tannernelson3/snuff_ros2/ros2_ws/install/usb_cam/lib/libusb_cam.so
[0.806s] -- Up-to-date: /home/tannernelson3/snuff_ros2/ros2_ws/install/usb_cam/lib/libusb_cam_node.so
[0.807s] -- Up-to-date: /home/tannernelson3/snuff_ros2/ros2_ws/install/usb_cam/include
[0.807s] -- Up-to-date: /home/tannernelson3/snuff_ros2/ros2_ws/install/usb_cam/include/usb_cam
[0.808s] -- Up-to-date: /home/tannernelson3/snuff_ros2/ros2_ws/install/usb_cam/include/usb_cam/usb_cam_node.hpp
[0.808s] -- Up-to-date: /home/tannernelson3/snuff_ros2/ros2_ws/install/usb_cam/include/usb_cam/constants.hpp
[0.809s] -- Up-to-date: /home/tannernelson3/snuff_ros2/ros2_ws/install/usb_cam/include/usb_cam/usb_cam.hpp
[0.809s] -- Up-to-date: /home/tannernelson3/snuff_ros2/ros2_ws/install/usb_cam/include/usb_cam/formats
[0.810s] -- Up-to-date: /home/tannernelson3/snuff_ros2/ros2_ws/install/usb_cam/include/usb_cam/formats/mono.hpp
[0.810s] -- Up-to-date: /home/tannernelson3/snuff_ros2/ros2_ws/install/usb_cam/include/usb_cam/formats/rgb.hpp
[0.810s] -- Up-to-date: /home/tannernelson3/snuff_ros2/ros2_ws/install/usb_cam/include/usb_cam/formats/mjpeg.hpp
[0.811s] -- Up-to-date: /home/tannernelson3/snuff_ros2/ros2_ws/install/usb_cam/include/usb_cam/formats/m420.hpp
[0.811s] -- Up-to-date: /home/tannernelson3/snuff_ros2/ros2_ws/install/usb_cam/include/usb_cam/formats/pixel_format_base.hpp
[0.811s] -- Up-to-date: /home/tannernelson3/snuff_ros2/ros2_ws/install/usb_cam/include/usb_cam/formats/yuyv.hpp
[0.811s] -- Up-to-date: /home/tannernelson3/snuff_ros2/ros2_ws/install/usb_cam/include/usb_cam/formats/utils.hpp
[0.812s] -- Up-to-date: /home/tannernelson3/snuff_ros2/ros2_ws/install/usb_cam/include/usb_cam/formats/uyvy.hpp
[0.812s] -- Up-to-date: /home/tannernelson3/snuff_ros2/ros2_ws/install/usb_cam/include/usb_cam/conversions.hpp
[0.812s] -- Up-to-date: /home/tannernelson3/snuff_ros2/ros2_ws/install/usb_cam/include/usb_cam/utils.hpp
[0.812s] -- Up-to-date: /home/tannernelson3/snuff_ros2/ros2_ws/install/usb_cam/lib/libusb_cam_node.so
[0.813s] -- Up-to-date: /home/tannernelson3/snuff_ros2/ros2_ws/install/usb_cam/share/usb_cam/launch
[0.813s] -- Up-to-date: /home/tannernelson3/snuff_ros2/ros2_ws/install/usb_cam/share/usb_cam/launch/camera_config.py
[0.814s] -- Up-to-date: /home/tannernelson3/snuff_ros2/ros2_ws/install/usb_cam/share/usb_cam/launch/camera.launch.py
[0.814s] -- Up-to-date: /home/tannernelson3/snuff_ros2/ros2_ws/install/usb_cam/share/usb_cam/launch/__init__.py
[0.815s] -- Up-to-date: /home/tannernelson3/snuff_ros2/ros2_ws/install/usb_cam/share/usb_cam/config
[0.815s] -- Up-to-date: /home/tannernelson3/snuff_ros2/ros2_ws/install/usb_cam/share/usb_cam/config/params_2.yaml
[0.816s] -- Up-to-date: /home/tannernelson3/snuff_ros2/ros2_ws/install/usb_cam/share/usb_cam/config/params_1.yaml
[0.816s] -- Up-to-date: /home/tannernelson3/snuff_ros2/ros2_ws/install/usb_cam/share/usb_cam/config/camera_info.yaml
[0.816s] -- Up-to-date: /home/tannernelson3/snuff_ros2/ros2_ws/install/usb_cam/share/ament_index/resource_index/package_run_dependencies/usb_cam
[0.817s] -- Up-to-date: /home/tannernelson3/snuff_ros2/ros2_ws/install/usb_cam/share/ament_index/resource_index/parent_prefix_path/usb_cam
[0.817s] -- Up-to-date: /home/tannernelson3/snuff_ros2/ros2_ws/install/usb_cam/share/usb_cam/environment/ament_prefix_path.sh
[0.818s] -- Up-to-date: /home/tannernelson3/snuff_ros2/ros2_ws/install/usb_cam/share/usb_cam/environment/ament_prefix_path.dsv
[0.818s] -- Up-to-date: /home/tannernelson3/snuff_ros2/ros2_ws/install/usb_cam/share/usb_cam/environment/path.sh
[0.818s] -- Up-to-date: /home/tannernelson3/snuff_ros2/ros2_ws/install/usb_cam/share/usb_cam/environment/path.dsv
[0.819s] -- Up-to-date: /home/tannernelson3/snuff_ros2/ros2_ws/install/usb_cam/share/usb_cam/local_setup.bash
[0.819s] -- Up-to-date: /home/tannernelson3/snuff_ros2/ros2_ws/install/usb_cam/share/usb_cam/local_setup.sh
[0.819s] -- Up-to-date: /home/tannernelson3/snuff_ros2/ros2_ws/install/usb_cam/share/usb_cam/local_setup.zsh
[0.820s] -- Up-to-date: /home/tannernelson3/snuff_ros2/ros2_ws/install/usb_cam/share/usb_cam/local_setup.dsv
[0.820s] -- Installing: /home/tannernelson3/snuff_ros2/ros2_ws/install/usb_cam/share/usb_cam/package.dsv
[0.821s] -- Up-to-date: /home/tannernelson3/snuff_ros2/ros2_ws/install/usb_cam/share/ament_index/resource_index/packages/usb_cam
[0.821s] -- Up-to-date: /home/tannernelson3/snuff_ros2/ros2_ws/install/usb_cam/share/ament_index/resource_index/rclcpp_components/usb_cam
[0.821s] -- Up-to-date: /home/tannernelson3/snuff_ros2/ros2_ws/install/usb_cam/share/usb_cam/cmake/ament_cmake_export_libraries-extras.cmake
[0.822s] -- Up-to-date: /home/tannernelson3/snuff_ros2/ros2_ws/install/usb_cam/share/usb_cam/cmake/ament_cmake_export_dependencies-extras.cmake
[0.822s] -- Up-to-date: /home/tannernelson3/snuff_ros2/ros2_ws/install/usb_cam/share/usb_cam/cmake/ament_cmake_export_include_directories-extras.cmake
[0.823s] -- Up-to-date: /home/tannernelson3/snuff_ros2/ros2_ws/install/usb_cam/share/usb_cam/cmake/usb_camConfig.cmake
[0.823s] -- Up-to-date: /home/tannernelson3/snuff_ros2/ros2_ws/install/usb_cam/share/usb_cam/cmake/usb_camConfig-version.cmake
[0.823s] -- Up-to-date: /home/tannernelson3/snuff_ros2/ros2_ws/install/usb_cam/share/usb_cam/package.xml
[1.098s] Invoked command in '/home/tannernelson3/snuff_ros2/ros2_ws/build/usb_cam' returned '0': CMAKE_PREFIX_PATH=${CMAKE_PREFIX_PATH}:/opt/ros/iron /usr/bin/cmake --install /home/tannernelson3/snuff_ros2/ros2_ws/build/usb_cam
