[0.362s] Invoking command in '/home/tannernelson3/snuff_ros2/ros2_ws/build/drive_base_msgs': CMAKE_PREFIX_PATH=${CMAKE_PREFIX_PATH}:/opt/ros/iron /usr/bin/cmake --build /home/tannernelson3/snuff_ros2/ros2_ws/build/drive_base_msgs -- -j4 -l4
[0.476s] [  1%] Built target drive_base_msgs__rosidl_generator_type_description
[0.551s] [  1%] Built target ament_cmake_python_copy_drive_base_msgs
[0.595s] [  3%] Built target drive_base_msgs__cpp
[0.600s] [ 25%] Built target drive_base_msgs__rosidl_generator_c
[0.808s] [ 34%] Built target drive_base_msgs__rosidl_typesupport_fastrtps_c
[0.808s] [ 43%] Built target drive_base_msgs__rosidl_typesupport_cpp
[0.808s] [ 53%] Built target drive_base_msgs__rosidl_typesupport_fastrtps_cpp
[0.826s] [ 62%] Built target drive_base_msgs__rosidl_typesupport_introspection_c
[0.875s] [ 71%] Built target drive_base_msgs__rosidl_typesupport_c
[0.888s] [ 81%] Built target drive_base_msgs__rosidl_typesupport_introspection_cpp
[0.943s] [ 81%] Built target drive_base_msgs
[0.999s] [ 82%] Built target drive_base_msgs__py
[1.124s] [ 90%] Built target drive_base_msgs__rosidl_generator_py
[1.216s] [ 93%] Built target drive_base_msgs__rosidl_typesupport_fastrtps_c__pyext
[1.287s] [ 96%] Built target drive_base_msgs__rosidl_typesupport_introspection_c__pyext
[1.309s] [100%] Built target drive_base_msgs__rosidl_typesupport_c__pyext
[1.566s] running egg_info
[1.571s] writing drive_base_msgs.egg-info/PKG-INFO
[1.571s] writing dependency_links to drive_base_msgs.egg-info/dependency_links.txt
[1.571s] writing top-level names to drive_base_msgs.egg-info/top_level.txt
[1.576s] reading manifest file 'drive_base_msgs.egg-info/SOURCES.txt'
[1.577s] writing manifest file 'drive_base_msgs.egg-info/SOURCES.txt'
[1.637s] [100%] Built target ament_cmake_python_build_drive_base_msgs_egg
[1.658s] Invoked command in '/home/tannernelson3/snuff_ros2/ros2_ws/build/drive_base_msgs' returned '0': CMAKE_PREFIX_PATH=${CMAKE_PREFIX_PATH}:/opt/ros/iron /usr/bin/cmake --build /home/tannernelson3/snuff_ros2/ros2_ws/build/drive_base_msgs -- -j4 -l4
[2.042s] Invoking command in '/home/tannernelson3/snuff_ros2/ros2_ws/build/drive_base_msgs': CMAKE_PREFIX_PATH=${CMAKE_PREFIX_PATH}:/opt/ros/iron /usr/bin/cmake --install /home/tannernelson3/snuff_ros2/ros2_ws/build/drive_base_msgs
[2.079s] -- Install configuration: ""
[2.079s] -- Up-to-date: /home/tannernelson3/snuff_ros2/ros2_ws/install/drive_base_msgs/share/ament_index/resource_index/rosidl_interfaces/drive_base_msgs
[2.079s] -- Up-to-date: /home/tannernelson3/snuff_ros2/ros2_ws/install/drive_base_msgs/share/drive_base_msgs/msg/CommandHeader.json
[2.079s] -- Up-to-date: /home/tannernelson3/snuff_ros2/ros2_ws/install/drive_base_msgs/share/drive_base_msgs/msg/BaseInfo.json
[2.080s] -- Up-to-date: /home/tannernelson3/snuff_ros2/ros2_ws/install/drive_base_msgs/share/drive_base_msgs/msg/CommandStatus.json
[2.080s] -- Up-to-date: /home/tannernelson3/snuff_ros2/ros2_ws/install/drive_base_msgs/share/drive_base_msgs/msg/TRVCommand.json
[2.080s] -- Up-to-date: /home/tannernelson3/snuff_ros2/ros2_ws/install/drive_base_msgs/include/drive_base_msgs/drive_base_msgs
[2.080s] -- Up-to-date: /home/tannernelson3/snuff_ros2/ros2_ws/install/drive_base_msgs/include/drive_base_msgs/drive_base_msgs/msg
[2.080s] -- Up-to-date: /home/tannernelson3/snuff_ros2/ros2_ws/install/drive_base_msgs/include/drive_base_msgs/drive_base_msgs/msg/trv_command.h
[2.080s] -- Up-to-date: /home/tannernelson3/snuff_ros2/ros2_ws/install/drive_base_msgs/include/drive_base_msgs/drive_base_msgs/msg/command_header.h
[2.081s] -- Up-to-date: /home/tannernelson3/snuff_ros2/ros2_ws/install/drive_base_msgs/include/drive_base_msgs/drive_base_msgs/msg/rosidl_generator_c__visibility_control.h
[2.081s] -- Up-to-date: /home/tannernelson3/snuff_ros2/ros2_ws/install/drive_base_msgs/include/drive_base_msgs/drive_base_msgs/msg/command_status.h
[2.081s] -- Up-to-date: /home/tannernelson3/snuff_ros2/ros2_ws/install/drive_base_msgs/include/drive_base_msgs/drive_base_msgs/msg/detail
[2.081s] -- Up-to-date: /home/tannernelson3/snuff_ros2/ros2_ws/install/drive_base_msgs/include/drive_base_msgs/drive_base_msgs/msg/detail/command_status__type_support.h
[2.082s] -- Up-to-date: /home/tannernelson3/snuff_ros2/ros2_ws/install/drive_base_msgs/include/drive_base_msgs/drive_base_msgs/msg/detail/trv_command__struct.h
[2.082s] -- Up-to-date: /home/tannernelson3/snuff_ros2/ros2_ws/install/drive_base_msgs/include/drive_base_msgs/drive_base_msgs/msg/detail/trv_command__functions.c
[2.082s] -- Up-to-date: /home/tannernelson3/snuff_ros2/ros2_ws/install/drive_base_msgs/include/drive_base_msgs/drive_base_msgs/msg/detail/command_status__functions.h
[2.082s] -- Up-to-date: /home/tannernelson3/snuff_ros2/ros2_ws/install/drive_base_msgs/include/drive_base_msgs/drive_base_msgs/msg/detail/command_header__description.c
[2.082s] -- Installing: /home/tannernelson3/snuff_ros2/ros2_ws/install/drive_base_msgs/include/drive_base_msgs/drive_base_msgs/msg/detail/command_header__type_support.c
[2.083s] -- Up-to-date: /home/tannernelson3/snuff_ros2/ros2_ws/install/drive_base_msgs/include/drive_base_msgs/drive_base_msgs/msg/detail/trv_command__description.c
[2.083s] -- Up-to-date: /home/tannernelson3/snuff_ros2/ros2_ws/install/drive_base_msgs/include/drive_base_msgs/drive_base_msgs/msg/detail/command_header__functions.c
[2.083s] -- Up-to-date: /home/tannernelson3/snuff_ros2/ros2_ws/install/drive_base_msgs/include/drive_base_msgs/drive_base_msgs/msg/detail/base_info__functions.c
[2.083s] -- Up-to-date: /home/tannernelson3/snuff_ros2/ros2_ws/install/drive_base_msgs/include/drive_base_msgs/drive_base_msgs/msg/detail/base_info__type_support.h
[2.083s] -- Up-to-date: /home/tannernelson3/snuff_ros2/ros2_ws/install/drive_base_msgs/include/drive_base_msgs/drive_base_msgs/msg/detail/command_header__functions.h
[2.084s] -- Up-to-date: /home/tannernelson3/snuff_ros2/ros2_ws/install/drive_base_msgs/include/drive_base_msgs/drive_base_msgs/msg/detail/base_info__functions.h
[2.084s] -- Up-to-date: /home/tannernelson3/snuff_ros2/ros2_ws/install/drive_base_msgs/include/drive_base_msgs/drive_base_msgs/msg/detail/base_info__struct.h
[2.084s] -- Up-to-date: /home/tannernelson3/snuff_ros2/ros2_ws/install/drive_base_msgs/include/drive_base_msgs/drive_base_msgs/msg/detail/command_header__struct.h
[2.084s] -- Up-to-date: /home/tannernelson3/snuff_ros2/ros2_ws/install/drive_base_msgs/include/drive_base_msgs/drive_base_msgs/msg/detail/trv_command__type_support.h
[2.084s] -- Up-to-date: /home/tannernelson3/snuff_ros2/ros2_ws/install/drive_base_msgs/include/drive_base_msgs/drive_base_msgs/msg/detail/command_status__description.c
[2.085s] -- Up-to-date: /home/tannernelson3/snuff_ros2/ros2_ws/install/drive_base_msgs/include/drive_base_msgs/drive_base_msgs/msg/detail/command_status__struct.h
[2.085s] -- Installing: /home/tannernelson3/snuff_ros2/ros2_ws/install/drive_base_msgs/include/drive_base_msgs/drive_base_msgs/msg/detail/base_info__type_support.c
[2.085s] -- Up-to-date: /home/tannernelson3/snuff_ros2/ros2_ws/install/drive_base_msgs/include/drive_base_msgs/drive_base_msgs/msg/detail/trv_command__functions.h
[2.085s] -- Up-to-date: /home/tannernelson3/snuff_ros2/ros2_ws/install/drive_base_msgs/include/drive_base_msgs/drive_base_msgs/msg/detail/command_status__functions.c
[2.085s] -- Up-to-date: /home/tannernelson3/snuff_ros2/ros2_ws/install/drive_base_msgs/include/drive_base_msgs/drive_base_msgs/msg/detail/command_header__type_support.h
[2.086s] -- Installing: /home/tannernelson3/snuff_ros2/ros2_ws/install/drive_base_msgs/include/drive_base_msgs/drive_base_msgs/msg/detail/trv_command__type_support.c
[2.086s] -- Installing: /home/tannernelson3/snuff_ros2/ros2_ws/install/drive_base_msgs/include/drive_base_msgs/drive_base_msgs/msg/detail/command_status__type_support.c
[2.086s] -- Up-to-date: /home/tannernelson3/snuff_ros2/ros2_ws/install/drive_base_msgs/include/drive_base_msgs/drive_base_msgs/msg/detail/base_info__description.c
[2.086s] -- Up-to-date: /home/tannernelson3/snuff_ros2/ros2_ws/install/drive_base_msgs/include/drive_base_msgs/drive_base_msgs/msg/base_info.h
[2.087s] -- Up-to-date: /home/tannernelson3/snuff_ros2/ros2_ws/install/drive_base_msgs/share/drive_base_msgs/environment/library_path.sh
[2.087s] -- Up-to-date: /home/tannernelson3/snuff_ros2/ros2_ws/install/drive_base_msgs/share/drive_base_msgs/environment/library_path.dsv
[2.087s] -- Up-to-date: /home/tannernelson3/snuff_ros2/ros2_ws/install/drive_base_msgs/lib/libdrive_base_msgs__rosidl_generator_c.so
[2.087s] -- Up-to-date: /home/tannernelson3/snuff_ros2/ros2_ws/install/drive_base_msgs/include/drive_base_msgs/drive_base_msgs
[2.087s] -- Up-to-date: /home/tannernelson3/snuff_ros2/ros2_ws/install/drive_base_msgs/include/drive_base_msgs/drive_base_msgs/msg
[2.087s] -- Up-to-date: /home/tannernelson3/snuff_ros2/ros2_ws/install/drive_base_msgs/include/drive_base_msgs/drive_base_msgs/msg/rosidl_typesupport_fastrtps_c__visibility_control.h
[2.088s] -- Up-to-date: /home/tannernelson3/snuff_ros2/ros2_ws/install/drive_base_msgs/include/drive_base_msgs/drive_base_msgs/msg/detail
[2.088s] -- Up-to-date: /home/tannernelson3/snuff_ros2/ros2_ws/install/drive_base_msgs/include/drive_base_msgs/drive_base_msgs/msg/detail/command_header__rosidl_typesupport_fastrtps_c.h
[2.088s] -- Up-to-date: /home/tannernelson3/snuff_ros2/ros2_ws/install/drive_base_msgs/include/drive_base_msgs/drive_base_msgs/msg/detail/trv_command__rosidl_typesupport_fastrtps_c.h
[2.088s] -- Up-to-date: /home/tannernelson3/snuff_ros2/ros2_ws/install/drive_base_msgs/include/drive_base_msgs/drive_base_msgs/msg/detail/command_status__rosidl_typesupport_fastrtps_c.h
[2.088s] -- Up-to-date: /home/tannernelson3/snuff_ros2/ros2_ws/install/drive_base_msgs/include/drive_base_msgs/drive_base_msgs/msg/detail/base_info__rosidl_typesupport_fastrtps_c.h
[2.088s] -- Up-to-date: /home/tannernelson3/snuff_ros2/ros2_ws/install/drive_base_msgs/lib/libdrive_base_msgs__rosidl_typesupport_fastrtps_c.so
[2.088s] -- Up-to-date: /home/tannernelson3/snuff_ros2/ros2_ws/install/drive_base_msgs/include/drive_base_msgs/drive_base_msgs
[2.088s] -- Up-to-date: /home/tannernelson3/snuff_ros2/ros2_ws/install/drive_base_msgs/include/drive_base_msgs/drive_base_msgs/msg
[2.089s] -- Up-to-date: /home/tannernelson3/snuff_ros2/ros2_ws/install/drive_base_msgs/include/drive_base_msgs/drive_base_msgs/msg/command_status.hpp
[2.101s] -- Up-to-date: /home/tannernelson3/snuff_ros2/ros2_ws/install/drive_base_msgs/include/drive_base_msgs/drive_base_msgs/msg/trv_command.hpp
[2.101s] -- Up-to-date: /home/tannernelson3/snuff_ros2/ros2_ws/install/drive_base_msgs/include/drive_base_msgs/drive_base_msgs/msg/command_header.hpp
[2.102s] -- Up-to-date: /home/tannernelson3/snuff_ros2/ros2_ws/install/drive_base_msgs/include/drive_base_msgs/drive_base_msgs/msg/base_info.hpp
[2.102s] -- Up-to-date: /home/tannernelson3/snuff_ros2/ros2_ws/install/drive_base_msgs/include/drive_base_msgs/drive_base_msgs/msg/detail
[2.102s] -- Up-to-date: /home/tannernelson3/snuff_ros2/ros2_ws/install/drive_base_msgs/include/drive_base_msgs/drive_base_msgs/msg/detail/command_status__builder.hpp
[2.102s] -- Up-to-date: /home/tannernelson3/snuff_ros2/ros2_ws/install/drive_base_msgs/include/drive_base_msgs/drive_base_msgs/msg/detail/command_header__builder.hpp
[2.102s] -- Up-to-date: /home/tannernelson3/snuff_ros2/ros2_ws/install/drive_base_msgs/include/drive_base_msgs/drive_base_msgs/msg/detail/command_header__struct.hpp
[2.102s] -- Up-to-date: /home/tannernelson3/snuff_ros2/ros2_ws/install/drive_base_msgs/include/drive_base_msgs/drive_base_msgs/msg/detail/base_info__builder.hpp
[2.103s] -- Up-to-date: /home/tannernelson3/snuff_ros2/ros2_ws/install/drive_base_msgs/include/drive_base_msgs/drive_base_msgs/msg/detail/trv_command__traits.hpp
[2.103s] -- Up-to-date: /home/tannernelson3/snuff_ros2/ros2_ws/install/drive_base_msgs/include/drive_base_msgs/drive_base_msgs/msg/detail/command_status__traits.hpp
[2.103s] -- Up-to-date: /home/tannernelson3/snuff_ros2/ros2_ws/install/drive_base_msgs/include/drive_base_msgs/drive_base_msgs/msg/detail/command_status__struct.hpp
[2.103s] -- Up-to-date: /home/tannernelson3/snuff_ros2/ros2_ws/install/drive_base_msgs/include/drive_base_msgs/drive_base_msgs/msg/detail/base_info__struct.hpp
[2.103s] -- Up-to-date: /home/tannernelson3/snuff_ros2/ros2_ws/install/drive_base_msgs/include/drive_base_msgs/drive_base_msgs/msg/detail/base_info__traits.hpp
[2.103s] -- Up-to-date: /home/tannernelson3/snuff_ros2/ros2_ws/install/drive_base_msgs/include/drive_base_msgs/drive_base_msgs/msg/detail/trv_command__struct.hpp
[2.104s] -- Up-to-date: /home/tannernelson3/snuff_ros2/ros2_ws/install/drive_base_msgs/include/drive_base_msgs/drive_base_msgs/msg/detail/trv_command__builder.hpp
[2.104s] -- Up-to-date: /home/tannernelson3/snuff_ros2/ros2_ws/install/drive_base_msgs/include/drive_base_msgs/drive_base_msgs/msg/detail/command_header__traits.hpp
[2.104s] -- Up-to-date: /home/tannernelson3/snuff_ros2/ros2_ws/install/drive_base_msgs/include/drive_base_msgs/drive_base_msgs
[2.104s] -- Up-to-date: /home/tannernelson3/snuff_ros2/ros2_ws/install/drive_base_msgs/include/drive_base_msgs/drive_base_msgs/msg
[2.104s] -- Up-to-date: /home/tannernelson3/snuff_ros2/ros2_ws/install/drive_base_msgs/include/drive_base_msgs/drive_base_msgs/msg/rosidl_typesupport_fastrtps_cpp__visibility_control.h
[2.105s] -- Up-to-date: /home/tannernelson3/snuff_ros2/ros2_ws/install/drive_base_msgs/include/drive_base_msgs/drive_base_msgs/msg/detail
[2.105s] -- Up-to-date: /home/tannernelson3/snuff_ros2/ros2_ws/install/drive_base_msgs/include/drive_base_msgs/drive_base_msgs/msg/detail/dds_fastrtps
[2.105s] -- Up-to-date: /home/tannernelson3/snuff_ros2/ros2_ws/install/drive_base_msgs/include/drive_base_msgs/drive_base_msgs/msg/detail/trv_command__rosidl_typesupport_fastrtps_cpp.hpp
[2.105s] -- Up-to-date: /home/tannernelson3/snuff_ros2/ros2_ws/install/drive_base_msgs/include/drive_base_msgs/drive_base_msgs/msg/detail/base_info__rosidl_typesupport_fastrtps_cpp.hpp
[2.105s] -- Up-to-date: /home/tannernelson3/snuff_ros2/ros2_ws/install/drive_base_msgs/include/drive_base_msgs/drive_base_msgs/msg/detail/command_header__rosidl_typesupport_fastrtps_cpp.hpp
[2.105s] -- Up-to-date: /home/tannernelson3/snuff_ros2/ros2_ws/install/drive_base_msgs/include/drive_base_msgs/drive_base_msgs/msg/detail/command_status__rosidl_typesupport_fastrtps_cpp.hpp
[2.106s] -- Up-to-date: /home/tannernelson3/snuff_ros2/ros2_ws/install/drive_base_msgs/lib/libdrive_base_msgs__rosidl_typesupport_fastrtps_cpp.so
[2.106s] -- Up-to-date: /home/tannernelson3/snuff_ros2/ros2_ws/install/drive_base_msgs/include/drive_base_msgs/drive_base_msgs
[2.106s] -- Up-to-date: /home/tannernelson3/snuff_ros2/ros2_ws/install/drive_base_msgs/include/drive_base_msgs/drive_base_msgs/msg
[2.106s] -- Up-to-date: /home/tannernelson3/snuff_ros2/ros2_ws/install/drive_base_msgs/include/drive_base_msgs/drive_base_msgs/msg/rosidl_typesupport_introspection_c__visibility_control.h
[2.106s] -- Up-to-date: /home/tannernelson3/snuff_ros2/ros2_ws/install/drive_base_msgs/include/drive_base_msgs/drive_base_msgs/msg/detail
[2.106s] -- Installing: /home/tannernelson3/snuff_ros2/ros2_ws/install/drive_base_msgs/include/drive_base_msgs/drive_base_msgs/msg/detail/command_header__type_support.c
[2.107s] -- Up-to-date: /home/tannernelson3/snuff_ros2/ros2_ws/install/drive_base_msgs/include/drive_base_msgs/drive_base_msgs/msg/detail/base_info__rosidl_typesupport_introspection_c.h
[2.107s] -- Up-to-date: /home/tannernelson3/snuff_ros2/ros2_ws/install/drive_base_msgs/include/drive_base_msgs/drive_base_msgs/msg/detail/trv_command__rosidl_typesupport_introspection_c.h
[2.107s] -- Up-to-date: /home/tannernelson3/snuff_ros2/ros2_ws/install/drive_base_msgs/include/drive_base_msgs/drive_base_msgs/msg/detail/command_header__rosidl_typesupport_introspection_c.h
[2.107s] -- Installing: /home/tannernelson3/snuff_ros2/ros2_ws/install/drive_base_msgs/include/drive_base_msgs/drive_base_msgs/msg/detail/base_info__type_support.c
[2.107s] -- Installing: /home/tannernelson3/snuff_ros2/ros2_ws/install/drive_base_msgs/include/drive_base_msgs/drive_base_msgs/msg/detail/trv_command__type_support.c
[2.108s] -- Installing: /home/tannernelson3/snuff_ros2/ros2_ws/install/drive_base_msgs/include/drive_base_msgs/drive_base_msgs/msg/detail/command_status__type_support.c
[2.108s] -- Up-to-date: /home/tannernelson3/snuff_ros2/ros2_ws/install/drive_base_msgs/include/drive_base_msgs/drive_base_msgs/msg/detail/command_status__rosidl_typesupport_introspection_c.h
[2.108s] -- Up-to-date: /home/tannernelson3/snuff_ros2/ros2_ws/install/drive_base_msgs/lib/libdrive_base_msgs__rosidl_typesupport_introspection_c.so
[2.108s] -- Up-to-date: /home/tannernelson3/snuff_ros2/ros2_ws/install/drive_base_msgs/lib/libdrive_base_msgs__rosidl_typesupport_c.so
[2.108s] -- Up-to-date: /home/tannernelson3/snuff_ros2/ros2_ws/install/drive_base_msgs/include/drive_base_msgs/drive_base_msgs
[2.108s] -- Up-to-date: /home/tannernelson3/snuff_ros2/ros2_ws/install/drive_base_msgs/include/drive_base_msgs/drive_base_msgs/msg
[2.109s] -- Up-to-date: /home/tannernelson3/snuff_ros2/ros2_ws/install/drive_base_msgs/include/drive_base_msgs/drive_base_msgs/msg/detail
[2.109s] -- Up-to-date: /home/tannernelson3/snuff_ros2/ros2_ws/install/drive_base_msgs/include/drive_base_msgs/drive_base_msgs/msg/detail/command_status__rosidl_typesupport_introspection_cpp.hpp
[2.109s] -- Up-to-date: /home/tannernelson3/snuff_ros2/ros2_ws/install/drive_base_msgs/include/drive_base_msgs/drive_base_msgs/msg/detail/command_header__rosidl_typesupport_introspection_cpp.hpp
[2.109s] -- Up-to-date: /home/tannernelson3/snuff_ros2/ros2_ws/install/drive_base_msgs/include/drive_base_msgs/drive_base_msgs/msg/detail/command_status__type_support.cpp
[2.109s] -- Up-to-date: /home/tannernelson3/snuff_ros2/ros2_ws/install/drive_base_msgs/include/drive_base_msgs/drive_base_msgs/msg/detail/base_info__rosidl_typesupport_introspection_cpp.hpp
[2.109s] -- Up-to-date: /home/tannernelson3/snuff_ros2/ros2_ws/install/drive_base_msgs/include/drive_base_msgs/drive_base_msgs/msg/detail/base_info__type_support.cpp
[2.110s] -- Up-to-date: /home/tannernelson3/snuff_ros2/ros2_ws/install/drive_base_msgs/include/drive_base_msgs/drive_base_msgs/msg/detail/command_header__type_support.cpp
[2.110s] -- Up-to-date: /home/tannernelson3/snuff_ros2/ros2_ws/install/drive_base_msgs/include/drive_base_msgs/drive_base_msgs/msg/detail/trv_command__rosidl_typesupport_introspection_cpp.hpp
[2.110s] -- Up-to-date: /home/tannernelson3/snuff_ros2/ros2_ws/install/drive_base_msgs/include/drive_base_msgs/drive_base_msgs/msg/detail/trv_command__type_support.cpp
[2.110s] -- Up-to-date: /home/tannernelson3/snuff_ros2/ros2_ws/install/drive_base_msgs/lib/libdrive_base_msgs__rosidl_typesupport_introspection_cpp.so
[2.110s] -- Up-to-date: /home/tannernelson3/snuff_ros2/ros2_ws/install/drive_base_msgs/lib/libdrive_base_msgs__rosidl_typesupport_cpp.so
[2.111s] -- Up-to-date: /home/tannernelson3/snuff_ros2/ros2_ws/install/drive_base_msgs/share/drive_base_msgs/environment/pythonpath.sh
[2.111s] -- Up-to-date: /home/tannernelson3/snuff_ros2/ros2_ws/install/drive_base_msgs/share/drive_base_msgs/environment/pythonpath.dsv
[2.111s] -- Up-to-date: /home/tannernelson3/snuff_ros2/ros2_ws/install/drive_base_msgs/lib/python3.10/site-packages/drive_base_msgs-0.0.0-py3.10.egg-info
[2.111s] -- Installing: /home/tannernelson3/snuff_ros2/ros2_ws/install/drive_base_msgs/lib/python3.10/site-packages/drive_base_msgs-0.0.0-py3.10.egg-info/PKG-INFO
[2.111s] -- Installing: /home/tannernelson3/snuff_ros2/ros2_ws/install/drive_base_msgs/lib/python3.10/site-packages/drive_base_msgs-0.0.0-py3.10.egg-info/dependency_links.txt
[2.111s] -- Installing: /home/tannernelson3/snuff_ros2/ros2_ws/install/drive_base_msgs/lib/python3.10/site-packages/drive_base_msgs-0.0.0-py3.10.egg-info/SOURCES.txt
[2.112s] -- Installing: /home/tannernelson3/snuff_ros2/ros2_ws/install/drive_base_msgs/lib/python3.10/site-packages/drive_base_msgs-0.0.0-py3.10.egg-info/top_level.txt
[2.112s] -- Up-to-date: /home/tannernelson3/snuff_ros2/ros2_ws/install/drive_base_msgs/lib/python3.10/site-packages/drive_base_msgs
[2.112s] -- Up-to-date: /home/tannernelson3/snuff_ros2/ros2_ws/install/drive_base_msgs/lib/python3.10/site-packages/drive_base_msgs/msg
[2.112s] -- Up-to-date: /home/tannernelson3/snuff_ros2/ros2_ws/install/drive_base_msgs/lib/python3.10/site-packages/drive_base_msgs/msg/_base_info_s.c
[2.112s] -- Up-to-date: /home/tannernelson3/snuff_ros2/ros2_ws/install/drive_base_msgs/lib/python3.10/site-packages/drive_base_msgs/msg/_command_header.py
[2.112s] -- Up-to-date: /home/tannernelson3/snuff_ros2/ros2_ws/install/drive_base_msgs/lib/python3.10/site-packages/drive_base_msgs/msg/_base_info.py
[2.113s] -- Up-to-date: /home/tannernelson3/snuff_ros2/ros2_ws/install/drive_base_msgs/lib/python3.10/site-packages/drive_base_msgs/msg/_command_status_s.c
[2.123s] -- Up-to-date: /home/tannernelson3/snuff_ros2/ros2_ws/install/drive_base_msgs/lib/python3.10/site-packages/drive_base_msgs/msg/_trv_command_s.c
[2.124s] -- Up-to-date: /home/tannernelson3/snuff_ros2/ros2_ws/install/drive_base_msgs/lib/python3.10/site-packages/drive_base_msgs/msg/_command_header_s.c
[2.124s] -- Up-to-date: /home/tannernelson3/snuff_ros2/ros2_ws/install/drive_base_msgs/lib/python3.10/site-packages/drive_base_msgs/msg/_command_status.py
[2.125s] -- Up-to-date: /home/tannernelson3/snuff_ros2/ros2_ws/install/drive_base_msgs/lib/python3.10/site-packages/drive_base_msgs/msg/_trv_command.py
[2.125s] -- Up-to-date: /home/tannernelson3/snuff_ros2/ros2_ws/install/drive_base_msgs/lib/python3.10/site-packages/drive_base_msgs/msg/__init__.py
[2.126s] -- Up-to-date: /home/tannernelson3/snuff_ros2/ros2_ws/install/drive_base_msgs/lib/python3.10/site-packages/drive_base_msgs/_drive_base_msgs_s.ep.rosidl_typesupport_fastrtps_c.c
[2.127s] -- Up-to-date: /home/tannernelson3/snuff_ros2/ros2_ws/install/drive_base_msgs/lib/python3.10/site-packages/drive_base_msgs/libdrive_base_msgs__rosidl_generator_py.so
[2.127s] -- Up-to-date: /home/tannernelson3/snuff_ros2/ros2_ws/install/drive_base_msgs/lib/python3.10/site-packages/drive_base_msgs/drive_base_msgs_s__rosidl_typesupport_introspection_c.cpython-310-x86_64-linux-gnu.so
[2.128s] -- Up-to-date: /home/tannernelson3/snuff_ros2/ros2_ws/install/drive_base_msgs/lib/python3.10/site-packages/drive_base_msgs/drive_base_msgs_s__rosidl_typesupport_c.cpython-310-x86_64-linux-gnu.so
[2.128s] -- Up-to-date: /home/tannernelson3/snuff_ros2/ros2_ws/install/drive_base_msgs/lib/python3.10/site-packages/drive_base_msgs/drive_base_msgs_s__rosidl_typesupport_fastrtps_c.cpython-310-x86_64-linux-gnu.so
[2.130s] -- Up-to-date: /home/tannernelson3/snuff_ros2/ros2_ws/install/drive_base_msgs/lib/python3.10/site-packages/drive_base_msgs/_drive_base_msgs_s.ep.rosidl_typesupport_introspection_c.c
[2.131s] -- Up-to-date: /home/tannernelson3/snuff_ros2/ros2_ws/install/drive_base_msgs/lib/python3.10/site-packages/drive_base_msgs/_drive_base_msgs_s.ep.rosidl_typesupport_c.c
[2.131s] -- Up-to-date: /home/tannernelson3/snuff_ros2/ros2_ws/install/drive_base_msgs/lib/python3.10/site-packages/drive_base_msgs/__init__.py
[2.158s] Listing '/home/tannernelson3/snuff_ros2/ros2_ws/install/drive_base_msgs/lib/python3.10/site-packages/drive_base_msgs'...
[2.159s] Listing '/home/tannernelson3/snuff_ros2/ros2_ws/install/drive_base_msgs/lib/python3.10/site-packages/drive_base_msgs/msg'...
[2.162s] -- Up-to-date: /home/tannernelson3/snuff_ros2/ros2_ws/install/drive_base_msgs/lib/python3.10/site-packages/drive_base_msgs/drive_base_msgs_s__rosidl_typesupport_fastrtps_c.cpython-310-x86_64-linux-gnu.so
[2.166s] -- Up-to-date: /home/tannernelson3/snuff_ros2/ros2_ws/install/drive_base_msgs/lib/python3.10/site-packages/drive_base_msgs/drive_base_msgs_s__rosidl_typesupport_introspection_c.cpython-310-x86_64-linux-gnu.so
[2.166s] -- Up-to-date: /home/tannernelson3/snuff_ros2/ros2_ws/install/drive_base_msgs/lib/python3.10/site-packages/drive_base_msgs/drive_base_msgs_s__rosidl_typesupport_c.cpython-310-x86_64-linux-gnu.so
[2.166s] -- Up-to-date: /home/tannernelson3/snuff_ros2/ros2_ws/install/drive_base_msgs/lib/libdrive_base_msgs__rosidl_generator_py.so
[2.167s] -- Up-to-date: /home/tannernelson3/snuff_ros2/ros2_ws/install/drive_base_msgs/share/drive_base_msgs/msg/CommandHeader.idl
[2.167s] -- Up-to-date: /home/tannernelson3/snuff_ros2/ros2_ws/install/drive_base_msgs/share/drive_base_msgs/msg/BaseInfo.idl
[2.167s] -- Up-to-date: /home/tannernelson3/snuff_ros2/ros2_ws/install/drive_base_msgs/share/drive_base_msgs/msg/CommandStatus.idl
[2.167s] -- Up-to-date: /home/tannernelson3/snuff_ros2/ros2_ws/install/drive_base_msgs/share/drive_base_msgs/msg/TRVCommand.idl
[2.167s] -- Up-to-date: /home/tannernelson3/snuff_ros2/ros2_ws/install/drive_base_msgs/share/drive_base_msgs/msg/CommandHeader.msg
[2.167s] -- Up-to-date: /home/tannernelson3/snuff_ros2/ros2_ws/install/drive_base_msgs/share/drive_base_msgs/msg/BaseInfo.msg
[2.168s] -- Up-to-date: /home/tannernelson3/snuff_ros2/ros2_ws/install/drive_base_msgs/share/drive_base_msgs/msg/CommandStatus.msg
[2.168s] -- Up-to-date: /home/tannernelson3/snuff_ros2/ros2_ws/install/drive_base_msgs/share/drive_base_msgs/msg/TRVCommand.msg
[2.168s] -- Up-to-date: /home/tannernelson3/snuff_ros2/ros2_ws/install/drive_base_msgs/share/ament_index/resource_index/package_run_dependencies/drive_base_msgs
[2.168s] -- Up-to-date: /home/tannernelson3/snuff_ros2/ros2_ws/install/drive_base_msgs/share/ament_index/resource_index/parent_prefix_path/drive_base_msgs
[2.168s] -- Up-to-date: /home/tannernelson3/snuff_ros2/ros2_ws/install/drive_base_msgs/share/drive_base_msgs/environment/ament_prefix_path.sh
[2.168s] -- Up-to-date: /home/tannernelson3/snuff_ros2/ros2_ws/install/drive_base_msgs/share/drive_base_msgs/environment/ament_prefix_path.dsv
[2.169s] -- Up-to-date: /home/tannernelson3/snuff_ros2/ros2_ws/install/drive_base_msgs/share/drive_base_msgs/environment/path.sh
[2.169s] -- Up-to-date: /home/tannernelson3/snuff_ros2/ros2_ws/install/drive_base_msgs/share/drive_base_msgs/environment/path.dsv
[2.170s] -- Up-to-date: /home/tannernelson3/snuff_ros2/ros2_ws/install/drive_base_msgs/share/drive_base_msgs/local_setup.bash
[2.170s] -- Up-to-date: /home/tannernelson3/snuff_ros2/ros2_ws/install/drive_base_msgs/share/drive_base_msgs/local_setup.sh
[2.170s] -- Up-to-date: /home/tannernelson3/snuff_ros2/ros2_ws/install/drive_base_msgs/share/drive_base_msgs/local_setup.zsh
[2.171s] -- Up-to-date: /home/tannernelson3/snuff_ros2/ros2_ws/install/drive_base_msgs/share/drive_base_msgs/local_setup.dsv
[2.171s] -- Installing: /home/tannernelson3/snuff_ros2/ros2_ws/install/drive_base_msgs/share/drive_base_msgs/package.dsv
[2.171s] -- Up-to-date: /home/tannernelson3/snuff_ros2/ros2_ws/install/drive_base_msgs/share/ament_index/resource_index/packages/drive_base_msgs
[2.172s] -- Up-to-date: /home/tannernelson3/snuff_ros2/ros2_ws/install/drive_base_msgs/share/drive_base_msgs/cmake/export_drive_base_msgs__rosidl_generator_cExport.cmake
[2.172s] -- Up-to-date: /home/tannernelson3/snuff_ros2/ros2_ws/install/drive_base_msgs/share/drive_base_msgs/cmake/export_drive_base_msgs__rosidl_generator_cExport-noconfig.cmake
[2.172s] -- Up-to-date: /home/tannernelson3/snuff_ros2/ros2_ws/install/drive_base_msgs/share/drive_base_msgs/cmake/export_drive_base_msgs__rosidl_typesupport_fastrtps_cExport.cmake
[2.173s] -- Up-to-date: /home/tannernelson3/snuff_ros2/ros2_ws/install/drive_base_msgs/share/drive_base_msgs/cmake/export_drive_base_msgs__rosidl_typesupport_fastrtps_cExport-noconfig.cmake
[2.173s] -- Up-to-date: /home/tannernelson3/snuff_ros2/ros2_ws/install/drive_base_msgs/share/drive_base_msgs/cmake/export_drive_base_msgs__rosidl_generator_cppExport.cmake
[2.173s] -- Up-to-date: /home/tannernelson3/snuff_ros2/ros2_ws/install/drive_base_msgs/share/drive_base_msgs/cmake/export_drive_base_msgs__rosidl_typesupport_fastrtps_cppExport.cmake
[2.174s] -- Up-to-date: /home/tannernelson3/snuff_ros2/ros2_ws/install/drive_base_msgs/share/drive_base_msgs/cmake/export_drive_base_msgs__rosidl_typesupport_fastrtps_cppExport-noconfig.cmake
[2.174s] -- Up-to-date: /home/tannernelson3/snuff_ros2/ros2_ws/install/drive_base_msgs/share/drive_base_msgs/cmake/drive_base_msgs__rosidl_typesupport_introspection_cExport.cmake
[2.174s] -- Up-to-date: /home/tannernelson3/snuff_ros2/ros2_ws/install/drive_base_msgs/share/drive_base_msgs/cmake/drive_base_msgs__rosidl_typesupport_introspection_cExport-noconfig.cmake
[2.175s] -- Up-to-date: /home/tannernelson3/snuff_ros2/ros2_ws/install/drive_base_msgs/share/drive_base_msgs/cmake/drive_base_msgs__rosidl_typesupport_cExport.cmake
[2.175s] -- Up-to-date: /home/tannernelson3/snuff_ros2/ros2_ws/install/drive_base_msgs/share/drive_base_msgs/cmake/drive_base_msgs__rosidl_typesupport_cExport-noconfig.cmake
[2.175s] -- Up-to-date: /home/tannernelson3/snuff_ros2/ros2_ws/install/drive_base_msgs/share/drive_base_msgs/cmake/drive_base_msgs__rosidl_typesupport_introspection_cppExport.cmake
[2.175s] -- Up-to-date: /home/tannernelson3/snuff_ros2/ros2_ws/install/drive_base_msgs/share/drive_base_msgs/cmake/drive_base_msgs__rosidl_typesupport_introspection_cppExport-noconfig.cmake
[2.176s] -- Up-to-date: /home/tannernelson3/snuff_ros2/ros2_ws/install/drive_base_msgs/share/drive_base_msgs/cmake/drive_base_msgs__rosidl_typesupport_cppExport.cmake
[2.176s] -- Up-to-date: /home/tannernelson3/snuff_ros2/ros2_ws/install/drive_base_msgs/share/drive_base_msgs/cmake/drive_base_msgs__rosidl_typesupport_cppExport-noconfig.cmake
[2.176s] -- Up-to-date: /home/tannernelson3/snuff_ros2/ros2_ws/install/drive_base_msgs/share/drive_base_msgs/cmake/export_drive_base_msgs__rosidl_generator_pyExport.cmake
[2.176s] -- Up-to-date: /home/tannernelson3/snuff_ros2/ros2_ws/install/drive_base_msgs/share/drive_base_msgs/cmake/export_drive_base_msgs__rosidl_generator_pyExport-noconfig.cmake
[2.177s] -- Up-to-date: /home/tannernelson3/snuff_ros2/ros2_ws/install/drive_base_msgs/share/drive_base_msgs/cmake/rosidl_cmake-extras.cmake
[2.177s] -- Up-to-date: /home/tannernelson3/snuff_ros2/ros2_ws/install/drive_base_msgs/share/drive_base_msgs/cmake/ament_cmake_export_dependencies-extras.cmake
[2.177s] -- Up-to-date: /home/tannernelson3/snuff_ros2/ros2_ws/install/drive_base_msgs/share/drive_base_msgs/cmake/ament_cmake_export_include_directories-extras.cmake
[2.177s] -- Up-to-date: /home/tannernelson3/snuff_ros2/ros2_ws/install/drive_base_msgs/share/drive_base_msgs/cmake/ament_cmake_export_libraries-extras.cmake
[2.178s] -- Up-to-date: /home/tannernelson3/snuff_ros2/ros2_ws/install/drive_base_msgs/share/drive_base_msgs/cmake/ament_cmake_export_targets-extras.cmake
[2.178s] -- Up-to-date: /home/tannernelson3/snuff_ros2/ros2_ws/install/drive_base_msgs/share/drive_base_msgs/cmake/rosidl_cmake_export_typesupport_targets-extras.cmake
[2.178s] -- Up-to-date: /home/tannernelson3/snuff_ros2/ros2_ws/install/drive_base_msgs/share/drive_base_msgs/cmake/rosidl_cmake_export_typesupport_libraries-extras.cmake
[2.179s] -- Up-to-date: /home/tannernelson3/snuff_ros2/ros2_ws/install/drive_base_msgs/share/drive_base_msgs/cmake/drive_base_msgsConfig.cmake
[2.179s] -- Up-to-date: /home/tannernelson3/snuff_ros2/ros2_ws/install/drive_base_msgs/share/drive_base_msgs/cmake/drive_base_msgsConfig-version.cmake
[2.179s] -- Up-to-date: /home/tannernelson3/snuff_ros2/ros2_ws/install/drive_base_msgs/share/drive_base_msgs/package.xml
[2.419s] Invoked command in '/home/tannernelson3/snuff_ros2/ros2_ws/build/drive_base_msgs' returned '0': CMAKE_PREFIX_PATH=${CMAKE_PREFIX_PATH}:/opt/ros/iron /usr/bin/cmake --install /home/tannernelson3/snuff_ros2/ros2_ws/build/drive_base_msgs
