[1.542s] DEBUG:colcon:Command line arguments: ['/usr/bin/colcon', 'build']
[1.542s] DEBUG:colcon:Parsed command line arguments: Namespace(log_base=None, log_level=None, verb_name='build', build_base='build', install_base='install', merge_install=False, symlink_install=False, test_result_base=None, continue_on_error=False, executor='parallel', parallel_workers=4, event_handlers=None, ignore_user_meta=False, metas=['./colcon.meta'], base_paths=['.'], packages_ignore=None, packages_ignore_regex=None, paths=None, packages_up_to=None, packages_up_to_regex=None, packages_above=None, packages_above_and_dependencies=None, packages_above_depth=None, packages_select_by_dep=None, packages_skip_by_dep=None, packages_skip_up_to=None, packages_select_build_failed=False, packages_skip_build_finished=False, packages_select_test_failures=False, packages_skip_test_passed=False, packages_select=None, packages_skip=None, packages_select_regex=None, packages_skip_regex=None, packages_start=None, packages_end=None, allow_overriding=[], cmake_args=None, cmake_target=None, cmake_target_skip_unavailable=False, cmake_clean_cache=False, cmake_clean_first=False, cmake_force_configure=False, ament_cmake_args=None, catkin_cmake_args=None, catkin_skip_building_tests=False, verb_parser=<colcon_defaults.argument_parser.defaults.DefaultArgumentsDecorator object at 0x7f1a730facb0>, verb_extension=<colcon_core.verb.build.BuildVerb object at 0x7f1a730ef5e0>, main=<bound method BuildVerb.main of <colcon_core.verb.build.BuildVerb object at 0x7f1a730ef5e0>>)
[1.612s] Level 1:colcon.colcon_core.package_discovery:discover_packages(colcon_meta) check parameters
[1.613s] Level 1:colcon.colcon_core.package_discovery:discover_packages(recursive) check parameters
[1.613s] Level 1:colcon.colcon_core.package_discovery:discover_packages(ignore) check parameters
[1.613s] Level 1:colcon.colcon_core.package_discovery:discover_packages(path) check parameters
[1.613s] Level 1:colcon.colcon_core.package_discovery:discover_packages(colcon_meta) discover
[1.613s] Level 1:colcon.colcon_core.package_discovery:discover_packages(recursive) discover
[1.613s] INFO:colcon.colcon_core.package_discovery:Crawling recursively for packages in '/home/tannernelson3/snuff_ros2/ros2_ws'
[1.613s] Level 1:colcon.colcon_core.package_identification:_identify(.) by extensions ['ignore', 'ignore_ament_install']
[1.613s] Level 1:colcon.colcon_core.package_identification:_identify(.) by extension 'ignore'
[1.613s] Level 1:colcon.colcon_core.package_identification:_identify(.) by extension 'ignore_ament_install'
[1.613s] Level 1:colcon.colcon_core.package_identification:_identify(.) by extensions ['colcon_pkg']
[1.613s] Level 1:colcon.colcon_core.package_identification:_identify(.) by extension 'colcon_pkg'
[1.613s] Level 1:colcon.colcon_core.package_identification:_identify(.) by extensions ['colcon_meta']
[1.613s] Level 1:colcon.colcon_core.package_identification:_identify(.) by extension 'colcon_meta'
[1.614s] Level 1:colcon.colcon_core.package_identification:_identify(.) by extensions ['ros']
[1.614s] Level 1:colcon.colcon_core.package_identification:_identify(.) by extension 'ros'
[1.628s] Level 1:colcon.colcon_core.package_identification:_identify(.) by extensions ['cmake', 'python']
[1.628s] Level 1:colcon.colcon_core.package_identification:_identify(.) by extension 'cmake'
[1.628s] Level 1:colcon.colcon_core.package_identification:_identify(.) by extension 'python'
[1.628s] Level 1:colcon.colcon_core.package_identification:_identify(.) by extensions ['python_setup_py']
[1.628s] Level 1:colcon.colcon_core.package_identification:_identify(.) by extension 'python_setup_py'
[1.628s] Level 1:colcon.colcon_core.package_identification:_identify(build) by extensions ['ignore', 'ignore_ament_install']
[1.628s] Level 1:colcon.colcon_core.package_identification:_identify(build) by extension 'ignore'
[1.628s] Level 1:colcon.colcon_core.package_identification:_identify(build) ignored
[1.628s] Level 1:colcon.colcon_core.package_identification:_identify(install) by extensions ['ignore', 'ignore_ament_install']
[1.629s] Level 1:colcon.colcon_core.package_identification:_identify(install) by extension 'ignore'
[1.629s] Level 1:colcon.colcon_core.package_identification:_identify(install) ignored
[1.629s] Level 1:colcon.colcon_core.package_identification:_identify(log) by extensions ['ignore', 'ignore_ament_install']
[1.629s] Level 1:colcon.colcon_core.package_identification:_identify(log) by extension 'ignore'
[1.629s] Level 1:colcon.colcon_core.package_identification:_identify(log) ignored
[1.629s] Level 1:colcon.colcon_core.package_identification:_identify(src) by extensions ['ignore', 'ignore_ament_install']
[1.629s] Level 1:colcon.colcon_core.package_identification:_identify(src) by extension 'ignore'
[1.629s] Level 1:colcon.colcon_core.package_identification:_identify(src) by extension 'ignore_ament_install'
[1.629s] Level 1:colcon.colcon_core.package_identification:_identify(src) by extensions ['colcon_pkg']
[1.629s] Level 1:colcon.colcon_core.package_identification:_identify(src) by extension 'colcon_pkg'
[1.630s] Level 1:colcon.colcon_core.package_identification:_identify(src) by extensions ['colcon_meta']
[1.630s] Level 1:colcon.colcon_core.package_identification:_identify(src) by extension 'colcon_meta'
[1.630s] Level 1:colcon.colcon_core.package_identification:_identify(src) by extensions ['ros']
[1.630s] Level 1:colcon.colcon_core.package_identification:_identify(src) by extension 'ros'
[1.630s] Level 1:colcon.colcon_core.package_identification:_identify(src) by extensions ['cmake', 'python']
[1.630s] Level 1:colcon.colcon_core.package_identification:_identify(src) by extension 'cmake'
[1.630s] Level 1:colcon.colcon_core.package_identification:_identify(src) by extension 'python'
[1.630s] Level 1:colcon.colcon_core.package_identification:_identify(src) by extensions ['python_setup_py']
[1.630s] Level 1:colcon.colcon_core.package_identification:_identify(src) by extension 'python_setup_py'
[1.630s] Level 1:colcon.colcon_core.package_identification:_identify(src/micro_ros_setup) by extensions ['ignore', 'ignore_ament_install']
[1.630s] Level 1:colcon.colcon_core.package_identification:_identify(src/micro_ros_setup) by extension 'ignore'
[1.630s] Level 1:colcon.colcon_core.package_identification:_identify(src/micro_ros_setup) by extension 'ignore_ament_install'
[1.630s] Level 1:colcon.colcon_core.package_identification:_identify(src/micro_ros_setup) by extensions ['colcon_pkg']
[1.630s] Level 1:colcon.colcon_core.package_identification:_identify(src/micro_ros_setup) by extension 'colcon_pkg'
[1.630s] Level 1:colcon.colcon_core.package_identification:_identify(src/micro_ros_setup) by extensions ['colcon_meta']
[1.631s] Level 1:colcon.colcon_core.package_identification:_identify(src/micro_ros_setup) by extension 'colcon_meta'
[1.631s] Level 1:colcon.colcon_core.package_identification:_identify(src/micro_ros_setup) by extensions ['ros']
[1.631s] Level 1:colcon.colcon_core.package_identification:_identify(src/micro_ros_setup) by extension 'ros'
[1.634s] DEBUG:colcon.colcon_core.package_identification:Package 'src/micro_ros_setup' with type 'ros.ament_cmake' and name 'micro_ros_setup'
[1.634s] Level 1:colcon.colcon_core.package_identification:_identify(src/snuff) by extensions ['ignore', 'ignore_ament_install']
[1.634s] Level 1:colcon.colcon_core.package_identification:_identify(src/snuff) by extension 'ignore'
[1.634s] Level 1:colcon.colcon_core.package_identification:_identify(src/snuff) by extension 'ignore_ament_install'
[1.635s] Level 1:colcon.colcon_core.package_identification:_identify(src/snuff) by extensions ['colcon_pkg']
[1.635s] Level 1:colcon.colcon_core.package_identification:_identify(src/snuff) by extension 'colcon_pkg'
[1.635s] Level 1:colcon.colcon_core.package_identification:_identify(src/snuff) by extensions ['colcon_meta']
[1.635s] Level 1:colcon.colcon_core.package_identification:_identify(src/snuff) by extension 'colcon_meta'
[1.635s] Level 1:colcon.colcon_core.package_identification:_identify(src/snuff) by extensions ['ros']
[1.635s] Level 1:colcon.colcon_core.package_identification:_identify(src/snuff) by extension 'ros'
[1.635s] DEBUG:colcon.colcon_core.package_identification:Package 'src/snuff' with type 'ros.ament_cmake' and name 'snuff'
[1.636s] Level 1:colcon.colcon_core.package_identification:_identify(src/uros) by extensions ['ignore', 'ignore_ament_install']
[1.636s] Level 1:colcon.colcon_core.package_identification:_identify(src/uros) by extension 'ignore'
[1.636s] Level 1:colcon.colcon_core.package_identification:_identify(src/uros) by extension 'ignore_ament_install'
[1.636s] Level 1:colcon.colcon_core.package_identification:_identify(src/uros) by extensions ['colcon_pkg']
[1.636s] Level 1:colcon.colcon_core.package_identification:_identify(src/uros) by extension 'colcon_pkg'
[1.636s] Level 1:colcon.colcon_core.package_identification:_identify(src/uros) by extensions ['colcon_meta']
[1.636s] Level 1:colcon.colcon_core.package_identification:_identify(src/uros) by extension 'colcon_meta'
[1.636s] Level 1:colcon.colcon_core.package_identification:_identify(src/uros) by extensions ['ros']
[1.636s] Level 1:colcon.colcon_core.package_identification:_identify(src/uros) by extension 'ros'
[1.636s] Level 1:colcon.colcon_core.package_identification:_identify(src/uros) by extensions ['cmake', 'python']
[1.636s] Level 1:colcon.colcon_core.package_identification:_identify(src/uros) by extension 'cmake'
[1.636s] Level 1:colcon.colcon_core.package_identification:_identify(src/uros) by extension 'python'
[1.636s] Level 1:colcon.colcon_core.package_identification:_identify(src/uros) by extensions ['python_setup_py']
[1.636s] Level 1:colcon.colcon_core.package_identification:_identify(src/uros) by extension 'python_setup_py'
[1.637s] Level 1:colcon.colcon_core.package_identification:_identify(src/uros/drive_base) by extensions ['ignore', 'ignore_ament_install']
[1.637s] Level 1:colcon.colcon_core.package_identification:_identify(src/uros/drive_base) by extension 'ignore'
[1.637s] Level 1:colcon.colcon_core.package_identification:_identify(src/uros/drive_base) by extension 'ignore_ament_install'
[1.637s] Level 1:colcon.colcon_core.package_identification:_identify(src/uros/drive_base) by extensions ['colcon_pkg']
[1.637s] Level 1:colcon.colcon_core.package_identification:_identify(src/uros/drive_base) by extension 'colcon_pkg'
[1.637s] Level 1:colcon.colcon_core.package_identification:_identify(src/uros/drive_base) by extensions ['colcon_meta']
[1.637s] Level 1:colcon.colcon_core.package_identification:_identify(src/uros/drive_base) by extension 'colcon_meta'
[1.637s] Level 1:colcon.colcon_core.package_identification:_identify(src/uros/drive_base) by extensions ['ros']
[1.637s] Level 1:colcon.colcon_core.package_identification:_identify(src/uros/drive_base) by extension 'ros'
[1.637s] Level 1:colcon.colcon_core.package_identification:_identify(src/uros/drive_base) by extensions ['cmake', 'python']
[1.637s] Level 1:colcon.colcon_core.package_identification:_identify(src/uros/drive_base) by extension 'cmake'
[1.637s] Level 1:colcon.colcon_core.package_identification:_identify(src/uros/drive_base) by extension 'python'
[1.637s] Level 1:colcon.colcon_core.package_identification:_identify(src/uros/drive_base) by extensions ['python_setup_py']
[1.637s] Level 1:colcon.colcon_core.package_identification:_identify(src/uros/drive_base) by extension 'python_setup_py'
[1.638s] Level 1:colcon.colcon_core.package_identification:_identify(src/uros/drive_base/drive_base_msgs) by extensions ['ignore', 'ignore_ament_install']
[1.638s] Level 1:colcon.colcon_core.package_identification:_identify(src/uros/drive_base/drive_base_msgs) by extension 'ignore'
[1.638s] Level 1:colcon.colcon_core.package_identification:_identify(src/uros/drive_base/drive_base_msgs) by extension 'ignore_ament_install'
[1.638s] Level 1:colcon.colcon_core.package_identification:_identify(src/uros/drive_base/drive_base_msgs) by extensions ['colcon_pkg']
[1.638s] Level 1:colcon.colcon_core.package_identification:_identify(src/uros/drive_base/drive_base_msgs) by extension 'colcon_pkg'
[1.638s] Level 1:colcon.colcon_core.package_identification:_identify(src/uros/drive_base/drive_base_msgs) by extensions ['colcon_meta']
[1.638s] Level 1:colcon.colcon_core.package_identification:_identify(src/uros/drive_base/drive_base_msgs) by extension 'colcon_meta'
[1.638s] Level 1:colcon.colcon_core.package_identification:_identify(src/uros/drive_base/drive_base_msgs) by extensions ['ros']
[1.638s] Level 1:colcon.colcon_core.package_identification:_identify(src/uros/drive_base/drive_base_msgs) by extension 'ros'
[1.639s] DEBUG:colcon.colcon_core.package_identification:Package 'src/uros/drive_base/drive_base_msgs' with type 'ros.ament_cmake' and name 'drive_base_msgs'
[1.639s] Level 1:colcon.colcon_core.package_identification:_identify(src/uros/micro-ROS-Agent) by extensions ['ignore', 'ignore_ament_install']
[1.639s] Level 1:colcon.colcon_core.package_identification:_identify(src/uros/micro-ROS-Agent) by extension 'ignore'
[1.639s] Level 1:colcon.colcon_core.package_identification:_identify(src/uros/micro-ROS-Agent) by extension 'ignore_ament_install'
[1.639s] Level 1:colcon.colcon_core.package_identification:_identify(src/uros/micro-ROS-Agent) by extensions ['colcon_pkg']
[1.639s] Level 1:colcon.colcon_core.package_identification:_identify(src/uros/micro-ROS-Agent) by extension 'colcon_pkg'
[1.639s] Level 1:colcon.colcon_core.package_identification:_identify(src/uros/micro-ROS-Agent) by extensions ['colcon_meta']
[1.639s] Level 1:colcon.colcon_core.package_identification:_identify(src/uros/micro-ROS-Agent) by extension 'colcon_meta'
[1.640s] Level 1:colcon.colcon_core.package_identification:_identify(src/uros/micro-ROS-Agent) by extensions ['ros']
[1.640s] Level 1:colcon.colcon_core.package_identification:_identify(src/uros/micro-ROS-Agent) by extension 'ros'
[1.640s] Level 1:colcon.colcon_core.package_identification:_identify(src/uros/micro-ROS-Agent) by extensions ['cmake', 'python']
[1.640s] Level 1:colcon.colcon_core.package_identification:_identify(src/uros/micro-ROS-Agent) by extension 'cmake'
[1.640s] Level 1:colcon.colcon_core.package_identification:_identify(src/uros/micro-ROS-Agent) by extension 'python'
[1.640s] Level 1:colcon.colcon_core.package_identification:_identify(src/uros/micro-ROS-Agent) by extensions ['python_setup_py']
[1.640s] Level 1:colcon.colcon_core.package_identification:_identify(src/uros/micro-ROS-Agent) by extension 'python_setup_py'
[1.640s] Level 1:colcon.colcon_core.package_identification:_identify(src/uros/micro-ROS-Agent/micro_ros_agent) by extensions ['ignore', 'ignore_ament_install']
[1.640s] Level 1:colcon.colcon_core.package_identification:_identify(src/uros/micro-ROS-Agent/micro_ros_agent) by extension 'ignore'
[1.640s] Level 1:colcon.colcon_core.package_identification:_identify(src/uros/micro-ROS-Agent/micro_ros_agent) by extension 'ignore_ament_install'
[1.640s] Level 1:colcon.colcon_core.package_identification:_identify(src/uros/micro-ROS-Agent/micro_ros_agent) by extensions ['colcon_pkg']
[1.640s] Level 1:colcon.colcon_core.package_identification:_identify(src/uros/micro-ROS-Agent/micro_ros_agent) by extension 'colcon_pkg'
[1.640s] Level 1:colcon.colcon_core.package_identification:_identify(src/uros/micro-ROS-Agent/micro_ros_agent) by extensions ['colcon_meta']
[1.640s] Level 1:colcon.colcon_core.package_identification:_identify(src/uros/micro-ROS-Agent/micro_ros_agent) by extension 'colcon_meta'
[1.640s] Level 1:colcon.colcon_core.package_identification:_identify(src/uros/micro-ROS-Agent/micro_ros_agent) by extensions ['ros']
[1.641s] Level 1:colcon.colcon_core.package_identification:_identify(src/uros/micro-ROS-Agent/micro_ros_agent) by extension 'ros'
[1.642s] DEBUG:colcon.colcon_core.package_identification:Package 'src/uros/micro-ROS-Agent/micro_ros_agent' with type 'ros.ament_cmake' and name 'micro_ros_agent'
[1.642s] Level 1:colcon.colcon_core.package_identification:_identify(src/uros/micro-ROS-Agent/snap) by extensions ['ignore', 'ignore_ament_install']
[1.642s] Level 1:colcon.colcon_core.package_identification:_identify(src/uros/micro-ROS-Agent/snap) by extension 'ignore'
[1.642s] Level 1:colcon.colcon_core.package_identification:_identify(src/uros/micro-ROS-Agent/snap) by extension 'ignore_ament_install'
[1.642s] Level 1:colcon.colcon_core.package_identification:_identify(src/uros/micro-ROS-Agent/snap) by extensions ['colcon_pkg']
[1.642s] Level 1:colcon.colcon_core.package_identification:_identify(src/uros/micro-ROS-Agent/snap) by extension 'colcon_pkg'
[1.642s] Level 1:colcon.colcon_core.package_identification:_identify(src/uros/micro-ROS-Agent/snap) by extensions ['colcon_meta']
[1.642s] Level 1:colcon.colcon_core.package_identification:_identify(src/uros/micro-ROS-Agent/snap) by extension 'colcon_meta'
[1.642s] Level 1:colcon.colcon_core.package_identification:_identify(src/uros/micro-ROS-Agent/snap) by extensions ['ros']
[1.642s] Level 1:colcon.colcon_core.package_identification:_identify(src/uros/micro-ROS-Agent/snap) by extension 'ros'
[1.642s] Level 1:colcon.colcon_core.package_identification:_identify(src/uros/micro-ROS-Agent/snap) by extensions ['cmake', 'python']
[1.642s] Level 1:colcon.colcon_core.package_identification:_identify(src/uros/micro-ROS-Agent/snap) by extension 'cmake'
[1.643s] Level 1:colcon.colcon_core.package_identification:_identify(src/uros/micro-ROS-Agent/snap) by extension 'python'
[1.643s] Level 1:colcon.colcon_core.package_identification:_identify(src/uros/micro-ROS-Agent/snap) by extensions ['python_setup_py']
[1.643s] Level 1:colcon.colcon_core.package_identification:_identify(src/uros/micro-ROS-Agent/snap) by extension 'python_setup_py'
[1.643s] Level 1:colcon.colcon_core.package_identification:_identify(src/uros/micro-ROS-Agent/snap/hooks) by extensions ['ignore', 'ignore_ament_install']
[1.643s] Level 1:colcon.colcon_core.package_identification:_identify(src/uros/micro-ROS-Agent/snap/hooks) by extension 'ignore'
[1.643s] Level 1:colcon.colcon_core.package_identification:_identify(src/uros/micro-ROS-Agent/snap/hooks) by extension 'ignore_ament_install'
[1.643s] Level 1:colcon.colcon_core.package_identification:_identify(src/uros/micro-ROS-Agent/snap/hooks) by extensions ['colcon_pkg']
[1.643s] Level 1:colcon.colcon_core.package_identification:_identify(src/uros/micro-ROS-Agent/snap/hooks) by extension 'colcon_pkg'
[1.643s] Level 1:colcon.colcon_core.package_identification:_identify(src/uros/micro-ROS-Agent/snap/hooks) by extensions ['colcon_meta']
[1.643s] Level 1:colcon.colcon_core.package_identification:_identify(src/uros/micro-ROS-Agent/snap/hooks) by extension 'colcon_meta'
[1.643s] Level 1:colcon.colcon_core.package_identification:_identify(src/uros/micro-ROS-Agent/snap/hooks) by extensions ['ros']
[1.643s] Level 1:colcon.colcon_core.package_identification:_identify(src/uros/micro-ROS-Agent/snap/hooks) by extension 'ros'
[1.643s] Level 1:colcon.colcon_core.package_identification:_identify(src/uros/micro-ROS-Agent/snap/hooks) by extensions ['cmake', 'python']
[1.643s] Level 1:colcon.colcon_core.package_identification:_identify(src/uros/micro-ROS-Agent/snap/hooks) by extension 'cmake'
[1.643s] Level 1:colcon.colcon_core.package_identification:_identify(src/uros/micro-ROS-Agent/snap/hooks) by extension 'python'
[1.644s] Level 1:colcon.colcon_core.package_identification:_identify(src/uros/micro-ROS-Agent/snap/hooks) by extensions ['python_setup_py']
[1.644s] Level 1:colcon.colcon_core.package_identification:_identify(src/uros/micro-ROS-Agent/snap/hooks) by extension 'python_setup_py'
[1.644s] Level 1:colcon.colcon_core.package_identification:_identify(src/uros/micro-ROS-Agent/snap/local) by extensions ['ignore', 'ignore_ament_install']
[1.644s] Level 1:colcon.colcon_core.package_identification:_identify(src/uros/micro-ROS-Agent/snap/local) by extension 'ignore'
[1.644s] Level 1:colcon.colcon_core.package_identification:_identify(src/uros/micro-ROS-Agent/snap/local) by extension 'ignore_ament_install'
[1.644s] Level 1:colcon.colcon_core.package_identification:_identify(src/uros/micro-ROS-Agent/snap/local) by extensions ['colcon_pkg']
[1.644s] Level 1:colcon.colcon_core.package_identification:_identify(src/uros/micro-ROS-Agent/snap/local) by extension 'colcon_pkg'
[1.644s] Level 1:colcon.colcon_core.package_identification:_identify(src/uros/micro-ROS-Agent/snap/local) by extensions ['colcon_meta']
[1.644s] Level 1:colcon.colcon_core.package_identification:_identify(src/uros/micro-ROS-Agent/snap/local) by extension 'colcon_meta'
[1.644s] Level 1:colcon.colcon_core.package_identification:_identify(src/uros/micro-ROS-Agent/snap/local) by extensions ['ros']
[1.644s] Level 1:colcon.colcon_core.package_identification:_identify(src/uros/micro-ROS-Agent/snap/local) by extension 'ros'
[1.644s] Level 1:colcon.colcon_core.package_identification:_identify(src/uros/micro-ROS-Agent/snap/local) by extensions ['cmake', 'python']
[1.644s] Level 1:colcon.colcon_core.package_identification:_identify(src/uros/micro-ROS-Agent/snap/local) by extension 'cmake'
[1.644s] Level 1:colcon.colcon_core.package_identification:_identify(src/uros/micro-ROS-Agent/snap/local) by extension 'python'
[1.645s] Level 1:colcon.colcon_core.package_identification:_identify(src/uros/micro-ROS-Agent/snap/local) by extensions ['python_setup_py']
[1.645s] Level 1:colcon.colcon_core.package_identification:_identify(src/uros/micro-ROS-Agent/snap/local) by extension 'python_setup_py'
[1.645s] Level 1:colcon.colcon_core.package_identification:_identify(src/uros/micro_ros_msgs) by extensions ['ignore', 'ignore_ament_install']
[1.645s] Level 1:colcon.colcon_core.package_identification:_identify(src/uros/micro_ros_msgs) by extension 'ignore'
[1.645s] Level 1:colcon.colcon_core.package_identification:_identify(src/uros/micro_ros_msgs) by extension 'ignore_ament_install'
[1.645s] Level 1:colcon.colcon_core.package_identification:_identify(src/uros/micro_ros_msgs) by extensions ['colcon_pkg']
[1.645s] Level 1:colcon.colcon_core.package_identification:_identify(src/uros/micro_ros_msgs) by extension 'colcon_pkg'
[1.645s] Level 1:colcon.colcon_core.package_identification:_identify(src/uros/micro_ros_msgs) by extensions ['colcon_meta']
[1.645s] Level 1:colcon.colcon_core.package_identification:_identify(src/uros/micro_ros_msgs) by extension 'colcon_meta'
[1.645s] Level 1:colcon.colcon_core.package_identification:_identify(src/uros/micro_ros_msgs) by extensions ['ros']
[1.645s] Level 1:colcon.colcon_core.package_identification:_identify(src/uros/micro_ros_msgs) by extension 'ros'
[1.646s] DEBUG:colcon.colcon_core.package_identification:Package 'src/uros/micro_ros_msgs' with type 'ros.ament_cmake' and name 'micro_ros_msgs'
[1.646s] Level 1:colcon.colcon_core.package_identification:_identify(src/usb_cam) by extensions ['ignore', 'ignore_ament_install']
[1.646s] Level 1:colcon.colcon_core.package_identification:_identify(src/usb_cam) by extension 'ignore'
[1.646s] Level 1:colcon.colcon_core.package_identification:_identify(src/usb_cam) by extension 'ignore_ament_install'
[1.646s] Level 1:colcon.colcon_core.package_identification:_identify(src/usb_cam) by extensions ['colcon_pkg']
[1.646s] Level 1:colcon.colcon_core.package_identification:_identify(src/usb_cam) by extension 'colcon_pkg'
[1.646s] Level 1:colcon.colcon_core.package_identification:_identify(src/usb_cam) by extensions ['colcon_meta']
[1.646s] Level 1:colcon.colcon_core.package_identification:_identify(src/usb_cam) by extension 'colcon_meta'
[1.646s] Level 1:colcon.colcon_core.package_identification:_identify(src/usb_cam) by extensions ['ros']
[1.647s] Level 1:colcon.colcon_core.package_identification:_identify(src/usb_cam) by extension 'ros'
[1.648s] DEBUG:colcon.colcon_core.package_identification:Package 'src/usb_cam' with type 'ros.ament_cmake' and name 'usb_cam'
[1.648s] Level 1:colcon.colcon_core.package_discovery:discover_packages(recursive) using defaults
[1.648s] Level 1:colcon.colcon_core.package_discovery:discover_packages(ignore) discover
[1.648s] Level 1:colcon.colcon_core.package_discovery:discover_packages(ignore) using defaults
[1.649s] Level 1:colcon.colcon_core.package_discovery:discover_packages(path) discover
[1.649s] Level 1:colcon.colcon_core.package_discovery:discover_packages(path) using defaults
[1.789s] Level 1:colcon.colcon_core.package_discovery:discover_packages(prefix_path) check parameters
[1.789s] Level 1:colcon.colcon_core.package_discovery:discover_packages(prefix_path) discover
[1.836s] DEBUG:colcon.colcon_installed_package_information.package_discovery:Found 6 installed packages in /home/tannernelson3/snuff_ros2/ros2_ws/install
[1.860s] DEBUG:colcon.colcon_installed_package_information.package_discovery:Found 289 installed packages in /opt/ros/iron
[1.875s] Level 1:colcon.colcon_core.package_discovery:discover_packages(prefix_path) using defaults
[1.996s] Level 5:colcon.colcon_core.verb:set package 'drive_base_msgs' build argument 'cmake_args' from command line to 'None'
[1.996s] Level 5:colcon.colcon_core.verb:set package 'drive_base_msgs' build argument 'cmake_target' from command line to 'None'
[1.996s] Level 5:colcon.colcon_core.verb:set package 'drive_base_msgs' build argument 'cmake_target_skip_unavailable' from command line to 'False'
[1.996s] Level 5:colcon.colcon_core.verb:set package 'drive_base_msgs' build argument 'cmake_clean_cache' from command line to 'False'
[1.996s] Level 5:colcon.colcon_core.verb:set package 'drive_base_msgs' build argument 'cmake_clean_first' from command line to 'False'
[1.996s] Level 5:colcon.colcon_core.verb:set package 'drive_base_msgs' build argument 'cmake_force_configure' from command line to 'False'
[1.996s] Level 5:colcon.colcon_core.verb:set package 'drive_base_msgs' build argument 'ament_cmake_args' from command line to 'None'
[1.996s] Level 5:colcon.colcon_core.verb:set package 'drive_base_msgs' build argument 'catkin_cmake_args' from command line to 'None'
[1.996s] Level 5:colcon.colcon_core.verb:set package 'drive_base_msgs' build argument 'catkin_skip_building_tests' from command line to 'False'
[1.996s] DEBUG:colcon.colcon_core.verb:Building package 'drive_base_msgs' with the following arguments: {'ament_cmake_args': None, 'build_base': '/home/tannernelson3/snuff_ros2/ros2_ws/build/drive_base_msgs', 'catkin_cmake_args': None, 'catkin_skip_building_tests': False, 'cmake_args': None, 'cmake_clean_cache': False, 'cmake_clean_first': False, 'cmake_force_configure': False, 'cmake_target': None, 'cmake_target_skip_unavailable': False, 'install_base': '/home/tannernelson3/snuff_ros2/ros2_ws/install/drive_base_msgs', 'merge_install': False, 'path': '/home/tannernelson3/snuff_ros2/ros2_ws/src/uros/drive_base/drive_base_msgs', 'symlink_install': False, 'test_result_base': None}
[2.019s] Level 5:colcon.colcon_core.verb:set package 'micro_ros_msgs' build argument 'cmake_args' from command line to 'None'
[2.019s] Level 5:colcon.colcon_core.verb:set package 'micro_ros_msgs' build argument 'cmake_target' from command line to 'None'
[2.019s] Level 5:colcon.colcon_core.verb:set package 'micro_ros_msgs' build argument 'cmake_target_skip_unavailable' from command line to 'False'
[2.019s] Level 5:colcon.colcon_core.verb:set package 'micro_ros_msgs' build argument 'cmake_clean_cache' from command line to 'False'
[2.019s] Level 5:colcon.colcon_core.verb:set package 'micro_ros_msgs' build argument 'cmake_clean_first' from command line to 'False'
[2.020s] Level 5:colcon.colcon_core.verb:set package 'micro_ros_msgs' build argument 'cmake_force_configure' from command line to 'False'
[2.020s] Level 5:colcon.colcon_core.verb:set package 'micro_ros_msgs' build argument 'ament_cmake_args' from command line to 'None'
[2.020s] Level 5:colcon.colcon_core.verb:set package 'micro_ros_msgs' build argument 'catkin_cmake_args' from command line to 'None'
[2.020s] Level 5:colcon.colcon_core.verb:set package 'micro_ros_msgs' build argument 'catkin_skip_building_tests' from command line to 'False'
[2.020s] DEBUG:colcon.colcon_core.verb:Building package 'micro_ros_msgs' with the following arguments: {'ament_cmake_args': None, 'build_base': '/home/tannernelson3/snuff_ros2/ros2_ws/build/micro_ros_msgs', 'catkin_cmake_args': None, 'catkin_skip_building_tests': False, 'cmake_args': None, 'cmake_clean_cache': False, 'cmake_clean_first': False, 'cmake_force_configure': False, 'cmake_target': None, 'cmake_target_skip_unavailable': False, 'install_base': '/home/tannernelson3/snuff_ros2/ros2_ws/install/micro_ros_msgs', 'merge_install': False, 'path': '/home/tannernelson3/snuff_ros2/ros2_ws/src/uros/micro_ros_msgs', 'symlink_install': False, 'test_result_base': None}
[2.043s] Level 5:colcon.colcon_core.verb:set package 'micro_ros_setup' build argument 'cmake_args' from command line to 'None'
[2.043s] Level 5:colcon.colcon_core.verb:set package 'micro_ros_setup' build argument 'cmake_target' from command line to 'None'
[2.043s] Level 5:colcon.colcon_core.verb:set package 'micro_ros_setup' build argument 'cmake_target_skip_unavailable' from command line to 'False'
[2.043s] Level 5:colcon.colcon_core.verb:set package 'micro_ros_setup' build argument 'cmake_clean_cache' from command line to 'False'
[2.043s] Level 5:colcon.colcon_core.verb:set package 'micro_ros_setup' build argument 'cmake_clean_first' from command line to 'False'
[2.043s] Level 5:colcon.colcon_core.verb:set package 'micro_ros_setup' build argument 'cmake_force_configure' from command line to 'False'
[2.043s] Level 5:colcon.colcon_core.verb:set package 'micro_ros_setup' build argument 'ament_cmake_args' from command line to 'None'
[2.043s] Level 5:colcon.colcon_core.verb:set package 'micro_ros_setup' build argument 'catkin_cmake_args' from command line to 'None'
[2.043s] Level 5:colcon.colcon_core.verb:set package 'micro_ros_setup' build argument 'catkin_skip_building_tests' from command line to 'False'
[2.043s] DEBUG:colcon.colcon_core.verb:Building package 'micro_ros_setup' with the following arguments: {'ament_cmake_args': None, 'build_base': '/home/tannernelson3/snuff_ros2/ros2_ws/build/micro_ros_setup', 'catkin_cmake_args': None, 'catkin_skip_building_tests': False, 'cmake_args': None, 'cmake_clean_cache': False, 'cmake_clean_first': False, 'cmake_force_configure': False, 'cmake_target': None, 'cmake_target_skip_unavailable': False, 'install_base': '/home/tannernelson3/snuff_ros2/ros2_ws/install/micro_ros_setup', 'merge_install': False, 'path': '/home/tannernelson3/snuff_ros2/ros2_ws/src/micro_ros_setup', 'symlink_install': False, 'test_result_base': None}
[2.066s] Level 5:colcon.colcon_core.verb:set package 'snuff' build argument 'cmake_args' from command line to 'None'
[2.066s] Level 5:colcon.colcon_core.verb:set package 'snuff' build argument 'cmake_target' from command line to 'None'
[2.066s] Level 5:colcon.colcon_core.verb:set package 'snuff' build argument 'cmake_target_skip_unavailable' from command line to 'False'
[2.066s] Level 5:colcon.colcon_core.verb:set package 'snuff' build argument 'cmake_clean_cache' from command line to 'False'
[2.067s] Level 5:colcon.colcon_core.verb:set package 'snuff' build argument 'cmake_clean_first' from command line to 'False'
[2.067s] Level 5:colcon.colcon_core.verb:set package 'snuff' build argument 'cmake_force_configure' from command line to 'False'
[2.067s] Level 5:colcon.colcon_core.verb:set package 'snuff' build argument 'ament_cmake_args' from command line to 'None'
[2.067s] Level 5:colcon.colcon_core.verb:set package 'snuff' build argument 'catkin_cmake_args' from command line to 'None'
[2.067s] Level 5:colcon.colcon_core.verb:set package 'snuff' build argument 'catkin_skip_building_tests' from command line to 'False'
[2.067s] DEBUG:colcon.colcon_core.verb:Building package 'snuff' with the following arguments: {'ament_cmake_args': None, 'build_base': '/home/tannernelson3/snuff_ros2/ros2_ws/build/snuff', 'catkin_cmake_args': None, 'catkin_skip_building_tests': False, 'cmake_args': None, 'cmake_clean_cache': False, 'cmake_clean_first': False, 'cmake_force_configure': False, 'cmake_target': None, 'cmake_target_skip_unavailable': False, 'install_base': '/home/tannernelson3/snuff_ros2/ros2_ws/install/snuff', 'merge_install': False, 'path': '/home/tannernelson3/snuff_ros2/ros2_ws/src/snuff', 'symlink_install': False, 'test_result_base': None}
[2.090s] Level 5:colcon.colcon_core.verb:set package 'usb_cam' build argument 'cmake_args' from command line to 'None'
[2.090s] Level 5:colcon.colcon_core.verb:set package 'usb_cam' build argument 'cmake_target' from command line to 'None'
[2.090s] Level 5:colcon.colcon_core.verb:set package 'usb_cam' build argument 'cmake_target_skip_unavailable' from command line to 'False'
[2.090s] Level 5:colcon.colcon_core.verb:set package 'usb_cam' build argument 'cmake_clean_cache' from command line to 'False'
[2.090s] Level 5:colcon.colcon_core.verb:set package 'usb_cam' build argument 'cmake_clean_first' from command line to 'False'
[2.090s] Level 5:colcon.colcon_core.verb:set package 'usb_cam' build argument 'cmake_force_configure' from command line to 'False'
[2.090s] Level 5:colcon.colcon_core.verb:set package 'usb_cam' build argument 'ament_cmake_args' from command line to 'None'
[2.090s] Level 5:colcon.colcon_core.verb:set package 'usb_cam' build argument 'catkin_cmake_args' from command line to 'None'
[2.090s] Level 5:colcon.colcon_core.verb:set package 'usb_cam' build argument 'catkin_skip_building_tests' from command line to 'False'
[2.090s] DEBUG:colcon.colcon_core.verb:Building package 'usb_cam' with the following arguments: {'ament_cmake_args': None, 'build_base': '/home/tannernelson3/snuff_ros2/ros2_ws/build/usb_cam', 'catkin_cmake_args': None, 'catkin_skip_building_tests': False, 'cmake_args': None, 'cmake_clean_cache': False, 'cmake_clean_first': False, 'cmake_force_configure': False, 'cmake_target': None, 'cmake_target_skip_unavailable': False, 'install_base': '/home/tannernelson3/snuff_ros2/ros2_ws/install/usb_cam', 'merge_install': False, 'path': '/home/tannernelson3/snuff_ros2/ros2_ws/src/usb_cam', 'symlink_install': False, 'test_result_base': None}
[2.113s] Level 5:colcon.colcon_core.verb:set package 'micro_ros_agent' build argument 'cmake_args' from command line to 'None'
[2.113s] Level 5:colcon.colcon_core.verb:set package 'micro_ros_agent' build argument 'cmake_target' from command line to 'None'
[2.113s] Level 5:colcon.colcon_core.verb:set package 'micro_ros_agent' build argument 'cmake_target_skip_unavailable' from command line to 'False'
[2.113s] Level 5:colcon.colcon_core.verb:set package 'micro_ros_agent' build argument 'cmake_clean_cache' from command line to 'False'
[2.113s] Level 5:colcon.colcon_core.verb:set package 'micro_ros_agent' build argument 'cmake_clean_first' from command line to 'False'
[2.113s] Level 5:colcon.colcon_core.verb:set package 'micro_ros_agent' build argument 'cmake_force_configure' from command line to 'False'
[2.114s] Level 5:colcon.colcon_core.verb:set package 'micro_ros_agent' build argument 'ament_cmake_args' from command line to 'None'
[2.114s] Level 5:colcon.colcon_core.verb:set package 'micro_ros_agent' build argument 'catkin_cmake_args' from command line to 'None'
[2.114s] Level 5:colcon.colcon_core.verb:set package 'micro_ros_agent' build argument 'catkin_skip_building_tests' from command line to 'False'
[2.114s] DEBUG:colcon.colcon_core.verb:Building package 'micro_ros_agent' with the following arguments: {'ament_cmake_args': None, 'build_base': '/home/tannernelson3/snuff_ros2/ros2_ws/build/micro_ros_agent', 'catkin_cmake_args': None, 'catkin_skip_building_tests': False, 'cmake_args': None, 'cmake_clean_cache': False, 'cmake_clean_first': False, 'cmake_force_configure': False, 'cmake_target': None, 'cmake_target_skip_unavailable': False, 'install_base': '/home/tannernelson3/snuff_ros2/ros2_ws/install/micro_ros_agent', 'merge_install': False, 'path': '/home/tannernelson3/snuff_ros2/ros2_ws/src/uros/micro-ROS-Agent/micro_ros_agent', 'symlink_install': False, 'test_result_base': None}
[2.136s] INFO:colcon.colcon_core.executor:Executing jobs using 'parallel' executor
[2.160s] DEBUG:colcon.colcon_parallel_executor.executor.parallel:run_until_complete
[2.161s] INFO:colcon.colcon_ros.task.ament_cmake.build:Building ROS package in '/home/tannernelson3/snuff_ros2/ros2_ws/src/uros/micro_ros_msgs' with build type 'ament_cmake'
[2.161s] INFO:colcon.colcon_cmake.task.cmake.build:Building CMake package in '/home/tannernelson3/snuff_ros2/ros2_ws/src/uros/micro_ros_msgs'
[2.187s] INFO:colcon.colcon_core.plugin_system:Skipping extension 'colcon_core.shell.bat': Not used on non-Windows systems
[2.187s] INFO:colcon.colcon_core.shell:Skip shell extension 'powershell' for command environment: Not usable outside of PowerShell
[2.187s] DEBUG:colcon.colcon_core.shell:Skip shell extension 'dsv' for command environment
[2.260s] INFO:colcon.colcon_ros.task.ament_cmake.build:Building ROS package in '/home/tannernelson3/snuff_ros2/ros2_ws/src/uros/drive_base/drive_base_msgs' with build type 'ament_cmake'
[2.260s] INFO:colcon.colcon_cmake.task.cmake.build:Building CMake package in '/home/tannernelson3/snuff_ros2/ros2_ws/src/uros/drive_base/drive_base_msgs'
[2.284s] INFO:colcon.colcon_core.shell:Skip shell extension 'powershell' for command environment: Not usable outside of PowerShell
[2.284s] DEBUG:colcon.colcon_core.shell:Skip shell extension 'dsv' for command environment
[2.356s] INFO:colcon.colcon_ros.task.ament_cmake.build:Building ROS package in '/home/tannernelson3/snuff_ros2/ros2_ws/src/micro_ros_setup' with build type 'ament_cmake'
[2.356s] INFO:colcon.colcon_cmake.task.cmake.build:Building CMake package in '/home/tannernelson3/snuff_ros2/ros2_ws/src/micro_ros_setup'
[2.381s] INFO:colcon.colcon_core.shell:Skip shell extension 'powershell' for command environment: Not usable outside of PowerShell
[2.381s] DEBUG:colcon.colcon_core.shell:Skip shell extension 'dsv' for command environment
[2.453s] INFO:colcon.colcon_ros.task.ament_cmake.build:Building ROS package in '/home/tannernelson3/snuff_ros2/ros2_ws/src/snuff' with build type 'ament_cmake'
[2.453s] INFO:colcon.colcon_cmake.task.cmake.build:Building CMake package in '/home/tannernelson3/snuff_ros2/ros2_ws/src/snuff'
[2.477s] INFO:colcon.colcon_core.shell:Skip shell extension 'powershell' for command environment: Not usable outside of PowerShell
[2.477s] DEBUG:colcon.colcon_core.shell:Skip shell extension 'dsv' for command environment
[2.555s] DEBUG:colcon.colcon_core.event_handler.log_command:Invoking command in '/home/tannernelson3/snuff_ros2/ros2_ws/build/micro_ros_msgs': CMAKE_PREFIX_PATH=${CMAKE_PREFIX_PATH}:/opt/ros/iron /usr/bin/cmake --build /home/tannernelson3/snuff_ros2/ros2_ws/build/micro_ros_msgs -- -j4 -l4
[2.560s] DEBUG:colcon.colcon_core.event_handler.log_command:Invoking command in '/home/tannernelson3/snuff_ros2/ros2_ws/build/drive_base_msgs': CMAKE_PREFIX_PATH=${CMAKE_PREFIX_PATH}:/opt/ros/iron /usr/bin/cmake --build /home/tannernelson3/snuff_ros2/ros2_ws/build/drive_base_msgs -- -j4 -l4
[2.565s] DEBUG:colcon.colcon_core.event_handler.log_command:Invoking command in '/home/tannernelson3/snuff_ros2/ros2_ws/build/micro_ros_setup': CMAKE_PREFIX_PATH=${CMAKE_PREFIX_PATH}:/opt/ros/iron /usr/bin/cmake --build /home/tannernelson3/snuff_ros2/ros2_ws/build/micro_ros_setup -- -j4 -l4
[2.576s] DEBUG:colcon.colcon_core.event_handler.log_command:Invoking command in '/home/tannernelson3/snuff_ros2/ros2_ws/build/snuff': CMAKE_PREFIX_PATH=${CMAKE_PREFIX_PATH}:/opt/ros/iron /usr/bin/cmake --build /home/tannernelson3/snuff_ros2/ros2_ws/build/snuff -- -j4 -l4
[2.653s] DEBUG:colcon.colcon_core.event_handler.log_command:Invoked command in '/home/tannernelson3/snuff_ros2/ros2_ws/build/micro_ros_setup' returned '0': CMAKE_PREFIX_PATH=${CMAKE_PREFIX_PATH}:/opt/ros/iron /usr/bin/cmake --build /home/tannernelson3/snuff_ros2/ros2_ws/build/micro_ros_setup -- -j4 -l4
[2.839s] DEBUG:colcon.colcon_core.event_handler.log_command:Invoking command in '/home/tannernelson3/snuff_ros2/ros2_ws/build/micro_ros_setup': CMAKE_PREFIX_PATH=${CMAKE_PREFIX_PATH}:/opt/ros/iron /usr/bin/cmake --install /home/tannernelson3/snuff_ros2/ros2_ws/build/micro_ros_setup
[2.911s] Level 1:colcon.colcon_core.environment:create_environment_scripts_only(micro_ros_setup)
[2.986s] DEBUG:colcon.colcon_core.event_handler.log_command:Invoked command in '/home/tannernelson3/snuff_ros2/ros2_ws/build/micro_ros_setup' returned '0': CMAKE_PREFIX_PATH=${CMAKE_PREFIX_PATH}:/opt/ros/iron /usr/bin/cmake --install /home/tannernelson3/snuff_ros2/ros2_ws/build/micro_ros_setup
[3.049s] Level 1:colcon.colcon_core.environment:checking '/home/tannernelson3/snuff_ros2/ros2_ws/install/micro_ros_setup' for CMake module files
[3.051s] Level 1:colcon.colcon_core.environment:checking '/home/tannernelson3/snuff_ros2/ros2_ws/install/micro_ros_setup' for CMake config files
[3.053s] Level 1:colcon.colcon_core.shell:create_environment_hook('micro_ros_setup', 'cmake_prefix_path')
[3.118s] INFO:colcon.colcon_core.shell:Creating environment hook '/home/tannernelson3/snuff_ros2/ros2_ws/install/micro_ros_setup/share/micro_ros_setup/hook/cmake_prefix_path.ps1'
[3.120s] INFO:colcon.colcon_core.shell:Creating environment descriptor '/home/tannernelson3/snuff_ros2/ros2_ws/install/micro_ros_setup/share/micro_ros_setup/hook/cmake_prefix_path.dsv'
[3.121s] INFO:colcon.colcon_core.shell:Creating environment hook '/home/tannernelson3/snuff_ros2/ros2_ws/install/micro_ros_setup/share/micro_ros_setup/hook/cmake_prefix_path.sh'
[3.123s] Level 1:colcon.colcon_core.environment:checking '/home/tannernelson3/snuff_ros2/ros2_ws/install/micro_ros_setup/lib'
[3.124s] Level 1:colcon.colcon_core.environment:checking '/home/tannernelson3/snuff_ros2/ros2_ws/install/micro_ros_setup/bin'
[3.124s] Level 1:colcon.colcon_core.environment:checking '/home/tannernelson3/snuff_ros2/ros2_ws/install/micro_ros_setup/lib/pkgconfig/micro_ros_setup.pc'
[3.124s] Level 1:colcon.colcon_core.environment:checking '/home/tannernelson3/snuff_ros2/ros2_ws/install/micro_ros_setup/lib/python3.10/site-packages'
[3.125s] Level 1:colcon.colcon_core.environment:checking '/home/tannernelson3/snuff_ros2/ros2_ws/install/micro_ros_setup/bin'
[3.171s] INFO:colcon.colcon_core.shell:Creating package script '/home/tannernelson3/snuff_ros2/ros2_ws/install/micro_ros_setup/share/micro_ros_setup/package.ps1'
[3.173s] INFO:colcon.colcon_core.shell:Creating package descriptor '/home/tannernelson3/snuff_ros2/ros2_ws/install/micro_ros_setup/share/micro_ros_setup/package.dsv'
[3.175s] INFO:colcon.colcon_core.shell:Creating package script '/home/tannernelson3/snuff_ros2/ros2_ws/install/micro_ros_setup/share/micro_ros_setup/package.sh'
[3.177s] INFO:colcon.colcon_core.shell:Creating package script '/home/tannernelson3/snuff_ros2/ros2_ws/install/micro_ros_setup/share/micro_ros_setup/package.bash'
[3.179s] INFO:colcon.colcon_core.shell:Creating package script '/home/tannernelson3/snuff_ros2/ros2_ws/install/micro_ros_setup/share/micro_ros_setup/package.zsh'
[3.181s] Level 1:colcon.colcon_core.environment:create_file_with_runtime_dependencies(/home/tannernelson3/snuff_ros2/ros2_ws/install/micro_ros_setup/share/colcon-core/packages/micro_ros_setup)
[3.403s] Level 1:colcon.colcon_core.environment:create_environment_scripts_only(micro_ros_setup)
[3.508s] Level 1:colcon.colcon_core.environment:checking '/home/tannernelson3/snuff_ros2/ros2_ws/install/micro_ros_setup' for CMake module files
[3.509s] Level 1:colcon.colcon_core.environment:checking '/home/tannernelson3/snuff_ros2/ros2_ws/install/micro_ros_setup' for CMake config files
[3.511s] Level 1:colcon.colcon_core.shell:create_environment_hook('micro_ros_setup', 'cmake_prefix_path')
[3.581s] INFO:colcon.colcon_core.shell:Creating environment hook '/home/tannernelson3/snuff_ros2/ros2_ws/install/micro_ros_setup/share/micro_ros_setup/hook/cmake_prefix_path.ps1'
[3.582s] INFO:colcon.colcon_core.shell:Creating environment descriptor '/home/tannernelson3/snuff_ros2/ros2_ws/install/micro_ros_setup/share/micro_ros_setup/hook/cmake_prefix_path.dsv'
[3.583s] INFO:colcon.colcon_core.shell:Creating environment hook '/home/tannernelson3/snuff_ros2/ros2_ws/install/micro_ros_setup/share/micro_ros_setup/hook/cmake_prefix_path.sh'
[3.584s] Level 1:colcon.colcon_core.environment:checking '/home/tannernelson3/snuff_ros2/ros2_ws/install/micro_ros_setup/lib'
[3.584s] Level 1:colcon.colcon_core.environment:checking '/home/tannernelson3/snuff_ros2/ros2_ws/install/micro_ros_setup/bin'
[3.584s] Level 1:colcon.colcon_core.environment:checking '/home/tannernelson3/snuff_ros2/ros2_ws/install/micro_ros_setup/lib/pkgconfig/micro_ros_setup.pc'
[3.585s] Level 1:colcon.colcon_core.environment:checking '/home/tannernelson3/snuff_ros2/ros2_ws/install/micro_ros_setup/lib/python3.10/site-packages'
[3.585s] Level 1:colcon.colcon_core.environment:checking '/home/tannernelson3/snuff_ros2/ros2_ws/install/micro_ros_setup/bin'
[3.652s] INFO:colcon.colcon_core.shell:Creating package script '/home/tannernelson3/snuff_ros2/ros2_ws/install/micro_ros_setup/share/micro_ros_setup/package.ps1'
[3.653s] INFO:colcon.colcon_core.shell:Creating package descriptor '/home/tannernelson3/snuff_ros2/ros2_ws/install/micro_ros_setup/share/micro_ros_setup/package.dsv'
[3.655s] INFO:colcon.colcon_core.shell:Creating package script '/home/tannernelson3/snuff_ros2/ros2_ws/install/micro_ros_setup/share/micro_ros_setup/package.sh'
[3.656s] INFO:colcon.colcon_core.shell:Creating package script '/home/tannernelson3/snuff_ros2/ros2_ws/install/micro_ros_setup/share/micro_ros_setup/package.bash'
[3.657s] INFO:colcon.colcon_core.shell:Creating package script '/home/tannernelson3/snuff_ros2/ros2_ws/install/micro_ros_setup/share/micro_ros_setup/package.zsh'
[3.658s] Level 1:colcon.colcon_core.environment:create_file_with_runtime_dependencies(/home/tannernelson3/snuff_ros2/ros2_ws/install/micro_ros_setup/share/colcon-core/packages/micro_ros_setup)
[3.660s] INFO:colcon.colcon_ros.task.ament_cmake.build:Building ROS package in '/home/tannernelson3/snuff_ros2/ros2_ws/src/usb_cam' with build type 'ament_cmake'
[3.660s] INFO:colcon.colcon_cmake.task.cmake.build:Building CMake package in '/home/tannernelson3/snuff_ros2/ros2_ws/src/usb_cam'
[3.708s] INFO:colcon.colcon_core.shell:Skip shell extension 'powershell' for command environment: Not usable outside of PowerShell
[3.708s] DEBUG:colcon.colcon_core.shell:Skip shell extension 'dsv' for command environment
[3.824s] DEBUG:colcon.colcon_core.event_handler.log_command:Invoked command in '/home/tannernelson3/snuff_ros2/ros2_ws/build/drive_base_msgs' returned '0': CMAKE_PREFIX_PATH=${CMAKE_PREFIX_PATH}:/opt/ros/iron /usr/bin/cmake --build /home/tannernelson3/snuff_ros2/ros2_ws/build/drive_base_msgs -- -j4 -l4
[3.827s] DEBUG:colcon.colcon_core.event_handler.log_command:Invoked command in '/home/tannernelson3/snuff_ros2/ros2_ws/build/micro_ros_msgs' returned '0': CMAKE_PREFIX_PATH=${CMAKE_PREFIX_PATH}:/opt/ros/iron /usr/bin/cmake --build /home/tannernelson3/snuff_ros2/ros2_ws/build/micro_ros_msgs -- -j4 -l4
[3.835s] DEBUG:colcon.colcon_core.event_handler.log_command:Invoking command in '/home/tannernelson3/snuff_ros2/ros2_ws/build/usb_cam': CMAKE_PREFIX_PATH=${CMAKE_PREFIX_PATH}:/opt/ros/iron /usr/bin/cmake --build /home/tannernelson3/snuff_ros2/ros2_ws/build/usb_cam -- -j4 -l4
[3.849s] DEBUG:colcon.colcon_core.event_handler.log_command:Invoked command in '/home/tannernelson3/snuff_ros2/ros2_ws/build/snuff' returned '0': CMAKE_PREFIX_PATH=${CMAKE_PREFIX_PATH}:/opt/ros/iron /usr/bin/cmake --build /home/tannernelson3/snuff_ros2/ros2_ws/build/snuff -- -j4 -l4
[3.899s] DEBUG:colcon.colcon_core.event_handler.log_command:Invoking command in '/home/tannernelson3/snuff_ros2/ros2_ws/build/snuff': CMAKE_PREFIX_PATH=${CMAKE_PREFIX_PATH}:/opt/ros/iron /usr/bin/cmake --install /home/tannernelson3/snuff_ros2/ros2_ws/build/snuff
[4.062s] Level 1:colcon.colcon_core.environment:create_environment_scripts_only(snuff)
[4.075s] DEBUG:colcon.colcon_core.event_handler.log_command:Invoked command in '/home/tannernelson3/snuff_ros2/ros2_ws/build/snuff' returned '0': CMAKE_PREFIX_PATH=${CMAKE_PREFIX_PATH}:/opt/ros/iron /usr/bin/cmake --install /home/tannernelson3/snuff_ros2/ros2_ws/build/snuff
[4.109s] Level 1:colcon.colcon_core.environment:checking '/home/tannernelson3/snuff_ros2/ros2_ws/install/snuff' for CMake module files
[4.110s] Level 1:colcon.colcon_core.environment:checking '/home/tannernelson3/snuff_ros2/ros2_ws/install/snuff' for CMake config files
[4.111s] Level 1:colcon.colcon_core.shell:create_environment_hook('snuff', 'cmake_prefix_path')
[4.141s] INFO:colcon.colcon_core.shell:Creating environment hook '/home/tannernelson3/snuff_ros2/ros2_ws/install/snuff/share/snuff/hook/cmake_prefix_path.ps1'
[4.142s] INFO:colcon.colcon_core.shell:Creating environment descriptor '/home/tannernelson3/snuff_ros2/ros2_ws/install/snuff/share/snuff/hook/cmake_prefix_path.dsv'
[4.142s] INFO:colcon.colcon_core.shell:Creating environment hook '/home/tannernelson3/snuff_ros2/ros2_ws/install/snuff/share/snuff/hook/cmake_prefix_path.sh'
[4.143s] Level 1:colcon.colcon_core.environment:checking '/home/tannernelson3/snuff_ros2/ros2_ws/install/snuff/lib'
[4.143s] Level 1:colcon.colcon_core.environment:checking '/home/tannernelson3/snuff_ros2/ros2_ws/install/snuff/bin'
[4.143s] Level 1:colcon.colcon_core.environment:checking '/home/tannernelson3/snuff_ros2/ros2_ws/install/snuff/lib/pkgconfig/snuff.pc'
[4.144s] Level 1:colcon.colcon_core.environment:checking '/home/tannernelson3/snuff_ros2/ros2_ws/install/snuff/lib/python3.10/site-packages'
[4.144s] Level 1:colcon.colcon_core.shell:create_environment_hook('snuff', 'pythonpath')
[4.169s] INFO:colcon.colcon_core.shell:Creating environment hook '/home/tannernelson3/snuff_ros2/ros2_ws/install/snuff/share/snuff/hook/pythonpath.ps1'
[4.170s] INFO:colcon.colcon_core.shell:Creating environment descriptor '/home/tannernelson3/snuff_ros2/ros2_ws/install/snuff/share/snuff/hook/pythonpath.dsv'
[4.171s] INFO:colcon.colcon_core.shell:Creating environment hook '/home/tannernelson3/snuff_ros2/ros2_ws/install/snuff/share/snuff/hook/pythonpath.sh'
[4.172s] Level 1:colcon.colcon_core.environment:checking '/home/tannernelson3/snuff_ros2/ros2_ws/install/snuff/bin'
[4.198s] INFO:colcon.colcon_core.shell:Creating package script '/home/tannernelson3/snuff_ros2/ros2_ws/install/snuff/share/snuff/package.ps1'
[4.199s] INFO:colcon.colcon_core.shell:Creating package descriptor '/home/tannernelson3/snuff_ros2/ros2_ws/install/snuff/share/snuff/package.dsv'
[4.199s] INFO:colcon.colcon_core.shell:Creating package script '/home/tannernelson3/snuff_ros2/ros2_ws/install/snuff/share/snuff/package.sh'
[4.200s] INFO:colcon.colcon_core.shell:Creating package script '/home/tannernelson3/snuff_ros2/ros2_ws/install/snuff/share/snuff/package.bash'
[4.200s] INFO:colcon.colcon_core.shell:Creating package script '/home/tannernelson3/snuff_ros2/ros2_ws/install/snuff/share/snuff/package.zsh'
[4.201s] Level 1:colcon.colcon_core.environment:create_file_with_runtime_dependencies(/home/tannernelson3/snuff_ros2/ros2_ws/install/snuff/share/colcon-core/packages/snuff)
[4.205s] DEBUG:colcon.colcon_core.event_handler.log_command:Invoking command in '/home/tannernelson3/snuff_ros2/ros2_ws/build/micro_ros_msgs': CMAKE_PREFIX_PATH=${CMAKE_PREFIX_PATH}:/opt/ros/iron /usr/bin/cmake --install /home/tannernelson3/snuff_ros2/ros2_ws/build/micro_ros_msgs
[4.208s] DEBUG:colcon.colcon_core.event_handler.log_command:Invoking command in '/home/tannernelson3/snuff_ros2/ros2_ws/build/drive_base_msgs': CMAKE_PREFIX_PATH=${CMAKE_PREFIX_PATH}:/opt/ros/iron /usr/bin/cmake --install /home/tannernelson3/snuff_ros2/ros2_ws/build/drive_base_msgs
[4.210s] DEBUG:colcon.colcon_core.event_handler.log_command:Invoked command in '/home/tannernelson3/snuff_ros2/ros2_ws/build/usb_cam' returned '0': CMAKE_PREFIX_PATH=${CMAKE_PREFIX_PATH}:/opt/ros/iron /usr/bin/cmake --build /home/tannernelson3/snuff_ros2/ros2_ws/build/usb_cam -- -j4 -l4
[4.346s] Level 1:colcon.colcon_core.environment:create_environment_scripts_only(snuff)
[4.381s] Level 1:colcon.colcon_core.environment:checking '/home/tannernelson3/snuff_ros2/ros2_ws/install/snuff' for CMake module files
[4.381s] Level 1:colcon.colcon_core.environment:checking '/home/tannernelson3/snuff_ros2/ros2_ws/install/snuff' for CMake config files
[4.382s] Level 1:colcon.colcon_core.shell:create_environment_hook('snuff', 'cmake_prefix_path')
[4.406s] INFO:colcon.colcon_core.shell:Creating environment hook '/home/tannernelson3/snuff_ros2/ros2_ws/install/snuff/share/snuff/hook/cmake_prefix_path.ps1'
[4.406s] INFO:colcon.colcon_core.shell:Creating environment descriptor '/home/tannernelson3/snuff_ros2/ros2_ws/install/snuff/share/snuff/hook/cmake_prefix_path.dsv'
[4.407s] INFO:colcon.colcon_core.shell:Creating environment hook '/home/tannernelson3/snuff_ros2/ros2_ws/install/snuff/share/snuff/hook/cmake_prefix_path.sh'
[4.407s] Level 1:colcon.colcon_core.environment:checking '/home/tannernelson3/snuff_ros2/ros2_ws/install/snuff/lib'
[4.407s] Level 1:colcon.colcon_core.environment:checking '/home/tannernelson3/snuff_ros2/ros2_ws/install/snuff/bin'
[4.408s] Level 1:colcon.colcon_core.environment:checking '/home/tannernelson3/snuff_ros2/ros2_ws/install/snuff/lib/pkgconfig/snuff.pc'
[4.408s] Level 1:colcon.colcon_core.environment:checking '/home/tannernelson3/snuff_ros2/ros2_ws/install/snuff/lib/python3.10/site-packages'
[4.408s] Level 1:colcon.colcon_core.shell:create_environment_hook('snuff', 'pythonpath')
[4.431s] INFO:colcon.colcon_core.shell:Creating environment hook '/home/tannernelson3/snuff_ros2/ros2_ws/install/snuff/share/snuff/hook/pythonpath.ps1'
[4.432s] INFO:colcon.colcon_core.shell:Creating environment descriptor '/home/tannernelson3/snuff_ros2/ros2_ws/install/snuff/share/snuff/hook/pythonpath.dsv'
[4.432s] INFO:colcon.colcon_core.shell:Creating environment hook '/home/tannernelson3/snuff_ros2/ros2_ws/install/snuff/share/snuff/hook/pythonpath.sh'
[4.433s] Level 1:colcon.colcon_core.environment:checking '/home/tannernelson3/snuff_ros2/ros2_ws/install/snuff/bin'
[4.456s] INFO:colcon.colcon_core.shell:Creating package script '/home/tannernelson3/snuff_ros2/ros2_ws/install/snuff/share/snuff/package.ps1'
[4.457s] INFO:colcon.colcon_core.shell:Creating package descriptor '/home/tannernelson3/snuff_ros2/ros2_ws/install/snuff/share/snuff/package.dsv'
[4.457s] INFO:colcon.colcon_core.shell:Creating package script '/home/tannernelson3/snuff_ros2/ros2_ws/install/snuff/share/snuff/package.sh'
[4.458s] INFO:colcon.colcon_core.shell:Creating package script '/home/tannernelson3/snuff_ros2/ros2_ws/install/snuff/share/snuff/package.bash'
[4.458s] INFO:colcon.colcon_core.shell:Creating package script '/home/tannernelson3/snuff_ros2/ros2_ws/install/snuff/share/snuff/package.zsh'
[4.459s] Level 1:colcon.colcon_core.environment:create_file_with_runtime_dependencies(/home/tannernelson3/snuff_ros2/ros2_ws/install/snuff/share/colcon-core/packages/snuff)
[4.461s] Level 1:colcon.colcon_core.environment:create_environment_scripts_only(micro_ros_msgs)
[4.462s] DEBUG:colcon.colcon_core.event_handler.log_command:Invoked command in '/home/tannernelson3/snuff_ros2/ros2_ws/build/micro_ros_msgs' returned '0': CMAKE_PREFIX_PATH=${CMAKE_PREFIX_PATH}:/opt/ros/iron /usr/bin/cmake --install /home/tannernelson3/snuff_ros2/ros2_ws/build/micro_ros_msgs
[4.485s] Level 1:colcon.colcon_core.environment:checking '/home/tannernelson3/snuff_ros2/ros2_ws/install/micro_ros_msgs' for CMake module files
[4.486s] Level 1:colcon.colcon_core.environment:checking '/home/tannernelson3/snuff_ros2/ros2_ws/install/micro_ros_msgs' for CMake config files
[4.487s] Level 1:colcon.colcon_core.shell:create_environment_hook('micro_ros_msgs', 'cmake_prefix_path')
[4.510s] INFO:colcon.colcon_core.shell:Creating environment hook '/home/tannernelson3/snuff_ros2/ros2_ws/install/micro_ros_msgs/share/micro_ros_msgs/hook/cmake_prefix_path.ps1'
[4.511s] INFO:colcon.colcon_core.shell:Creating environment descriptor '/home/tannernelson3/snuff_ros2/ros2_ws/install/micro_ros_msgs/share/micro_ros_msgs/hook/cmake_prefix_path.dsv'
[4.511s] INFO:colcon.colcon_core.shell:Creating environment hook '/home/tannernelson3/snuff_ros2/ros2_ws/install/micro_ros_msgs/share/micro_ros_msgs/hook/cmake_prefix_path.sh'
[4.512s] Level 1:colcon.colcon_core.environment:checking '/home/tannernelson3/snuff_ros2/ros2_ws/install/micro_ros_msgs/lib'
[4.512s] Level 1:colcon.colcon_core.shell:create_environment_hook('micro_ros_msgs', 'ld_library_path_lib')
[4.535s] INFO:colcon.colcon_core.shell:Creating environment hook '/home/tannernelson3/snuff_ros2/ros2_ws/install/micro_ros_msgs/share/micro_ros_msgs/hook/ld_library_path_lib.ps1'
[4.536s] INFO:colcon.colcon_core.shell:Creating environment descriptor '/home/tannernelson3/snuff_ros2/ros2_ws/install/micro_ros_msgs/share/micro_ros_msgs/hook/ld_library_path_lib.dsv'
[4.536s] INFO:colcon.colcon_core.shell:Creating environment hook '/home/tannernelson3/snuff_ros2/ros2_ws/install/micro_ros_msgs/share/micro_ros_msgs/hook/ld_library_path_lib.sh'
[4.537s] Level 1:colcon.colcon_core.environment:checking '/home/tannernelson3/snuff_ros2/ros2_ws/install/micro_ros_msgs/bin'
[4.537s] Level 1:colcon.colcon_core.environment:checking '/home/tannernelson3/snuff_ros2/ros2_ws/install/micro_ros_msgs/lib/pkgconfig/micro_ros_msgs.pc'
[4.537s] Level 1:colcon.colcon_core.environment:checking '/home/tannernelson3/snuff_ros2/ros2_ws/install/micro_ros_msgs/lib/python3.10/site-packages'
[4.537s] Level 1:colcon.colcon_core.shell:create_environment_hook('micro_ros_msgs', 'pythonpath')
[4.560s] INFO:colcon.colcon_core.shell:Creating environment hook '/home/tannernelson3/snuff_ros2/ros2_ws/install/micro_ros_msgs/share/micro_ros_msgs/hook/pythonpath.ps1'
[4.561s] INFO:colcon.colcon_core.shell:Creating environment descriptor '/home/tannernelson3/snuff_ros2/ros2_ws/install/micro_ros_msgs/share/micro_ros_msgs/hook/pythonpath.dsv'
[4.561s] INFO:colcon.colcon_core.shell:Creating environment hook '/home/tannernelson3/snuff_ros2/ros2_ws/install/micro_ros_msgs/share/micro_ros_msgs/hook/pythonpath.sh'
[4.562s] Level 1:colcon.colcon_core.environment:checking '/home/tannernelson3/snuff_ros2/ros2_ws/install/micro_ros_msgs/bin'
[4.585s] INFO:colcon.colcon_core.shell:Creating package script '/home/tannernelson3/snuff_ros2/ros2_ws/install/micro_ros_msgs/share/micro_ros_msgs/package.ps1'
[4.586s] INFO:colcon.colcon_core.shell:Creating package descriptor '/home/tannernelson3/snuff_ros2/ros2_ws/install/micro_ros_msgs/share/micro_ros_msgs/package.dsv'
[4.586s] INFO:colcon.colcon_core.shell:Creating package script '/home/tannernelson3/snuff_ros2/ros2_ws/install/micro_ros_msgs/share/micro_ros_msgs/package.sh'
[4.587s] INFO:colcon.colcon_core.shell:Creating package script '/home/tannernelson3/snuff_ros2/ros2_ws/install/micro_ros_msgs/share/micro_ros_msgs/package.bash'
[4.587s] INFO:colcon.colcon_core.shell:Creating package script '/home/tannernelson3/snuff_ros2/ros2_ws/install/micro_ros_msgs/share/micro_ros_msgs/package.zsh'
[4.588s] Level 1:colcon.colcon_core.environment:create_file_with_runtime_dependencies(/home/tannernelson3/snuff_ros2/ros2_ws/install/micro_ros_msgs/share/colcon-core/packages/micro_ros_msgs)
[4.591s] DEBUG:colcon.colcon_core.event_handler.log_command:Invoking command in '/home/tannernelson3/snuff_ros2/ros2_ws/build/usb_cam': CMAKE_PREFIX_PATH=${CMAKE_PREFIX_PATH}:/opt/ros/iron /usr/bin/cmake --install /home/tannernelson3/snuff_ros2/ros2_ws/build/usb_cam
[4.592s] Level 1:colcon.colcon_core.environment:create_environment_scripts_only(drive_base_msgs)
[4.593s] DEBUG:colcon.colcon_core.event_handler.log_command:Invoked command in '/home/tannernelson3/snuff_ros2/ros2_ws/build/drive_base_msgs' returned '0': CMAKE_PREFIX_PATH=${CMAKE_PREFIX_PATH}:/opt/ros/iron /usr/bin/cmake --install /home/tannernelson3/snuff_ros2/ros2_ws/build/drive_base_msgs
[4.627s] Level 1:colcon.colcon_core.environment:checking '/home/tannernelson3/snuff_ros2/ros2_ws/install/drive_base_msgs' for CMake module files
[4.628s] Level 1:colcon.colcon_core.environment:checking '/home/tannernelson3/snuff_ros2/ros2_ws/install/drive_base_msgs' for CMake config files
[4.629s] Level 1:colcon.colcon_core.shell:create_environment_hook('drive_base_msgs', 'cmake_prefix_path')
[4.654s] INFO:colcon.colcon_core.shell:Creating environment hook '/home/tannernelson3/snuff_ros2/ros2_ws/install/drive_base_msgs/share/drive_base_msgs/hook/cmake_prefix_path.ps1'
[4.655s] INFO:colcon.colcon_core.shell:Creating environment descriptor '/home/tannernelson3/snuff_ros2/ros2_ws/install/drive_base_msgs/share/drive_base_msgs/hook/cmake_prefix_path.dsv'
[4.656s] INFO:colcon.colcon_core.shell:Creating environment hook '/home/tannernelson3/snuff_ros2/ros2_ws/install/drive_base_msgs/share/drive_base_msgs/hook/cmake_prefix_path.sh'
[4.656s] Level 1:colcon.colcon_core.environment:checking '/home/tannernelson3/snuff_ros2/ros2_ws/install/drive_base_msgs/lib'
[4.657s] Level 1:colcon.colcon_core.shell:create_environment_hook('drive_base_msgs', 'ld_library_path_lib')
[4.682s] INFO:colcon.colcon_core.shell:Creating environment hook '/home/tannernelson3/snuff_ros2/ros2_ws/install/drive_base_msgs/share/drive_base_msgs/hook/ld_library_path_lib.ps1'
[4.683s] INFO:colcon.colcon_core.shell:Creating environment descriptor '/home/tannernelson3/snuff_ros2/ros2_ws/install/drive_base_msgs/share/drive_base_msgs/hook/ld_library_path_lib.dsv'
[4.683s] INFO:colcon.colcon_core.shell:Creating environment hook '/home/tannernelson3/snuff_ros2/ros2_ws/install/drive_base_msgs/share/drive_base_msgs/hook/ld_library_path_lib.sh'
[4.684s] Level 1:colcon.colcon_core.environment:checking '/home/tannernelson3/snuff_ros2/ros2_ws/install/drive_base_msgs/bin'
[4.684s] Level 1:colcon.colcon_core.environment:checking '/home/tannernelson3/snuff_ros2/ros2_ws/install/drive_base_msgs/lib/pkgconfig/drive_base_msgs.pc'
[4.685s] Level 1:colcon.colcon_core.environment:checking '/home/tannernelson3/snuff_ros2/ros2_ws/install/drive_base_msgs/lib/python3.10/site-packages'
[4.685s] Level 1:colcon.colcon_core.shell:create_environment_hook('drive_base_msgs', 'pythonpath')
[4.712s] INFO:colcon.colcon_core.shell:Creating environment hook '/home/tannernelson3/snuff_ros2/ros2_ws/install/drive_base_msgs/share/drive_base_msgs/hook/pythonpath.ps1'
[4.713s] INFO:colcon.colcon_core.shell:Creating environment descriptor '/home/tannernelson3/snuff_ros2/ros2_ws/install/drive_base_msgs/share/drive_base_msgs/hook/pythonpath.dsv'
[4.713s] INFO:colcon.colcon_core.shell:Creating environment hook '/home/tannernelson3/snuff_ros2/ros2_ws/install/drive_base_msgs/share/drive_base_msgs/hook/pythonpath.sh'
[4.714s] Level 1:colcon.colcon_core.environment:checking '/home/tannernelson3/snuff_ros2/ros2_ws/install/drive_base_msgs/bin'
[4.755s] INFO:colcon.colcon_core.shell:Creating package script '/home/tannernelson3/snuff_ros2/ros2_ws/install/drive_base_msgs/share/drive_base_msgs/package.ps1'
[4.756s] INFO:colcon.colcon_core.shell:Creating package descriptor '/home/tannernelson3/snuff_ros2/ros2_ws/install/drive_base_msgs/share/drive_base_msgs/package.dsv'
[4.757s] INFO:colcon.colcon_core.shell:Creating package script '/home/tannernelson3/snuff_ros2/ros2_ws/install/drive_base_msgs/share/drive_base_msgs/package.sh'
[4.758s] INFO:colcon.colcon_core.shell:Creating package script '/home/tannernelson3/snuff_ros2/ros2_ws/install/drive_base_msgs/share/drive_base_msgs/package.bash'
[4.758s] INFO:colcon.colcon_core.shell:Creating package script '/home/tannernelson3/snuff_ros2/ros2_ws/install/drive_base_msgs/share/drive_base_msgs/package.zsh'
[4.759s] Level 1:colcon.colcon_core.environment:create_file_with_runtime_dependencies(/home/tannernelson3/snuff_ros2/ros2_ws/install/drive_base_msgs/share/colcon-core/packages/drive_base_msgs)
[4.796s] Level 1:colcon.colcon_core.environment:create_environment_scripts_only(micro_ros_msgs)
[4.824s] Level 1:colcon.colcon_core.environment:checking '/home/tannernelson3/snuff_ros2/ros2_ws/install/micro_ros_msgs' for CMake module files
[4.825s] Level 1:colcon.colcon_core.environment:checking '/home/tannernelson3/snuff_ros2/ros2_ws/install/micro_ros_msgs' for CMake config files
[4.826s] Level 1:colcon.colcon_core.shell:create_environment_hook('micro_ros_msgs', 'cmake_prefix_path')
[4.853s] INFO:colcon.colcon_core.shell:Creating environment hook '/home/tannernelson3/snuff_ros2/ros2_ws/install/micro_ros_msgs/share/micro_ros_msgs/hook/cmake_prefix_path.ps1'
[4.854s] INFO:colcon.colcon_core.shell:Creating environment descriptor '/home/tannernelson3/snuff_ros2/ros2_ws/install/micro_ros_msgs/share/micro_ros_msgs/hook/cmake_prefix_path.dsv'
[4.854s] INFO:colcon.colcon_core.shell:Creating environment hook '/home/tannernelson3/snuff_ros2/ros2_ws/install/micro_ros_msgs/share/micro_ros_msgs/hook/cmake_prefix_path.sh'
[4.855s] Level 1:colcon.colcon_core.environment:checking '/home/tannernelson3/snuff_ros2/ros2_ws/install/micro_ros_msgs/lib'
[4.855s] Level 1:colcon.colcon_core.shell:create_environment_hook('micro_ros_msgs', 'ld_library_path_lib')
[4.882s] INFO:colcon.colcon_core.shell:Creating environment hook '/home/tannernelson3/snuff_ros2/ros2_ws/install/micro_ros_msgs/share/micro_ros_msgs/hook/ld_library_path_lib.ps1'
[4.883s] INFO:colcon.colcon_core.shell:Creating environment descriptor '/home/tannernelson3/snuff_ros2/ros2_ws/install/micro_ros_msgs/share/micro_ros_msgs/hook/ld_library_path_lib.dsv'
[4.883s] INFO:colcon.colcon_core.shell:Creating environment hook '/home/tannernelson3/snuff_ros2/ros2_ws/install/micro_ros_msgs/share/micro_ros_msgs/hook/ld_library_path_lib.sh'
[4.884s] Level 1:colcon.colcon_core.environment:checking '/home/tannernelson3/snuff_ros2/ros2_ws/install/micro_ros_msgs/bin'
[4.884s] Level 1:colcon.colcon_core.environment:checking '/home/tannernelson3/snuff_ros2/ros2_ws/install/micro_ros_msgs/lib/pkgconfig/micro_ros_msgs.pc'
[4.885s] Level 1:colcon.colcon_core.environment:checking '/home/tannernelson3/snuff_ros2/ros2_ws/install/micro_ros_msgs/lib/python3.10/site-packages'
[4.885s] Level 1:colcon.colcon_core.shell:create_environment_hook('micro_ros_msgs', 'pythonpath')
[4.913s] INFO:colcon.colcon_core.shell:Creating environment hook '/home/tannernelson3/snuff_ros2/ros2_ws/install/micro_ros_msgs/share/micro_ros_msgs/hook/pythonpath.ps1'
[4.914s] INFO:colcon.colcon_core.shell:Creating environment descriptor '/home/tannernelson3/snuff_ros2/ros2_ws/install/micro_ros_msgs/share/micro_ros_msgs/hook/pythonpath.dsv'
[4.914s] INFO:colcon.colcon_core.shell:Creating environment hook '/home/tannernelson3/snuff_ros2/ros2_ws/install/micro_ros_msgs/share/micro_ros_msgs/hook/pythonpath.sh'
[4.915s] Level 1:colcon.colcon_core.environment:checking '/home/tannernelson3/snuff_ros2/ros2_ws/install/micro_ros_msgs/bin'
[4.943s] INFO:colcon.colcon_core.shell:Creating package script '/home/tannernelson3/snuff_ros2/ros2_ws/install/micro_ros_msgs/share/micro_ros_msgs/package.ps1'
[4.944s] INFO:colcon.colcon_core.shell:Creating package descriptor '/home/tannernelson3/snuff_ros2/ros2_ws/install/micro_ros_msgs/share/micro_ros_msgs/package.dsv'
[4.945s] INFO:colcon.colcon_core.shell:Creating package script '/home/tannernelson3/snuff_ros2/ros2_ws/install/micro_ros_msgs/share/micro_ros_msgs/package.sh'
[4.946s] INFO:colcon.colcon_core.shell:Creating package script '/home/tannernelson3/snuff_ros2/ros2_ws/install/micro_ros_msgs/share/micro_ros_msgs/package.bash'
[4.946s] INFO:colcon.colcon_core.shell:Creating package script '/home/tannernelson3/snuff_ros2/ros2_ws/install/micro_ros_msgs/share/micro_ros_msgs/package.zsh'
[4.947s] Level 1:colcon.colcon_core.environment:create_file_with_runtime_dependencies(/home/tannernelson3/snuff_ros2/ros2_ws/install/micro_ros_msgs/share/colcon-core/packages/micro_ros_msgs)
[4.948s] Level 1:colcon.colcon_core.environment:create_environment_scripts_only(usb_cam)
[4.950s] DEBUG:colcon.colcon_core.event_handler.log_command:Invoked command in '/home/tannernelson3/snuff_ros2/ros2_ws/build/usb_cam' returned '0': CMAKE_PREFIX_PATH=${CMAKE_PREFIX_PATH}:/opt/ros/iron /usr/bin/cmake --install /home/tannernelson3/snuff_ros2/ros2_ws/build/usb_cam
[4.973s] Level 1:colcon.colcon_core.environment:checking '/home/tannernelson3/snuff_ros2/ros2_ws/install/usb_cam' for CMake module files
[4.974s] Level 1:colcon.colcon_core.environment:checking '/home/tannernelson3/snuff_ros2/ros2_ws/install/usb_cam' for CMake config files
[4.974s] Level 1:colcon.colcon_core.shell:create_environment_hook('usb_cam', 'cmake_prefix_path')
[4.997s] INFO:colcon.colcon_core.shell:Creating environment hook '/home/tannernelson3/snuff_ros2/ros2_ws/install/usb_cam/share/usb_cam/hook/cmake_prefix_path.ps1'
[4.998s] INFO:colcon.colcon_core.shell:Creating environment descriptor '/home/tannernelson3/snuff_ros2/ros2_ws/install/usb_cam/share/usb_cam/hook/cmake_prefix_path.dsv'
[4.998s] INFO:colcon.colcon_core.shell:Creating environment hook '/home/tannernelson3/snuff_ros2/ros2_ws/install/usb_cam/share/usb_cam/hook/cmake_prefix_path.sh'
[4.999s] Level 1:colcon.colcon_core.environment:checking '/home/tannernelson3/snuff_ros2/ros2_ws/install/usb_cam/lib'
[4.999s] Level 1:colcon.colcon_core.shell:create_environment_hook('usb_cam', 'ld_library_path_lib')
[5.022s] INFO:colcon.colcon_core.shell:Creating environment hook '/home/tannernelson3/snuff_ros2/ros2_ws/install/usb_cam/share/usb_cam/hook/ld_library_path_lib.ps1'
[5.023s] INFO:colcon.colcon_core.shell:Creating environment descriptor '/home/tannernelson3/snuff_ros2/ros2_ws/install/usb_cam/share/usb_cam/hook/ld_library_path_lib.dsv'
[5.023s] INFO:colcon.colcon_core.shell:Creating environment hook '/home/tannernelson3/snuff_ros2/ros2_ws/install/usb_cam/share/usb_cam/hook/ld_library_path_lib.sh'
[5.024s] Level 1:colcon.colcon_core.environment:checking '/home/tannernelson3/snuff_ros2/ros2_ws/install/usb_cam/bin'
[5.024s] Level 1:colcon.colcon_core.environment:checking '/home/tannernelson3/snuff_ros2/ros2_ws/install/usb_cam/lib/pkgconfig/usb_cam.pc'
[5.024s] Level 1:colcon.colcon_core.environment:checking '/home/tannernelson3/snuff_ros2/ros2_ws/install/usb_cam/lib/python3.10/site-packages'
[5.025s] Level 1:colcon.colcon_core.environment:checking '/home/tannernelson3/snuff_ros2/ros2_ws/install/usb_cam/bin'
[5.048s] INFO:colcon.colcon_core.shell:Creating package script '/home/tannernelson3/snuff_ros2/ros2_ws/install/usb_cam/share/usb_cam/package.ps1'
[5.049s] INFO:colcon.colcon_core.shell:Creating package descriptor '/home/tannernelson3/snuff_ros2/ros2_ws/install/usb_cam/share/usb_cam/package.dsv'
[5.049s] INFO:colcon.colcon_core.shell:Creating package script '/home/tannernelson3/snuff_ros2/ros2_ws/install/usb_cam/share/usb_cam/package.sh'
[5.050s] INFO:colcon.colcon_core.shell:Creating package script '/home/tannernelson3/snuff_ros2/ros2_ws/install/usb_cam/share/usb_cam/package.bash'
[5.050s] INFO:colcon.colcon_core.shell:Creating package script '/home/tannernelson3/snuff_ros2/ros2_ws/install/usb_cam/share/usb_cam/package.zsh'
[5.051s] Level 1:colcon.colcon_core.environment:create_file_with_runtime_dependencies(/home/tannernelson3/snuff_ros2/ros2_ws/install/usb_cam/share/colcon-core/packages/usb_cam)
[5.052s] INFO:colcon.colcon_ros.task.ament_cmake.build:Building ROS package in '/home/tannernelson3/snuff_ros2/ros2_ws/src/uros/micro-ROS-Agent/micro_ros_agent' with build type 'ament_cmake'
[5.052s] INFO:colcon.colcon_cmake.task.cmake.build:Building CMake package in '/home/tannernelson3/snuff_ros2/ros2_ws/src/uros/micro-ROS-Agent/micro_ros_agent'
[5.079s] INFO:colcon.colcon_core.shell:Skip shell extension 'powershell' for command environment: Not usable outside of PowerShell
[5.079s] DEBUG:colcon.colcon_core.shell:Skip shell extension 'dsv' for command environment
[5.180s] Level 1:colcon.colcon_core.environment:create_environment_scripts_only(drive_base_msgs)
[5.204s] Level 1:colcon.colcon_core.environment:checking '/home/tannernelson3/snuff_ros2/ros2_ws/install/drive_base_msgs' for CMake module files
[5.205s] Level 1:colcon.colcon_core.environment:checking '/home/tannernelson3/snuff_ros2/ros2_ws/install/drive_base_msgs' for CMake config files
[5.205s] Level 1:colcon.colcon_core.shell:create_environment_hook('drive_base_msgs', 'cmake_prefix_path')
[5.228s] INFO:colcon.colcon_core.shell:Creating environment hook '/home/tannernelson3/snuff_ros2/ros2_ws/install/drive_base_msgs/share/drive_base_msgs/hook/cmake_prefix_path.ps1'
[5.229s] INFO:colcon.colcon_core.shell:Creating environment descriptor '/home/tannernelson3/snuff_ros2/ros2_ws/install/drive_base_msgs/share/drive_base_msgs/hook/cmake_prefix_path.dsv'
[5.229s] INFO:colcon.colcon_core.shell:Creating environment hook '/home/tannernelson3/snuff_ros2/ros2_ws/install/drive_base_msgs/share/drive_base_msgs/hook/cmake_prefix_path.sh'
[5.230s] Level 1:colcon.colcon_core.environment:checking '/home/tannernelson3/snuff_ros2/ros2_ws/install/drive_base_msgs/lib'
[5.230s] Level 1:colcon.colcon_core.shell:create_environment_hook('drive_base_msgs', 'ld_library_path_lib')
[5.253s] INFO:colcon.colcon_core.shell:Creating environment hook '/home/tannernelson3/snuff_ros2/ros2_ws/install/drive_base_msgs/share/drive_base_msgs/hook/ld_library_path_lib.ps1'
[5.255s] INFO:colcon.colcon_core.shell:Creating environment descriptor '/home/tannernelson3/snuff_ros2/ros2_ws/install/drive_base_msgs/share/drive_base_msgs/hook/ld_library_path_lib.dsv'
[5.256s] INFO:colcon.colcon_core.shell:Creating environment hook '/home/tannernelson3/snuff_ros2/ros2_ws/install/drive_base_msgs/share/drive_base_msgs/hook/ld_library_path_lib.sh'
[5.257s] Level 1:colcon.colcon_core.environment:checking '/home/tannernelson3/snuff_ros2/ros2_ws/install/drive_base_msgs/bin'
[5.257s] Level 1:colcon.colcon_core.environment:checking '/home/tannernelson3/snuff_ros2/ros2_ws/install/drive_base_msgs/lib/pkgconfig/drive_base_msgs.pc'
[5.257s] Level 1:colcon.colcon_core.environment:checking '/home/tannernelson3/snuff_ros2/ros2_ws/install/drive_base_msgs/lib/python3.10/site-packages'
[5.257s] Level 1:colcon.colcon_core.shell:create_environment_hook('drive_base_msgs', 'pythonpath')
[5.280s] INFO:colcon.colcon_core.shell:Creating environment hook '/home/tannernelson3/snuff_ros2/ros2_ws/install/drive_base_msgs/share/drive_base_msgs/hook/pythonpath.ps1'
[5.281s] INFO:colcon.colcon_core.shell:Creating environment descriptor '/home/tannernelson3/snuff_ros2/ros2_ws/install/drive_base_msgs/share/drive_base_msgs/hook/pythonpath.dsv'
[5.281s] INFO:colcon.colcon_core.shell:Creating environment hook '/home/tannernelson3/snuff_ros2/ros2_ws/install/drive_base_msgs/share/drive_base_msgs/hook/pythonpath.sh'
[5.282s] Level 1:colcon.colcon_core.environment:checking '/home/tannernelson3/snuff_ros2/ros2_ws/install/drive_base_msgs/bin'
[5.306s] INFO:colcon.colcon_core.shell:Creating package script '/home/tannernelson3/snuff_ros2/ros2_ws/install/drive_base_msgs/share/drive_base_msgs/package.ps1'
[5.307s] INFO:colcon.colcon_core.shell:Creating package descriptor '/home/tannernelson3/snuff_ros2/ros2_ws/install/drive_base_msgs/share/drive_base_msgs/package.dsv'
[5.307s] INFO:colcon.colcon_core.shell:Creating package script '/home/tannernelson3/snuff_ros2/ros2_ws/install/drive_base_msgs/share/drive_base_msgs/package.sh'
[5.308s] INFO:colcon.colcon_core.shell:Creating package script '/home/tannernelson3/snuff_ros2/ros2_ws/install/drive_base_msgs/share/drive_base_msgs/package.bash'
[5.309s] INFO:colcon.colcon_core.shell:Creating package script '/home/tannernelson3/snuff_ros2/ros2_ws/install/drive_base_msgs/share/drive_base_msgs/package.zsh'
[5.309s] Level 1:colcon.colcon_core.environment:create_file_with_runtime_dependencies(/home/tannernelson3/snuff_ros2/ros2_ws/install/drive_base_msgs/share/colcon-core/packages/drive_base_msgs)
[5.334s] Level 1:colcon.colcon_core.environment:create_environment_scripts_only(usb_cam)
[5.357s] Level 1:colcon.colcon_core.environment:checking '/home/tannernelson3/snuff_ros2/ros2_ws/install/usb_cam' for CMake module files
[5.357s] Level 1:colcon.colcon_core.environment:checking '/home/tannernelson3/snuff_ros2/ros2_ws/install/usb_cam' for CMake config files
[5.358s] Level 1:colcon.colcon_core.shell:create_environment_hook('usb_cam', 'cmake_prefix_path')
[5.381s] INFO:colcon.colcon_core.shell:Creating environment hook '/home/tannernelson3/snuff_ros2/ros2_ws/install/usb_cam/share/usb_cam/hook/cmake_prefix_path.ps1'
[5.381s] INFO:colcon.colcon_core.shell:Creating environment descriptor '/home/tannernelson3/snuff_ros2/ros2_ws/install/usb_cam/share/usb_cam/hook/cmake_prefix_path.dsv'
[5.382s] INFO:colcon.colcon_core.shell:Creating environment hook '/home/tannernelson3/snuff_ros2/ros2_ws/install/usb_cam/share/usb_cam/hook/cmake_prefix_path.sh'
[5.383s] Level 1:colcon.colcon_core.environment:checking '/home/tannernelson3/snuff_ros2/ros2_ws/install/usb_cam/lib'
[5.383s] Level 1:colcon.colcon_core.shell:create_environment_hook('usb_cam', 'ld_library_path_lib')
[5.406s] INFO:colcon.colcon_core.shell:Creating environment hook '/home/tannernelson3/snuff_ros2/ros2_ws/install/usb_cam/share/usb_cam/hook/ld_library_path_lib.ps1'
[5.407s] INFO:colcon.colcon_core.shell:Creating environment descriptor '/home/tannernelson3/snuff_ros2/ros2_ws/install/usb_cam/share/usb_cam/hook/ld_library_path_lib.dsv'
[5.407s] INFO:colcon.colcon_core.shell:Creating environment hook '/home/tannernelson3/snuff_ros2/ros2_ws/install/usb_cam/share/usb_cam/hook/ld_library_path_lib.sh'
[5.408s] Level 1:colcon.colcon_core.environment:checking '/home/tannernelson3/snuff_ros2/ros2_ws/install/usb_cam/bin'
[5.408s] Level 1:colcon.colcon_core.environment:checking '/home/tannernelson3/snuff_ros2/ros2_ws/install/usb_cam/lib/pkgconfig/usb_cam.pc'
[5.408s] Level 1:colcon.colcon_core.environment:checking '/home/tannernelson3/snuff_ros2/ros2_ws/install/usb_cam/lib/python3.10/site-packages'
[5.409s] Level 1:colcon.colcon_core.environment:checking '/home/tannernelson3/snuff_ros2/ros2_ws/install/usb_cam/bin'
[5.432s] INFO:colcon.colcon_core.shell:Creating package script '/home/tannernelson3/snuff_ros2/ros2_ws/install/usb_cam/share/usb_cam/package.ps1'
[5.432s] INFO:colcon.colcon_core.shell:Creating package descriptor '/home/tannernelson3/snuff_ros2/ros2_ws/install/usb_cam/share/usb_cam/package.dsv'
[5.433s] INFO:colcon.colcon_core.shell:Creating package script '/home/tannernelson3/snuff_ros2/ros2_ws/install/usb_cam/share/usb_cam/package.sh'
[5.434s] INFO:colcon.colcon_core.shell:Creating package script '/home/tannernelson3/snuff_ros2/ros2_ws/install/usb_cam/share/usb_cam/package.bash'
[5.434s] INFO:colcon.colcon_core.shell:Creating package script '/home/tannernelson3/snuff_ros2/ros2_ws/install/usb_cam/share/usb_cam/package.zsh'
[5.435s] Level 1:colcon.colcon_core.environment:create_file_with_runtime_dependencies(/home/tannernelson3/snuff_ros2/ros2_ws/install/usb_cam/share/colcon-core/packages/usb_cam)
[5.440s] DEBUG:colcon.colcon_core.event_handler.log_command:Invoking command in '/home/tannernelson3/snuff_ros2/ros2_ws/build/micro_ros_agent': CMAKE_PREFIX_PATH=/home/tannernelson3/snuff_ros2/ros2_ws/install/micro_ros_msgs:/home/tannernelson3/snuff_ros2/ros2_ws/install/usb_cam:/home/tannernelson3/snuff_ros2/ros2_ws/install/snuff:/home/tannernelson3/snuff_ros2/ros2_ws/install/micro_ros_setup:/home/tannernelson3/snuff_ros2/ros2_ws/install/micro_ros_agent:/home/tannernelson3/snuff_ros2/ros2_ws/install/drive_base_msgs:/opt/ros/iron LD_LIBRARY_PATH=/home/tannernelson3/snuff_ros2/ros2_ws/install/micro_ros_msgs/lib:/home/tannernelson3/snuff_ros2/ros2_ws/install/usb_cam/lib:/home/tannernelson3/snuff_ros2/ros2_ws/install/micro_ros_agent/lib:/home/tannernelson3/snuff_ros2/ros2_ws/install/drive_base_msgs/lib:/opt/ros/iron/opt/rviz_ogre_vendor/lib:/opt/ros/iron/lib/x86_64-linux-gnu:/opt/ros/iron/lib PYTHONPATH=/home/tannernelson3/snuff_ros2/ros2_ws/install/micro_ros_msgs/lib/python3.10/site-packages:/home/tannernelson3/snuff_ros2/ros2_ws/install/snuff/lib/python3.10/site-packages:/home/tannernelson3/snuff_ros2/ros2_ws/install/drive_base_msgs/lib/python3.10/site-packages:/opt/ros/iron/lib/python3.10/site-packages /usr/bin/cmake --build /home/tannernelson3/snuff_ros2/ros2_ws/build/micro_ros_agent -- -j4 -l4
[5.524s] DEBUG:colcon.colcon_core.event_handler.log_command:Invoked command in '/home/tannernelson3/snuff_ros2/ros2_ws/build/micro_ros_agent' returned '0': CMAKE_PREFIX_PATH=/home/tannernelson3/snuff_ros2/ros2_ws/install/micro_ros_msgs:/home/tannernelson3/snuff_ros2/ros2_ws/install/usb_cam:/home/tannernelson3/snuff_ros2/ros2_ws/install/snuff:/home/tannernelson3/snuff_ros2/ros2_ws/install/micro_ros_setup:/home/tannernelson3/snuff_ros2/ros2_ws/install/micro_ros_agent:/home/tannernelson3/snuff_ros2/ros2_ws/install/drive_base_msgs:/opt/ros/iron LD_LIBRARY_PATH=/home/tannernelson3/snuff_ros2/ros2_ws/install/micro_ros_msgs/lib:/home/tannernelson3/snuff_ros2/ros2_ws/install/usb_cam/lib:/home/tannernelson3/snuff_ros2/ros2_ws/install/micro_ros_agent/lib:/home/tannernelson3/snuff_ros2/ros2_ws/install/drive_base_msgs/lib:/opt/ros/iron/opt/rviz_ogre_vendor/lib:/opt/ros/iron/lib/x86_64-linux-gnu:/opt/ros/iron/lib PYTHONPATH=/home/tannernelson3/snuff_ros2/ros2_ws/install/micro_ros_msgs/lib/python3.10/site-packages:/home/tannernelson3/snuff_ros2/ros2_ws/install/snuff/lib/python3.10/site-packages:/home/tannernelson3/snuff_ros2/ros2_ws/install/drive_base_msgs/lib/python3.10/site-packages:/opt/ros/iron/lib/python3.10/site-packages /usr/bin/cmake --build /home/tannernelson3/snuff_ros2/ros2_ws/build/micro_ros_agent -- -j4 -l4
[5.570s] DEBUG:colcon.colcon_core.event_handler.log_command:Invoking command in '/home/tannernelson3/snuff_ros2/ros2_ws/build/micro_ros_agent': CMAKE_PREFIX_PATH=/home/tannernelson3/snuff_ros2/ros2_ws/install/micro_ros_msgs:/home/tannernelson3/snuff_ros2/ros2_ws/install/usb_cam:/home/tannernelson3/snuff_ros2/ros2_ws/install/snuff:/home/tannernelson3/snuff_ros2/ros2_ws/install/micro_ros_setup:/home/tannernelson3/snuff_ros2/ros2_ws/install/micro_ros_agent:/home/tannernelson3/snuff_ros2/ros2_ws/install/drive_base_msgs:/opt/ros/iron LD_LIBRARY_PATH=/home/tannernelson3/snuff_ros2/ros2_ws/install/micro_ros_msgs/lib:/home/tannernelson3/snuff_ros2/ros2_ws/install/usb_cam/lib:/home/tannernelson3/snuff_ros2/ros2_ws/install/micro_ros_agent/lib:/home/tannernelson3/snuff_ros2/ros2_ws/install/drive_base_msgs/lib:/opt/ros/iron/opt/rviz_ogre_vendor/lib:/opt/ros/iron/lib/x86_64-linux-gnu:/opt/ros/iron/lib PYTHONPATH=/home/tannernelson3/snuff_ros2/ros2_ws/install/micro_ros_msgs/lib/python3.10/site-packages:/home/tannernelson3/snuff_ros2/ros2_ws/install/snuff/lib/python3.10/site-packages:/home/tannernelson3/snuff_ros2/ros2_ws/install/drive_base_msgs/lib/python3.10/site-packages:/opt/ros/iron/lib/python3.10/site-packages /usr/bin/cmake --install /home/tannernelson3/snuff_ros2/ros2_ws/build/micro_ros_agent
[5.585s] Level 1:colcon.colcon_core.environment:create_environment_scripts_only(micro_ros_agent)
[5.586s] DEBUG:colcon.colcon_core.event_handler.log_command:Invoked command in '/home/tannernelson3/snuff_ros2/ros2_ws/build/micro_ros_agent' returned '0': CMAKE_PREFIX_PATH=/home/tannernelson3/snuff_ros2/ros2_ws/install/micro_ros_msgs:/home/tannernelson3/snuff_ros2/ros2_ws/install/usb_cam:/home/tannernelson3/snuff_ros2/ros2_ws/install/snuff:/home/tannernelson3/snuff_ros2/ros2_ws/install/micro_ros_setup:/home/tannernelson3/snuff_ros2/ros2_ws/install/micro_ros_agent:/home/tannernelson3/snuff_ros2/ros2_ws/install/drive_base_msgs:/opt/ros/iron LD_LIBRARY_PATH=/home/tannernelson3/snuff_ros2/ros2_ws/install/micro_ros_msgs/lib:/home/tannernelson3/snuff_ros2/ros2_ws/install/usb_cam/lib:/home/tannernelson3/snuff_ros2/ros2_ws/install/micro_ros_agent/lib:/home/tannernelson3/snuff_ros2/ros2_ws/install/drive_base_msgs/lib:/opt/ros/iron/opt/rviz_ogre_vendor/lib:/opt/ros/iron/lib/x86_64-linux-gnu:/opt/ros/iron/lib PYTHONPATH=/home/tannernelson3/snuff_ros2/ros2_ws/install/micro_ros_msgs/lib/python3.10/site-packages:/home/tannernelson3/snuff_ros2/ros2_ws/install/snuff/lib/python3.10/site-packages:/home/tannernelson3/snuff_ros2/ros2_ws/install/drive_base_msgs/lib/python3.10/site-packages:/opt/ros/iron/lib/python3.10/site-packages /usr/bin/cmake --install /home/tannernelson3/snuff_ros2/ros2_ws/build/micro_ros_agent
[5.610s] Level 1:colcon.colcon_core.environment:checking '/home/tannernelson3/snuff_ros2/ros2_ws/install/micro_ros_agent' for CMake module files
[5.611s] Level 1:colcon.colcon_core.environment:checking '/home/tannernelson3/snuff_ros2/ros2_ws/install/micro_ros_agent' for CMake config files
[5.612s] Level 1:colcon.colcon_core.shell:create_environment_hook('micro_ros_agent', 'cmake_prefix_path')
[5.635s] INFO:colcon.colcon_core.shell:Creating environment hook '/home/tannernelson3/snuff_ros2/ros2_ws/install/micro_ros_agent/share/micro_ros_agent/hook/cmake_prefix_path.ps1'
[5.635s] INFO:colcon.colcon_core.shell:Creating environment descriptor '/home/tannernelson3/snuff_ros2/ros2_ws/install/micro_ros_agent/share/micro_ros_agent/hook/cmake_prefix_path.dsv'
[5.636s] INFO:colcon.colcon_core.shell:Creating environment hook '/home/tannernelson3/snuff_ros2/ros2_ws/install/micro_ros_agent/share/micro_ros_agent/hook/cmake_prefix_path.sh'
[5.637s] Level 1:colcon.colcon_core.environment:checking '/home/tannernelson3/snuff_ros2/ros2_ws/install/micro_ros_agent/lib'
[5.637s] Level 1:colcon.colcon_core.shell:create_environment_hook('micro_ros_agent', 'ld_library_path_lib')
[5.660s] INFO:colcon.colcon_core.shell:Creating environment hook '/home/tannernelson3/snuff_ros2/ros2_ws/install/micro_ros_agent/share/micro_ros_agent/hook/ld_library_path_lib.ps1'
[5.661s] INFO:colcon.colcon_core.shell:Creating environment descriptor '/home/tannernelson3/snuff_ros2/ros2_ws/install/micro_ros_agent/share/micro_ros_agent/hook/ld_library_path_lib.dsv'
[5.661s] INFO:colcon.colcon_core.shell:Creating environment hook '/home/tannernelson3/snuff_ros2/ros2_ws/install/micro_ros_agent/share/micro_ros_agent/hook/ld_library_path_lib.sh'
[5.662s] Level 1:colcon.colcon_core.environment:checking '/home/tannernelson3/snuff_ros2/ros2_ws/install/micro_ros_agent/bin'
[5.662s] Level 1:colcon.colcon_core.environment:checking '/home/tannernelson3/snuff_ros2/ros2_ws/install/micro_ros_agent/lib/pkgconfig/micro_ros_agent.pc'
[5.662s] Level 1:colcon.colcon_core.environment:checking '/home/tannernelson3/snuff_ros2/ros2_ws/install/micro_ros_agent/lib/python3.10/site-packages'
[5.662s] Level 1:colcon.colcon_core.environment:checking '/home/tannernelson3/snuff_ros2/ros2_ws/install/micro_ros_agent/bin'
[5.685s] INFO:colcon.colcon_core.shell:Creating package script '/home/tannernelson3/snuff_ros2/ros2_ws/install/micro_ros_agent/share/micro_ros_agent/package.ps1'
[5.686s] INFO:colcon.colcon_core.shell:Creating package descriptor '/home/tannernelson3/snuff_ros2/ros2_ws/install/micro_ros_agent/share/micro_ros_agent/package.dsv'
[5.687s] INFO:colcon.colcon_core.shell:Creating package script '/home/tannernelson3/snuff_ros2/ros2_ws/install/micro_ros_agent/share/micro_ros_agent/package.sh'
[5.687s] INFO:colcon.colcon_core.shell:Creating package script '/home/tannernelson3/snuff_ros2/ros2_ws/install/micro_ros_agent/share/micro_ros_agent/package.bash'
[5.688s] INFO:colcon.colcon_core.shell:Creating package script '/home/tannernelson3/snuff_ros2/ros2_ws/install/micro_ros_agent/share/micro_ros_agent/package.zsh'
[5.688s] Level 1:colcon.colcon_core.environment:create_file_with_runtime_dependencies(/home/tannernelson3/snuff_ros2/ros2_ws/install/micro_ros_agent/share/colcon-core/packages/micro_ros_agent)
[5.755s] Level 1:colcon.colcon_core.environment:create_environment_scripts_only(micro_ros_agent)
[5.778s] Level 1:colcon.colcon_core.environment:checking '/home/tannernelson3/snuff_ros2/ros2_ws/install/micro_ros_agent' for CMake module files
[5.779s] Level 1:colcon.colcon_core.environment:checking '/home/tannernelson3/snuff_ros2/ros2_ws/install/micro_ros_agent' for CMake config files
[5.780s] Level 1:colcon.colcon_core.shell:create_environment_hook('micro_ros_agent', 'cmake_prefix_path')
[5.804s] INFO:colcon.colcon_core.shell:Creating environment hook '/home/tannernelson3/snuff_ros2/ros2_ws/install/micro_ros_agent/share/micro_ros_agent/hook/cmake_prefix_path.ps1'
[5.804s] INFO:colcon.colcon_core.shell:Creating environment descriptor '/home/tannernelson3/snuff_ros2/ros2_ws/install/micro_ros_agent/share/micro_ros_agent/hook/cmake_prefix_path.dsv'
[5.805s] INFO:colcon.colcon_core.shell:Creating environment hook '/home/tannernelson3/snuff_ros2/ros2_ws/install/micro_ros_agent/share/micro_ros_agent/hook/cmake_prefix_path.sh'
[5.805s] Level 1:colcon.colcon_core.environment:checking '/home/tannernelson3/snuff_ros2/ros2_ws/install/micro_ros_agent/lib'
[5.805s] Level 1:colcon.colcon_core.shell:create_environment_hook('micro_ros_agent', 'ld_library_path_lib')
[5.830s] INFO:colcon.colcon_core.shell:Creating environment hook '/home/tannernelson3/snuff_ros2/ros2_ws/install/micro_ros_agent/share/micro_ros_agent/hook/ld_library_path_lib.ps1'
[5.830s] INFO:colcon.colcon_core.shell:Creating environment descriptor '/home/tannernelson3/snuff_ros2/ros2_ws/install/micro_ros_agent/share/micro_ros_agent/hook/ld_library_path_lib.dsv'
[5.831s] INFO:colcon.colcon_core.shell:Creating environment hook '/home/tannernelson3/snuff_ros2/ros2_ws/install/micro_ros_agent/share/micro_ros_agent/hook/ld_library_path_lib.sh'
[5.831s] Level 1:colcon.colcon_core.environment:checking '/home/tannernelson3/snuff_ros2/ros2_ws/install/micro_ros_agent/bin'
[5.831s] Level 1:colcon.colcon_core.environment:checking '/home/tannernelson3/snuff_ros2/ros2_ws/install/micro_ros_agent/lib/pkgconfig/micro_ros_agent.pc'
[5.832s] Level 1:colcon.colcon_core.environment:checking '/home/tannernelson3/snuff_ros2/ros2_ws/install/micro_ros_agent/lib/python3.10/site-packages'
[5.832s] Level 1:colcon.colcon_core.environment:checking '/home/tannernelson3/snuff_ros2/ros2_ws/install/micro_ros_agent/bin'
[5.855s] INFO:colcon.colcon_core.shell:Creating package script '/home/tannernelson3/snuff_ros2/ros2_ws/install/micro_ros_agent/share/micro_ros_agent/package.ps1'
[5.856s] INFO:colcon.colcon_core.shell:Creating package descriptor '/home/tannernelson3/snuff_ros2/ros2_ws/install/micro_ros_agent/share/micro_ros_agent/package.dsv'
[5.857s] INFO:colcon.colcon_core.shell:Creating package script '/home/tannernelson3/snuff_ros2/ros2_ws/install/micro_ros_agent/share/micro_ros_agent/package.sh'
[5.857s] INFO:colcon.colcon_core.shell:Creating package script '/home/tannernelson3/snuff_ros2/ros2_ws/install/micro_ros_agent/share/micro_ros_agent/package.bash'
[5.858s] INFO:colcon.colcon_core.shell:Creating package script '/home/tannernelson3/snuff_ros2/ros2_ws/install/micro_ros_agent/share/micro_ros_agent/package.zsh'
[5.858s] Level 1:colcon.colcon_core.environment:create_file_with_runtime_dependencies(/home/tannernelson3/snuff_ros2/ros2_ws/install/micro_ros_agent/share/colcon-core/packages/micro_ros_agent)
[5.859s] DEBUG:colcon.colcon_parallel_executor.executor.parallel:closing loop
[5.859s] DEBUG:colcon.colcon_parallel_executor.executor.parallel:loop closed
[5.859s] DEBUG:colcon.colcon_parallel_executor.executor.parallel:run_until_complete finished with '0'
[5.859s] DEBUG:colcon.colcon_core.event_reactor:joining thread
[5.890s] INFO:colcon.colcon_core.plugin_system:Skipping extension 'colcon_notification.desktop_notification.terminal_notifier': Not used on non-Darwin systems
[5.890s] INFO:colcon.colcon_core.plugin_system:Skipping extension 'colcon_notification.desktop_notification.win32': Not used on non-Windows systems
[5.890s] INFO:colcon.colcon_notification.desktop_notification:Sending desktop notification using 'notify2'
[5.902s] DEBUG:colcon.colcon_core.event_reactor:joined thread
[5.925s] INFO:colcon.colcon_core.shell:Creating prefix script '/home/tannernelson3/snuff_ros2/ros2_ws/install/local_setup.ps1'
[5.927s] INFO:colcon.colcon_core.shell:Creating prefix util module '/home/tannernelson3/snuff_ros2/ros2_ws/install/_local_setup_util_ps1.py'
[5.928s] INFO:colcon.colcon_core.shell:Creating prefix chain script '/home/tannernelson3/snuff_ros2/ros2_ws/install/setup.ps1'
[5.952s] INFO:colcon.colcon_core.shell:Creating prefix script '/home/tannernelson3/snuff_ros2/ros2_ws/install/local_setup.sh'
[5.953s] INFO:colcon.colcon_core.shell:Creating prefix util module '/home/tannernelson3/snuff_ros2/ros2_ws/install/_local_setup_util_sh.py'
[5.954s] INFO:colcon.colcon_core.shell:Creating prefix chain script '/home/tannernelson3/snuff_ros2/ros2_ws/install/setup.sh'
[5.978s] INFO:colcon.colcon_core.shell:Creating prefix script '/home/tannernelson3/snuff_ros2/ros2_ws/install/local_setup.bash'
[5.978s] INFO:colcon.colcon_core.shell:Creating prefix chain script '/home/tannernelson3/snuff_ros2/ros2_ws/install/setup.bash'
[6.003s] INFO:colcon.colcon_core.shell:Creating prefix script '/home/tannernelson3/snuff_ros2/ros2_ws/install/local_setup.zsh'
[6.003s] INFO:colcon.colcon_core.shell:Creating prefix chain script '/home/tannernelson3/snuff_ros2/ros2_ws/install/setup.zsh'
