[1.413s] DEBUG:colcon:Command line arguments: ['/usr/bin/colcon', 'build']
[1.413s] DEBUG:colcon:Parsed command line arguments: Namespace(log_base=None, log_level=None, verb_name='build', build_base='build', install_base='install', merge_install=False, symlink_install=False, test_result_base=None, continue_on_error=False, executor='parallel', parallel_workers=4, event_handlers=None, ignore_user_meta=False, metas=['./colcon.meta'], base_paths=['.'], packages_ignore=None, packages_ignore_regex=None, paths=None, packages_up_to=None, packages_up_to_regex=None, packages_above=None, packages_above_and_dependencies=None, packages_above_depth=None, packages_select_by_dep=None, packages_skip_by_dep=None, packages_skip_up_to=None, packages_select_build_failed=False, packages_skip_build_finished=False, packages_select_test_failures=False, packages_skip_test_passed=False, packages_select=None, packages_skip=None, packages_select_regex=None, packages_skip_regex=None, packages_start=None, packages_end=None, allow_overriding=[], cmake_args=None, cmake_target=None, cmake_target_skip_unavailable=False, cmake_clean_cache=False, cmake_clean_first=False, cmake_force_configure=False, ament_cmake_args=None, catkin_cmake_args=None, catkin_skip_building_tests=False, verb_parser=<colcon_defaults.argument_parser.defaults.DefaultArgumentsDecorator object at 0x7f830ff80d00>, verb_extension=<colcon_core.verb.build.BuildVerb object at 0x7f8310e0a8c0>, main=<bound method BuildVerb.main of <colcon_core.verb.build.BuildVerb object at 0x7f8310e0a8c0>>)
[1.478s] Level 1:colcon.colcon_core.package_discovery:discover_packages(colcon_meta) check parameters
[1.478s] Level 1:colcon.colcon_core.package_discovery:discover_packages(recursive) check parameters
[1.482s] Level 1:colcon.colcon_core.package_discovery:discover_packages(ignore) check parameters
[1.483s] Level 1:colcon.colcon_core.package_discovery:discover_packages(path) check parameters
[1.483s] Level 1:colcon.colcon_core.package_discovery:discover_packages(colcon_meta) discover
[1.483s] Level 1:colcon.colcon_core.package_discovery:discover_packages(recursive) discover
[1.483s] INFO:colcon.colcon_core.package_discovery:Crawling recursively for packages in '/home/tannernelson3/snuff_ros2/ros2_ws'
[1.483s] Level 1:colcon.colcon_core.package_identification:_identify(.) by extensions ['ignore', 'ignore_ament_install']
[1.483s] Level 1:colcon.colcon_core.package_identification:_identify(.) by extension 'ignore'
[1.483s] Level 1:colcon.colcon_core.package_identification:_identify(.) by extension 'ignore_ament_install'
[1.484s] Level 1:colcon.colcon_core.package_identification:_identify(.) by extensions ['colcon_pkg']
[1.484s] Level 1:colcon.colcon_core.package_identification:_identify(.) by extension 'colcon_pkg'
[1.484s] Level 1:colcon.colcon_core.package_identification:_identify(.) by extensions ['colcon_meta']
[1.484s] Level 1:colcon.colcon_core.package_identification:_identify(.) by extension 'colcon_meta'
[1.484s] Level 1:colcon.colcon_core.package_identification:_identify(.) by extensions ['ros']
[1.484s] Level 1:colcon.colcon_core.package_identification:_identify(.) by extension 'ros'
[1.499s] Level 1:colcon.colcon_core.package_identification:_identify(.) by extensions ['cmake', 'python']
[1.499s] Level 1:colcon.colcon_core.package_identification:_identify(.) by extension 'cmake'
[1.499s] Level 1:colcon.colcon_core.package_identification:_identify(.) by extension 'python'
[1.499s] Level 1:colcon.colcon_core.package_identification:_identify(.) by extensions ['python_setup_py']
[1.499s] Level 1:colcon.colcon_core.package_identification:_identify(.) by extension 'python_setup_py'
[1.500s] Level 1:colcon.colcon_core.package_identification:_identify(build) by extensions ['ignore', 'ignore_ament_install']
[1.500s] Level 1:colcon.colcon_core.package_identification:_identify(build) by extension 'ignore'
[1.500s] Level 1:colcon.colcon_core.package_identification:_identify(build) ignored
[1.500s] Level 1:colcon.colcon_core.package_identification:_identify(install) by extensions ['ignore', 'ignore_ament_install']
[1.500s] Level 1:colcon.colcon_core.package_identification:_identify(install) by extension 'ignore'
[1.500s] Level 1:colcon.colcon_core.package_identification:_identify(install) ignored
[1.500s] Level 1:colcon.colcon_core.package_identification:_identify(log) by extensions ['ignore', 'ignore_ament_install']
[1.500s] Level 1:colcon.colcon_core.package_identification:_identify(log) by extension 'ignore'
[1.501s] Level 1:colcon.colcon_core.package_identification:_identify(log) ignored
[1.501s] Level 1:colcon.colcon_core.package_identification:_identify(src) by extensions ['ignore', 'ignore_ament_install']
[1.501s] Level 1:colcon.colcon_core.package_identification:_identify(src) by extension 'ignore'
[1.501s] Level 1:colcon.colcon_core.package_identification:_identify(src) by extension 'ignore_ament_install'
[1.501s] Level 1:colcon.colcon_core.package_identification:_identify(src) by extensions ['colcon_pkg']
[1.501s] Level 1:colcon.colcon_core.package_identification:_identify(src) by extension 'colcon_pkg'
[1.501s] Level 1:colcon.colcon_core.package_identification:_identify(src) by extensions ['colcon_meta']
[1.501s] Level 1:colcon.colcon_core.package_identification:_identify(src) by extension 'colcon_meta'
[1.501s] Level 1:colcon.colcon_core.package_identification:_identify(src) by extensions ['ros']
[1.501s] Level 1:colcon.colcon_core.package_identification:_identify(src) by extension 'ros'
[1.501s] Level 1:colcon.colcon_core.package_identification:_identify(src) by extensions ['cmake', 'python']
[1.501s] Level 1:colcon.colcon_core.package_identification:_identify(src) by extension 'cmake'
[1.501s] Level 1:colcon.colcon_core.package_identification:_identify(src) by extension 'python'
[1.501s] Level 1:colcon.colcon_core.package_identification:_identify(src) by extensions ['python_setup_py']
[1.501s] Level 1:colcon.colcon_core.package_identification:_identify(src) by extension 'python_setup_py'
[1.502s] Level 1:colcon.colcon_core.package_identification:_identify(src/snuff) by extensions ['ignore', 'ignore_ament_install']
[1.502s] Level 1:colcon.colcon_core.package_identification:_identify(src/snuff) by extension 'ignore'
[1.502s] Level 1:colcon.colcon_core.package_identification:_identify(src/snuff) by extension 'ignore_ament_install'
[1.502s] Level 1:colcon.colcon_core.package_identification:_identify(src/snuff) by extensions ['colcon_pkg']
[1.502s] Level 1:colcon.colcon_core.package_identification:_identify(src/snuff) by extension 'colcon_pkg'
[1.502s] Level 1:colcon.colcon_core.package_identification:_identify(src/snuff) by extensions ['colcon_meta']
[1.502s] Level 1:colcon.colcon_core.package_identification:_identify(src/snuff) by extension 'colcon_meta'
[1.502s] Level 1:colcon.colcon_core.package_identification:_identify(src/snuff) by extensions ['ros']
[1.502s] Level 1:colcon.colcon_core.package_identification:_identify(src/snuff) by extension 'ros'
[1.505s] DEBUG:colcon.colcon_core.package_identification:Package 'src/snuff' with type 'ros.ament_cmake' and name 'snuff'
[1.505s] Level 1:colcon.colcon_core.package_identification:_identify(src/usb_cam) by extensions ['ignore', 'ignore_ament_install']
[1.505s] Level 1:colcon.colcon_core.package_identification:_identify(src/usb_cam) by extension 'ignore'
[1.505s] Level 1:colcon.colcon_core.package_identification:_identify(src/usb_cam) by extension 'ignore_ament_install'
[1.506s] Level 1:colcon.colcon_core.package_identification:_identify(src/usb_cam) by extensions ['colcon_pkg']
[1.506s] Level 1:colcon.colcon_core.package_identification:_identify(src/usb_cam) by extension 'colcon_pkg'
[1.506s] Level 1:colcon.colcon_core.package_identification:_identify(src/usb_cam) by extensions ['colcon_meta']
[1.506s] Level 1:colcon.colcon_core.package_identification:_identify(src/usb_cam) by extension 'colcon_meta'
[1.506s] Level 1:colcon.colcon_core.package_identification:_identify(src/usb_cam) by extensions ['ros']
[1.506s] Level 1:colcon.colcon_core.package_identification:_identify(src/usb_cam) by extension 'ros'
[1.508s] DEBUG:colcon.colcon_core.package_identification:Package 'src/usb_cam' with type 'ros.ament_cmake' and name 'usb_cam'
[1.508s] Level 1:colcon.colcon_core.package_discovery:discover_packages(recursive) using defaults
[1.508s] Level 1:colcon.colcon_core.package_discovery:discover_packages(ignore) discover
[1.508s] Level 1:colcon.colcon_core.package_discovery:discover_packages(ignore) using defaults
[1.508s] Level 1:colcon.colcon_core.package_discovery:discover_packages(path) discover
[1.508s] Level 1:colcon.colcon_core.package_discovery:discover_packages(path) using defaults
[1.635s] Level 1:colcon.colcon_core.package_discovery:discover_packages(prefix_path) check parameters
[1.636s] Level 1:colcon.colcon_core.package_discovery:discover_packages(prefix_path) discover
[1.678s] DEBUG:colcon.colcon_installed_package_information.package_discovery:Found 2 installed packages in /home/tannernelson3/snuff_ros2/ros2_ws/install
[1.701s] DEBUG:colcon.colcon_installed_package_information.package_discovery:Found 289 installed packages in /opt/ros/iron
[1.702s] Level 1:colcon.colcon_core.package_discovery:discover_packages(prefix_path) using defaults
[1.834s] Level 5:colcon.colcon_core.verb:set package 'snuff' build argument 'cmake_args' from command line to 'None'
[1.834s] Level 5:colcon.colcon_core.verb:set package 'snuff' build argument 'cmake_target' from command line to 'None'
[1.834s] Level 5:colcon.colcon_core.verb:set package 'snuff' build argument 'cmake_target_skip_unavailable' from command line to 'False'
[1.834s] Level 5:colcon.colcon_core.verb:set package 'snuff' build argument 'cmake_clean_cache' from command line to 'False'
[1.834s] Level 5:colcon.colcon_core.verb:set package 'snuff' build argument 'cmake_clean_first' from command line to 'False'
[1.834s] Level 5:colcon.colcon_core.verb:set package 'snuff' build argument 'cmake_force_configure' from command line to 'False'
[1.835s] Level 5:colcon.colcon_core.verb:set package 'snuff' build argument 'ament_cmake_args' from command line to 'None'
[1.835s] Level 5:colcon.colcon_core.verb:set package 'snuff' build argument 'catkin_cmake_args' from command line to 'None'
[1.835s] Level 5:colcon.colcon_core.verb:set package 'snuff' build argument 'catkin_skip_building_tests' from command line to 'False'
[1.835s] DEBUG:colcon.colcon_core.verb:Building package 'snuff' with the following arguments: {'ament_cmake_args': None, 'build_base': '/home/tannernelson3/snuff_ros2/ros2_ws/build/snuff', 'catkin_cmake_args': None, 'catkin_skip_building_tests': False, 'cmake_args': None, 'cmake_clean_cache': False, 'cmake_clean_first': False, 'cmake_force_configure': False, 'cmake_target': None, 'cmake_target_skip_unavailable': False, 'install_base': '/home/tannernelson3/snuff_ros2/ros2_ws/install/snuff', 'merge_install': False, 'path': '/home/tannernelson3/snuff_ros2/ros2_ws/src/snuff', 'symlink_install': False, 'test_result_base': None}
[1.856s] Level 5:colcon.colcon_core.verb:set package 'usb_cam' build argument 'cmake_args' from command line to 'None'
[1.856s] Level 5:colcon.colcon_core.verb:set package 'usb_cam' build argument 'cmake_target' from command line to 'None'
[1.856s] Level 5:colcon.colcon_core.verb:set package 'usb_cam' build argument 'cmake_target_skip_unavailable' from command line to 'False'
[1.856s] Level 5:colcon.colcon_core.verb:set package 'usb_cam' build argument 'cmake_clean_cache' from command line to 'False'
[1.856s] Level 5:colcon.colcon_core.verb:set package 'usb_cam' build argument 'cmake_clean_first' from command line to 'False'
[1.856s] Level 5:colcon.colcon_core.verb:set package 'usb_cam' build argument 'cmake_force_configure' from command line to 'False'
[1.856s] Level 5:colcon.colcon_core.verb:set package 'usb_cam' build argument 'ament_cmake_args' from command line to 'None'
[1.856s] Level 5:colcon.colcon_core.verb:set package 'usb_cam' build argument 'catkin_cmake_args' from command line to 'None'
[1.856s] Level 5:colcon.colcon_core.verb:set package 'usb_cam' build argument 'catkin_skip_building_tests' from command line to 'False'
[1.856s] DEBUG:colcon.colcon_core.verb:Building package 'usb_cam' with the following arguments: {'ament_cmake_args': None, 'build_base': '/home/tannernelson3/snuff_ros2/ros2_ws/build/usb_cam', 'catkin_cmake_args': None, 'catkin_skip_building_tests': False, 'cmake_args': None, 'cmake_clean_cache': False, 'cmake_clean_first': False, 'cmake_force_configure': False, 'cmake_target': None, 'cmake_target_skip_unavailable': False, 'install_base': '/home/tannernelson3/snuff_ros2/ros2_ws/install/usb_cam', 'merge_install': False, 'path': '/home/tannernelson3/snuff_ros2/ros2_ws/src/usb_cam', 'symlink_install': False, 'test_result_base': None}
[1.877s] INFO:colcon.colcon_core.executor:Executing jobs using 'parallel' executor
[1.899s] DEBUG:colcon.colcon_parallel_executor.executor.parallel:run_until_complete
[1.899s] INFO:colcon.colcon_ros.task.ament_cmake.build:Building ROS package in '/home/tannernelson3/snuff_ros2/ros2_ws/src/snuff' with build type 'ament_cmake'
[1.900s] INFO:colcon.colcon_cmake.task.cmake.build:Building CMake package in '/home/tannernelson3/snuff_ros2/ros2_ws/src/snuff'
[1.924s] INFO:colcon.colcon_core.plugin_system:Skipping extension 'colcon_core.shell.bat': Not used on non-Windows systems
[1.924s] INFO:colcon.colcon_core.shell:Skip shell extension 'powershell' for command environment: Not usable outside of PowerShell
[1.924s] DEBUG:colcon.colcon_core.shell:Skip shell extension 'dsv' for command environment
[1.990s] INFO:colcon.colcon_ros.task.ament_cmake.build:Building ROS package in '/home/tannernelson3/snuff_ros2/ros2_ws/src/usb_cam' with build type 'ament_cmake'
[1.990s] INFO:colcon.colcon_cmake.task.cmake.build:Building CMake package in '/home/tannernelson3/snuff_ros2/ros2_ws/src/usb_cam'
[2.012s] INFO:colcon.colcon_core.shell:Skip shell extension 'powershell' for command environment: Not usable outside of PowerShell
[2.012s] DEBUG:colcon.colcon_core.shell:Skip shell extension 'dsv' for command environment
[2.084s] DEBUG:colcon.colcon_core.event_handler.log_command:Invoking command in '/home/tannernelson3/snuff_ros2/ros2_ws/build/snuff': CMAKE_PREFIX_PATH=${CMAKE_PREFIX_PATH}:/opt/ros/iron /usr/bin/cmake --build /home/tannernelson3/snuff_ros2/ros2_ws/build/snuff -- -j4 -l4
[2.090s] DEBUG:colcon.colcon_core.event_handler.log_command:Invoking command in '/home/tannernelson3/snuff_ros2/ros2_ws/build/usb_cam': CMAKE_PREFIX_PATH=${CMAKE_PREFIX_PATH}:/opt/ros/iron /usr/bin/cmake --build /home/tannernelson3/snuff_ros2/ros2_ws/build/usb_cam -- -j4 -l4
[2.258s] DEBUG:colcon.colcon_core.event_handler.log_command:Invoked command in '/home/tannernelson3/snuff_ros2/ros2_ws/build/usb_cam' returned '0': CMAKE_PREFIX_PATH=${CMAKE_PREFIX_PATH}:/opt/ros/iron /usr/bin/cmake --build /home/tannernelson3/snuff_ros2/ros2_ws/build/usb_cam -- -j4 -l4
[2.320s] DEBUG:colcon.colcon_core.event_handler.log_command:Invoking command in '/home/tannernelson3/snuff_ros2/ros2_ws/build/usb_cam': CMAKE_PREFIX_PATH=${CMAKE_PREFIX_PATH}:/opt/ros/iron /usr/bin/cmake --install /home/tannernelson3/snuff_ros2/ros2_ws/build/usb_cam
[2.338s] Level 1:colcon.colcon_core.environment:create_environment_scripts_only(usb_cam)
[2.346s] DEBUG:colcon.colcon_core.event_handler.log_command:Invoked command in '/home/tannernelson3/snuff_ros2/ros2_ws/build/usb_cam' returned '0': CMAKE_PREFIX_PATH=${CMAKE_PREFIX_PATH}:/opt/ros/iron /usr/bin/cmake --install /home/tannernelson3/snuff_ros2/ros2_ws/build/usb_cam
[2.369s] Level 1:colcon.colcon_core.environment:checking '/home/tannernelson3/snuff_ros2/ros2_ws/install/usb_cam' for CMake module files
[2.369s] Level 1:colcon.colcon_core.environment:checking '/home/tannernelson3/snuff_ros2/ros2_ws/install/usb_cam' for CMake config files
[2.370s] Level 1:colcon.colcon_core.shell:create_environment_hook('usb_cam', 'cmake_prefix_path')
[2.392s] INFO:colcon.colcon_core.shell:Creating environment hook '/home/tannernelson3/snuff_ros2/ros2_ws/install/usb_cam/share/usb_cam/hook/cmake_prefix_path.ps1'
[2.393s] INFO:colcon.colcon_core.shell:Creating environment descriptor '/home/tannernelson3/snuff_ros2/ros2_ws/install/usb_cam/share/usb_cam/hook/cmake_prefix_path.dsv'
[2.393s] INFO:colcon.colcon_core.shell:Creating environment hook '/home/tannernelson3/snuff_ros2/ros2_ws/install/usb_cam/share/usb_cam/hook/cmake_prefix_path.sh'
[2.394s] Level 1:colcon.colcon_core.environment:checking '/home/tannernelson3/snuff_ros2/ros2_ws/install/usb_cam/lib'
[2.395s] Level 1:colcon.colcon_core.shell:create_environment_hook('usb_cam', 'ld_library_path_lib')
[2.418s] INFO:colcon.colcon_core.shell:Creating environment hook '/home/tannernelson3/snuff_ros2/ros2_ws/install/usb_cam/share/usb_cam/hook/ld_library_path_lib.ps1'
[2.418s] INFO:colcon.colcon_core.shell:Creating environment descriptor '/home/tannernelson3/snuff_ros2/ros2_ws/install/usb_cam/share/usb_cam/hook/ld_library_path_lib.dsv'
[2.419s] INFO:colcon.colcon_core.shell:Creating environment hook '/home/tannernelson3/snuff_ros2/ros2_ws/install/usb_cam/share/usb_cam/hook/ld_library_path_lib.sh'
[2.419s] Level 1:colcon.colcon_core.environment:checking '/home/tannernelson3/snuff_ros2/ros2_ws/install/usb_cam/bin'
[2.419s] Level 1:colcon.colcon_core.environment:checking '/home/tannernelson3/snuff_ros2/ros2_ws/install/usb_cam/lib/pkgconfig/usb_cam.pc'
[2.420s] Level 1:colcon.colcon_core.environment:checking '/home/tannernelson3/snuff_ros2/ros2_ws/install/usb_cam/lib/python3.10/site-packages'
[2.420s] Level 1:colcon.colcon_core.environment:checking '/home/tannernelson3/snuff_ros2/ros2_ws/install/usb_cam/bin'
[2.442s] INFO:colcon.colcon_core.shell:Creating package script '/home/tannernelson3/snuff_ros2/ros2_ws/install/usb_cam/share/usb_cam/package.ps1'
[2.444s] INFO:colcon.colcon_core.shell:Creating package descriptor '/home/tannernelson3/snuff_ros2/ros2_ws/install/usb_cam/share/usb_cam/package.dsv'
[2.444s] INFO:colcon.colcon_core.shell:Creating package script '/home/tannernelson3/snuff_ros2/ros2_ws/install/usb_cam/share/usb_cam/package.sh'
[2.445s] INFO:colcon.colcon_core.shell:Creating package script '/home/tannernelson3/snuff_ros2/ros2_ws/install/usb_cam/share/usb_cam/package.bash'
[2.446s] INFO:colcon.colcon_core.shell:Creating package script '/home/tannernelson3/snuff_ros2/ros2_ws/install/usb_cam/share/usb_cam/package.zsh'
[2.447s] Level 1:colcon.colcon_core.environment:create_file_with_runtime_dependencies(/home/tannernelson3/snuff_ros2/ros2_ws/install/usb_cam/share/colcon-core/packages/usb_cam)
[2.520s] Level 1:colcon.colcon_core.environment:create_environment_scripts_only(usb_cam)
[2.542s] Level 1:colcon.colcon_core.environment:checking '/home/tannernelson3/snuff_ros2/ros2_ws/install/usb_cam' for CMake module files
[2.543s] Level 1:colcon.colcon_core.environment:checking '/home/tannernelson3/snuff_ros2/ros2_ws/install/usb_cam' for CMake config files
[2.543s] Level 1:colcon.colcon_core.shell:create_environment_hook('usb_cam', 'cmake_prefix_path')
[2.569s] INFO:colcon.colcon_core.shell:Creating environment hook '/home/tannernelson3/snuff_ros2/ros2_ws/install/usb_cam/share/usb_cam/hook/cmake_prefix_path.ps1'
[2.569s] INFO:colcon.colcon_core.shell:Creating environment descriptor '/home/tannernelson3/snuff_ros2/ros2_ws/install/usb_cam/share/usb_cam/hook/cmake_prefix_path.dsv'
[2.570s] INFO:colcon.colcon_core.shell:Creating environment hook '/home/tannernelson3/snuff_ros2/ros2_ws/install/usb_cam/share/usb_cam/hook/cmake_prefix_path.sh'
[2.571s] Level 1:colcon.colcon_core.environment:checking '/home/tannernelson3/snuff_ros2/ros2_ws/install/usb_cam/lib'
[2.571s] Level 1:colcon.colcon_core.shell:create_environment_hook('usb_cam', 'ld_library_path_lib')
[2.594s] INFO:colcon.colcon_core.shell:Creating environment hook '/home/tannernelson3/snuff_ros2/ros2_ws/install/usb_cam/share/usb_cam/hook/ld_library_path_lib.ps1'
[2.595s] INFO:colcon.colcon_core.shell:Creating environment descriptor '/home/tannernelson3/snuff_ros2/ros2_ws/install/usb_cam/share/usb_cam/hook/ld_library_path_lib.dsv'
[2.595s] INFO:colcon.colcon_core.shell:Creating environment hook '/home/tannernelson3/snuff_ros2/ros2_ws/install/usb_cam/share/usb_cam/hook/ld_library_path_lib.sh'
[2.596s] Level 1:colcon.colcon_core.environment:checking '/home/tannernelson3/snuff_ros2/ros2_ws/install/usb_cam/bin'
[2.596s] Level 1:colcon.colcon_core.environment:checking '/home/tannernelson3/snuff_ros2/ros2_ws/install/usb_cam/lib/pkgconfig/usb_cam.pc'
[2.596s] Level 1:colcon.colcon_core.environment:checking '/home/tannernelson3/snuff_ros2/ros2_ws/install/usb_cam/lib/python3.10/site-packages'
[2.597s] Level 1:colcon.colcon_core.environment:checking '/home/tannernelson3/snuff_ros2/ros2_ws/install/usb_cam/bin'
[2.621s] INFO:colcon.colcon_core.shell:Creating package script '/home/tannernelson3/snuff_ros2/ros2_ws/install/usb_cam/share/usb_cam/package.ps1'
[2.622s] INFO:colcon.colcon_core.shell:Creating package descriptor '/home/tannernelson3/snuff_ros2/ros2_ws/install/usb_cam/share/usb_cam/package.dsv'
[2.623s] INFO:colcon.colcon_core.shell:Creating package script '/home/tannernelson3/snuff_ros2/ros2_ws/install/usb_cam/share/usb_cam/package.sh'
[2.623s] INFO:colcon.colcon_core.shell:Creating package script '/home/tannernelson3/snuff_ros2/ros2_ws/install/usb_cam/share/usb_cam/package.bash'
[2.624s] INFO:colcon.colcon_core.shell:Creating package script '/home/tannernelson3/snuff_ros2/ros2_ws/install/usb_cam/share/usb_cam/package.zsh'
[2.624s] Level 1:colcon.colcon_core.environment:create_file_with_runtime_dependencies(/home/tannernelson3/snuff_ros2/ros2_ws/install/usb_cam/share/colcon-core/packages/usb_cam)
[2.626s] DEBUG:colcon.colcon_core.event_handler.log_command:Invoked command in '/home/tannernelson3/snuff_ros2/ros2_ws/build/snuff' returned '0': CMAKE_PREFIX_PATH=${CMAKE_PREFIX_PATH}:/opt/ros/iron /usr/bin/cmake --build /home/tannernelson3/snuff_ros2/ros2_ws/build/snuff -- -j4 -l4
[2.654s] DEBUG:colcon.colcon_core.event_handler.log_command:Invoking command in '/home/tannernelson3/snuff_ros2/ros2_ws/build/snuff': CMAKE_PREFIX_PATH=${CMAKE_PREFIX_PATH}:/opt/ros/iron /usr/bin/cmake --install /home/tannernelson3/snuff_ros2/ros2_ws/build/snuff
[2.716s] Level 1:colcon.colcon_core.environment:create_environment_scripts_only(snuff)
[2.717s] DEBUG:colcon.colcon_core.event_handler.log_command:Invoked command in '/home/tannernelson3/snuff_ros2/ros2_ws/build/snuff' returned '0': CMAKE_PREFIX_PATH=${CMAKE_PREFIX_PATH}:/opt/ros/iron /usr/bin/cmake --install /home/tannernelson3/snuff_ros2/ros2_ws/build/snuff
[2.738s] Level 1:colcon.colcon_core.environment:checking '/home/tannernelson3/snuff_ros2/ros2_ws/install/snuff' for CMake module files
[2.738s] Level 1:colcon.colcon_core.environment:checking '/home/tannernelson3/snuff_ros2/ros2_ws/install/snuff' for CMake config files
[2.739s] Level 1:colcon.colcon_core.shell:create_environment_hook('snuff', 'cmake_prefix_path')
[2.760s] INFO:colcon.colcon_core.shell:Creating environment hook '/home/tannernelson3/snuff_ros2/ros2_ws/install/snuff/share/snuff/hook/cmake_prefix_path.ps1'
[2.760s] INFO:colcon.colcon_core.shell:Creating environment descriptor '/home/tannernelson3/snuff_ros2/ros2_ws/install/snuff/share/snuff/hook/cmake_prefix_path.dsv'
[2.761s] INFO:colcon.colcon_core.shell:Creating environment hook '/home/tannernelson3/snuff_ros2/ros2_ws/install/snuff/share/snuff/hook/cmake_prefix_path.sh'
[2.761s] Level 1:colcon.colcon_core.environment:checking '/home/tannernelson3/snuff_ros2/ros2_ws/install/snuff/lib'
[2.761s] Level 1:colcon.colcon_core.environment:checking '/home/tannernelson3/snuff_ros2/ros2_ws/install/snuff/bin'
[2.762s] Level 1:colcon.colcon_core.environment:checking '/home/tannernelson3/snuff_ros2/ros2_ws/install/snuff/lib/pkgconfig/snuff.pc'
[2.762s] Level 1:colcon.colcon_core.environment:checking '/home/tannernelson3/snuff_ros2/ros2_ws/install/snuff/lib/python3.10/site-packages'
[2.762s] Level 1:colcon.colcon_core.shell:create_environment_hook('snuff', 'pythonpath')
[2.783s] INFO:colcon.colcon_core.shell:Creating environment hook '/home/tannernelson3/snuff_ros2/ros2_ws/install/snuff/share/snuff/hook/pythonpath.ps1'
[2.784s] INFO:colcon.colcon_core.shell:Creating environment descriptor '/home/tannernelson3/snuff_ros2/ros2_ws/install/snuff/share/snuff/hook/pythonpath.dsv'
[2.784s] INFO:colcon.colcon_core.shell:Creating environment hook '/home/tannernelson3/snuff_ros2/ros2_ws/install/snuff/share/snuff/hook/pythonpath.sh'
[2.785s] Level 1:colcon.colcon_core.environment:checking '/home/tannernelson3/snuff_ros2/ros2_ws/install/snuff/bin'
[2.807s] INFO:colcon.colcon_core.shell:Creating package script '/home/tannernelson3/snuff_ros2/ros2_ws/install/snuff/share/snuff/package.ps1'
[2.807s] INFO:colcon.colcon_core.shell:Creating package descriptor '/home/tannernelson3/snuff_ros2/ros2_ws/install/snuff/share/snuff/package.dsv'
[2.808s] INFO:colcon.colcon_core.shell:Creating package script '/home/tannernelson3/snuff_ros2/ros2_ws/install/snuff/share/snuff/package.sh'
[2.808s] INFO:colcon.colcon_core.shell:Creating package script '/home/tannernelson3/snuff_ros2/ros2_ws/install/snuff/share/snuff/package.bash'
[2.809s] INFO:colcon.colcon_core.shell:Creating package script '/home/tannernelson3/snuff_ros2/ros2_ws/install/snuff/share/snuff/package.zsh'
[2.809s] Level 1:colcon.colcon_core.environment:create_file_with_runtime_dependencies(/home/tannernelson3/snuff_ros2/ros2_ws/install/snuff/share/colcon-core/packages/snuff)
[2.858s] Level 1:colcon.colcon_core.environment:create_environment_scripts_only(snuff)
[2.879s] Level 1:colcon.colcon_core.environment:checking '/home/tannernelson3/snuff_ros2/ros2_ws/install/snuff' for CMake module files
[2.880s] Level 1:colcon.colcon_core.environment:checking '/home/tannernelson3/snuff_ros2/ros2_ws/install/snuff' for CMake config files
[2.880s] Level 1:colcon.colcon_core.shell:create_environment_hook('snuff', 'cmake_prefix_path')
[2.901s] INFO:colcon.colcon_core.shell:Creating environment hook '/home/tannernelson3/snuff_ros2/ros2_ws/install/snuff/share/snuff/hook/cmake_prefix_path.ps1'
[2.902s] INFO:colcon.colcon_core.shell:Creating environment descriptor '/home/tannernelson3/snuff_ros2/ros2_ws/install/snuff/share/snuff/hook/cmake_prefix_path.dsv'
[2.903s] INFO:colcon.colcon_core.shell:Creating environment hook '/home/tannernelson3/snuff_ros2/ros2_ws/install/snuff/share/snuff/hook/cmake_prefix_path.sh'
[2.903s] Level 1:colcon.colcon_core.environment:checking '/home/tannernelson3/snuff_ros2/ros2_ws/install/snuff/lib'
[2.903s] Level 1:colcon.colcon_core.environment:checking '/home/tannernelson3/snuff_ros2/ros2_ws/install/snuff/bin'
[2.904s] Level 1:colcon.colcon_core.environment:checking '/home/tannernelson3/snuff_ros2/ros2_ws/install/snuff/lib/pkgconfig/snuff.pc'
[2.904s] Level 1:colcon.colcon_core.environment:checking '/home/tannernelson3/snuff_ros2/ros2_ws/install/snuff/lib/python3.10/site-packages'
[2.904s] Level 1:colcon.colcon_core.shell:create_environment_hook('snuff', 'pythonpath')
[2.925s] INFO:colcon.colcon_core.shell:Creating environment hook '/home/tannernelson3/snuff_ros2/ros2_ws/install/snuff/share/snuff/hook/pythonpath.ps1'
[2.926s] INFO:colcon.colcon_core.shell:Creating environment descriptor '/home/tannernelson3/snuff_ros2/ros2_ws/install/snuff/share/snuff/hook/pythonpath.dsv'
[2.926s] INFO:colcon.colcon_core.shell:Creating environment hook '/home/tannernelson3/snuff_ros2/ros2_ws/install/snuff/share/snuff/hook/pythonpath.sh'
[2.927s] Level 1:colcon.colcon_core.environment:checking '/home/tannernelson3/snuff_ros2/ros2_ws/install/snuff/bin'
[2.948s] INFO:colcon.colcon_core.shell:Creating package script '/home/tannernelson3/snuff_ros2/ros2_ws/install/snuff/share/snuff/package.ps1'
[2.949s] INFO:colcon.colcon_core.shell:Creating package descriptor '/home/tannernelson3/snuff_ros2/ros2_ws/install/snuff/share/snuff/package.dsv'
[2.949s] INFO:colcon.colcon_core.shell:Creating package script '/home/tannernelson3/snuff_ros2/ros2_ws/install/snuff/share/snuff/package.sh'
[2.950s] INFO:colcon.colcon_core.shell:Creating package script '/home/tannernelson3/snuff_ros2/ros2_ws/install/snuff/share/snuff/package.bash'
[2.950s] INFO:colcon.colcon_core.shell:Creating package script '/home/tannernelson3/snuff_ros2/ros2_ws/install/snuff/share/snuff/package.zsh'
[2.951s] Level 1:colcon.colcon_core.environment:create_file_with_runtime_dependencies(/home/tannernelson3/snuff_ros2/ros2_ws/install/snuff/share/colcon-core/packages/snuff)
[2.951s] DEBUG:colcon.colcon_parallel_executor.executor.parallel:closing loop
[2.952s] DEBUG:colcon.colcon_parallel_executor.executor.parallel:loop closed
[2.952s] DEBUG:colcon.colcon_parallel_executor.executor.parallel:run_until_complete finished with '0'
[2.952s] DEBUG:colcon.colcon_core.event_reactor:joining thread
[2.979s] INFO:colcon.colcon_core.plugin_system:Skipping extension 'colcon_notification.desktop_notification.terminal_notifier': Not used on non-Darwin systems
[2.979s] INFO:colcon.colcon_core.plugin_system:Skipping extension 'colcon_notification.desktop_notification.win32': Not used on non-Windows systems
[2.979s] INFO:colcon.colcon_notification.desktop_notification:Sending desktop notification using 'notify2'
[2.991s] DEBUG:colcon.colcon_core.event_reactor:joined thread
[3.013s] INFO:colcon.colcon_core.shell:Creating prefix script '/home/tannernelson3/snuff_ros2/ros2_ws/install/local_setup.ps1'
[3.014s] INFO:colcon.colcon_core.shell:Creating prefix util module '/home/tannernelson3/snuff_ros2/ros2_ws/install/_local_setup_util_ps1.py'
[3.015s] INFO:colcon.colcon_core.shell:Creating prefix chain script '/home/tannernelson3/snuff_ros2/ros2_ws/install/setup.ps1'
[3.037s] INFO:colcon.colcon_core.shell:Creating prefix script '/home/tannernelson3/snuff_ros2/ros2_ws/install/local_setup.sh'
[3.038s] INFO:colcon.colcon_core.shell:Creating prefix util module '/home/tannernelson3/snuff_ros2/ros2_ws/install/_local_setup_util_sh.py'
[3.039s] INFO:colcon.colcon_core.shell:Creating prefix chain script '/home/tannernelson3/snuff_ros2/ros2_ws/install/setup.sh'
[3.061s] INFO:colcon.colcon_core.shell:Creating prefix script '/home/tannernelson3/snuff_ros2/ros2_ws/install/local_setup.bash'
[3.061s] INFO:colcon.colcon_core.shell:Creating prefix chain script '/home/tannernelson3/snuff_ros2/ros2_ws/install/setup.bash'
[3.083s] INFO:colcon.colcon_core.shell:Creating prefix script '/home/tannernelson3/snuff_ros2/ros2_ws/install/local_setup.zsh'
[3.084s] INFO:colcon.colcon_core.shell:Creating prefix chain script '/home/tannernelson3/snuff_ros2/ros2_ws/install/setup.zsh'
