[0.914s] Invoking command in '/home/tannernelson3/ROS/ros/ros2_ws/src/py_srvcli': PYTHONPATH=/home/tannernelson3/ROS/ros/ros2_ws/build/py_srvcli/prefix_override:/home/tannernelson3/ROS/ros/ros2_ws/install/py_srvcli/lib/python3.10/site-packages:${PYTHONPATH} /usr/bin/python3 setup.py egg_info --egg-base ../../build/py_srvcli build --build-base /home/tannernelson3/ROS/ros/ros2_ws/build/py_srvcli/build install --record /home/tannernelson3/ROS/ros/ros2_ws/build/py_srvcli/install.log --single-version-externally-managed
[1.219s] running egg_info
[1.220s] writing ../../build/py_srvcli/py_srvcli.egg-info/PKG-INFO
[1.221s] writing dependency_links to ../../build/py_srvcli/py_srvcli.egg-info/dependency_links.txt
[1.221s] writing entry points to ../../build/py_srvcli/py_srvcli.egg-info/entry_points.txt
[1.221s] writing requirements to ../../build/py_srvcli/py_srvcli.egg-info/requires.txt
[1.221s] writing top-level names to ../../build/py_srvcli/py_srvcli.egg-info/top_level.txt
[1.224s] reading manifest file '../../build/py_srvcli/py_srvcli.egg-info/SOURCES.txt'
[1.225s] writing manifest file '../../build/py_srvcli/py_srvcli.egg-info/SOURCES.txt'
[1.225s] running build
[1.226s] running build_py
[1.226s] running install
[1.227s] /usr/lib/python3/dist-packages/setuptools/command/install.py:34: SetuptoolsDeprecationWarning: setup.py install is deprecated. Use build and pip and other standards-based tools.
[1.227s]   warnings.warn(
[1.227s] running install_lib
[1.229s] running install_data
[1.230s] running install_egg_info
[1.232s] removing '/home/tannernelson3/ROS/ros/ros2_ws/install/py_srvcli/lib/python3.10/site-packages/py_srvcli-0.0.0-py3.10.egg-info' (and everything under it)
[1.232s] Copying ../../build/py_srvcli/py_srvcli.egg-info to /home/tannernelson3/ROS/ros/ros2_ws/install/py_srvcli/lib/python3.10/site-packages/py_srvcli-0.0.0-py3.10.egg-info
[1.234s] running install_scripts
[1.261s] Installing client script to /home/tannernelson3/ROS/ros/ros2_ws/install/py_srvcli/lib/py_srvcli
[1.261s] Installing service script to /home/tannernelson3/ROS/ros/ros2_ws/install/py_srvcli/lib/py_srvcli
[1.262s] writing list of installed files to '/home/tannernelson3/ROS/ros/ros2_ws/build/py_srvcli/install.log'
[1.294s] Invoked command in '/home/tannernelson3/ROS/ros/ros2_ws/src/py_srvcli' returned '0': PYTHONPATH=/home/tannernelson3/ROS/ros/ros2_ws/build/py_srvcli/prefix_override:/home/tannernelson3/ROS/ros/ros2_ws/install/py_srvcli/lib/python3.10/site-packages:${PYTHONPATH} /usr/bin/python3 setup.py egg_info --egg-base ../../build/py_srvcli build --build-base /home/tannernelson3/ROS/ros/ros2_ws/build/py_srvcli/build install --record /home/tannernelson3/ROS/ros/ros2_ws/build/py_srvcli/install.log --single-version-externally-managed
