[0.356s] DEBUG:colcon:Command line arguments: ['/usr/bin/colcon', 'build', '--packages-select', 'usb_cam']
[0.356s] DEBUG:colcon:Parsed command line arguments: Namespace(log_base=None, log_level=None, verb_name='build', build_base='build', install_base='install', merge_install=False, symlink_install=False, test_result_base=None, continue_on_error=False, executor='parallel', parallel_workers=8, event_handlers=None, ignore_user_meta=False, metas=['./colcon.meta'], base_paths=['.'], packages_ignore=None, packages_ignore_regex=None, paths=None, packages_up_to=None, packages_up_to_regex=None, packages_above=None, packages_above_and_dependencies=None, packages_above_depth=None, packages_select_by_dep=None, packages_skip_by_dep=None, packages_skip_up_to=None, packages_select_build_failed=False, packages_skip_build_finished=False, packages_select_test_failures=False, packages_skip_test_passed=False, packages_select=['usb_cam'], packages_skip=None, packages_select_regex=None, packages_skip_regex=None, packages_start=None, packages_end=None, allow_overriding=[], cmake_args=None, cmake_target=None, cmake_target_skip_unavailable=False, cmake_clean_cache=False, cmake_clean_first=False, cmake_force_configure=False, ament_cmake_args=None, catkin_cmake_args=None, catkin_skip_building_tests=False, verb_parser=<colcon_defaults.argument_parser.defaults.DefaultArgumentsDecorator object at 0x7fa0c2c1ec20>, verb_extension=<colcon_core.verb.build.BuildVerb object at 0x7fa0c369f2e0>, main=<bound method BuildVerb.main of <colcon_core.verb.build.BuildVerb object at 0x7fa0c369f2e0>>)
[0.380s] Level 1:colcon.colcon_core.package_discovery:discover_packages(colcon_meta) check parameters
[0.380s] Level 1:colcon.colcon_core.package_discovery:discover_packages(recursive) check parameters
[0.381s] Level 1:colcon.colcon_core.package_discovery:discover_packages(ignore) check parameters
[0.381s] Level 1:colcon.colcon_core.package_discovery:discover_packages(path) check parameters
[0.381s] Level 1:colcon.colcon_core.package_discovery:discover_packages(colcon_meta) discover
[0.381s] Level 1:colcon.colcon_core.package_discovery:discover_packages(recursive) discover
[0.381s] INFO:colcon.colcon_core.package_discovery:Crawling recursively for packages in '/home/tannernelson3/ROS/ros/ros2_ws'
[0.381s] Level 1:colcon.colcon_core.package_identification:_identify(.) by extensions ['ignore', 'ignore_ament_install']
[0.381s] Level 1:colcon.colcon_core.package_identification:_identify(.) by extension 'ignore'
[0.381s] Level 1:colcon.colcon_core.package_identification:_identify(.) by extension 'ignore_ament_install'
[0.381s] Level 1:colcon.colcon_core.package_identification:_identify(.) by extensions ['colcon_pkg']
[0.381s] Level 1:colcon.colcon_core.package_identification:_identify(.) by extension 'colcon_pkg'
[0.381s] Level 1:colcon.colcon_core.package_identification:_identify(.) by extensions ['colcon_meta']
[0.381s] Level 1:colcon.colcon_core.package_identification:_identify(.) by extension 'colcon_meta'
[0.381s] Level 1:colcon.colcon_core.package_identification:_identify(.) by extensions ['ros']
[0.381s] Level 1:colcon.colcon_core.package_identification:_identify(.) by extension 'ros'
[0.392s] Level 1:colcon.colcon_core.package_identification:_identify(.) by extensions ['cmake', 'python']
[0.392s] Level 1:colcon.colcon_core.package_identification:_identify(.) by extension 'cmake'
[0.392s] Level 1:colcon.colcon_core.package_identification:_identify(.) by extension 'python'
[0.392s] Level 1:colcon.colcon_core.package_identification:_identify(.) by extensions ['python_setup_py']
[0.392s] Level 1:colcon.colcon_core.package_identification:_identify(.) by extension 'python_setup_py'
[0.392s] Level 1:colcon.colcon_core.package_identification:_identify(build) by extensions ['ignore', 'ignore_ament_install']
[0.392s] Level 1:colcon.colcon_core.package_identification:_identify(build) by extension 'ignore'
[0.392s] Level 1:colcon.colcon_core.package_identification:_identify(build) ignored
[0.393s] Level 1:colcon.colcon_core.package_identification:_identify(install) by extensions ['ignore', 'ignore_ament_install']
[0.393s] Level 1:colcon.colcon_core.package_identification:_identify(install) by extension 'ignore'
[0.393s] Level 1:colcon.colcon_core.package_identification:_identify(install) ignored
[0.393s] Level 1:colcon.colcon_core.package_identification:_identify(log) by extensions ['ignore', 'ignore_ament_install']
[0.393s] Level 1:colcon.colcon_core.package_identification:_identify(log) by extension 'ignore'
[0.393s] Level 1:colcon.colcon_core.package_identification:_identify(log) ignored
[0.393s] Level 1:colcon.colcon_core.package_identification:_identify(src) by extensions ['ignore', 'ignore_ament_install']
[0.393s] Level 1:colcon.colcon_core.package_identification:_identify(src) by extension 'ignore'
[0.393s] Level 1:colcon.colcon_core.package_identification:_identify(src) by extension 'ignore_ament_install'
[0.393s] Level 1:colcon.colcon_core.package_identification:_identify(src) by extensions ['colcon_pkg']
[0.393s] Level 1:colcon.colcon_core.package_identification:_identify(src) by extension 'colcon_pkg'
[0.393s] Level 1:colcon.colcon_core.package_identification:_identify(src) by extensions ['colcon_meta']
[0.393s] Level 1:colcon.colcon_core.package_identification:_identify(src) by extension 'colcon_meta'
[0.393s] Level 1:colcon.colcon_core.package_identification:_identify(src) by extensions ['ros']
[0.393s] Level 1:colcon.colcon_core.package_identification:_identify(src) by extension 'ros'
[0.394s] Level 1:colcon.colcon_core.package_identification:_identify(src) by extensions ['cmake', 'python']
[0.394s] Level 1:colcon.colcon_core.package_identification:_identify(src) by extension 'cmake'
[0.394s] Level 1:colcon.colcon_core.package_identification:_identify(src) by extension 'python'
[0.394s] Level 1:colcon.colcon_core.package_identification:_identify(src) by extensions ['python_setup_py']
[0.394s] Level 1:colcon.colcon_core.package_identification:_identify(src) by extension 'python_setup_py'
[0.394s] Level 1:colcon.colcon_core.package_identification:_identify(src/py_srvcli) by extensions ['ignore', 'ignore_ament_install']
[0.394s] Level 1:colcon.colcon_core.package_identification:_identify(src/py_srvcli) by extension 'ignore'
[0.394s] Level 1:colcon.colcon_core.package_identification:_identify(src/py_srvcli) by extension 'ignore_ament_install'
[0.394s] Level 1:colcon.colcon_core.package_identification:_identify(src/py_srvcli) by extensions ['colcon_pkg']
[0.394s] Level 1:colcon.colcon_core.package_identification:_identify(src/py_srvcli) by extension 'colcon_pkg'
[0.394s] Level 1:colcon.colcon_core.package_identification:_identify(src/py_srvcli) by extensions ['colcon_meta']
[0.394s] Level 1:colcon.colcon_core.package_identification:_identify(src/py_srvcli) by extension 'colcon_meta'
[0.394s] Level 1:colcon.colcon_core.package_identification:_identify(src/py_srvcli) by extensions ['ros']
[0.394s] Level 1:colcon.colcon_core.package_identification:_identify(src/py_srvcli) by extension 'ros'
[0.398s] DEBUG:colcon.colcon_core.package_identification:Package 'src/py_srvcli' with type 'ros.ament_python' and name 'py_srvcli'
[0.398s] Level 1:colcon.colcon_core.package_identification:_identify(src/usb_cam) by extensions ['ignore', 'ignore_ament_install']
[0.398s] Level 1:colcon.colcon_core.package_identification:_identify(src/usb_cam) by extension 'ignore'
[0.398s] Level 1:colcon.colcon_core.package_identification:_identify(src/usb_cam) by extension 'ignore_ament_install'
[0.398s] Level 1:colcon.colcon_core.package_identification:_identify(src/usb_cam) by extensions ['colcon_pkg']
[0.398s] Level 1:colcon.colcon_core.package_identification:_identify(src/usb_cam) by extension 'colcon_pkg'
[0.398s] Level 1:colcon.colcon_core.package_identification:_identify(src/usb_cam) by extensions ['colcon_meta']
[0.398s] Level 1:colcon.colcon_core.package_identification:_identify(src/usb_cam) by extension 'colcon_meta'
[0.398s] Level 1:colcon.colcon_core.package_identification:_identify(src/usb_cam) by extensions ['ros']
[0.398s] Level 1:colcon.colcon_core.package_identification:_identify(src/usb_cam) by extension 'ros'
[0.400s] DEBUG:colcon.colcon_core.package_identification:Package 'src/usb_cam' with type 'ros.ament_cmake' and name 'usb_cam'
[0.400s] Level 1:colcon.colcon_core.package_discovery:discover_packages(recursive) using defaults
[0.400s] Level 1:colcon.colcon_core.package_discovery:discover_packages(ignore) discover
[0.400s] Level 1:colcon.colcon_core.package_discovery:discover_packages(ignore) using defaults
[0.400s] Level 1:colcon.colcon_core.package_discovery:discover_packages(path) discover
[0.400s] Level 1:colcon.colcon_core.package_discovery:discover_packages(path) using defaults
[0.422s] INFO:colcon.colcon_core.package_selection:Skipping not selected package 'py_srvcli' in 'src/py_srvcli'
[0.422s] Level 1:colcon.colcon_core.package_discovery:discover_packages(prefix_path) check parameters
[0.422s] Level 1:colcon.colcon_core.package_discovery:discover_packages(prefix_path) discover
[0.426s] DEBUG:colcon.colcon_installed_package_information.package_discovery:Found 288 installed packages in /opt/ros/iron
[0.427s] Level 1:colcon.colcon_core.package_discovery:discover_packages(prefix_path) using defaults
[0.474s] Level 5:colcon.colcon_core.verb:set package 'usb_cam' build argument 'cmake_args' from command line to 'None'
[0.475s] Level 5:colcon.colcon_core.verb:set package 'usb_cam' build argument 'cmake_target' from command line to 'None'
[0.475s] Level 5:colcon.colcon_core.verb:set package 'usb_cam' build argument 'cmake_target_skip_unavailable' from command line to 'False'
[0.475s] Level 5:colcon.colcon_core.verb:set package 'usb_cam' build argument 'cmake_clean_cache' from command line to 'False'
[0.475s] Level 5:colcon.colcon_core.verb:set package 'usb_cam' build argument 'cmake_clean_first' from command line to 'False'
[0.475s] Level 5:colcon.colcon_core.verb:set package 'usb_cam' build argument 'cmake_force_configure' from command line to 'False'
[0.475s] Level 5:colcon.colcon_core.verb:set package 'usb_cam' build argument 'ament_cmake_args' from command line to 'None'
[0.475s] Level 5:colcon.colcon_core.verb:set package 'usb_cam' build argument 'catkin_cmake_args' from command line to 'None'
[0.475s] Level 5:colcon.colcon_core.verb:set package 'usb_cam' build argument 'catkin_skip_building_tests' from command line to 'False'
[0.475s] DEBUG:colcon.colcon_core.verb:Building package 'usb_cam' with the following arguments: {'ament_cmake_args': None, 'build_base': '/home/tannernelson3/ROS/ros/ros2_ws/build/usb_cam', 'catkin_cmake_args': None, 'catkin_skip_building_tests': False, 'cmake_args': None, 'cmake_clean_cache': False, 'cmake_clean_first': False, 'cmake_force_configure': False, 'cmake_target': None, 'cmake_target_skip_unavailable': False, 'install_base': '/home/tannernelson3/ROS/ros/ros2_ws/install/usb_cam', 'merge_install': False, 'path': '/home/tannernelson3/ROS/ros/ros2_ws/src/usb_cam', 'symlink_install': False, 'test_result_base': None}
[0.476s] INFO:colcon.colcon_core.executor:Executing jobs using 'parallel' executor
[0.479s] DEBUG:colcon.colcon_parallel_executor.executor.parallel:run_until_complete
[0.479s] INFO:colcon.colcon_ros.task.ament_cmake.build:Building ROS package in '/home/tannernelson3/ROS/ros/ros2_ws/src/usb_cam' with build type 'ament_cmake'
[0.479s] INFO:colcon.colcon_cmake.task.cmake.build:Building CMake package in '/home/tannernelson3/ROS/ros/ros2_ws/src/usb_cam'
[0.484s] INFO:colcon.colcon_core.plugin_system:Skipping extension 'colcon_core.shell.bat': Not used on non-Windows systems
[0.484s] INFO:colcon.colcon_core.shell:Skip shell extension 'powershell' for command environment: Not usable outside of PowerShell
[0.484s] DEBUG:colcon.colcon_core.shell:Skip shell extension 'dsv' for command environment
[0.497s] DEBUG:colcon.colcon_core.event_handler.log_command:Invoking command in '/home/tannernelson3/ROS/ros/ros2_ws/build/usb_cam': CMAKE_PREFIX_PATH=/opt/ros/iron /usr/bin/cmake /home/tannernelson3/ROS/ros/ros2_ws/src/usb_cam -DCMAKE_INSTALL_PREFIX=/home/tannernelson3/ROS/ros/ros2_ws/install/usb_cam
[4.337s] DEBUG:colcon.colcon_core.event_handler.log_command:Invoked command in '/home/tannernelson3/ROS/ros/ros2_ws/build/usb_cam' returned '0': CMAKE_PREFIX_PATH=/opt/ros/iron /usr/bin/cmake /home/tannernelson3/ROS/ros/ros2_ws/src/usb_cam -DCMAKE_INSTALL_PREFIX=/home/tannernelson3/ROS/ros/ros2_ws/install/usb_cam
[4.339s] DEBUG:colcon.colcon_core.event_handler.log_command:Invoking command in '/home/tannernelson3/ROS/ros/ros2_ws/build/usb_cam': CMAKE_PREFIX_PATH=/opt/ros/iron /usr/bin/cmake --build /home/tannernelson3/ROS/ros/ros2_ws/build/usb_cam -- -j8 -l8
[13.880s] DEBUG:colcon.colcon_core.event_handler.log_command:Invoked command in '/home/tannernelson3/ROS/ros/ros2_ws/build/usb_cam' returned '0': CMAKE_PREFIX_PATH=/opt/ros/iron /usr/bin/cmake --build /home/tannernelson3/ROS/ros/ros2_ws/build/usb_cam -- -j8 -l8
[13.998s] DEBUG:colcon.colcon_core.event_handler.log_command:Invoking command in '/home/tannernelson3/ROS/ros/ros2_ws/build/usb_cam': CMAKE_PREFIX_PATH=/opt/ros/iron /usr/bin/cmake --install /home/tannernelson3/ROS/ros/ros2_ws/build/usb_cam
[14.027s] Level 1:colcon.colcon_core.environment:create_environment_scripts_only(usb_cam)
[14.028s] DEBUG:colcon.colcon_core.event_handler.log_command:Invoked command in '/home/tannernelson3/ROS/ros/ros2_ws/build/usb_cam' returned '0': CMAKE_PREFIX_PATH=/opt/ros/iron /usr/bin/cmake --install /home/tannernelson3/ROS/ros/ros2_ws/build/usb_cam
[14.039s] Level 1:colcon.colcon_core.environment:checking '/home/tannernelson3/ROS/ros/ros2_ws/install/usb_cam' for CMake module files
[14.041s] Level 1:colcon.colcon_core.environment:checking '/home/tannernelson3/ROS/ros/ros2_ws/install/usb_cam' for CMake config files
[14.042s] Level 1:colcon.colcon_core.shell:create_environment_hook('usb_cam', 'cmake_prefix_path')
[14.046s] INFO:colcon.colcon_core.shell:Creating environment hook '/home/tannernelson3/ROS/ros/ros2_ws/install/usb_cam/share/usb_cam/hook/cmake_prefix_path.ps1'
[14.048s] INFO:colcon.colcon_core.shell:Creating environment descriptor '/home/tannernelson3/ROS/ros/ros2_ws/install/usb_cam/share/usb_cam/hook/cmake_prefix_path.dsv'
[14.049s] INFO:colcon.colcon_core.shell:Creating environment hook '/home/tannernelson3/ROS/ros/ros2_ws/install/usb_cam/share/usb_cam/hook/cmake_prefix_path.sh'
[14.051s] Level 1:colcon.colcon_core.environment:checking '/home/tannernelson3/ROS/ros/ros2_ws/install/usb_cam/lib'
[14.051s] Level 1:colcon.colcon_core.shell:create_environment_hook('usb_cam', 'ld_library_path_lib')
[14.055s] INFO:colcon.colcon_core.shell:Creating environment hook '/home/tannernelson3/ROS/ros/ros2_ws/install/usb_cam/share/usb_cam/hook/ld_library_path_lib.ps1'
[14.056s] INFO:colcon.colcon_core.shell:Creating environment descriptor '/home/tannernelson3/ROS/ros/ros2_ws/install/usb_cam/share/usb_cam/hook/ld_library_path_lib.dsv'
[14.057s] INFO:colcon.colcon_core.shell:Creating environment hook '/home/tannernelson3/ROS/ros/ros2_ws/install/usb_cam/share/usb_cam/hook/ld_library_path_lib.sh'
[14.058s] Level 1:colcon.colcon_core.environment:checking '/home/tannernelson3/ROS/ros/ros2_ws/install/usb_cam/bin'
[14.058s] Level 1:colcon.colcon_core.environment:checking '/home/tannernelson3/ROS/ros/ros2_ws/install/usb_cam/lib/pkgconfig/usb_cam.pc'
[14.059s] Level 1:colcon.colcon_core.environment:checking '/home/tannernelson3/ROS/ros/ros2_ws/install/usb_cam/lib/python3.10/site-packages'
[14.059s] Level 1:colcon.colcon_core.environment:checking '/home/tannernelson3/ROS/ros/ros2_ws/install/usb_cam/bin'
[14.063s] INFO:colcon.colcon_core.shell:Creating package script '/home/tannernelson3/ROS/ros/ros2_ws/install/usb_cam/share/usb_cam/package.ps1'
[14.067s] INFO:colcon.colcon_core.shell:Creating package descriptor '/home/tannernelson3/ROS/ros/ros2_ws/install/usb_cam/share/usb_cam/package.dsv'
[14.069s] INFO:colcon.colcon_core.shell:Creating package script '/home/tannernelson3/ROS/ros/ros2_ws/install/usb_cam/share/usb_cam/package.sh'
[14.071s] INFO:colcon.colcon_core.shell:Creating package script '/home/tannernelson3/ROS/ros/ros2_ws/install/usb_cam/share/usb_cam/package.bash'
[14.073s] INFO:colcon.colcon_core.shell:Creating package script '/home/tannernelson3/ROS/ros/ros2_ws/install/usb_cam/share/usb_cam/package.zsh'
[14.075s] Level 1:colcon.colcon_core.environment:create_file_with_runtime_dependencies(/home/tannernelson3/ROS/ros/ros2_ws/install/usb_cam/share/colcon-core/packages/usb_cam)
[14.172s] Level 1:colcon.colcon_core.environment:create_environment_scripts_only(usb_cam)
[14.178s] Level 1:colcon.colcon_core.environment:checking '/home/tannernelson3/ROS/ros/ros2_ws/install/usb_cam' for CMake module files
[14.180s] Level 1:colcon.colcon_core.environment:checking '/home/tannernelson3/ROS/ros/ros2_ws/install/usb_cam' for CMake config files
[14.181s] Level 1:colcon.colcon_core.shell:create_environment_hook('usb_cam', 'cmake_prefix_path')
[14.184s] INFO:colcon.colcon_core.shell:Creating environment hook '/home/tannernelson3/ROS/ros/ros2_ws/install/usb_cam/share/usb_cam/hook/cmake_prefix_path.ps1'
[14.185s] INFO:colcon.colcon_core.shell:Creating environment descriptor '/home/tannernelson3/ROS/ros/ros2_ws/install/usb_cam/share/usb_cam/hook/cmake_prefix_path.dsv'
[14.186s] INFO:colcon.colcon_core.shell:Creating environment hook '/home/tannernelson3/ROS/ros/ros2_ws/install/usb_cam/share/usb_cam/hook/cmake_prefix_path.sh'
[14.188s] Level 1:colcon.colcon_core.environment:checking '/home/tannernelson3/ROS/ros/ros2_ws/install/usb_cam/lib'
[14.188s] Level 1:colcon.colcon_core.shell:create_environment_hook('usb_cam', 'ld_library_path_lib')
[14.192s] INFO:colcon.colcon_core.shell:Creating environment hook '/home/tannernelson3/ROS/ros/ros2_ws/install/usb_cam/share/usb_cam/hook/ld_library_path_lib.ps1'
[14.193s] INFO:colcon.colcon_core.shell:Creating environment descriptor '/home/tannernelson3/ROS/ros/ros2_ws/install/usb_cam/share/usb_cam/hook/ld_library_path_lib.dsv'
[14.194s] INFO:colcon.colcon_core.shell:Creating environment hook '/home/tannernelson3/ROS/ros/ros2_ws/install/usb_cam/share/usb_cam/hook/ld_library_path_lib.sh'
[14.195s] Level 1:colcon.colcon_core.environment:checking '/home/tannernelson3/ROS/ros/ros2_ws/install/usb_cam/bin'
[14.195s] Level 1:colcon.colcon_core.environment:checking '/home/tannernelson3/ROS/ros/ros2_ws/install/usb_cam/lib/pkgconfig/usb_cam.pc'
[14.196s] Level 1:colcon.colcon_core.environment:checking '/home/tannernelson3/ROS/ros/ros2_ws/install/usb_cam/lib/python3.10/site-packages'
[14.196s] Level 1:colcon.colcon_core.environment:checking '/home/tannernelson3/ROS/ros/ros2_ws/install/usb_cam/bin'
[14.200s] INFO:colcon.colcon_core.shell:Creating package script '/home/tannernelson3/ROS/ros/ros2_ws/install/usb_cam/share/usb_cam/package.ps1'
[14.202s] INFO:colcon.colcon_core.shell:Creating package descriptor '/home/tannernelson3/ROS/ros/ros2_ws/install/usb_cam/share/usb_cam/package.dsv'
[14.203s] INFO:colcon.colcon_core.shell:Creating package script '/home/tannernelson3/ROS/ros/ros2_ws/install/usb_cam/share/usb_cam/package.sh'
[14.204s] INFO:colcon.colcon_core.shell:Creating package script '/home/tannernelson3/ROS/ros/ros2_ws/install/usb_cam/share/usb_cam/package.bash'
[14.205s] INFO:colcon.colcon_core.shell:Creating package script '/home/tannernelson3/ROS/ros/ros2_ws/install/usb_cam/share/usb_cam/package.zsh'
[14.206s] Level 1:colcon.colcon_core.environment:create_file_with_runtime_dependencies(/home/tannernelson3/ROS/ros/ros2_ws/install/usb_cam/share/colcon-core/packages/usb_cam)
[14.207s] DEBUG:colcon.colcon_parallel_executor.executor.parallel:closing loop
[14.208s] DEBUG:colcon.colcon_parallel_executor.executor.parallel:loop closed
[14.208s] DEBUG:colcon.colcon_parallel_executor.executor.parallel:run_until_complete finished with '0'
[14.208s] DEBUG:colcon.colcon_core.event_reactor:joining thread
[14.223s] INFO:colcon.colcon_core.plugin_system:Skipping extension 'colcon_notification.desktop_notification.terminal_notifier': Not used on non-Darwin systems
[14.223s] INFO:colcon.colcon_core.plugin_system:Skipping extension 'colcon_notification.desktop_notification.win32': Not used on non-Windows systems
[14.223s] INFO:colcon.colcon_notification.desktop_notification:Sending desktop notification using 'notify2'
[14.251s] DEBUG:colcon.colcon_core.event_reactor:joined thread
[14.255s] INFO:colcon.colcon_core.shell:Creating prefix script '/home/tannernelson3/ROS/ros/ros2_ws/install/local_setup.ps1'
[14.259s] INFO:colcon.colcon_core.shell:Creating prefix util module '/home/tannernelson3/ROS/ros/ros2_ws/install/_local_setup_util_ps1.py'
[14.264s] INFO:colcon.colcon_core.shell:Creating prefix chain script '/home/tannernelson3/ROS/ros/ros2_ws/install/setup.ps1'
[14.267s] INFO:colcon.colcon_core.shell:Creating prefix script '/home/tannernelson3/ROS/ros/ros2_ws/install/local_setup.sh'
[14.269s] INFO:colcon.colcon_core.shell:Creating prefix util module '/home/tannernelson3/ROS/ros/ros2_ws/install/_local_setup_util_sh.py'
[14.270s] INFO:colcon.colcon_core.shell:Creating prefix chain script '/home/tannernelson3/ROS/ros/ros2_ws/install/setup.sh'
[14.274s] INFO:colcon.colcon_core.shell:Creating prefix script '/home/tannernelson3/ROS/ros/ros2_ws/install/local_setup.bash'
[14.276s] INFO:colcon.colcon_core.shell:Creating prefix chain script '/home/tannernelson3/ROS/ros/ros2_ws/install/setup.bash'
[14.278s] INFO:colcon.colcon_core.shell:Creating prefix script '/home/tannernelson3/ROS/ros/ros2_ws/install/local_setup.zsh'
[14.279s] INFO:colcon.colcon_core.shell:Creating prefix chain script '/home/tannernelson3/ROS/ros/ros2_ws/install/setup.zsh'
