[0.597s] Invoking command in '/home/tannernelson3/ROS/ros/ros2_ws/build/usb_cam': CMAKE_PREFIX_PATH=/home/tannernelson3/ROS/ros/ros2_ws/install/py_srvcli:/opt/ros/iron:${CMAKE_PREFIX_PATH} /usr/bin/cmake --build /home/tannernelson3/ROS/ros/ros2_ws/build/usb_cam -- -j4 -l4
[0.733s] [ 14%] Built target usb_cam_node_exe
[0.753s] [ 35%] Built target usb_cam
[0.754s] [ 42%] Built target gtest_main
[0.761s] [ 57%] Built target gtest
[0.814s] [ 71%] Built target test_usb_cam_utils
[0.823s] [ 85%] Built target usb_cam_node
[0.833s] [100%] Built target test_pixel_formats
[0.861s] Invoked command in '/home/tannernelson3/ROS/ros/ros2_ws/build/usb_cam' returned '0': CMAKE_PREFIX_PATH=/home/tannernelson3/ROS/ros/ros2_ws/install/py_srvcli:/opt/ros/iron:${CMAKE_PREFIX_PATH} /usr/bin/cmake --build /home/tannernelson3/ROS/ros/ros2_ws/build/usb_cam -- -j4 -l4
[0.968s] Invoking command in '/home/tannernelson3/ROS/ros/ros2_ws/build/usb_cam': CMAKE_PREFIX_PATH=/home/tannernelson3/ROS/ros/ros2_ws/install/py_srvcli:/opt/ros/iron:${CMAKE_PREFIX_PATH} /usr/bin/cmake --install /home/tannernelson3/ROS/ros/ros2_ws/build/usb_cam
[0.982s] -- Install configuration: ""
[0.983s] -- Up-to-date: /home/tannernelson3/ROS/ros/ros2_ws/install/usb_cam/share/usb_cam/environment/library_path.sh
[0.983s] -- Up-to-date: /home/tannernelson3/ROS/ros/ros2_ws/install/usb_cam/share/usb_cam/environment/library_path.dsv
[0.983s] -- Up-to-date: /home/tannernelson3/ROS/ros/ros2_ws/install/usb_cam/lib/usb_cam/usb_cam_node_exe
[0.984s] -- Up-to-date: /home/tannernelson3/ROS/ros/ros2_ws/install/usb_cam/lib/usb_cam/show_image.py
[0.984s] -- Up-to-date: /home/tannernelson3/ROS/ros/ros2_ws/install/usb_cam/lib/libusb_cam.so
[0.984s] -- Up-to-date: /home/tannernelson3/ROS/ros/ros2_ws/install/usb_cam/lib/libusb_cam_node.so
[0.985s] -- Up-to-date: /home/tannernelson3/ROS/ros/ros2_ws/install/usb_cam/include
[0.985s] -- Up-to-date: /home/tannernelson3/ROS/ros/ros2_ws/install/usb_cam/include/usb_cam
[0.985s] -- Up-to-date: /home/tannernelson3/ROS/ros/ros2_ws/install/usb_cam/include/usb_cam/usb_cam_node.hpp
[0.986s] -- Up-to-date: /home/tannernelson3/ROS/ros/ros2_ws/install/usb_cam/include/usb_cam/constants.hpp
[0.986s] -- Up-to-date: /home/tannernelson3/ROS/ros/ros2_ws/install/usb_cam/include/usb_cam/usb_cam.hpp
[0.986s] -- Up-to-date: /home/tannernelson3/ROS/ros/ros2_ws/install/usb_cam/include/usb_cam/formats
[0.987s] -- Up-to-date: /home/tannernelson3/ROS/ros/ros2_ws/install/usb_cam/include/usb_cam/formats/mono.hpp
[0.987s] -- Up-to-date: /home/tannernelson3/ROS/ros/ros2_ws/install/usb_cam/include/usb_cam/formats/rgb.hpp
[0.987s] -- Up-to-date: /home/tannernelson3/ROS/ros/ros2_ws/install/usb_cam/include/usb_cam/formats/mjpeg.hpp
[0.987s] -- Up-to-date: /home/tannernelson3/ROS/ros/ros2_ws/install/usb_cam/include/usb_cam/formats/m420.hpp
[0.988s] -- Up-to-date: /home/tannernelson3/ROS/ros/ros2_ws/install/usb_cam/include/usb_cam/formats/pixel_format_base.hpp
[0.988s] -- Up-to-date: /home/tannernelson3/ROS/ros/ros2_ws/install/usb_cam/include/usb_cam/formats/yuyv.hpp
[0.989s] -- Up-to-date: /home/tannernelson3/ROS/ros/ros2_ws/install/usb_cam/include/usb_cam/formats/utils.hpp
[0.989s] -- Up-to-date: /home/tannernelson3/ROS/ros/ros2_ws/install/usb_cam/include/usb_cam/formats/uyvy.hpp
[0.989s] -- Up-to-date: /home/tannernelson3/ROS/ros/ros2_ws/install/usb_cam/include/usb_cam/conversions.hpp
[0.989s] -- Up-to-date: /home/tannernelson3/ROS/ros/ros2_ws/install/usb_cam/include/usb_cam/utils.hpp
[0.990s] -- Up-to-date: /home/tannernelson3/ROS/ros/ros2_ws/install/usb_cam/lib/libusb_cam_node.so
[0.990s] -- Up-to-date: /home/tannernelson3/ROS/ros/ros2_ws/install/usb_cam/share/usb_cam/launch
[0.991s] -- Up-to-date: /home/tannernelson3/ROS/ros/ros2_ws/install/usb_cam/share/usb_cam/launch/camera_config.py
[0.991s] -- Up-to-date: /home/tannernelson3/ROS/ros/ros2_ws/install/usb_cam/share/usb_cam/launch/camera.launch.py
[0.991s] -- Up-to-date: /home/tannernelson3/ROS/ros/ros2_ws/install/usb_cam/share/usb_cam/launch/__init__.py
[0.992s] -- Up-to-date: /home/tannernelson3/ROS/ros/ros2_ws/install/usb_cam/share/usb_cam/config
[0.997s] -- Up-to-date: /home/tannernelson3/ROS/ros/ros2_ws/install/usb_cam/share/usb_cam/config/params_2.yaml
[0.997s] -- Up-to-date: /home/tannernelson3/ROS/ros/ros2_ws/install/usb_cam/share/usb_cam/config/params_1.yaml
[0.998s] -- Up-to-date: /home/tannernelson3/ROS/ros/ros2_ws/install/usb_cam/share/usb_cam/config/camera_info.yaml
[0.998s] -- Up-to-date: /home/tannernelson3/ROS/ros/ros2_ws/install/usb_cam/share/ament_index/resource_index/package_run_dependencies/usb_cam
[0.999s] -- Up-to-date: /home/tannernelson3/ROS/ros/ros2_ws/install/usb_cam/share/ament_index/resource_index/parent_prefix_path/usb_cam
[0.999s] -- Up-to-date: /home/tannernelson3/ROS/ros/ros2_ws/install/usb_cam/share/usb_cam/environment/ament_prefix_path.sh
[0.999s] -- Up-to-date: /home/tannernelson3/ROS/ros/ros2_ws/install/usb_cam/share/usb_cam/environment/ament_prefix_path.dsv
[0.999s] -- Up-to-date: /home/tannernelson3/ROS/ros/ros2_ws/install/usb_cam/share/usb_cam/environment/path.sh
[1.000s] -- Up-to-date: /home/tannernelson3/ROS/ros/ros2_ws/install/usb_cam/share/usb_cam/environment/path.dsv
[1.000s] -- Up-to-date: /home/tannernelson3/ROS/ros/ros2_ws/install/usb_cam/share/usb_cam/local_setup.bash
[1.000s] -- Up-to-date: /home/tannernelson3/ROS/ros/ros2_ws/install/usb_cam/share/usb_cam/local_setup.sh
[1.000s] -- Up-to-date: /home/tannernelson3/ROS/ros/ros2_ws/install/usb_cam/share/usb_cam/local_setup.zsh
[1.001s] -- Up-to-date: /home/tannernelson3/ROS/ros/ros2_ws/install/usb_cam/share/usb_cam/local_setup.dsv
[1.001s] -- Installing: /home/tannernelson3/ROS/ros/ros2_ws/install/usb_cam/share/usb_cam/package.dsv
[1.002s] -- Up-to-date: /home/tannernelson3/ROS/ros/ros2_ws/install/usb_cam/share/ament_index/resource_index/packages/usb_cam
[1.002s] -- Up-to-date: /home/tannernelson3/ROS/ros/ros2_ws/install/usb_cam/share/ament_index/resource_index/rclcpp_components/usb_cam
[1.002s] -- Up-to-date: /home/tannernelson3/ROS/ros/ros2_ws/install/usb_cam/share/usb_cam/cmake/ament_cmake_export_libraries-extras.cmake
[1.002s] -- Up-to-date: /home/tannernelson3/ROS/ros/ros2_ws/install/usb_cam/share/usb_cam/cmake/ament_cmake_export_dependencies-extras.cmake
[1.002s] -- Up-to-date: /home/tannernelson3/ROS/ros/ros2_ws/install/usb_cam/share/usb_cam/cmake/ament_cmake_export_include_directories-extras.cmake
[1.003s] -- Up-to-date: /home/tannernelson3/ROS/ros/ros2_ws/install/usb_cam/share/usb_cam/cmake/usb_camConfig.cmake
[1.003s] -- Up-to-date: /home/tannernelson3/ROS/ros/ros2_ws/install/usb_cam/share/usb_cam/cmake/usb_camConfig-version.cmake
[1.004s] -- Up-to-date: /home/tannernelson3/ROS/ros/ros2_ws/install/usb_cam/share/usb_cam/package.xml
[1.004s] Invoked command in '/home/tannernelson3/ROS/ros/ros2_ws/build/usb_cam' returned '0': CMAKE_PREFIX_PATH=/home/tannernelson3/ROS/ros/ros2_ws/install/py_srvcli:/opt/ros/iron:${CMAKE_PREFIX_PATH} /usr/bin/cmake --install /home/tannernelson3/ROS/ros/ros2_ws/build/usb_cam
