[0.102s] Invoking command in '/home/tannernelson3/ROS/ros/ros2_ws/build/usb_cam': CMAKE_PREFIX_PATH=/home/tannernelson3/ROS/ros/ros2_ws/install/snuff:/home/tannernelson3/ROS/ros/ros2_ws/install/py_srvcli:/opt/ros/iron:/home/tannernelson3/ROS/ros/ros2_ws/install/usb_cam /usr/bin/cmake --build /home/tannernelson3/ROS/ros/ros2_ws/build/usb_cam -- -j4 -l4
[0.188s] [ 14%] Built target usb_cam
[0.197s] [ 28%] Built target gtest_main
[0.197s] [ 42%] Built target usb_cam_node_exe
[0.213s] [ 57%] Built target gtest
[0.245s] [ 71%] Built target usb_cam_node
[0.258s] [100%] Built target test_pixel_formats
[0.258s] [100%] Built target test_usb_cam_utils
[0.273s] Invoked command in '/home/tannernelson3/ROS/ros/ros2_ws/build/usb_cam' returned '0': CMAKE_PREFIX_PATH=/home/tannernelson3/ROS/ros/ros2_ws/install/snuff:/home/tannernelson3/ROS/ros/ros2_ws/install/py_srvcli:/opt/ros/iron:/home/tannernelson3/ROS/ros/ros2_ws/install/usb_cam /usr/bin/cmake --build /home/tannernelson3/ROS/ros/ros2_ws/build/usb_cam -- -j4 -l4
[0.339s] Invoking command in '/home/tannernelson3/ROS/ros/ros2_ws/build/usb_cam': CMAKE_PREFIX_PATH=/home/tannernelson3/ROS/ros/ros2_ws/install/snuff:/home/tannernelson3/ROS/ros/ros2_ws/install/py_srvcli:/opt/ros/iron:/home/tannernelson3/ROS/ros/ros2_ws/install/usb_cam /usr/bin/cmake --install /home/tannernelson3/ROS/ros/ros2_ws/build/usb_cam
[0.350s] -- Install configuration: ""
[0.350s] -- Up-to-date: /home/tannernelson3/ROS/ros/ros2_ws/install/usb_cam/share/usb_cam/environment/library_path.sh
[0.350s] -- Up-to-date: /home/tannernelson3/ROS/ros/ros2_ws/install/usb_cam/share/usb_cam/environment/library_path.dsv
[0.350s] -- Up-to-date: /home/tannernelson3/ROS/ros/ros2_ws/install/usb_cam/lib/usb_cam/usb_cam_node_exe
[0.351s] -- Up-to-date: /home/tannernelson3/ROS/ros/ros2_ws/install/usb_cam/lib/usb_cam/show_image.py
[0.351s] -- Up-to-date: /home/tannernelson3/ROS/ros/ros2_ws/install/usb_cam/lib/libusb_cam.so
[0.351s] -- Up-to-date: /home/tannernelson3/ROS/ros/ros2_ws/install/usb_cam/lib/libusb_cam_node.so
[0.352s] -- Up-to-date: /home/tannernelson3/ROS/ros/ros2_ws/install/usb_cam/include
[0.352s] -- Up-to-date: /home/tannernelson3/ROS/ros/ros2_ws/install/usb_cam/include/usb_cam
[0.352s] -- Up-to-date: /home/tannernelson3/ROS/ros/ros2_ws/install/usb_cam/include/usb_cam/usb_cam_node.hpp
[0.352s] -- Up-to-date: /home/tannernelson3/ROS/ros/ros2_ws/install/usb_cam/include/usb_cam/constants.hpp
[0.353s] -- Up-to-date: /home/tannernelson3/ROS/ros/ros2_ws/install/usb_cam/include/usb_cam/usb_cam.hpp
[0.353s] -- Up-to-date: /home/tannernelson3/ROS/ros/ros2_ws/install/usb_cam/include/usb_cam/formats
[0.353s] -- Up-to-date: /home/tannernelson3/ROS/ros/ros2_ws/install/usb_cam/include/usb_cam/formats/mono.hpp
[0.354s] -- Up-to-date: /home/tannernelson3/ROS/ros/ros2_ws/install/usb_cam/include/usb_cam/formats/rgb.hpp
[0.354s] -- Up-to-date: /home/tannernelson3/ROS/ros/ros2_ws/install/usb_cam/include/usb_cam/formats/mjpeg.hpp
[0.354s] -- Up-to-date: /home/tannernelson3/ROS/ros/ros2_ws/install/usb_cam/include/usb_cam/formats/m420.hpp
[0.354s] -- Up-to-date: /home/tannernelson3/ROS/ros/ros2_ws/install/usb_cam/include/usb_cam/formats/pixel_format_base.hpp
[0.355s] -- Up-to-date: /home/tannernelson3/ROS/ros/ros2_ws/install/usb_cam/include/usb_cam/formats/yuyv.hpp
[0.355s] -- Up-to-date: /home/tannernelson3/ROS/ros/ros2_ws/install/usb_cam/include/usb_cam/formats/utils.hpp
[0.355s] -- Up-to-date: /home/tannernelson3/ROS/ros/ros2_ws/install/usb_cam/include/usb_cam/formats/uyvy.hpp
[0.355s] -- Up-to-date: /home/tannernelson3/ROS/ros/ros2_ws/install/usb_cam/include/usb_cam/conversions.hpp
[0.356s] -- Up-to-date: /home/tannernelson3/ROS/ros/ros2_ws/install/usb_cam/include/usb_cam/utils.hpp
[0.356s] -- Up-to-date: /home/tannernelson3/ROS/ros/ros2_ws/install/usb_cam/lib/libusb_cam_node.so
[0.356s] -- Up-to-date: /home/tannernelson3/ROS/ros/ros2_ws/install/usb_cam/share/usb_cam/launch
[0.356s] -- Up-to-date: /home/tannernelson3/ROS/ros/ros2_ws/install/usb_cam/share/usb_cam/launch/camera_config.py
[0.356s] -- Up-to-date: /home/tannernelson3/ROS/ros/ros2_ws/install/usb_cam/share/usb_cam/launch/camera.launch.py
[0.356s] -- Up-to-date: /home/tannernelson3/ROS/ros/ros2_ws/install/usb_cam/share/usb_cam/launch/__init__.py
[0.357s] -- Up-to-date: /home/tannernelson3/ROS/ros/ros2_ws/install/usb_cam/share/usb_cam/config
[0.357s] -- Up-to-date: /home/tannernelson3/ROS/ros/ros2_ws/install/usb_cam/share/usb_cam/config/params_2.yaml
[0.357s] -- Up-to-date: /home/tannernelson3/ROS/ros/ros2_ws/install/usb_cam/share/usb_cam/config/params_1.yaml
[0.357s] -- Up-to-date: /home/tannernelson3/ROS/ros/ros2_ws/install/usb_cam/share/usb_cam/config/camera_info.yaml
[0.357s] -- Up-to-date: /home/tannernelson3/ROS/ros/ros2_ws/install/usb_cam/share/ament_index/resource_index/package_run_dependencies/usb_cam
[0.357s] -- Up-to-date: /home/tannernelson3/ROS/ros/ros2_ws/install/usb_cam/share/ament_index/resource_index/parent_prefix_path/usb_cam
[0.357s] -- Up-to-date: /home/tannernelson3/ROS/ros/ros2_ws/install/usb_cam/share/usb_cam/environment/ament_prefix_path.sh
[0.358s] -- Up-to-date: /home/tannernelson3/ROS/ros/ros2_ws/install/usb_cam/share/usb_cam/environment/ament_prefix_path.dsv
[0.358s] -- Up-to-date: /home/tannernelson3/ROS/ros/ros2_ws/install/usb_cam/share/usb_cam/environment/path.sh
[0.358s] -- Up-to-date: /home/tannernelson3/ROS/ros/ros2_ws/install/usb_cam/share/usb_cam/environment/path.dsv
[0.358s] -- Up-to-date: /home/tannernelson3/ROS/ros/ros2_ws/install/usb_cam/share/usb_cam/local_setup.bash
[0.358s] -- Up-to-date: /home/tannernelson3/ROS/ros/ros2_ws/install/usb_cam/share/usb_cam/local_setup.sh
[0.358s] -- Up-to-date: /home/tannernelson3/ROS/ros/ros2_ws/install/usb_cam/share/usb_cam/local_setup.zsh
[0.359s] -- Up-to-date: /home/tannernelson3/ROS/ros/ros2_ws/install/usb_cam/share/usb_cam/local_setup.dsv
[0.359s] -- Installing: /home/tannernelson3/ROS/ros/ros2_ws/install/usb_cam/share/usb_cam/package.dsv
[0.359s] -- Up-to-date: /home/tannernelson3/ROS/ros/ros2_ws/install/usb_cam/share/ament_index/resource_index/packages/usb_cam
[0.360s] -- Up-to-date: /home/tannernelson3/ROS/ros/ros2_ws/install/usb_cam/share/ament_index/resource_index/rclcpp_components/usb_cam
[0.360s] -- Up-to-date: /home/tannernelson3/ROS/ros/ros2_ws/install/usb_cam/share/usb_cam/cmake/ament_cmake_export_libraries-extras.cmake
[0.360s] -- Up-to-date: /home/tannernelson3/ROS/ros/ros2_ws/install/usb_cam/share/usb_cam/cmake/ament_cmake_export_dependencies-extras.cmake
[0.361s] -- Up-to-date: /home/tannernelson3/ROS/ros/ros2_ws/install/usb_cam/share/usb_cam/cmake/ament_cmake_export_include_directories-extras.cmake
[0.361s] -- Up-to-date: /home/tannernelson3/ROS/ros/ros2_ws/install/usb_cam/share/usb_cam/cmake/usb_camConfig.cmake
[0.361s] -- Up-to-date: /home/tannernelson3/ROS/ros/ros2_ws/install/usb_cam/share/usb_cam/cmake/usb_camConfig-version.cmake
[0.362s] -- Up-to-date: /home/tannernelson3/ROS/ros/ros2_ws/install/usb_cam/share/usb_cam/package.xml
[0.362s] Invoked command in '/home/tannernelson3/ROS/ros/ros2_ws/build/usb_cam' returned '0': CMAKE_PREFIX_PATH=/home/tannernelson3/ROS/ros/ros2_ws/install/snuff:/home/tannernelson3/ROS/ros/ros2_ws/install/py_srvcli:/opt/ros/iron:/home/tannernelson3/ROS/ros/ros2_ws/install/usb_cam /usr/bin/cmake --install /home/tannernelson3/ROS/ros/ros2_ws/build/usb_cam
