[1.430s] DEBUG:colcon:Command line arguments: ['/usr/bin/colcon', 'build']
[1.430s] DEBUG:colcon:Parsed command line arguments: Namespace(log_base=None, log_level=None, verb_name='build', build_base='build', install_base='install', merge_install=False, symlink_install=False, test_result_base=None, continue_on_error=False, executor='parallel', parallel_workers=4, event_handlers=None, ignore_user_meta=False, metas=['./colcon.meta'], base_paths=['.'], packages_ignore=None, packages_ignore_regex=None, paths=None, packages_up_to=None, packages_up_to_regex=None, packages_above=None, packages_above_and_dependencies=None, packages_above_depth=None, packages_select_by_dep=None, packages_skip_by_dep=None, packages_skip_up_to=None, packages_select_build_failed=False, packages_skip_build_finished=False, packages_select_test_failures=False, packages_skip_test_passed=False, packages_select=None, packages_skip=None, packages_select_regex=None, packages_skip_regex=None, packages_start=None, packages_end=None, allow_overriding=[], cmake_args=None, cmake_target=None, cmake_target_skip_unavailable=False, cmake_clean_cache=False, cmake_clean_first=False, cmake_force_configure=False, ament_cmake_args=None, catkin_cmake_args=None, catkin_skip_building_tests=False, verb_parser=<colcon_defaults.argument_parser.defaults.DefaultArgumentsDecorator object at 0x7f9b22438d00>, verb_extension=<colcon_core.verb.build.BuildVerb object at 0x7f9b2328e8c0>, main=<bound method BuildVerb.main of <colcon_core.verb.build.BuildVerb object at 0x7f9b2328e8c0>>)
[1.495s] Level 1:colcon.colcon_core.package_discovery:discover_packages(colcon_meta) check parameters
[1.495s] Level 1:colcon.colcon_core.package_discovery:discover_packages(recursive) check parameters
[1.496s] Level 1:colcon.colcon_core.package_discovery:discover_packages(ignore) check parameters
[1.496s] Level 1:colcon.colcon_core.package_discovery:discover_packages(path) check parameters
[1.496s] Level 1:colcon.colcon_core.package_discovery:discover_packages(colcon_meta) discover
[1.496s] Level 1:colcon.colcon_core.package_discovery:discover_packages(recursive) discover
[1.496s] INFO:colcon.colcon_core.package_discovery:Crawling recursively for packages in '/home/tannernelson3/ROS/ros/ros2_ws'
[1.496s] Level 1:colcon.colcon_core.package_identification:_identify(.) by extensions ['ignore', 'ignore_ament_install']
[1.496s] Level 1:colcon.colcon_core.package_identification:_identify(.) by extension 'ignore'
[1.496s] Level 1:colcon.colcon_core.package_identification:_identify(.) by extension 'ignore_ament_install'
[1.496s] Level 1:colcon.colcon_core.package_identification:_identify(.) by extensions ['colcon_pkg']
[1.496s] Level 1:colcon.colcon_core.package_identification:_identify(.) by extension 'colcon_pkg'
[1.496s] Level 1:colcon.colcon_core.package_identification:_identify(.) by extensions ['colcon_meta']
[1.496s] Level 1:colcon.colcon_core.package_identification:_identify(.) by extension 'colcon_meta'
[1.496s] Level 1:colcon.colcon_core.package_identification:_identify(.) by extensions ['ros']
[1.496s] Level 1:colcon.colcon_core.package_identification:_identify(.) by extension 'ros'
[1.511s] Level 1:colcon.colcon_core.package_identification:_identify(.) by extensions ['cmake', 'python']
[1.511s] Level 1:colcon.colcon_core.package_identification:_identify(.) by extension 'cmake'
[1.511s] Level 1:colcon.colcon_core.package_identification:_identify(.) by extension 'python'
[1.511s] Level 1:colcon.colcon_core.package_identification:_identify(.) by extensions ['python_setup_py']
[1.511s] Level 1:colcon.colcon_core.package_identification:_identify(.) by extension 'python_setup_py'
[1.512s] Level 1:colcon.colcon_core.package_identification:_identify(build) by extensions ['ignore', 'ignore_ament_install']
[1.512s] Level 1:colcon.colcon_core.package_identification:_identify(build) by extension 'ignore'
[1.512s] Level 1:colcon.colcon_core.package_identification:_identify(build) ignored
[1.512s] Level 1:colcon.colcon_core.package_identification:_identify(install) by extensions ['ignore', 'ignore_ament_install']
[1.512s] Level 1:colcon.colcon_core.package_identification:_identify(install) by extension 'ignore'
[1.512s] Level 1:colcon.colcon_core.package_identification:_identify(install) ignored
[1.512s] Level 1:colcon.colcon_core.package_identification:_identify(log) by extensions ['ignore', 'ignore_ament_install']
[1.512s] Level 1:colcon.colcon_core.package_identification:_identify(log) by extension 'ignore'
[1.512s] Level 1:colcon.colcon_core.package_identification:_identify(log) ignored
[1.513s] Level 1:colcon.colcon_core.package_identification:_identify(src) by extensions ['ignore', 'ignore_ament_install']
[1.513s] Level 1:colcon.colcon_core.package_identification:_identify(src) by extension 'ignore'
[1.513s] Level 1:colcon.colcon_core.package_identification:_identify(src) by extension 'ignore_ament_install'
[1.513s] Level 1:colcon.colcon_core.package_identification:_identify(src) by extensions ['colcon_pkg']
[1.513s] Level 1:colcon.colcon_core.package_identification:_identify(src) by extension 'colcon_pkg'
[1.513s] Level 1:colcon.colcon_core.package_identification:_identify(src) by extensions ['colcon_meta']
[1.513s] Level 1:colcon.colcon_core.package_identification:_identify(src) by extension 'colcon_meta'
[1.513s] Level 1:colcon.colcon_core.package_identification:_identify(src) by extensions ['ros']
[1.513s] Level 1:colcon.colcon_core.package_identification:_identify(src) by extension 'ros'
[1.513s] Level 1:colcon.colcon_core.package_identification:_identify(src) by extensions ['cmake', 'python']
[1.513s] Level 1:colcon.colcon_core.package_identification:_identify(src) by extension 'cmake'
[1.513s] Level 1:colcon.colcon_core.package_identification:_identify(src) by extension 'python'
[1.513s] Level 1:colcon.colcon_core.package_identification:_identify(src) by extensions ['python_setup_py']
[1.513s] Level 1:colcon.colcon_core.package_identification:_identify(src) by extension 'python_setup_py'
[1.513s] Level 1:colcon.colcon_core.package_identification:_identify(src/snuff) by extensions ['ignore', 'ignore_ament_install']
[1.514s] Level 1:colcon.colcon_core.package_identification:_identify(src/snuff) by extension 'ignore'
[1.514s] Level 1:colcon.colcon_core.package_identification:_identify(src/snuff) by extension 'ignore_ament_install'
[1.514s] Level 1:colcon.colcon_core.package_identification:_identify(src/snuff) by extensions ['colcon_pkg']
[1.514s] Level 1:colcon.colcon_core.package_identification:_identify(src/snuff) by extension 'colcon_pkg'
[1.514s] Level 1:colcon.colcon_core.package_identification:_identify(src/snuff) by extensions ['colcon_meta']
[1.514s] Level 1:colcon.colcon_core.package_identification:_identify(src/snuff) by extension 'colcon_meta'
[1.514s] Level 1:colcon.colcon_core.package_identification:_identify(src/snuff) by extensions ['ros']
[1.514s] Level 1:colcon.colcon_core.package_identification:_identify(src/snuff) by extension 'ros'
[1.517s] DEBUG:colcon.colcon_core.package_identification:Package 'src/snuff' with type 'ros.ament_cmake' and name 'snuff'
[1.517s] Level 1:colcon.colcon_core.package_identification:_identify(src/usb_cam) by extensions ['ignore', 'ignore_ament_install']
[1.517s] Level 1:colcon.colcon_core.package_identification:_identify(src/usb_cam) by extension 'ignore'
[1.517s] Level 1:colcon.colcon_core.package_identification:_identify(src/usb_cam) by extension 'ignore_ament_install'
[1.517s] Level 1:colcon.colcon_core.package_identification:_identify(src/usb_cam) by extensions ['colcon_pkg']
[1.517s] Level 1:colcon.colcon_core.package_identification:_identify(src/usb_cam) by extension 'colcon_pkg'
[1.518s] Level 1:colcon.colcon_core.package_identification:_identify(src/usb_cam) by extensions ['colcon_meta']
[1.518s] Level 1:colcon.colcon_core.package_identification:_identify(src/usb_cam) by extension 'colcon_meta'
[1.518s] Level 1:colcon.colcon_core.package_identification:_identify(src/usb_cam) by extensions ['ros']
[1.518s] Level 1:colcon.colcon_core.package_identification:_identify(src/usb_cam) by extension 'ros'
[1.520s] DEBUG:colcon.colcon_core.package_identification:Package 'src/usb_cam' with type 'ros.ament_cmake' and name 'usb_cam'
[1.520s] Level 1:colcon.colcon_core.package_discovery:discover_packages(recursive) using defaults
[1.520s] Level 1:colcon.colcon_core.package_discovery:discover_packages(ignore) discover
[1.520s] Level 1:colcon.colcon_core.package_discovery:discover_packages(ignore) using defaults
[1.520s] Level 1:colcon.colcon_core.package_discovery:discover_packages(path) discover
[1.520s] Level 1:colcon.colcon_core.package_discovery:discover_packages(path) using defaults
[1.650s] Level 1:colcon.colcon_core.package_discovery:discover_packages(prefix_path) check parameters
[1.650s] Level 1:colcon.colcon_core.package_discovery:discover_packages(prefix_path) discover
[1.693s] DEBUG:colcon.colcon_installed_package_information.package_discovery:Found 2 installed packages in /home/tannernelson3/ROS/ros/ros2_ws/install
[1.716s] DEBUG:colcon.colcon_installed_package_information.package_discovery:Found 289 installed packages in /opt/ros/iron
[1.717s] Level 1:colcon.colcon_core.package_discovery:discover_packages(prefix_path) using defaults
[1.848s] Level 5:colcon.colcon_core.verb:set package 'snuff' build argument 'cmake_args' from command line to 'None'
[1.848s] Level 5:colcon.colcon_core.verb:set package 'snuff' build argument 'cmake_target' from command line to 'None'
[1.848s] Level 5:colcon.colcon_core.verb:set package 'snuff' build argument 'cmake_target_skip_unavailable' from command line to 'False'
[1.848s] Level 5:colcon.colcon_core.verb:set package 'snuff' build argument 'cmake_clean_cache' from command line to 'False'
[1.848s] Level 5:colcon.colcon_core.verb:set package 'snuff' build argument 'cmake_clean_first' from command line to 'False'
[1.848s] Level 5:colcon.colcon_core.verb:set package 'snuff' build argument 'cmake_force_configure' from command line to 'False'
[1.848s] Level 5:colcon.colcon_core.verb:set package 'snuff' build argument 'ament_cmake_args' from command line to 'None'
[1.848s] Level 5:colcon.colcon_core.verb:set package 'snuff' build argument 'catkin_cmake_args' from command line to 'None'
[1.848s] Level 5:colcon.colcon_core.verb:set package 'snuff' build argument 'catkin_skip_building_tests' from command line to 'False'
[1.848s] DEBUG:colcon.colcon_core.verb:Building package 'snuff' with the following arguments: {'ament_cmake_args': None, 'build_base': '/home/tannernelson3/ROS/ros/ros2_ws/build/snuff', 'catkin_cmake_args': None, 'catkin_skip_building_tests': False, 'cmake_args': None, 'cmake_clean_cache': False, 'cmake_clean_first': False, 'cmake_force_configure': False, 'cmake_target': None, 'cmake_target_skip_unavailable': False, 'install_base': '/home/tannernelson3/ROS/ros/ros2_ws/install/snuff', 'merge_install': False, 'path': '/home/tannernelson3/ROS/ros/ros2_ws/src/snuff', 'symlink_install': False, 'test_result_base': None}
[1.869s] Level 5:colcon.colcon_core.verb:set package 'usb_cam' build argument 'cmake_args' from command line to 'None'
[1.869s] Level 5:colcon.colcon_core.verb:set package 'usb_cam' build argument 'cmake_target' from command line to 'None'
[1.869s] Level 5:colcon.colcon_core.verb:set package 'usb_cam' build argument 'cmake_target_skip_unavailable' from command line to 'False'
[1.869s] Level 5:colcon.colcon_core.verb:set package 'usb_cam' build argument 'cmake_clean_cache' from command line to 'False'
[1.869s] Level 5:colcon.colcon_core.verb:set package 'usb_cam' build argument 'cmake_clean_first' from command line to 'False'
[1.870s] Level 5:colcon.colcon_core.verb:set package 'usb_cam' build argument 'cmake_force_configure' from command line to 'False'
[1.870s] Level 5:colcon.colcon_core.verb:set package 'usb_cam' build argument 'ament_cmake_args' from command line to 'None'
[1.870s] Level 5:colcon.colcon_core.verb:set package 'usb_cam' build argument 'catkin_cmake_args' from command line to 'None'
[1.870s] Level 5:colcon.colcon_core.verb:set package 'usb_cam' build argument 'catkin_skip_building_tests' from command line to 'False'
[1.870s] DEBUG:colcon.colcon_core.verb:Building package 'usb_cam' with the following arguments: {'ament_cmake_args': None, 'build_base': '/home/tannernelson3/ROS/ros/ros2_ws/build/usb_cam', 'catkin_cmake_args': None, 'catkin_skip_building_tests': False, 'cmake_args': None, 'cmake_clean_cache': False, 'cmake_clean_first': False, 'cmake_force_configure': False, 'cmake_target': None, 'cmake_target_skip_unavailable': False, 'install_base': '/home/tannernelson3/ROS/ros/ros2_ws/install/usb_cam', 'merge_install': False, 'path': '/home/tannernelson3/ROS/ros/ros2_ws/src/usb_cam', 'symlink_install': False, 'test_result_base': None}
[1.891s] INFO:colcon.colcon_core.executor:Executing jobs using 'parallel' executor
[1.914s] DEBUG:colcon.colcon_parallel_executor.executor.parallel:run_until_complete
[1.915s] INFO:colcon.colcon_ros.task.ament_cmake.build:Building ROS package in '/home/tannernelson3/ROS/ros/ros2_ws/src/snuff' with build type 'ament_cmake'
[1.915s] INFO:colcon.colcon_cmake.task.cmake.build:Building CMake package in '/home/tannernelson3/ROS/ros/ros2_ws/src/snuff'
[1.939s] INFO:colcon.colcon_core.plugin_system:Skipping extension 'colcon_core.shell.bat': Not used on non-Windows systems
[1.939s] INFO:colcon.colcon_core.shell:Skip shell extension 'powershell' for command environment: Not usable outside of PowerShell
[1.940s] DEBUG:colcon.colcon_core.shell:Skip shell extension 'dsv' for command environment
[2.007s] INFO:colcon.colcon_ros.task.ament_cmake.build:Building ROS package in '/home/tannernelson3/ROS/ros/ros2_ws/src/usb_cam' with build type 'ament_cmake'
[2.007s] INFO:colcon.colcon_cmake.task.cmake.build:Building CMake package in '/home/tannernelson3/ROS/ros/ros2_ws/src/usb_cam'
[2.030s] INFO:colcon.colcon_core.shell:Skip shell extension 'powershell' for command environment: Not usable outside of PowerShell
[2.030s] DEBUG:colcon.colcon_core.shell:Skip shell extension 'dsv' for command environment
[2.103s] DEBUG:colcon.colcon_core.event_handler.log_command:Invoking command in '/home/tannernelson3/ROS/ros/ros2_ws/build/snuff': CMAKE_PREFIX_PATH=/opt/ros/iron:${CMAKE_PREFIX_PATH} /usr/bin/cmake --build /home/tannernelson3/ROS/ros/ros2_ws/build/snuff -- -j4 -l4
[2.108s] DEBUG:colcon.colcon_core.event_handler.log_command:Invoking command in '/home/tannernelson3/ROS/ros/ros2_ws/build/usb_cam': CMAKE_PREFIX_PATH=/opt/ros/iron:${CMAKE_PREFIX_PATH} /usr/bin/cmake --build /home/tannernelson3/ROS/ros/ros2_ws/build/usb_cam -- -j4 -l4
[2.301s] DEBUG:colcon.colcon_core.event_handler.log_command:Invoked command in '/home/tannernelson3/ROS/ros/ros2_ws/build/usb_cam' returned '0': CMAKE_PREFIX_PATH=/opt/ros/iron:${CMAKE_PREFIX_PATH} /usr/bin/cmake --build /home/tannernelson3/ROS/ros/ros2_ws/build/usb_cam -- -j4 -l4
[2.369s] DEBUG:colcon.colcon_core.event_handler.log_command:Invoking command in '/home/tannernelson3/ROS/ros/ros2_ws/build/usb_cam': CMAKE_PREFIX_PATH=/opt/ros/iron:${CMAKE_PREFIX_PATH} /usr/bin/cmake --install /home/tannernelson3/ROS/ros/ros2_ws/build/usb_cam
[2.388s] Level 1:colcon.colcon_core.environment:create_environment_scripts_only(usb_cam)
[2.391s] DEBUG:colcon.colcon_core.event_handler.log_command:Invoked command in '/home/tannernelson3/ROS/ros/ros2_ws/build/usb_cam' returned '0': CMAKE_PREFIX_PATH=/opt/ros/iron:${CMAKE_PREFIX_PATH} /usr/bin/cmake --install /home/tannernelson3/ROS/ros/ros2_ws/build/usb_cam
[2.417s] Level 1:colcon.colcon_core.environment:checking '/home/tannernelson3/ROS/ros/ros2_ws/install/usb_cam' for CMake module files
[2.418s] Level 1:colcon.colcon_core.environment:checking '/home/tannernelson3/ROS/ros/ros2_ws/install/usb_cam' for CMake config files
[2.419s] Level 1:colcon.colcon_core.shell:create_environment_hook('usb_cam', 'cmake_prefix_path')
[2.446s] INFO:colcon.colcon_core.shell:Creating environment hook '/home/tannernelson3/ROS/ros/ros2_ws/install/usb_cam/share/usb_cam/hook/cmake_prefix_path.ps1'
[2.447s] INFO:colcon.colcon_core.shell:Creating environment descriptor '/home/tannernelson3/ROS/ros/ros2_ws/install/usb_cam/share/usb_cam/hook/cmake_prefix_path.dsv'
[2.448s] INFO:colcon.colcon_core.shell:Creating environment hook '/home/tannernelson3/ROS/ros/ros2_ws/install/usb_cam/share/usb_cam/hook/cmake_prefix_path.sh'
[2.449s] Level 1:colcon.colcon_core.environment:checking '/home/tannernelson3/ROS/ros/ros2_ws/install/usb_cam/lib'
[2.449s] Level 1:colcon.colcon_core.shell:create_environment_hook('usb_cam', 'ld_library_path_lib')
[2.472s] INFO:colcon.colcon_core.shell:Creating environment hook '/home/tannernelson3/ROS/ros/ros2_ws/install/usb_cam/share/usb_cam/hook/ld_library_path_lib.ps1'
[2.472s] INFO:colcon.colcon_core.shell:Creating environment descriptor '/home/tannernelson3/ROS/ros/ros2_ws/install/usb_cam/share/usb_cam/hook/ld_library_path_lib.dsv'
[2.473s] INFO:colcon.colcon_core.shell:Creating environment hook '/home/tannernelson3/ROS/ros/ros2_ws/install/usb_cam/share/usb_cam/hook/ld_library_path_lib.sh'
[2.473s] Level 1:colcon.colcon_core.environment:checking '/home/tannernelson3/ROS/ros/ros2_ws/install/usb_cam/bin'
[2.473s] Level 1:colcon.colcon_core.environment:checking '/home/tannernelson3/ROS/ros/ros2_ws/install/usb_cam/lib/pkgconfig/usb_cam.pc'
[2.473s] Level 1:colcon.colcon_core.environment:checking '/home/tannernelson3/ROS/ros/ros2_ws/install/usb_cam/lib/python3.10/site-packages'
[2.474s] Level 1:colcon.colcon_core.environment:checking '/home/tannernelson3/ROS/ros/ros2_ws/install/usb_cam/bin'
[2.497s] INFO:colcon.colcon_core.shell:Creating package script '/home/tannernelson3/ROS/ros/ros2_ws/install/usb_cam/share/usb_cam/package.ps1'
[2.499s] INFO:colcon.colcon_core.shell:Creating package descriptor '/home/tannernelson3/ROS/ros/ros2_ws/install/usb_cam/share/usb_cam/package.dsv'
[2.499s] INFO:colcon.colcon_core.shell:Creating package script '/home/tannernelson3/ROS/ros/ros2_ws/install/usb_cam/share/usb_cam/package.sh'
[2.500s] INFO:colcon.colcon_core.shell:Creating package script '/home/tannernelson3/ROS/ros/ros2_ws/install/usb_cam/share/usb_cam/package.bash'
[2.502s] INFO:colcon.colcon_core.shell:Creating package script '/home/tannernelson3/ROS/ros/ros2_ws/install/usb_cam/share/usb_cam/package.zsh'
[2.502s] Level 1:colcon.colcon_core.environment:create_file_with_runtime_dependencies(/home/tannernelson3/ROS/ros/ros2_ws/install/usb_cam/share/colcon-core/packages/usb_cam)
[2.577s] Level 1:colcon.colcon_core.environment:create_environment_scripts_only(usb_cam)
[2.600s] Level 1:colcon.colcon_core.environment:checking '/home/tannernelson3/ROS/ros/ros2_ws/install/usb_cam' for CMake module files
[2.601s] Level 1:colcon.colcon_core.environment:checking '/home/tannernelson3/ROS/ros/ros2_ws/install/usb_cam' for CMake config files
[2.602s] Level 1:colcon.colcon_core.shell:create_environment_hook('usb_cam', 'cmake_prefix_path')
[2.627s] INFO:colcon.colcon_core.shell:Creating environment hook '/home/tannernelson3/ROS/ros/ros2_ws/install/usb_cam/share/usb_cam/hook/cmake_prefix_path.ps1'
[2.628s] INFO:colcon.colcon_core.shell:Creating environment descriptor '/home/tannernelson3/ROS/ros/ros2_ws/install/usb_cam/share/usb_cam/hook/cmake_prefix_path.dsv'
[2.628s] INFO:colcon.colcon_core.shell:Creating environment hook '/home/tannernelson3/ROS/ros/ros2_ws/install/usb_cam/share/usb_cam/hook/cmake_prefix_path.sh'
[2.629s] Level 1:colcon.colcon_core.environment:checking '/home/tannernelson3/ROS/ros/ros2_ws/install/usb_cam/lib'
[2.629s] Level 1:colcon.colcon_core.shell:create_environment_hook('usb_cam', 'ld_library_path_lib')
[2.653s] INFO:colcon.colcon_core.shell:Creating environment hook '/home/tannernelson3/ROS/ros/ros2_ws/install/usb_cam/share/usb_cam/hook/ld_library_path_lib.ps1'
[2.654s] INFO:colcon.colcon_core.shell:Creating environment descriptor '/home/tannernelson3/ROS/ros/ros2_ws/install/usb_cam/share/usb_cam/hook/ld_library_path_lib.dsv'
[2.654s] INFO:colcon.colcon_core.shell:Creating environment hook '/home/tannernelson3/ROS/ros/ros2_ws/install/usb_cam/share/usb_cam/hook/ld_library_path_lib.sh'
[2.655s] Level 1:colcon.colcon_core.environment:checking '/home/tannernelson3/ROS/ros/ros2_ws/install/usb_cam/bin'
[2.655s] Level 1:colcon.colcon_core.environment:checking '/home/tannernelson3/ROS/ros/ros2_ws/install/usb_cam/lib/pkgconfig/usb_cam.pc'
[2.655s] Level 1:colcon.colcon_core.environment:checking '/home/tannernelson3/ROS/ros/ros2_ws/install/usb_cam/lib/python3.10/site-packages'
[2.656s] Level 1:colcon.colcon_core.environment:checking '/home/tannernelson3/ROS/ros/ros2_ws/install/usb_cam/bin'
[2.677s] INFO:colcon.colcon_core.shell:Creating package script '/home/tannernelson3/ROS/ros/ros2_ws/install/usb_cam/share/usb_cam/package.ps1'
[2.678s] INFO:colcon.colcon_core.shell:Creating package descriptor '/home/tannernelson3/ROS/ros/ros2_ws/install/usb_cam/share/usb_cam/package.dsv'
[2.679s] INFO:colcon.colcon_core.shell:Creating package script '/home/tannernelson3/ROS/ros/ros2_ws/install/usb_cam/share/usb_cam/package.sh'
[2.679s] INFO:colcon.colcon_core.shell:Creating package script '/home/tannernelson3/ROS/ros/ros2_ws/install/usb_cam/share/usb_cam/package.bash'
[2.680s] INFO:colcon.colcon_core.shell:Creating package script '/home/tannernelson3/ROS/ros/ros2_ws/install/usb_cam/share/usb_cam/package.zsh'
[2.680s] Level 1:colcon.colcon_core.environment:create_file_with_runtime_dependencies(/home/tannernelson3/ROS/ros/ros2_ws/install/usb_cam/share/colcon-core/packages/usb_cam)
[2.682s] DEBUG:colcon.colcon_core.event_handler.log_command:Invoked command in '/home/tannernelson3/ROS/ros/ros2_ws/build/snuff' returned '0': CMAKE_PREFIX_PATH=/opt/ros/iron:${CMAKE_PREFIX_PATH} /usr/bin/cmake --build /home/tannernelson3/ROS/ros/ros2_ws/build/snuff -- -j4 -l4
[2.713s] DEBUG:colcon.colcon_core.event_handler.log_command:Invoking command in '/home/tannernelson3/ROS/ros/ros2_ws/build/snuff': CMAKE_PREFIX_PATH=/opt/ros/iron:${CMAKE_PREFIX_PATH} /usr/bin/cmake --install /home/tannernelson3/ROS/ros/ros2_ws/build/snuff
[2.774s] Level 1:colcon.colcon_core.environment:create_environment_scripts_only(snuff)
[2.775s] DEBUG:colcon.colcon_core.event_handler.log_command:Invoked command in '/home/tannernelson3/ROS/ros/ros2_ws/build/snuff' returned '0': CMAKE_PREFIX_PATH=/opt/ros/iron:${CMAKE_PREFIX_PATH} /usr/bin/cmake --install /home/tannernelson3/ROS/ros/ros2_ws/build/snuff
[2.796s] Level 1:colcon.colcon_core.environment:checking '/home/tannernelson3/ROS/ros/ros2_ws/install/snuff' for CMake module files
[2.796s] Level 1:colcon.colcon_core.environment:checking '/home/tannernelson3/ROS/ros/ros2_ws/install/snuff' for CMake config files
[2.797s] Level 1:colcon.colcon_core.shell:create_environment_hook('snuff', 'cmake_prefix_path')
[2.819s] INFO:colcon.colcon_core.shell:Creating environment hook '/home/tannernelson3/ROS/ros/ros2_ws/install/snuff/share/snuff/hook/cmake_prefix_path.ps1'
[2.819s] INFO:colcon.colcon_core.shell:Creating environment descriptor '/home/tannernelson3/ROS/ros/ros2_ws/install/snuff/share/snuff/hook/cmake_prefix_path.dsv'
[2.820s] INFO:colcon.colcon_core.shell:Creating environment hook '/home/tannernelson3/ROS/ros/ros2_ws/install/snuff/share/snuff/hook/cmake_prefix_path.sh'
[2.820s] Level 1:colcon.colcon_core.environment:checking '/home/tannernelson3/ROS/ros/ros2_ws/install/snuff/lib'
[2.820s] Level 1:colcon.colcon_core.environment:checking '/home/tannernelson3/ROS/ros/ros2_ws/install/snuff/bin'
[2.821s] Level 1:colcon.colcon_core.environment:checking '/home/tannernelson3/ROS/ros/ros2_ws/install/snuff/lib/pkgconfig/snuff.pc'
[2.821s] Level 1:colcon.colcon_core.environment:checking '/home/tannernelson3/ROS/ros/ros2_ws/install/snuff/lib/python3.10/site-packages'
[2.821s] Level 1:colcon.colcon_core.shell:create_environment_hook('snuff', 'pythonpath')
[2.842s] INFO:colcon.colcon_core.shell:Creating environment hook '/home/tannernelson3/ROS/ros/ros2_ws/install/snuff/share/snuff/hook/pythonpath.ps1'
[2.843s] INFO:colcon.colcon_core.shell:Creating environment descriptor '/home/tannernelson3/ROS/ros/ros2_ws/install/snuff/share/snuff/hook/pythonpath.dsv'
[2.843s] INFO:colcon.colcon_core.shell:Creating environment hook '/home/tannernelson3/ROS/ros/ros2_ws/install/snuff/share/snuff/hook/pythonpath.sh'
[2.844s] Level 1:colcon.colcon_core.environment:checking '/home/tannernelson3/ROS/ros/ros2_ws/install/snuff/bin'
[2.865s] INFO:colcon.colcon_core.shell:Creating package script '/home/tannernelson3/ROS/ros/ros2_ws/install/snuff/share/snuff/package.ps1'
[2.866s] INFO:colcon.colcon_core.shell:Creating package descriptor '/home/tannernelson3/ROS/ros/ros2_ws/install/snuff/share/snuff/package.dsv'
[2.867s] INFO:colcon.colcon_core.shell:Creating package script '/home/tannernelson3/ROS/ros/ros2_ws/install/snuff/share/snuff/package.sh'
[2.867s] INFO:colcon.colcon_core.shell:Creating package script '/home/tannernelson3/ROS/ros/ros2_ws/install/snuff/share/snuff/package.bash'
[2.868s] INFO:colcon.colcon_core.shell:Creating package script '/home/tannernelson3/ROS/ros/ros2_ws/install/snuff/share/snuff/package.zsh'
[2.868s] Level 1:colcon.colcon_core.environment:create_file_with_runtime_dependencies(/home/tannernelson3/ROS/ros/ros2_ws/install/snuff/share/colcon-core/packages/snuff)
[2.917s] Level 1:colcon.colcon_core.environment:create_environment_scripts_only(snuff)
[2.938s] Level 1:colcon.colcon_core.environment:checking '/home/tannernelson3/ROS/ros/ros2_ws/install/snuff' for CMake module files
[2.939s] Level 1:colcon.colcon_core.environment:checking '/home/tannernelson3/ROS/ros/ros2_ws/install/snuff' for CMake config files
[2.940s] Level 1:colcon.colcon_core.shell:create_environment_hook('snuff', 'cmake_prefix_path')
[2.962s] INFO:colcon.colcon_core.shell:Creating environment hook '/home/tannernelson3/ROS/ros/ros2_ws/install/snuff/share/snuff/hook/cmake_prefix_path.ps1'
[2.962s] INFO:colcon.colcon_core.shell:Creating environment descriptor '/home/tannernelson3/ROS/ros/ros2_ws/install/snuff/share/snuff/hook/cmake_prefix_path.dsv'
[2.962s] INFO:colcon.colcon_core.shell:Creating environment hook '/home/tannernelson3/ROS/ros/ros2_ws/install/snuff/share/snuff/hook/cmake_prefix_path.sh'
[2.963s] Level 1:colcon.colcon_core.environment:checking '/home/tannernelson3/ROS/ros/ros2_ws/install/snuff/lib'
[2.963s] Level 1:colcon.colcon_core.environment:checking '/home/tannernelson3/ROS/ros/ros2_ws/install/snuff/bin'
[2.963s] Level 1:colcon.colcon_core.environment:checking '/home/tannernelson3/ROS/ros/ros2_ws/install/snuff/lib/pkgconfig/snuff.pc'
[2.964s] Level 1:colcon.colcon_core.environment:checking '/home/tannernelson3/ROS/ros/ros2_ws/install/snuff/lib/python3.10/site-packages'
[2.964s] Level 1:colcon.colcon_core.shell:create_environment_hook('snuff', 'pythonpath')
[2.985s] INFO:colcon.colcon_core.shell:Creating environment hook '/home/tannernelson3/ROS/ros/ros2_ws/install/snuff/share/snuff/hook/pythonpath.ps1'
[2.986s] INFO:colcon.colcon_core.shell:Creating environment descriptor '/home/tannernelson3/ROS/ros/ros2_ws/install/snuff/share/snuff/hook/pythonpath.dsv'
[2.986s] INFO:colcon.colcon_core.shell:Creating environment hook '/home/tannernelson3/ROS/ros/ros2_ws/install/snuff/share/snuff/hook/pythonpath.sh'
[2.987s] Level 1:colcon.colcon_core.environment:checking '/home/tannernelson3/ROS/ros/ros2_ws/install/snuff/bin'
[3.008s] INFO:colcon.colcon_core.shell:Creating package script '/home/tannernelson3/ROS/ros/ros2_ws/install/snuff/share/snuff/package.ps1'
[3.009s] INFO:colcon.colcon_core.shell:Creating package descriptor '/home/tannernelson3/ROS/ros/ros2_ws/install/snuff/share/snuff/package.dsv'
[3.009s] INFO:colcon.colcon_core.shell:Creating package script '/home/tannernelson3/ROS/ros/ros2_ws/install/snuff/share/snuff/package.sh'
[3.010s] INFO:colcon.colcon_core.shell:Creating package script '/home/tannernelson3/ROS/ros/ros2_ws/install/snuff/share/snuff/package.bash'
[3.010s] INFO:colcon.colcon_core.shell:Creating package script '/home/tannernelson3/ROS/ros/ros2_ws/install/snuff/share/snuff/package.zsh'
[3.011s] Level 1:colcon.colcon_core.environment:create_file_with_runtime_dependencies(/home/tannernelson3/ROS/ros/ros2_ws/install/snuff/share/colcon-core/packages/snuff)
[3.011s] DEBUG:colcon.colcon_parallel_executor.executor.parallel:closing loop
[3.012s] DEBUG:colcon.colcon_parallel_executor.executor.parallel:loop closed
[3.012s] DEBUG:colcon.colcon_parallel_executor.executor.parallel:run_until_complete finished with '0'
[3.012s] DEBUG:colcon.colcon_core.event_reactor:joining thread
[3.039s] INFO:colcon.colcon_core.plugin_system:Skipping extension 'colcon_notification.desktop_notification.terminal_notifier': Not used on non-Darwin systems
[3.039s] INFO:colcon.colcon_core.plugin_system:Skipping extension 'colcon_notification.desktop_notification.win32': Not used on non-Windows systems
[3.039s] INFO:colcon.colcon_notification.desktop_notification:Sending desktop notification using 'notify2'
[3.054s] DEBUG:colcon.colcon_core.event_reactor:joined thread
[3.075s] INFO:colcon.colcon_core.shell:Creating prefix script '/home/tannernelson3/ROS/ros/ros2_ws/install/local_setup.ps1'
[3.076s] INFO:colcon.colcon_core.shell:Creating prefix util module '/home/tannernelson3/ROS/ros/ros2_ws/install/_local_setup_util_ps1.py'
[3.078s] INFO:colcon.colcon_core.shell:Creating prefix chain script '/home/tannernelson3/ROS/ros/ros2_ws/install/setup.ps1'
[3.100s] INFO:colcon.colcon_core.shell:Creating prefix script '/home/tannernelson3/ROS/ros/ros2_ws/install/local_setup.sh'
[3.101s] INFO:colcon.colcon_core.shell:Creating prefix util module '/home/tannernelson3/ROS/ros/ros2_ws/install/_local_setup_util_sh.py'
[3.102s] INFO:colcon.colcon_core.shell:Creating prefix chain script '/home/tannernelson3/ROS/ros/ros2_ws/install/setup.sh'
[3.124s] INFO:colcon.colcon_core.shell:Creating prefix script '/home/tannernelson3/ROS/ros/ros2_ws/install/local_setup.bash'
[3.125s] INFO:colcon.colcon_core.shell:Creating prefix chain script '/home/tannernelson3/ROS/ros/ros2_ws/install/setup.bash'
[3.147s] INFO:colcon.colcon_core.shell:Creating prefix script '/home/tannernelson3/ROS/ros/ros2_ws/install/local_setup.zsh'
[3.148s] INFO:colcon.colcon_core.shell:Creating prefix chain script '/home/tannernelson3/ROS/ros/ros2_ws/install/setup.zsh'
