[0.297s] Invoking command in '/home/tannernelson3/snuff_ros2/ros2_ws/build/drive_base_msgs': CMAKE_PREFIX_PATH=${CMAKE_PREFIX_PATH}:/opt/ros/iron /usr/bin/cmake --build /home/tannernelson3/snuff_ros2/ros2_ws/build/drive_base_msgs -- -j4 -l4
[0.433s] [  1%] Built target drive_base_msgs__rosidl_generator_type_description
[0.454s] [  1%] Built target ament_cmake_python_copy_drive_base_msgs
[0.517s] [ 23%] Built target drive_base_msgs__rosidl_generator_c
[0.534s] [ 25%] Built target drive_base_msgs__cpp
[0.735s] [ 34%] Built target drive_base_msgs__rosidl_typesupport_introspection_c
[0.735s] [ 43%] Built target drive_base_msgs__rosidl_typesupport_fastrtps_c
[0.735s] [ 53%] Built target drive_base_msgs__rosidl_typesupport_c
[0.834s] [ 62%] Built target drive_base_msgs__rosidl_typesupport_introspection_cpp
[0.835s] [ 71%] Built target drive_base_msgs__rosidl_typesupport_cpp
[0.839s] [ 81%] Built target drive_base_msgs__rosidl_typesupport_fastrtps_cpp
[0.883s] [ 81%] Built target drive_base_msgs
[0.999s] [ 82%] Built target drive_base_msgs__py
[1.084s] [ 90%] Built target drive_base_msgs__rosidl_generator_py
[1.210s] [ 93%] Built target drive_base_msgs__rosidl_typesupport_c__pyext
[1.210s] [ 96%] Built target drive_base_msgs__rosidl_typesupport_fastrtps_c__pyext
[1.214s] [100%] Built target drive_base_msgs__rosidl_typesupport_introspection_c__pyext
[1.359s] running egg_info
[1.361s] writing drive_base_msgs.egg-info/PKG-INFO
[1.361s] writing dependency_links to drive_base_msgs.egg-info/dependency_links.txt
[1.362s] writing top-level names to drive_base_msgs.egg-info/top_level.txt
[1.368s] reading manifest file 'drive_base_msgs.egg-info/SOURCES.txt'
[1.369s] writing manifest file 'drive_base_msgs.egg-info/SOURCES.txt'
[1.434s] [100%] Built target ament_cmake_python_build_drive_base_msgs_egg
[1.573s] Invoked command in '/home/tannernelson3/snuff_ros2/ros2_ws/build/drive_base_msgs' returned '0': CMAKE_PREFIX_PATH=${CMAKE_PREFIX_PATH}:/opt/ros/iron /usr/bin/cmake --build /home/tannernelson3/snuff_ros2/ros2_ws/build/drive_base_msgs -- -j4 -l4
[1.945s] Invoking command in '/home/tannernelson3/snuff_ros2/ros2_ws/build/drive_base_msgs': CMAKE_PREFIX_PATH=${CMAKE_PREFIX_PATH}:/opt/ros/iron /usr/bin/cmake --install /home/tannernelson3/snuff_ros2/ros2_ws/build/drive_base_msgs
[1.972s] -- Install configuration: ""
[1.972s] -- Up-to-date: /home/tannernelson3/snuff_ros2/ros2_ws/install/drive_base_msgs/share/ament_index/resource_index/rosidl_interfaces/drive_base_msgs
[1.973s] -- Up-to-date: /home/tannernelson3/snuff_ros2/ros2_ws/install/drive_base_msgs/share/drive_base_msgs/msg/CommandHeader.json
[1.973s] -- Up-to-date: /home/tannernelson3/snuff_ros2/ros2_ws/install/drive_base_msgs/share/drive_base_msgs/msg/BaseInfo.json
[1.974s] -- Up-to-date: /home/tannernelson3/snuff_ros2/ros2_ws/install/drive_base_msgs/share/drive_base_msgs/msg/CommandStatus.json
[1.974s] -- Up-to-date: /home/tannernelson3/snuff_ros2/ros2_ws/install/drive_base_msgs/share/drive_base_msgs/msg/TRVCommand.json
[1.974s] -- Up-to-date: /home/tannernelson3/snuff_ros2/ros2_ws/install/drive_base_msgs/include/drive_base_msgs/drive_base_msgs
[1.975s] -- Up-to-date: /home/tannernelson3/snuff_ros2/ros2_ws/install/drive_base_msgs/include/drive_base_msgs/drive_base_msgs/msg
[1.975s] -- Up-to-date: /home/tannernelson3/snuff_ros2/ros2_ws/install/drive_base_msgs/include/drive_base_msgs/drive_base_msgs/msg/trv_command.h
[1.976s] -- Up-to-date: /home/tannernelson3/snuff_ros2/ros2_ws/install/drive_base_msgs/include/drive_base_msgs/drive_base_msgs/msg/command_header.h
[1.977s] -- Up-to-date: /home/tannernelson3/snuff_ros2/ros2_ws/install/drive_base_msgs/include/drive_base_msgs/drive_base_msgs/msg/rosidl_generator_c__visibility_control.h
[1.977s] -- Up-to-date: /home/tannernelson3/snuff_ros2/ros2_ws/install/drive_base_msgs/include/drive_base_msgs/drive_base_msgs/msg/command_status.h
[1.977s] -- Up-to-date: /home/tannernelson3/snuff_ros2/ros2_ws/install/drive_base_msgs/include/drive_base_msgs/drive_base_msgs/msg/detail
[1.978s] -- Up-to-date: /home/tannernelson3/snuff_ros2/ros2_ws/install/drive_base_msgs/include/drive_base_msgs/drive_base_msgs/msg/detail/command_status__type_support.h
[1.978s] -- Up-to-date: /home/tannernelson3/snuff_ros2/ros2_ws/install/drive_base_msgs/include/drive_base_msgs/drive_base_msgs/msg/detail/trv_command__struct.h
[1.979s] -- Up-to-date: /home/tannernelson3/snuff_ros2/ros2_ws/install/drive_base_msgs/include/drive_base_msgs/drive_base_msgs/msg/detail/trv_command__functions.c
[1.979s] -- Up-to-date: /home/tannernelson3/snuff_ros2/ros2_ws/install/drive_base_msgs/include/drive_base_msgs/drive_base_msgs/msg/detail/command_status__functions.h
[1.979s] -- Up-to-date: /home/tannernelson3/snuff_ros2/ros2_ws/install/drive_base_msgs/include/drive_base_msgs/drive_base_msgs/msg/detail/command_header__description.c
[1.979s] -- Installing: /home/tannernelson3/snuff_ros2/ros2_ws/install/drive_base_msgs/include/drive_base_msgs/drive_base_msgs/msg/detail/command_header__type_support.c
[1.980s] -- Up-to-date: /home/tannernelson3/snuff_ros2/ros2_ws/install/drive_base_msgs/include/drive_base_msgs/drive_base_msgs/msg/detail/trv_command__description.c
[1.980s] -- Up-to-date: /home/tannernelson3/snuff_ros2/ros2_ws/install/drive_base_msgs/include/drive_base_msgs/drive_base_msgs/msg/detail/command_header__functions.c
[1.980s] -- Up-to-date: /home/tannernelson3/snuff_ros2/ros2_ws/install/drive_base_msgs/include/drive_base_msgs/drive_base_msgs/msg/detail/base_info__functions.c
[1.980s] -- Up-to-date: /home/tannernelson3/snuff_ros2/ros2_ws/install/drive_base_msgs/include/drive_base_msgs/drive_base_msgs/msg/detail/base_info__type_support.h
[1.980s] -- Up-to-date: /home/tannernelson3/snuff_ros2/ros2_ws/install/drive_base_msgs/include/drive_base_msgs/drive_base_msgs/msg/detail/command_header__functions.h
[1.981s] -- Up-to-date: /home/tannernelson3/snuff_ros2/ros2_ws/install/drive_base_msgs/include/drive_base_msgs/drive_base_msgs/msg/detail/base_info__functions.h
[1.981s] -- Up-to-date: /home/tannernelson3/snuff_ros2/ros2_ws/install/drive_base_msgs/include/drive_base_msgs/drive_base_msgs/msg/detail/base_info__struct.h
[1.981s] -- Up-to-date: /home/tannernelson3/snuff_ros2/ros2_ws/install/drive_base_msgs/include/drive_base_msgs/drive_base_msgs/msg/detail/command_header__struct.h
[1.981s] -- Up-to-date: /home/tannernelson3/snuff_ros2/ros2_ws/install/drive_base_msgs/include/drive_base_msgs/drive_base_msgs/msg/detail/trv_command__type_support.h
[1.981s] -- Up-to-date: /home/tannernelson3/snuff_ros2/ros2_ws/install/drive_base_msgs/include/drive_base_msgs/drive_base_msgs/msg/detail/command_status__description.c
[1.981s] -- Up-to-date: /home/tannernelson3/snuff_ros2/ros2_ws/install/drive_base_msgs/include/drive_base_msgs/drive_base_msgs/msg/detail/command_status__struct.h
[1.982s] -- Installing: /home/tannernelson3/snuff_ros2/ros2_ws/install/drive_base_msgs/include/drive_base_msgs/drive_base_msgs/msg/detail/base_info__type_support.c
[1.982s] -- Up-to-date: /home/tannernelson3/snuff_ros2/ros2_ws/install/drive_base_msgs/include/drive_base_msgs/drive_base_msgs/msg/detail/trv_command__functions.h
[1.982s] -- Up-to-date: /home/tannernelson3/snuff_ros2/ros2_ws/install/drive_base_msgs/include/drive_base_msgs/drive_base_msgs/msg/detail/command_status__functions.c
[1.982s] -- Up-to-date: /home/tannernelson3/snuff_ros2/ros2_ws/install/drive_base_msgs/include/drive_base_msgs/drive_base_msgs/msg/detail/command_header__type_support.h
[1.982s] -- Installing: /home/tannernelson3/snuff_ros2/ros2_ws/install/drive_base_msgs/include/drive_base_msgs/drive_base_msgs/msg/detail/trv_command__type_support.c
[1.983s] -- Installing: /home/tannernelson3/snuff_ros2/ros2_ws/install/drive_base_msgs/include/drive_base_msgs/drive_base_msgs/msg/detail/command_status__type_support.c
[1.983s] -- Up-to-date: /home/tannernelson3/snuff_ros2/ros2_ws/install/drive_base_msgs/include/drive_base_msgs/drive_base_msgs/msg/detail/base_info__description.c
[1.983s] -- Up-to-date: /home/tannernelson3/snuff_ros2/ros2_ws/install/drive_base_msgs/include/drive_base_msgs/drive_base_msgs/msg/base_info.h
[1.983s] -- Up-to-date: /home/tannernelson3/snuff_ros2/ros2_ws/install/drive_base_msgs/share/drive_base_msgs/environment/library_path.sh
[1.983s] -- Up-to-date: /home/tannernelson3/snuff_ros2/ros2_ws/install/drive_base_msgs/share/drive_base_msgs/environment/library_path.dsv
[1.983s] -- Up-to-date: /home/tannernelson3/snuff_ros2/ros2_ws/install/drive_base_msgs/lib/libdrive_base_msgs__rosidl_generator_c.so
[1.984s] -- Up-to-date: /home/tannernelson3/snuff_ros2/ros2_ws/install/drive_base_msgs/include/drive_base_msgs/drive_base_msgs
[1.985s] -- Up-to-date: /home/tannernelson3/snuff_ros2/ros2_ws/install/drive_base_msgs/include/drive_base_msgs/drive_base_msgs/msg
[1.985s] -- Up-to-date: /home/tannernelson3/snuff_ros2/ros2_ws/install/drive_base_msgs/include/drive_base_msgs/drive_base_msgs/msg/rosidl_typesupport_fastrtps_c__visibility_control.h
[1.985s] -- Up-to-date: /home/tannernelson3/snuff_ros2/ros2_ws/install/drive_base_msgs/include/drive_base_msgs/drive_base_msgs/msg/detail
[1.986s] -- Up-to-date: /home/tannernelson3/snuff_ros2/ros2_ws/install/drive_base_msgs/include/drive_base_msgs/drive_base_msgs/msg/detail/command_header__rosidl_typesupport_fastrtps_c.h
[1.986s] -- Up-to-date: /home/tannernelson3/snuff_ros2/ros2_ws/install/drive_base_msgs/include/drive_base_msgs/drive_base_msgs/msg/detail/trv_command__rosidl_typesupport_fastrtps_c.h
[1.986s] -- Up-to-date: /home/tannernelson3/snuff_ros2/ros2_ws/install/drive_base_msgs/include/drive_base_msgs/drive_base_msgs/msg/detail/command_status__rosidl_typesupport_fastrtps_c.h
[1.986s] -- Up-to-date: /home/tannernelson3/snuff_ros2/ros2_ws/install/drive_base_msgs/include/drive_base_msgs/drive_base_msgs/msg/detail/base_info__rosidl_typesupport_fastrtps_c.h
[1.986s] -- Up-to-date: /home/tannernelson3/snuff_ros2/ros2_ws/install/drive_base_msgs/lib/libdrive_base_msgs__rosidl_typesupport_fastrtps_c.so
[1.986s] -- Up-to-date: /home/tannernelson3/snuff_ros2/ros2_ws/install/drive_base_msgs/include/drive_base_msgs/drive_base_msgs
[1.987s] -- Up-to-date: /home/tannernelson3/snuff_ros2/ros2_ws/install/drive_base_msgs/include/drive_base_msgs/drive_base_msgs/msg
[1.987s] -- Up-to-date: /home/tannernelson3/snuff_ros2/ros2_ws/install/drive_base_msgs/include/drive_base_msgs/drive_base_msgs/msg/command_status.hpp
[1.987s] -- Up-to-date: /home/tannernelson3/snuff_ros2/ros2_ws/install/drive_base_msgs/include/drive_base_msgs/drive_base_msgs/msg/trv_command.hpp
[1.987s] -- Up-to-date: /home/tannernelson3/snuff_ros2/ros2_ws/install/drive_base_msgs/include/drive_base_msgs/drive_base_msgs/msg/command_header.hpp
[1.988s] -- Up-to-date: /home/tannernelson3/snuff_ros2/ros2_ws/install/drive_base_msgs/include/drive_base_msgs/drive_base_msgs/msg/base_info.hpp
[1.988s] -- Up-to-date: /home/tannernelson3/snuff_ros2/ros2_ws/install/drive_base_msgs/include/drive_base_msgs/drive_base_msgs/msg/detail
[1.988s] -- Up-to-date: /home/tannernelson3/snuff_ros2/ros2_ws/install/drive_base_msgs/include/drive_base_msgs/drive_base_msgs/msg/detail/command_status__builder.hpp
[1.988s] -- Up-to-date: /home/tannernelson3/snuff_ros2/ros2_ws/install/drive_base_msgs/include/drive_base_msgs/drive_base_msgs/msg/detail/command_header__builder.hpp
[1.989s] -- Up-to-date: /home/tannernelson3/snuff_ros2/ros2_ws/install/drive_base_msgs/include/drive_base_msgs/drive_base_msgs/msg/detail/command_header__struct.hpp
[1.989s] -- Up-to-date: /home/tannernelson3/snuff_ros2/ros2_ws/install/drive_base_msgs/include/drive_base_msgs/drive_base_msgs/msg/detail/base_info__builder.hpp
[1.989s] -- Up-to-date: /home/tannernelson3/snuff_ros2/ros2_ws/install/drive_base_msgs/include/drive_base_msgs/drive_base_msgs/msg/detail/trv_command__traits.hpp
[1.989s] -- Up-to-date: /home/tannernelson3/snuff_ros2/ros2_ws/install/drive_base_msgs/include/drive_base_msgs/drive_base_msgs/msg/detail/command_status__traits.hpp
[1.990s] -- Up-to-date: /home/tannernelson3/snuff_ros2/ros2_ws/install/drive_base_msgs/include/drive_base_msgs/drive_base_msgs/msg/detail/command_status__struct.hpp
[1.990s] -- Up-to-date: /home/tannernelson3/snuff_ros2/ros2_ws/install/drive_base_msgs/include/drive_base_msgs/drive_base_msgs/msg/detail/base_info__struct.hpp
[1.990s] -- Up-to-date: /home/tannernelson3/snuff_ros2/ros2_ws/install/drive_base_msgs/include/drive_base_msgs/drive_base_msgs/msg/detail/base_info__traits.hpp
[1.991s] -- Up-to-date: /home/tannernelson3/snuff_ros2/ros2_ws/install/drive_base_msgs/include/drive_base_msgs/drive_base_msgs/msg/detail/trv_command__struct.hpp
[1.991s] -- Up-to-date: /home/tannernelson3/snuff_ros2/ros2_ws/install/drive_base_msgs/include/drive_base_msgs/drive_base_msgs/msg/detail/trv_command__builder.hpp
[1.991s] -- Up-to-date: /home/tannernelson3/snuff_ros2/ros2_ws/install/drive_base_msgs/include/drive_base_msgs/drive_base_msgs/msg/detail/command_header__traits.hpp
[1.991s] -- Up-to-date: /home/tannernelson3/snuff_ros2/ros2_ws/install/drive_base_msgs/include/drive_base_msgs/drive_base_msgs
[1.991s] -- Up-to-date: /home/tannernelson3/snuff_ros2/ros2_ws/install/drive_base_msgs/include/drive_base_msgs/drive_base_msgs/msg
[1.992s] -- Up-to-date: /home/tannernelson3/snuff_ros2/ros2_ws/install/drive_base_msgs/include/drive_base_msgs/drive_base_msgs/msg/rosidl_typesupport_fastrtps_cpp__visibility_control.h
[1.992s] -- Up-to-date: /home/tannernelson3/snuff_ros2/ros2_ws/install/drive_base_msgs/include/drive_base_msgs/drive_base_msgs/msg/detail
[1.993s] -- Up-to-date: /home/tannernelson3/snuff_ros2/ros2_ws/install/drive_base_msgs/include/drive_base_msgs/drive_base_msgs/msg/detail/dds_fastrtps
[1.993s] -- Up-to-date: /home/tannernelson3/snuff_ros2/ros2_ws/install/drive_base_msgs/include/drive_base_msgs/drive_base_msgs/msg/detail/trv_command__rosidl_typesupport_fastrtps_cpp.hpp
[1.993s] -- Up-to-date: /home/tannernelson3/snuff_ros2/ros2_ws/install/drive_base_msgs/include/drive_base_msgs/drive_base_msgs/msg/detail/base_info__rosidl_typesupport_fastrtps_cpp.hpp
[1.993s] -- Up-to-date: /home/tannernelson3/snuff_ros2/ros2_ws/install/drive_base_msgs/include/drive_base_msgs/drive_base_msgs/msg/detail/command_header__rosidl_typesupport_fastrtps_cpp.hpp
[1.994s] -- Up-to-date: /home/tannernelson3/snuff_ros2/ros2_ws/install/drive_base_msgs/include/drive_base_msgs/drive_base_msgs/msg/detail/command_status__rosidl_typesupport_fastrtps_cpp.hpp
[1.994s] -- Up-to-date: /home/tannernelson3/snuff_ros2/ros2_ws/install/drive_base_msgs/lib/libdrive_base_msgs__rosidl_typesupport_fastrtps_cpp.so
[1.996s] -- Up-to-date: /home/tannernelson3/snuff_ros2/ros2_ws/install/drive_base_msgs/include/drive_base_msgs/drive_base_msgs
[1.996s] -- Up-to-date: /home/tannernelson3/snuff_ros2/ros2_ws/install/drive_base_msgs/include/drive_base_msgs/drive_base_msgs/msg
[1.996s] -- Up-to-date: /home/tannernelson3/snuff_ros2/ros2_ws/install/drive_base_msgs/include/drive_base_msgs/drive_base_msgs/msg/rosidl_typesupport_introspection_c__visibility_control.h
[1.997s] -- Up-to-date: /home/tannernelson3/snuff_ros2/ros2_ws/install/drive_base_msgs/include/drive_base_msgs/drive_base_msgs/msg/detail
[1.997s] -- Installing: /home/tannernelson3/snuff_ros2/ros2_ws/install/drive_base_msgs/include/drive_base_msgs/drive_base_msgs/msg/detail/command_header__type_support.c
[1.998s] -- Up-to-date: /home/tannernelson3/snuff_ros2/ros2_ws/install/drive_base_msgs/include/drive_base_msgs/drive_base_msgs/msg/detail/base_info__rosidl_typesupport_introspection_c.h
[1.998s] -- Up-to-date: /home/tannernelson3/snuff_ros2/ros2_ws/install/drive_base_msgs/include/drive_base_msgs/drive_base_msgs/msg/detail/trv_command__rosidl_typesupport_introspection_c.h
[1.998s] -- Up-to-date: /home/tannernelson3/snuff_ros2/ros2_ws/install/drive_base_msgs/include/drive_base_msgs/drive_base_msgs/msg/detail/command_header__rosidl_typesupport_introspection_c.h
[1.998s] -- Installing: /home/tannernelson3/snuff_ros2/ros2_ws/install/drive_base_msgs/include/drive_base_msgs/drive_base_msgs/msg/detail/base_info__type_support.c
[1.998s] -- Installing: /home/tannernelson3/snuff_ros2/ros2_ws/install/drive_base_msgs/include/drive_base_msgs/drive_base_msgs/msg/detail/trv_command__type_support.c
[1.999s] -- Installing: /home/tannernelson3/snuff_ros2/ros2_ws/install/drive_base_msgs/include/drive_base_msgs/drive_base_msgs/msg/detail/command_status__type_support.c
[2.007s] -- Up-to-date: /home/tannernelson3/snuff_ros2/ros2_ws/install/drive_base_msgs/include/drive_base_msgs/drive_base_msgs/msg/detail/command_status__rosidl_typesupport_introspection_c.h
[2.018s] -- Up-to-date: /home/tannernelson3/snuff_ros2/ros2_ws/install/drive_base_msgs/lib/libdrive_base_msgs__rosidl_typesupport_introspection_c.so
[2.020s] -- Up-to-date: /home/tannernelson3/snuff_ros2/ros2_ws/install/drive_base_msgs/lib/libdrive_base_msgs__rosidl_typesupport_c.so
[2.020s] -- Up-to-date: /home/tannernelson3/snuff_ros2/ros2_ws/install/drive_base_msgs/include/drive_base_msgs/drive_base_msgs
[2.021s] -- Up-to-date: /home/tannernelson3/snuff_ros2/ros2_ws/install/drive_base_msgs/include/drive_base_msgs/drive_base_msgs/msg
[2.021s] -- Up-to-date: /home/tannernelson3/snuff_ros2/ros2_ws/install/drive_base_msgs/include/drive_base_msgs/drive_base_msgs/msg/detail
[2.021s] -- Up-to-date: /home/tannernelson3/snuff_ros2/ros2_ws/install/drive_base_msgs/include/drive_base_msgs/drive_base_msgs/msg/detail/command_status__rosidl_typesupport_introspection_cpp.hpp
[2.021s] -- Up-to-date: /home/tannernelson3/snuff_ros2/ros2_ws/install/drive_base_msgs/include/drive_base_msgs/drive_base_msgs/msg/detail/command_header__rosidl_typesupport_introspection_cpp.hpp
[2.021s] -- Up-to-date: /home/tannernelson3/snuff_ros2/ros2_ws/install/drive_base_msgs/include/drive_base_msgs/drive_base_msgs/msg/detail/command_status__type_support.cpp
[2.021s] -- Up-to-date: /home/tannernelson3/snuff_ros2/ros2_ws/install/drive_base_msgs/include/drive_base_msgs/drive_base_msgs/msg/detail/base_info__rosidl_typesupport_introspection_cpp.hpp
[2.022s] -- Up-to-date: /home/tannernelson3/snuff_ros2/ros2_ws/install/drive_base_msgs/include/drive_base_msgs/drive_base_msgs/msg/detail/base_info__type_support.cpp
[2.022s] -- Up-to-date: /home/tannernelson3/snuff_ros2/ros2_ws/install/drive_base_msgs/include/drive_base_msgs/drive_base_msgs/msg/detail/command_header__type_support.cpp
[2.022s] -- Up-to-date: /home/tannernelson3/snuff_ros2/ros2_ws/install/drive_base_msgs/include/drive_base_msgs/drive_base_msgs/msg/detail/trv_command__rosidl_typesupport_introspection_cpp.hpp
[2.022s] -- Up-to-date: /home/tannernelson3/snuff_ros2/ros2_ws/install/drive_base_msgs/include/drive_base_msgs/drive_base_msgs/msg/detail/trv_command__type_support.cpp
[2.022s] -- Up-to-date: /home/tannernelson3/snuff_ros2/ros2_ws/install/drive_base_msgs/lib/libdrive_base_msgs__rosidl_typesupport_introspection_cpp.so
[2.024s] -- Up-to-date: /home/tannernelson3/snuff_ros2/ros2_ws/install/drive_base_msgs/lib/libdrive_base_msgs__rosidl_typesupport_cpp.so
[2.024s] -- Up-to-date: /home/tannernelson3/snuff_ros2/ros2_ws/install/drive_base_msgs/share/drive_base_msgs/environment/pythonpath.sh
[2.024s] -- Up-to-date: /home/tannernelson3/snuff_ros2/ros2_ws/install/drive_base_msgs/share/drive_base_msgs/environment/pythonpath.dsv
[2.024s] -- Up-to-date: /home/tannernelson3/snuff_ros2/ros2_ws/install/drive_base_msgs/lib/python3.10/site-packages/drive_base_msgs-0.0.0-py3.10.egg-info
[2.024s] -- Installing: /home/tannernelson3/snuff_ros2/ros2_ws/install/drive_base_msgs/lib/python3.10/site-packages/drive_base_msgs-0.0.0-py3.10.egg-info/PKG-INFO
[2.026s] -- Installing: /home/tannernelson3/snuff_ros2/ros2_ws/install/drive_base_msgs/lib/python3.10/site-packages/drive_base_msgs-0.0.0-py3.10.egg-info/dependency_links.txt
[2.026s] -- Installing: /home/tannernelson3/snuff_ros2/ros2_ws/install/drive_base_msgs/lib/python3.10/site-packages/drive_base_msgs-0.0.0-py3.10.egg-info/SOURCES.txt
[2.026s] -- Installing: /home/tannernelson3/snuff_ros2/ros2_ws/install/drive_base_msgs/lib/python3.10/site-packages/drive_base_msgs-0.0.0-py3.10.egg-info/top_level.txt
[2.026s] -- Up-to-date: /home/tannernelson3/snuff_ros2/ros2_ws/install/drive_base_msgs/lib/python3.10/site-packages/drive_base_msgs
[2.026s] -- Up-to-date: /home/tannernelson3/snuff_ros2/ros2_ws/install/drive_base_msgs/lib/python3.10/site-packages/drive_base_msgs/msg
[2.027s] -- Up-to-date: /home/tannernelson3/snuff_ros2/ros2_ws/install/drive_base_msgs/lib/python3.10/site-packages/drive_base_msgs/msg/_base_info_s.c
[2.027s] -- Up-to-date: /home/tannernelson3/snuff_ros2/ros2_ws/install/drive_base_msgs/lib/python3.10/site-packages/drive_base_msgs/msg/_command_header.py
[2.027s] -- Up-to-date: /home/tannernelson3/snuff_ros2/ros2_ws/install/drive_base_msgs/lib/python3.10/site-packages/drive_base_msgs/msg/_base_info.py
[2.027s] -- Up-to-date: /home/tannernelson3/snuff_ros2/ros2_ws/install/drive_base_msgs/lib/python3.10/site-packages/drive_base_msgs/msg/_command_status_s.c
[2.027s] -- Up-to-date: /home/tannernelson3/snuff_ros2/ros2_ws/install/drive_base_msgs/lib/python3.10/site-packages/drive_base_msgs/msg/_trv_command_s.c
[2.027s] -- Up-to-date: /home/tannernelson3/snuff_ros2/ros2_ws/install/drive_base_msgs/lib/python3.10/site-packages/drive_base_msgs/msg/_command_header_s.c
[2.028s] -- Up-to-date: /home/tannernelson3/snuff_ros2/ros2_ws/install/drive_base_msgs/lib/python3.10/site-packages/drive_base_msgs/msg/_command_status.py
[2.028s] -- Up-to-date: /home/tannernelson3/snuff_ros2/ros2_ws/install/drive_base_msgs/lib/python3.10/site-packages/drive_base_msgs/msg/_trv_command.py
[2.028s] -- Up-to-date: /home/tannernelson3/snuff_ros2/ros2_ws/install/drive_base_msgs/lib/python3.10/site-packages/drive_base_msgs/msg/__init__.py
[2.028s] -- Up-to-date: /home/tannernelson3/snuff_ros2/ros2_ws/install/drive_base_msgs/lib/python3.10/site-packages/drive_base_msgs/_drive_base_msgs_s.ep.rosidl_typesupport_fastrtps_c.c
[2.028s] -- Up-to-date: /home/tannernelson3/snuff_ros2/ros2_ws/install/drive_base_msgs/lib/python3.10/site-packages/drive_base_msgs/libdrive_base_msgs__rosidl_generator_py.so
[2.028s] -- Up-to-date: /home/tannernelson3/snuff_ros2/ros2_ws/install/drive_base_msgs/lib/python3.10/site-packages/drive_base_msgs/drive_base_msgs_s__rosidl_typesupport_introspection_c.cpython-310-x86_64-linux-gnu.so
[2.029s] -- Up-to-date: /home/tannernelson3/snuff_ros2/ros2_ws/install/drive_base_msgs/lib/python3.10/site-packages/drive_base_msgs/drive_base_msgs_s__rosidl_typesupport_c.cpython-310-x86_64-linux-gnu.so
[2.029s] -- Up-to-date: /home/tannernelson3/snuff_ros2/ros2_ws/install/drive_base_msgs/lib/python3.10/site-packages/drive_base_msgs/drive_base_msgs_s__rosidl_typesupport_fastrtps_c.cpython-310-x86_64-linux-gnu.so
[2.029s] -- Up-to-date: /home/tannernelson3/snuff_ros2/ros2_ws/install/drive_base_msgs/lib/python3.10/site-packages/drive_base_msgs/_drive_base_msgs_s.ep.rosidl_typesupport_introspection_c.c
[2.029s] -- Up-to-date: /home/tannernelson3/snuff_ros2/ros2_ws/install/drive_base_msgs/lib/python3.10/site-packages/drive_base_msgs/_drive_base_msgs_s.ep.rosidl_typesupport_c.c
[2.029s] -- Up-to-date: /home/tannernelson3/snuff_ros2/ros2_ws/install/drive_base_msgs/lib/python3.10/site-packages/drive_base_msgs/__init__.py
[2.058s] Listing '/home/tannernelson3/snuff_ros2/ros2_ws/install/drive_base_msgs/lib/python3.10/site-packages/drive_base_msgs'...
[2.059s] Listing '/home/tannernelson3/snuff_ros2/ros2_ws/install/drive_base_msgs/lib/python3.10/site-packages/drive_base_msgs/msg'...
[2.070s] -- Up-to-date: /home/tannernelson3/snuff_ros2/ros2_ws/install/drive_base_msgs/lib/python3.10/site-packages/drive_base_msgs/drive_base_msgs_s__rosidl_typesupport_fastrtps_c.cpython-310-x86_64-linux-gnu.so
[2.070s] -- Up-to-date: /home/tannernelson3/snuff_ros2/ros2_ws/install/drive_base_msgs/lib/python3.10/site-packages/drive_base_msgs/drive_base_msgs_s__rosidl_typesupport_introspection_c.cpython-310-x86_64-linux-gnu.so
[2.073s] -- Up-to-date: /home/tannernelson3/snuff_ros2/ros2_ws/install/drive_base_msgs/lib/python3.10/site-packages/drive_base_msgs/drive_base_msgs_s__rosidl_typesupport_c.cpython-310-x86_64-linux-gnu.so
[2.073s] -- Up-to-date: /home/tannernelson3/snuff_ros2/ros2_ws/install/drive_base_msgs/lib/libdrive_base_msgs__rosidl_generator_py.so
[2.074s] -- Up-to-date: /home/tannernelson3/snuff_ros2/ros2_ws/install/drive_base_msgs/share/drive_base_msgs/msg/CommandHeader.idl
[2.075s] -- Up-to-date: /home/tannernelson3/snuff_ros2/ros2_ws/install/drive_base_msgs/share/drive_base_msgs/msg/BaseInfo.idl
[2.076s] -- Up-to-date: /home/tannernelson3/snuff_ros2/ros2_ws/install/drive_base_msgs/share/drive_base_msgs/msg/CommandStatus.idl
[2.077s] -- Up-to-date: /home/tannernelson3/snuff_ros2/ros2_ws/install/drive_base_msgs/share/drive_base_msgs/msg/TRVCommand.idl
[2.077s] -- Up-to-date: /home/tannernelson3/snuff_ros2/ros2_ws/install/drive_base_msgs/share/drive_base_msgs/msg/CommandHeader.msg
[2.080s] -- Up-to-date: /home/tannernelson3/snuff_ros2/ros2_ws/install/drive_base_msgs/share/drive_base_msgs/msg/BaseInfo.msg
[2.080s] -- Up-to-date: /home/tannernelson3/snuff_ros2/ros2_ws/install/drive_base_msgs/share/drive_base_msgs/msg/CommandStatus.msg
[2.081s] -- Up-to-date: /home/tannernelson3/snuff_ros2/ros2_ws/install/drive_base_msgs/share/drive_base_msgs/msg/TRVCommand.msg
[2.081s] -- Up-to-date: /home/tannernelson3/snuff_ros2/ros2_ws/install/drive_base_msgs/share/ament_index/resource_index/package_run_dependencies/drive_base_msgs
[2.081s] -- Up-to-date: /home/tannernelson3/snuff_ros2/ros2_ws/install/drive_base_msgs/share/ament_index/resource_index/parent_prefix_path/drive_base_msgs
[2.081s] -- Up-to-date: /home/tannernelson3/snuff_ros2/ros2_ws/install/drive_base_msgs/share/drive_base_msgs/environment/ament_prefix_path.sh
[2.082s] -- Up-to-date: /home/tannernelson3/snuff_ros2/ros2_ws/install/drive_base_msgs/share/drive_base_msgs/environment/ament_prefix_path.dsv
[2.082s] -- Up-to-date: /home/tannernelson3/snuff_ros2/ros2_ws/install/drive_base_msgs/share/drive_base_msgs/environment/path.sh
[2.082s] -- Up-to-date: /home/tannernelson3/snuff_ros2/ros2_ws/install/drive_base_msgs/share/drive_base_msgs/environment/path.dsv
[2.083s] -- Up-to-date: /home/tannernelson3/snuff_ros2/ros2_ws/install/drive_base_msgs/share/drive_base_msgs/local_setup.bash
[2.084s] -- Up-to-date: /home/tannernelson3/snuff_ros2/ros2_ws/install/drive_base_msgs/share/drive_base_msgs/local_setup.sh
[2.085s] -- Up-to-date: /home/tannernelson3/snuff_ros2/ros2_ws/install/drive_base_msgs/share/drive_base_msgs/local_setup.zsh
[2.085s] -- Up-to-date: /home/tannernelson3/snuff_ros2/ros2_ws/install/drive_base_msgs/share/drive_base_msgs/local_setup.dsv
[2.087s] -- Installing: /home/tannernelson3/snuff_ros2/ros2_ws/install/drive_base_msgs/share/drive_base_msgs/package.dsv
[2.087s] -- Up-to-date: /home/tannernelson3/snuff_ros2/ros2_ws/install/drive_base_msgs/share/ament_index/resource_index/packages/drive_base_msgs
[2.089s] -- Up-to-date: /home/tannernelson3/snuff_ros2/ros2_ws/install/drive_base_msgs/share/drive_base_msgs/cmake/export_drive_base_msgs__rosidl_generator_cExport.cmake
[2.090s] -- Up-to-date: /home/tannernelson3/snuff_ros2/ros2_ws/install/drive_base_msgs/share/drive_base_msgs/cmake/export_drive_base_msgs__rosidl_generator_cExport-noconfig.cmake
[2.090s] -- Up-to-date: /home/tannernelson3/snuff_ros2/ros2_ws/install/drive_base_msgs/share/drive_base_msgs/cmake/export_drive_base_msgs__rosidl_typesupport_fastrtps_cExport.cmake
[2.092s] -- Up-to-date: /home/tannernelson3/snuff_ros2/ros2_ws/install/drive_base_msgs/share/drive_base_msgs/cmake/export_drive_base_msgs__rosidl_typesupport_fastrtps_cExport-noconfig.cmake
[2.092s] -- Up-to-date: /home/tannernelson3/snuff_ros2/ros2_ws/install/drive_base_msgs/share/drive_base_msgs/cmake/export_drive_base_msgs__rosidl_generator_cppExport.cmake
[2.092s] -- Up-to-date: /home/tannernelson3/snuff_ros2/ros2_ws/install/drive_base_msgs/share/drive_base_msgs/cmake/export_drive_base_msgs__rosidl_typesupport_fastrtps_cppExport.cmake
[2.093s] -- Up-to-date: /home/tannernelson3/snuff_ros2/ros2_ws/install/drive_base_msgs/share/drive_base_msgs/cmake/export_drive_base_msgs__rosidl_typesupport_fastrtps_cppExport-noconfig.cmake
[2.093s] -- Up-to-date: /home/tannernelson3/snuff_ros2/ros2_ws/install/drive_base_msgs/share/drive_base_msgs/cmake/drive_base_msgs__rosidl_typesupport_introspection_cExport.cmake
[2.094s] -- Up-to-date: /home/tannernelson3/snuff_ros2/ros2_ws/install/drive_base_msgs/share/drive_base_msgs/cmake/drive_base_msgs__rosidl_typesupport_introspection_cExport-noconfig.cmake
[2.095s] -- Up-to-date: /home/tannernelson3/snuff_ros2/ros2_ws/install/drive_base_msgs/share/drive_base_msgs/cmake/drive_base_msgs__rosidl_typesupport_cExport.cmake
[2.096s] -- Up-to-date: /home/tannernelson3/snuff_ros2/ros2_ws/install/drive_base_msgs/share/drive_base_msgs/cmake/drive_base_msgs__rosidl_typesupport_cExport-noconfig.cmake
[2.097s] -- Up-to-date: /home/tannernelson3/snuff_ros2/ros2_ws/install/drive_base_msgs/share/drive_base_msgs/cmake/drive_base_msgs__rosidl_typesupport_introspection_cppExport.cmake
[2.097s] -- Up-to-date: /home/tannernelson3/snuff_ros2/ros2_ws/install/drive_base_msgs/share/drive_base_msgs/cmake/drive_base_msgs__rosidl_typesupport_introspection_cppExport-noconfig.cmake
[2.098s] -- Up-to-date: /home/tannernelson3/snuff_ros2/ros2_ws/install/drive_base_msgs/share/drive_base_msgs/cmake/drive_base_msgs__rosidl_typesupport_cppExport.cmake
[2.099s] -- Up-to-date: /home/tannernelson3/snuff_ros2/ros2_ws/install/drive_base_msgs/share/drive_base_msgs/cmake/drive_base_msgs__rosidl_typesupport_cppExport-noconfig.cmake
[2.099s] -- Up-to-date: /home/tannernelson3/snuff_ros2/ros2_ws/install/drive_base_msgs/share/drive_base_msgs/cmake/export_drive_base_msgs__rosidl_generator_pyExport.cmake
[2.100s] -- Up-to-date: /home/tannernelson3/snuff_ros2/ros2_ws/install/drive_base_msgs/share/drive_base_msgs/cmake/export_drive_base_msgs__rosidl_generator_pyExport-noconfig.cmake
[2.100s] -- Up-to-date: /home/tannernelson3/snuff_ros2/ros2_ws/install/drive_base_msgs/share/drive_base_msgs/cmake/rosidl_cmake-extras.cmake
[2.103s] -- Up-to-date: /home/tannernelson3/snuff_ros2/ros2_ws/install/drive_base_msgs/share/drive_base_msgs/cmake/ament_cmake_export_dependencies-extras.cmake
[2.104s] -- Up-to-date: /home/tannernelson3/snuff_ros2/ros2_ws/install/drive_base_msgs/share/drive_base_msgs/cmake/ament_cmake_export_include_directories-extras.cmake
[2.104s] -- Up-to-date: /home/tannernelson3/snuff_ros2/ros2_ws/install/drive_base_msgs/share/drive_base_msgs/cmake/ament_cmake_export_libraries-extras.cmake
[2.104s] -- Up-to-date: /home/tannernelson3/snuff_ros2/ros2_ws/install/drive_base_msgs/share/drive_base_msgs/cmake/ament_cmake_export_targets-extras.cmake
[2.105s] -- Up-to-date: /home/tannernelson3/snuff_ros2/ros2_ws/install/drive_base_msgs/share/drive_base_msgs/cmake/rosidl_cmake_export_typesupport_targets-extras.cmake
[2.105s] -- Up-to-date: /home/tannernelson3/snuff_ros2/ros2_ws/install/drive_base_msgs/share/drive_base_msgs/cmake/rosidl_cmake_export_typesupport_libraries-extras.cmake
[2.106s] -- Up-to-date: /home/tannernelson3/snuff_ros2/ros2_ws/install/drive_base_msgs/share/drive_base_msgs/cmake/drive_base_msgsConfig.cmake
[2.106s] -- Up-to-date: /home/tannernelson3/snuff_ros2/ros2_ws/install/drive_base_msgs/share/drive_base_msgs/cmake/drive_base_msgsConfig-version.cmake
[2.106s] -- Up-to-date: /home/tannernelson3/snuff_ros2/ros2_ws/install/drive_base_msgs/share/drive_base_msgs/package.xml
[2.196s] Invoked command in '/home/tannernelson3/snuff_ros2/ros2_ws/build/drive_base_msgs' returned '0': CMAKE_PREFIX_PATH=${CMAKE_PREFIX_PATH}:/opt/ros/iron /usr/bin/cmake --install /home/tannernelson3/snuff_ros2/ros2_ws/build/drive_base_msgs
