[0.188s] Invoking command in '/home/tannernelson3/snuff_ros2/ros2_ws/build/snuff': CMAKE_PREFIX_PATH=${CMAKE_PREFIX_PATH}:/opt/ros/iron /usr/bin/cmake --build /home/tannernelson3/snuff_ros2/ros2_ws/build/snuff -- -j4 -l4
[0.275s] Built target ament_cmake_python_copy_snuff
[0.719s] running egg_info
[0.721s] writing snuff.egg-info/PKG-INFO
[0.722s] writing dependency_links to snuff.egg-info/dependency_links.txt
[0.722s] writing top-level names to snuff.egg-info/top_level.txt
[0.728s] reading manifest file 'snuff.egg-info/SOURCES.txt'
[0.729s] writing manifest file 'snuff.egg-info/SOURCES.txt'
[0.776s] Built target ament_cmake_python_build_snuff_egg
[0.799s] Invoked command in '/home/tannernelson3/snuff_ros2/ros2_ws/build/snuff' returned '0': CMAKE_PREFIX_PATH=${CMAKE_PREFIX_PATH}:/opt/ros/iron /usr/bin/cmake --build /home/tannernelson3/snuff_ros2/ros2_ws/build/snuff -- -j4 -l4
[0.827s] Invoking command in '/home/tannernelson3/snuff_ros2/ros2_ws/build/snuff': CMAKE_PREFIX_PATH=${CMAKE_PREFIX_PATH}:/opt/ros/iron /usr/bin/cmake --install /home/tannernelson3/snuff_ros2/ros2_ws/build/snuff
[0.837s] -- Install configuration: ""
[0.837s] -- Up-to-date: /home/tannernelson3/snuff_ros2/ros2_ws/install/snuff/share/snuff/launch
[0.837s] -- Up-to-date: /home/tannernelson3/snuff_ros2/ros2_ws/install/snuff/share/snuff/launch/__pycache__
[0.838s] -- Installing: /home/tannernelson3/snuff_ros2/ros2_ws/install/snuff/share/snuff/launch/__pycache__/robot.launch.cpython-310.pyc
[0.838s] -- Up-to-date: /home/tannernelson3/snuff_ros2/ros2_ws/install/snuff/share/snuff/launch/robot.launch.py
[0.838s] -- Up-to-date: /home/tannernelson3/snuff_ros2/ros2_ws/install/snuff/share/snuff/rviz
[0.838s] -- Up-to-date: /home/tannernelson3/snuff_ros2/ros2_ws/install/snuff/share/snuff/rviz/robot.rviz
[0.839s] -- Up-to-date: /home/tannernelson3/snuff_ros2/ros2_ws/install/snuff/share/snuff/config
[0.839s] -- Up-to-date: /home/tannernelson3/snuff_ros2/ros2_ws/install/snuff/share/snuff/config/params_1.yaml
[0.839s] -- Up-to-date: /home/tannernelson3/snuff_ros2/ros2_ws/install/snuff/share/snuff/config/camera_info.yaml
[0.839s] -- Up-to-date: /home/tannernelson3/snuff_ros2/ros2_ws/install/snuff/share/snuff/config/apriltags.yaml
[0.839s] -- Up-to-date: /home/tannernelson3/snuff_ros2/ros2_ws/install/snuff/share/snuff/models
[0.840s] -- Up-to-date: /home/tannernelson3/snuff_ros2/ros2_ws/install/snuff/share/snuff/models/robot
[0.840s] -- Up-to-date: /home/tannernelson3/snuff_ros2/ros2_ws/install/snuff/share/snuff/models/robot/floor.sdf
[0.840s] -- Up-to-date: /home/tannernelson3/snuff_ros2/ros2_ws/install/snuff/share/snuff/models/robot/Invoice 5030603.pdf
[0.840s] -- Up-to-date: /home/tannernelson3/snuff_ros2/ros2_ws/install/snuff/share/snuff/models/robot/tag1_cube.sdf
[0.840s] -- Up-to-date: /home/tannernelson3/snuff_ros2/ros2_ws/install/snuff/share/snuff/models/robot/pxxls_cam.urdf.xacro
[0.840s] -- Up-to-date: /home/tannernelson3/snuff_ros2/ros2_ws/install/snuff/share/snuff/models/robot/meshes
[0.841s] -- Up-to-date: /home/tannernelson3/snuff_ros2/ros2_ws/install/snuff/share/snuff/models/robot/meshes/tag36_11_00003.png
[0.841s] -- Up-to-date: /home/tannernelson3/snuff_ros2/ros2_ws/install/snuff/share/snuff/models/robot/meshes/pxxls_cam_camera.stl
[0.841s] -- Up-to-date: /home/tannernelson3/snuff_ros2/ros2_ws/install/snuff/share/snuff/models/robot/meshes/tag3_cube.dae
[0.841s] -- Up-to-date: /home/tannernelson3/snuff_ros2/ros2_ws/install/snuff/share/snuff/models/robot/meshes/camera.dae
[0.841s] -- Up-to-date: /home/tannernelson3/snuff_ros2/ros2_ws/install/snuff/share/snuff/models/robot/meshes/base.dae
[0.841s] -- Up-to-date: /home/tannernelson3/snuff_ros2/ros2_ws/install/snuff/share/snuff/models/robot/meshes/pxxls_cam_tilt.stl
[0.841s] -- Up-to-date: /home/tannernelson3/snuff_ros2/ros2_ws/install/snuff/share/snuff/models/robot/meshes/pxxls_cam_pan.stl
[0.841s] -- Up-to-date: /home/tannernelson3/snuff_ros2/ros2_ws/install/snuff/share/snuff/models/robot/meshes/pxxls_cam_base.stl
[0.841s] -- Up-to-date: /home/tannernelson3/snuff_ros2/ros2_ws/install/snuff/share/snuff/models/robot/world.world
[0.842s] -- Up-to-date: /home/tannernelson3/snuff_ros2/ros2_ws/install/snuff/share/snuff/models/robot/robot.sdf
[0.842s] -- Up-to-date: /home/tannernelson3/snuff_ros2/ros2_ws/install/snuff/share/snuff/models/robot/tag2_cube.sdf
[0.842s] -- Up-to-date: /home/tannernelson3/snuff_ros2/ros2_ws/install/snuff/share/snuff/models/robot/tag3_cube.sdf
[0.842s] -- Up-to-date: /home/tannernelson3/snuff_ros2/ros2_ws/install/snuff/share/snuff/models/robot/world.sdf
[0.842s] -- Up-to-date: /home/tannernelson3/snuff_ros2/ros2_ws/install/snuff/share/snuff/models/robot/__init__.py
[0.842s] -- Up-to-date: /home/tannernelson3/snuff_ros2/ros2_ws/install/snuff/share/snuff/worlds
[0.842s] -- Up-to-date: /home/tannernelson3/snuff_ros2/ros2_ws/install/snuff/share/snuff/environment/pythonpath.sh
[0.842s] -- Up-to-date: /home/tannernelson3/snuff_ros2/ros2_ws/install/snuff/share/snuff/environment/pythonpath.dsv
[0.842s] -- Up-to-date: /home/tannernelson3/snuff_ros2/ros2_ws/install/snuff/lib/python3.10/site-packages/snuff-0.0.0-py3.10.egg-info
[0.842s] -- Installing: /home/tannernelson3/snuff_ros2/ros2_ws/install/snuff/lib/python3.10/site-packages/snuff-0.0.0-py3.10.egg-info/PKG-INFO
[0.842s] -- Installing: /home/tannernelson3/snuff_ros2/ros2_ws/install/snuff/lib/python3.10/site-packages/snuff-0.0.0-py3.10.egg-info/dependency_links.txt
[0.843s] -- Installing: /home/tannernelson3/snuff_ros2/ros2_ws/install/snuff/lib/python3.10/site-packages/snuff-0.0.0-py3.10.egg-info/SOURCES.txt
[0.843s] -- Installing: /home/tannernelson3/snuff_ros2/ros2_ws/install/snuff/lib/python3.10/site-packages/snuff-0.0.0-py3.10.egg-info/top_level.txt
[0.843s] -- Up-to-date: /home/tannernelson3/snuff_ros2/ros2_ws/install/snuff/lib/python3.10/site-packages/snuff
[0.843s] -- Up-to-date: /home/tannernelson3/snuff_ros2/ros2_ws/install/snuff/lib/python3.10/site-packages/snuff/__init__.py
[0.880s] Listing '/home/tannernelson3/snuff_ros2/ros2_ws/install/snuff/lib/python3.10/site-packages/snuff'...
[0.886s] -- Installing: /home/tannernelson3/snuff_ros2/ros2_ws/install/snuff/lib/snuff/exec.py
[0.886s] -- Up-to-date: /home/tannernelson3/snuff_ros2/ros2_ws/install/snuff/lib/snuff/state_publisher.py
[0.886s] -- Up-to-date: /home/tannernelson3/snuff_ros2/ros2_ws/install/snuff/lib/snuff/dyn_lib.py
[0.886s] -- Up-to-date: /home/tannernelson3/snuff_ros2/ros2_ws/install/snuff/share/ament_index/resource_index/package_run_dependencies/snuff
[0.887s] -- Up-to-date: /home/tannernelson3/snuff_ros2/ros2_ws/install/snuff/share/ament_index/resource_index/parent_prefix_path/snuff
[0.887s] -- Up-to-date: /home/tannernelson3/snuff_ros2/ros2_ws/install/snuff/share/snuff/environment/ament_prefix_path.sh
[0.887s] -- Up-to-date: /home/tannernelson3/snuff_ros2/ros2_ws/install/snuff/share/snuff/environment/ament_prefix_path.dsv
[0.887s] -- Up-to-date: /home/tannernelson3/snuff_ros2/ros2_ws/install/snuff/share/snuff/environment/path.sh
[0.887s] -- Up-to-date: /home/tannernelson3/snuff_ros2/ros2_ws/install/snuff/share/snuff/environment/path.dsv
[0.887s] -- Up-to-date: /home/tannernelson3/snuff_ros2/ros2_ws/install/snuff/share/snuff/local_setup.bash
[0.887s] -- Up-to-date: /home/tannernelson3/snuff_ros2/ros2_ws/install/snuff/share/snuff/local_setup.sh
[0.888s] -- Up-to-date: /home/tannernelson3/snuff_ros2/ros2_ws/install/snuff/share/snuff/local_setup.zsh
[0.888s] -- Up-to-date: /home/tannernelson3/snuff_ros2/ros2_ws/install/snuff/share/snuff/local_setup.dsv
[0.888s] -- Installing: /home/tannernelson3/snuff_ros2/ros2_ws/install/snuff/share/snuff/package.dsv
[0.888s] -- Up-to-date: /home/tannernelson3/snuff_ros2/ros2_ws/install/snuff/share/ament_index/resource_index/packages/snuff
[0.888s] -- Up-to-date: /home/tannernelson3/snuff_ros2/ros2_ws/install/snuff/share/snuff/cmake/snuffConfig.cmake
[0.888s] -- Up-to-date: /home/tannernelson3/snuff_ros2/ros2_ws/install/snuff/share/snuff/cmake/snuffConfig-version.cmake
[0.888s] -- Up-to-date: /home/tannernelson3/snuff_ros2/ros2_ws/install/snuff/share/snuff/package.xml
[0.890s] Invoked command in '/home/tannernelson3/snuff_ros2/ros2_ws/build/snuff' returned '0': CMAKE_PREFIX_PATH=${CMAKE_PREFIX_PATH}:/opt/ros/iron /usr/bin/cmake --install /home/tannernelson3/snuff_ros2/ros2_ws/build/snuff
