[1.425s] DEBUG:colcon:Command line arguments: ['/usr/bin/colcon', 'build']
[1.425s] DEBUG:colcon:Parsed command line arguments: Namespace(log_base=None, log_level=None, verb_name='build', build_base='build', install_base='install', merge_install=False, symlink_install=False, test_result_base=None, continue_on_error=False, executor='parallel', parallel_workers=4, event_handlers=None, ignore_user_meta=False, metas=['./colcon.meta'], base_paths=['.'], packages_ignore=None, packages_ignore_regex=None, paths=None, packages_up_to=None, packages_up_to_regex=None, packages_above=None, packages_above_and_dependencies=None, packages_above_depth=None, packages_select_by_dep=None, packages_skip_by_dep=None, packages_skip_up_to=None, packages_select_build_failed=False, packages_skip_build_finished=False, packages_select_test_failures=False, packages_skip_test_passed=False, packages_select=None, packages_skip=None, packages_select_regex=None, packages_skip_regex=None, packages_start=None, packages_end=None, allow_overriding=[], cmake_args=None, cmake_target=None, cmake_target_skip_unavailable=False, cmake_clean_cache=False, cmake_clean_first=False, cmake_force_configure=False, ament_cmake_args=None, catkin_cmake_args=None, catkin_skip_building_tests=False, verb_parser=<colcon_defaults.argument_parser.defaults.DefaultArgumentsDecorator object at 0x7f0f22c7feb0>, verb_extension=<colcon_core.verb.build.BuildVerb object at 0x7f0f23b0aad0>, main=<bound method BuildVerb.main of <colcon_core.verb.build.BuildVerb object at 0x7f0f23b0aad0>>)
[1.490s] Level 1:colcon.colcon_core.package_discovery:discover_packages(colcon_meta) check parameters
[1.490s] Level 1:colcon.colcon_core.package_discovery:discover_packages(recursive) check parameters
[1.490s] Level 1:colcon.colcon_core.package_discovery:discover_packages(ignore) check parameters
[1.490s] Level 1:colcon.colcon_core.package_discovery:discover_packages(path) check parameters
[1.490s] Level 1:colcon.colcon_core.package_discovery:discover_packages(colcon_meta) discover
[1.490s] Level 1:colcon.colcon_core.package_discovery:discover_packages(recursive) discover
[1.490s] INFO:colcon.colcon_core.package_discovery:Crawling recursively for packages in '/home/tannernelson3/ROS/ros/ros2_ws'
[1.491s] Level 1:colcon.colcon_core.package_identification:_identify(.) by extensions ['ignore', 'ignore_ament_install']
[1.491s] Level 1:colcon.colcon_core.package_identification:_identify(.) by extension 'ignore'
[1.491s] Level 1:colcon.colcon_core.package_identification:_identify(.) by extension 'ignore_ament_install'
[1.491s] Level 1:colcon.colcon_core.package_identification:_identify(.) by extensions ['colcon_pkg']
[1.491s] Level 1:colcon.colcon_core.package_identification:_identify(.) by extension 'colcon_pkg'
[1.491s] Level 1:colcon.colcon_core.package_identification:_identify(.) by extensions ['colcon_meta']
[1.491s] Level 1:colcon.colcon_core.package_identification:_identify(.) by extension 'colcon_meta'
[1.491s] Level 1:colcon.colcon_core.package_identification:_identify(.) by extensions ['ros']
[1.491s] Level 1:colcon.colcon_core.package_identification:_identify(.) by extension 'ros'
[1.506s] Level 1:colcon.colcon_core.package_identification:_identify(.) by extensions ['cmake', 'python']
[1.506s] Level 1:colcon.colcon_core.package_identification:_identify(.) by extension 'cmake'
[1.506s] Level 1:colcon.colcon_core.package_identification:_identify(.) by extension 'python'
[1.506s] Level 1:colcon.colcon_core.package_identification:_identify(.) by extensions ['python_setup_py']
[1.506s] Level 1:colcon.colcon_core.package_identification:_identify(.) by extension 'python_setup_py'
[1.506s] Level 1:colcon.colcon_core.package_identification:_identify(build) by extensions ['ignore', 'ignore_ament_install']
[1.506s] Level 1:colcon.colcon_core.package_identification:_identify(build) by extension 'ignore'
[1.506s] Level 1:colcon.colcon_core.package_identification:_identify(build) ignored
[1.507s] Level 1:colcon.colcon_core.package_identification:_identify(install) by extensions ['ignore', 'ignore_ament_install']
[1.507s] Level 1:colcon.colcon_core.package_identification:_identify(install) by extension 'ignore'
[1.507s] Level 1:colcon.colcon_core.package_identification:_identify(install) ignored
[1.507s] Level 1:colcon.colcon_core.package_identification:_identify(log) by extensions ['ignore', 'ignore_ament_install']
[1.507s] Level 1:colcon.colcon_core.package_identification:_identify(log) by extension 'ignore'
[1.507s] Level 1:colcon.colcon_core.package_identification:_identify(log) ignored
[1.507s] Level 1:colcon.colcon_core.package_identification:_identify(src) by extensions ['ignore', 'ignore_ament_install']
[1.507s] Level 1:colcon.colcon_core.package_identification:_identify(src) by extension 'ignore'
[1.507s] Level 1:colcon.colcon_core.package_identification:_identify(src) by extension 'ignore_ament_install'
[1.507s] Level 1:colcon.colcon_core.package_identification:_identify(src) by extensions ['colcon_pkg']
[1.508s] Level 1:colcon.colcon_core.package_identification:_identify(src) by extension 'colcon_pkg'
[1.508s] Level 1:colcon.colcon_core.package_identification:_identify(src) by extensions ['colcon_meta']
[1.508s] Level 1:colcon.colcon_core.package_identification:_identify(src) by extension 'colcon_meta'
[1.508s] Level 1:colcon.colcon_core.package_identification:_identify(src) by extensions ['ros']
[1.508s] Level 1:colcon.colcon_core.package_identification:_identify(src) by extension 'ros'
[1.508s] Level 1:colcon.colcon_core.package_identification:_identify(src) by extensions ['cmake', 'python']
[1.508s] Level 1:colcon.colcon_core.package_identification:_identify(src) by extension 'cmake'
[1.508s] Level 1:colcon.colcon_core.package_identification:_identify(src) by extension 'python'
[1.508s] Level 1:colcon.colcon_core.package_identification:_identify(src) by extensions ['python_setup_py']
[1.508s] Level 1:colcon.colcon_core.package_identification:_identify(src) by extension 'python_setup_py'
[1.508s] Level 1:colcon.colcon_core.package_identification:_identify(src/snuff) by extensions ['ignore', 'ignore_ament_install']
[1.508s] Level 1:colcon.colcon_core.package_identification:_identify(src/snuff) by extension 'ignore'
[1.508s] Level 1:colcon.colcon_core.package_identification:_identify(src/snuff) by extension 'ignore_ament_install'
[1.508s] Level 1:colcon.colcon_core.package_identification:_identify(src/snuff) by extensions ['colcon_pkg']
[1.508s] Level 1:colcon.colcon_core.package_identification:_identify(src/snuff) by extension 'colcon_pkg'
[1.509s] Level 1:colcon.colcon_core.package_identification:_identify(src/snuff) by extensions ['colcon_meta']
[1.509s] Level 1:colcon.colcon_core.package_identification:_identify(src/snuff) by extension 'colcon_meta'
[1.509s] Level 1:colcon.colcon_core.package_identification:_identify(src/snuff) by extensions ['ros']
[1.509s] Level 1:colcon.colcon_core.package_identification:_identify(src/snuff) by extension 'ros'
[1.512s] DEBUG:colcon.colcon_core.package_identification:Package 'src/snuff' with type 'ros.ament_cmake' and name 'snuff'
[1.512s] Level 1:colcon.colcon_core.package_identification:_identify(src/usb_cam) by extensions ['ignore', 'ignore_ament_install']
[1.512s] Level 1:colcon.colcon_core.package_identification:_identify(src/usb_cam) by extension 'ignore'
[1.512s] Level 1:colcon.colcon_core.package_identification:_identify(src/usb_cam) by extension 'ignore_ament_install'
[1.512s] Level 1:colcon.colcon_core.package_identification:_identify(src/usb_cam) by extensions ['colcon_pkg']
[1.512s] Level 1:colcon.colcon_core.package_identification:_identify(src/usb_cam) by extension 'colcon_pkg'
[1.512s] Level 1:colcon.colcon_core.package_identification:_identify(src/usb_cam) by extensions ['colcon_meta']
[1.512s] Level 1:colcon.colcon_core.package_identification:_identify(src/usb_cam) by extension 'colcon_meta'
[1.512s] Level 1:colcon.colcon_core.package_identification:_identify(src/usb_cam) by extensions ['ros']
[1.512s] Level 1:colcon.colcon_core.package_identification:_identify(src/usb_cam) by extension 'ros'
[1.514s] DEBUG:colcon.colcon_core.package_identification:Package 'src/usb_cam' with type 'ros.ament_cmake' and name 'usb_cam'
[1.514s] Level 1:colcon.colcon_core.package_discovery:discover_packages(recursive) using defaults
[1.515s] Level 1:colcon.colcon_core.package_discovery:discover_packages(ignore) discover
[1.515s] Level 1:colcon.colcon_core.package_discovery:discover_packages(ignore) using defaults
[1.515s] Level 1:colcon.colcon_core.package_discovery:discover_packages(path) discover
[1.515s] Level 1:colcon.colcon_core.package_discovery:discover_packages(path) using defaults
[1.643s] Level 1:colcon.colcon_core.package_discovery:discover_packages(prefix_path) check parameters
[1.643s] Level 1:colcon.colcon_core.package_discovery:discover_packages(prefix_path) discover
[1.666s] WARNING:colcon.colcon_ros.prefix_path.ament:The path '/home/tannernelson3/ROS/ros/ros2_ws/install/py_srvcli' in the environment variable AMENT_PREFIX_PATH doesn't exist
[1.687s] DEBUG:colcon.colcon_installed_package_information.package_discovery:Found 2 installed packages in /home/tannernelson3/ROS/ros/ros2_ws/install
[1.710s] DEBUG:colcon.colcon_installed_package_information.package_discovery:Found 289 installed packages in /opt/ros/iron
[1.711s] Level 1:colcon.colcon_core.package_discovery:discover_packages(prefix_path) using defaults
[1.842s] Level 5:colcon.colcon_core.verb:set package 'snuff' build argument 'cmake_args' from command line to 'None'
[1.842s] Level 5:colcon.colcon_core.verb:set package 'snuff' build argument 'cmake_target' from command line to 'None'
[1.842s] Level 5:colcon.colcon_core.verb:set package 'snuff' build argument 'cmake_target_skip_unavailable' from command line to 'False'
[1.842s] Level 5:colcon.colcon_core.verb:set package 'snuff' build argument 'cmake_clean_cache' from command line to 'False'
[1.842s] Level 5:colcon.colcon_core.verb:set package 'snuff' build argument 'cmake_clean_first' from command line to 'False'
[1.842s] Level 5:colcon.colcon_core.verb:set package 'snuff' build argument 'cmake_force_configure' from command line to 'False'
[1.842s] Level 5:colcon.colcon_core.verb:set package 'snuff' build argument 'ament_cmake_args' from command line to 'None'
[1.842s] Level 5:colcon.colcon_core.verb:set package 'snuff' build argument 'catkin_cmake_args' from command line to 'None'
[1.842s] Level 5:colcon.colcon_core.verb:set package 'snuff' build argument 'catkin_skip_building_tests' from command line to 'False'
[1.842s] DEBUG:colcon.colcon_core.verb:Building package 'snuff' with the following arguments: {'ament_cmake_args': None, 'build_base': '/home/tannernelson3/ROS/ros/ros2_ws/build/snuff', 'catkin_cmake_args': None, 'catkin_skip_building_tests': False, 'cmake_args': None, 'cmake_clean_cache': False, 'cmake_clean_first': False, 'cmake_force_configure': False, 'cmake_target': None, 'cmake_target_skip_unavailable': False, 'install_base': '/home/tannernelson3/ROS/ros/ros2_ws/install/snuff', 'merge_install': False, 'path': '/home/tannernelson3/ROS/ros/ros2_ws/src/snuff', 'symlink_install': False, 'test_result_base': None}
[1.864s] Level 5:colcon.colcon_core.verb:set package 'usb_cam' build argument 'cmake_args' from command line to 'None'
[1.864s] Level 5:colcon.colcon_core.verb:set package 'usb_cam' build argument 'cmake_target' from command line to 'None'
[1.864s] Level 5:colcon.colcon_core.verb:set package 'usb_cam' build argument 'cmake_target_skip_unavailable' from command line to 'False'
[1.864s] Level 5:colcon.colcon_core.verb:set package 'usb_cam' build argument 'cmake_clean_cache' from command line to 'False'
[1.864s] Level 5:colcon.colcon_core.verb:set package 'usb_cam' build argument 'cmake_clean_first' from command line to 'False'
[1.864s] Level 5:colcon.colcon_core.verb:set package 'usb_cam' build argument 'cmake_force_configure' from command line to 'False'
[1.864s] Level 5:colcon.colcon_core.verb:set package 'usb_cam' build argument 'ament_cmake_args' from command line to 'None'
[1.864s] Level 5:colcon.colcon_core.verb:set package 'usb_cam' build argument 'catkin_cmake_args' from command line to 'None'
[1.864s] Level 5:colcon.colcon_core.verb:set package 'usb_cam' build argument 'catkin_skip_building_tests' from command line to 'False'
[1.864s] DEBUG:colcon.colcon_core.verb:Building package 'usb_cam' with the following arguments: {'ament_cmake_args': None, 'build_base': '/home/tannernelson3/ROS/ros/ros2_ws/build/usb_cam', 'catkin_cmake_args': None, 'catkin_skip_building_tests': False, 'cmake_args': None, 'cmake_clean_cache': False, 'cmake_clean_first': False, 'cmake_force_configure': False, 'cmake_target': None, 'cmake_target_skip_unavailable': False, 'install_base': '/home/tannernelson3/ROS/ros/ros2_ws/install/usb_cam', 'merge_install': False, 'path': '/home/tannernelson3/ROS/ros/ros2_ws/src/usb_cam', 'symlink_install': False, 'test_result_base': None}
[1.885s] INFO:colcon.colcon_core.executor:Executing jobs using 'parallel' executor
[1.907s] DEBUG:colcon.colcon_parallel_executor.executor.parallel:run_until_complete
[1.907s] INFO:colcon.colcon_ros.task.ament_cmake.build:Building ROS package in '/home/tannernelson3/ROS/ros/ros2_ws/src/snuff' with build type 'ament_cmake'
[1.908s] INFO:colcon.colcon_cmake.task.cmake.build:Building CMake package in '/home/tannernelson3/ROS/ros/ros2_ws/src/snuff'
[1.931s] INFO:colcon.colcon_core.plugin_system:Skipping extension 'colcon_core.shell.bat': Not used on non-Windows systems
[1.932s] INFO:colcon.colcon_core.shell:Skip shell extension 'powershell' for command environment: Not usable outside of PowerShell
[1.932s] DEBUG:colcon.colcon_core.shell:Skip shell extension 'dsv' for command environment
[1.999s] INFO:colcon.colcon_ros.task.ament_cmake.build:Building ROS package in '/home/tannernelson3/ROS/ros/ros2_ws/src/usb_cam' with build type 'ament_cmake'
[1.999s] INFO:colcon.colcon_cmake.task.cmake.build:Building CMake package in '/home/tannernelson3/ROS/ros/ros2_ws/src/usb_cam'
[2.022s] INFO:colcon.colcon_core.shell:Skip shell extension 'powershell' for command environment: Not usable outside of PowerShell
[2.022s] DEBUG:colcon.colcon_core.shell:Skip shell extension 'dsv' for command environment
[2.094s] DEBUG:colcon.colcon_core.event_handler.log_command:Invoking command in '/home/tannernelson3/ROS/ros/ros2_ws/build/snuff': CMAKE_PREFIX_PATH=/home/tannernelson3/ROS/ros/ros2_ws/install/snuff:/home/tannernelson3/ROS/ros/ros2_ws/install/py_srvcli:/opt/ros/iron:/home/tannernelson3/ROS/ros/ros2_ws/install/usb_cam /usr/bin/cmake --build /home/tannernelson3/ROS/ros/ros2_ws/build/snuff -- -j4 -l4
[2.099s] DEBUG:colcon.colcon_core.event_handler.log_command:Invoking command in '/home/tannernelson3/ROS/ros/ros2_ws/build/usb_cam': CMAKE_PREFIX_PATH=/home/tannernelson3/ROS/ros/ros2_ws/install/snuff:/home/tannernelson3/ROS/ros/ros2_ws/install/py_srvcli:/opt/ros/iron:/home/tannernelson3/ROS/ros/ros2_ws/install/usb_cam /usr/bin/cmake --build /home/tannernelson3/ROS/ros/ros2_ws/build/usb_cam -- -j4 -l4
[2.263s] DEBUG:colcon.colcon_core.event_handler.log_command:Invoked command in '/home/tannernelson3/ROS/ros/ros2_ws/build/usb_cam' returned '0': CMAKE_PREFIX_PATH=/home/tannernelson3/ROS/ros/ros2_ws/install/snuff:/home/tannernelson3/ROS/ros/ros2_ws/install/py_srvcli:/opt/ros/iron:/home/tannernelson3/ROS/ros/ros2_ws/install/usb_cam /usr/bin/cmake --build /home/tannernelson3/ROS/ros/ros2_ws/build/usb_cam -- -j4 -l4
[2.327s] DEBUG:colcon.colcon_core.event_handler.log_command:Invoking command in '/home/tannernelson3/ROS/ros/ros2_ws/build/usb_cam': CMAKE_PREFIX_PATH=/home/tannernelson3/ROS/ros/ros2_ws/install/snuff:/home/tannernelson3/ROS/ros/ros2_ws/install/py_srvcli:/opt/ros/iron:/home/tannernelson3/ROS/ros/ros2_ws/install/usb_cam /usr/bin/cmake --install /home/tannernelson3/ROS/ros/ros2_ws/build/usb_cam
[2.344s] Level 1:colcon.colcon_core.environment:create_environment_scripts_only(usb_cam)
[2.352s] DEBUG:colcon.colcon_core.event_handler.log_command:Invoked command in '/home/tannernelson3/ROS/ros/ros2_ws/build/usb_cam' returned '0': CMAKE_PREFIX_PATH=/home/tannernelson3/ROS/ros/ros2_ws/install/snuff:/home/tannernelson3/ROS/ros/ros2_ws/install/py_srvcli:/opt/ros/iron:/home/tannernelson3/ROS/ros/ros2_ws/install/usb_cam /usr/bin/cmake --install /home/tannernelson3/ROS/ros/ros2_ws/build/usb_cam
[2.375s] Level 1:colcon.colcon_core.environment:checking '/home/tannernelson3/ROS/ros/ros2_ws/install/usb_cam' for CMake module files
[2.376s] Level 1:colcon.colcon_core.environment:checking '/home/tannernelson3/ROS/ros/ros2_ws/install/usb_cam' for CMake config files
[2.376s] Level 1:colcon.colcon_core.shell:create_environment_hook('usb_cam', 'cmake_prefix_path')
[2.399s] INFO:colcon.colcon_core.shell:Creating environment hook '/home/tannernelson3/ROS/ros/ros2_ws/install/usb_cam/share/usb_cam/hook/cmake_prefix_path.ps1'
[2.399s] INFO:colcon.colcon_core.shell:Creating environment descriptor '/home/tannernelson3/ROS/ros/ros2_ws/install/usb_cam/share/usb_cam/hook/cmake_prefix_path.dsv'
[2.400s] INFO:colcon.colcon_core.shell:Creating environment hook '/home/tannernelson3/ROS/ros/ros2_ws/install/usb_cam/share/usb_cam/hook/cmake_prefix_path.sh'
[2.401s] Level 1:colcon.colcon_core.environment:checking '/home/tannernelson3/ROS/ros/ros2_ws/install/usb_cam/lib'
[2.401s] Level 1:colcon.colcon_core.shell:create_environment_hook('usb_cam', 'ld_library_path_lib')
[2.424s] INFO:colcon.colcon_core.shell:Creating environment hook '/home/tannernelson3/ROS/ros/ros2_ws/install/usb_cam/share/usb_cam/hook/ld_library_path_lib.ps1'
[2.425s] INFO:colcon.colcon_core.shell:Creating environment descriptor '/home/tannernelson3/ROS/ros/ros2_ws/install/usb_cam/share/usb_cam/hook/ld_library_path_lib.dsv'
[2.426s] INFO:colcon.colcon_core.shell:Creating environment hook '/home/tannernelson3/ROS/ros/ros2_ws/install/usb_cam/share/usb_cam/hook/ld_library_path_lib.sh'
[2.426s] Level 1:colcon.colcon_core.environment:checking '/home/tannernelson3/ROS/ros/ros2_ws/install/usb_cam/bin'
[2.426s] Level 1:colcon.colcon_core.environment:checking '/home/tannernelson3/ROS/ros/ros2_ws/install/usb_cam/lib/pkgconfig/usb_cam.pc'
[2.427s] Level 1:colcon.colcon_core.environment:checking '/home/tannernelson3/ROS/ros/ros2_ws/install/usb_cam/lib/python3.10/site-packages'
[2.427s] Level 1:colcon.colcon_core.environment:checking '/home/tannernelson3/ROS/ros/ros2_ws/install/usb_cam/bin'
[2.450s] INFO:colcon.colcon_core.shell:Creating package script '/home/tannernelson3/ROS/ros/ros2_ws/install/usb_cam/share/usb_cam/package.ps1'
[2.451s] INFO:colcon.colcon_core.shell:Creating package descriptor '/home/tannernelson3/ROS/ros/ros2_ws/install/usb_cam/share/usb_cam/package.dsv'
[2.452s] INFO:colcon.colcon_core.shell:Creating package script '/home/tannernelson3/ROS/ros/ros2_ws/install/usb_cam/share/usb_cam/package.sh'
[2.453s] INFO:colcon.colcon_core.shell:Creating package script '/home/tannernelson3/ROS/ros/ros2_ws/install/usb_cam/share/usb_cam/package.bash'
[2.454s] INFO:colcon.colcon_core.shell:Creating package script '/home/tannernelson3/ROS/ros/ros2_ws/install/usb_cam/share/usb_cam/package.zsh'
[2.455s] Level 1:colcon.colcon_core.environment:create_file_with_runtime_dependencies(/home/tannernelson3/ROS/ros/ros2_ws/install/usb_cam/share/colcon-core/packages/usb_cam)
[2.546s] Level 1:colcon.colcon_core.environment:create_environment_scripts_only(usb_cam)
[2.585s] Level 1:colcon.colcon_core.environment:checking '/home/tannernelson3/ROS/ros/ros2_ws/install/usb_cam' for CMake module files
[2.587s] Level 1:colcon.colcon_core.environment:checking '/home/tannernelson3/ROS/ros/ros2_ws/install/usb_cam' for CMake config files
[2.587s] Level 1:colcon.colcon_core.shell:create_environment_hook('usb_cam', 'cmake_prefix_path')
[2.626s] INFO:colcon.colcon_core.shell:Creating environment hook '/home/tannernelson3/ROS/ros/ros2_ws/install/usb_cam/share/usb_cam/hook/cmake_prefix_path.ps1'
[2.627s] INFO:colcon.colcon_core.shell:Creating environment descriptor '/home/tannernelson3/ROS/ros/ros2_ws/install/usb_cam/share/usb_cam/hook/cmake_prefix_path.dsv'
[2.628s] INFO:colcon.colcon_core.shell:Creating environment hook '/home/tannernelson3/ROS/ros/ros2_ws/install/usb_cam/share/usb_cam/hook/cmake_prefix_path.sh'
[2.629s] Level 1:colcon.colcon_core.environment:checking '/home/tannernelson3/ROS/ros/ros2_ws/install/usb_cam/lib'
[2.629s] Level 1:colcon.colcon_core.shell:create_environment_hook('usb_cam', 'ld_library_path_lib')
[2.653s] INFO:colcon.colcon_core.shell:Creating environment hook '/home/tannernelson3/ROS/ros/ros2_ws/install/usb_cam/share/usb_cam/hook/ld_library_path_lib.ps1'
[2.653s] INFO:colcon.colcon_core.shell:Creating environment descriptor '/home/tannernelson3/ROS/ros/ros2_ws/install/usb_cam/share/usb_cam/hook/ld_library_path_lib.dsv'
[2.654s] INFO:colcon.colcon_core.shell:Creating environment hook '/home/tannernelson3/ROS/ros/ros2_ws/install/usb_cam/share/usb_cam/hook/ld_library_path_lib.sh'
[2.655s] Level 1:colcon.colcon_core.environment:checking '/home/tannernelson3/ROS/ros/ros2_ws/install/usb_cam/bin'
[2.655s] Level 1:colcon.colcon_core.environment:checking '/home/tannernelson3/ROS/ros/ros2_ws/install/usb_cam/lib/pkgconfig/usb_cam.pc'
[2.655s] Level 1:colcon.colcon_core.environment:checking '/home/tannernelson3/ROS/ros/ros2_ws/install/usb_cam/lib/python3.10/site-packages'
[2.656s] Level 1:colcon.colcon_core.environment:checking '/home/tannernelson3/ROS/ros/ros2_ws/install/usb_cam/bin'
[2.679s] INFO:colcon.colcon_core.shell:Creating package script '/home/tannernelson3/ROS/ros/ros2_ws/install/usb_cam/share/usb_cam/package.ps1'
[2.680s] INFO:colcon.colcon_core.shell:Creating package descriptor '/home/tannernelson3/ROS/ros/ros2_ws/install/usb_cam/share/usb_cam/package.dsv'
[2.681s] INFO:colcon.colcon_core.shell:Creating package script '/home/tannernelson3/ROS/ros/ros2_ws/install/usb_cam/share/usb_cam/package.sh'
[2.681s] INFO:colcon.colcon_core.shell:Creating package script '/home/tannernelson3/ROS/ros/ros2_ws/install/usb_cam/share/usb_cam/package.bash'
[2.682s] INFO:colcon.colcon_core.shell:Creating package script '/home/tannernelson3/ROS/ros/ros2_ws/install/usb_cam/share/usb_cam/package.zsh'
[2.682s] Level 1:colcon.colcon_core.environment:create_file_with_runtime_dependencies(/home/tannernelson3/ROS/ros/ros2_ws/install/usb_cam/share/colcon-core/packages/usb_cam)
[2.684s] DEBUG:colcon.colcon_core.event_handler.log_command:Invoked command in '/home/tannernelson3/ROS/ros/ros2_ws/build/snuff' returned '0': CMAKE_PREFIX_PATH=/home/tannernelson3/ROS/ros/ros2_ws/install/snuff:/home/tannernelson3/ROS/ros/ros2_ws/install/py_srvcli:/opt/ros/iron:/home/tannernelson3/ROS/ros/ros2_ws/install/usb_cam /usr/bin/cmake --build /home/tannernelson3/ROS/ros/ros2_ws/build/snuff -- -j4 -l4
[2.715s] DEBUG:colcon.colcon_core.event_handler.log_command:Invoking command in '/home/tannernelson3/ROS/ros/ros2_ws/build/snuff': CMAKE_PREFIX_PATH=/home/tannernelson3/ROS/ros/ros2_ws/install/snuff:/home/tannernelson3/ROS/ros/ros2_ws/install/py_srvcli:/opt/ros/iron:/home/tannernelson3/ROS/ros/ros2_ws/install/usb_cam /usr/bin/cmake --install /home/tannernelson3/ROS/ros/ros2_ws/build/snuff
[2.777s] Level 1:colcon.colcon_core.environment:create_environment_scripts_only(snuff)
[2.777s] DEBUG:colcon.colcon_core.event_handler.log_command:Invoked command in '/home/tannernelson3/ROS/ros/ros2_ws/build/snuff' returned '0': CMAKE_PREFIX_PATH=/home/tannernelson3/ROS/ros/ros2_ws/install/snuff:/home/tannernelson3/ROS/ros/ros2_ws/install/py_srvcli:/opt/ros/iron:/home/tannernelson3/ROS/ros/ros2_ws/install/usb_cam /usr/bin/cmake --install /home/tannernelson3/ROS/ros/ros2_ws/build/snuff
[2.799s] Level 1:colcon.colcon_core.environment:checking '/home/tannernelson3/ROS/ros/ros2_ws/install/snuff' for CMake module files
[2.799s] Level 1:colcon.colcon_core.environment:checking '/home/tannernelson3/ROS/ros/ros2_ws/install/snuff' for CMake config files
[2.800s] Level 1:colcon.colcon_core.shell:create_environment_hook('snuff', 'cmake_prefix_path')
[2.822s] INFO:colcon.colcon_core.shell:Creating environment hook '/home/tannernelson3/ROS/ros/ros2_ws/install/snuff/share/snuff/hook/cmake_prefix_path.ps1'
[2.823s] INFO:colcon.colcon_core.shell:Creating environment descriptor '/home/tannernelson3/ROS/ros/ros2_ws/install/snuff/share/snuff/hook/cmake_prefix_path.dsv'
[2.823s] INFO:colcon.colcon_core.shell:Creating environment hook '/home/tannernelson3/ROS/ros/ros2_ws/install/snuff/share/snuff/hook/cmake_prefix_path.sh'
[2.824s] Level 1:colcon.colcon_core.environment:checking '/home/tannernelson3/ROS/ros/ros2_ws/install/snuff/lib'
[2.824s] Level 1:colcon.colcon_core.environment:checking '/home/tannernelson3/ROS/ros/ros2_ws/install/snuff/bin'
[2.824s] Level 1:colcon.colcon_core.environment:checking '/home/tannernelson3/ROS/ros/ros2_ws/install/snuff/lib/pkgconfig/snuff.pc'
[2.824s] Level 1:colcon.colcon_core.environment:checking '/home/tannernelson3/ROS/ros/ros2_ws/install/snuff/lib/python3.10/site-packages'
[2.824s] Level 1:colcon.colcon_core.shell:create_environment_hook('snuff', 'pythonpath')
[2.846s] INFO:colcon.colcon_core.shell:Creating environment hook '/home/tannernelson3/ROS/ros/ros2_ws/install/snuff/share/snuff/hook/pythonpath.ps1'
[2.846s] INFO:colcon.colcon_core.shell:Creating environment descriptor '/home/tannernelson3/ROS/ros/ros2_ws/install/snuff/share/snuff/hook/pythonpath.dsv'
[2.847s] INFO:colcon.colcon_core.shell:Creating environment hook '/home/tannernelson3/ROS/ros/ros2_ws/install/snuff/share/snuff/hook/pythonpath.sh'
[2.848s] Level 1:colcon.colcon_core.environment:checking '/home/tannernelson3/ROS/ros/ros2_ws/install/snuff/bin'
[2.869s] INFO:colcon.colcon_core.shell:Creating package script '/home/tannernelson3/ROS/ros/ros2_ws/install/snuff/share/snuff/package.ps1'
[2.870s] INFO:colcon.colcon_core.shell:Creating package descriptor '/home/tannernelson3/ROS/ros/ros2_ws/install/snuff/share/snuff/package.dsv'
[2.870s] INFO:colcon.colcon_core.shell:Creating package script '/home/tannernelson3/ROS/ros/ros2_ws/install/snuff/share/snuff/package.sh'
[2.871s] INFO:colcon.colcon_core.shell:Creating package script '/home/tannernelson3/ROS/ros/ros2_ws/install/snuff/share/snuff/package.bash'
[2.871s] INFO:colcon.colcon_core.shell:Creating package script '/home/tannernelson3/ROS/ros/ros2_ws/install/snuff/share/snuff/package.zsh'
[2.872s] Level 1:colcon.colcon_core.environment:create_file_with_runtime_dependencies(/home/tannernelson3/ROS/ros/ros2_ws/install/snuff/share/colcon-core/packages/snuff)
[2.921s] Level 1:colcon.colcon_core.environment:create_environment_scripts_only(snuff)
[2.942s] Level 1:colcon.colcon_core.environment:checking '/home/tannernelson3/ROS/ros/ros2_ws/install/snuff' for CMake module files
[2.943s] Level 1:colcon.colcon_core.environment:checking '/home/tannernelson3/ROS/ros/ros2_ws/install/snuff' for CMake config files
[2.944s] Level 1:colcon.colcon_core.shell:create_environment_hook('snuff', 'cmake_prefix_path')
[2.965s] INFO:colcon.colcon_core.shell:Creating environment hook '/home/tannernelson3/ROS/ros/ros2_ws/install/snuff/share/snuff/hook/cmake_prefix_path.ps1'
[2.965s] INFO:colcon.colcon_core.shell:Creating environment descriptor '/home/tannernelson3/ROS/ros/ros2_ws/install/snuff/share/snuff/hook/cmake_prefix_path.dsv'
[2.966s] INFO:colcon.colcon_core.shell:Creating environment hook '/home/tannernelson3/ROS/ros/ros2_ws/install/snuff/share/snuff/hook/cmake_prefix_path.sh'
[2.966s] Level 1:colcon.colcon_core.environment:checking '/home/tannernelson3/ROS/ros/ros2_ws/install/snuff/lib'
[2.967s] Level 1:colcon.colcon_core.environment:checking '/home/tannernelson3/ROS/ros/ros2_ws/install/snuff/bin'
[2.967s] Level 1:colcon.colcon_core.environment:checking '/home/tannernelson3/ROS/ros/ros2_ws/install/snuff/lib/pkgconfig/snuff.pc'
[2.967s] Level 1:colcon.colcon_core.environment:checking '/home/tannernelson3/ROS/ros/ros2_ws/install/snuff/lib/python3.10/site-packages'
[2.967s] Level 1:colcon.colcon_core.shell:create_environment_hook('snuff', 'pythonpath')
[2.988s] INFO:colcon.colcon_core.shell:Creating environment hook '/home/tannernelson3/ROS/ros/ros2_ws/install/snuff/share/snuff/hook/pythonpath.ps1'
[2.989s] INFO:colcon.colcon_core.shell:Creating environment descriptor '/home/tannernelson3/ROS/ros/ros2_ws/install/snuff/share/snuff/hook/pythonpath.dsv'
[2.989s] INFO:colcon.colcon_core.shell:Creating environment hook '/home/tannernelson3/ROS/ros/ros2_ws/install/snuff/share/snuff/hook/pythonpath.sh'
[2.990s] Level 1:colcon.colcon_core.environment:checking '/home/tannernelson3/ROS/ros/ros2_ws/install/snuff/bin'
[3.012s] INFO:colcon.colcon_core.shell:Creating package script '/home/tannernelson3/ROS/ros/ros2_ws/install/snuff/share/snuff/package.ps1'
[3.013s] INFO:colcon.colcon_core.shell:Creating package descriptor '/home/tannernelson3/ROS/ros/ros2_ws/install/snuff/share/snuff/package.dsv'
[3.013s] INFO:colcon.colcon_core.shell:Creating package script '/home/tannernelson3/ROS/ros/ros2_ws/install/snuff/share/snuff/package.sh'
[3.014s] INFO:colcon.colcon_core.shell:Creating package script '/home/tannernelson3/ROS/ros/ros2_ws/install/snuff/share/snuff/package.bash'
[3.015s] INFO:colcon.colcon_core.shell:Creating package script '/home/tannernelson3/ROS/ros/ros2_ws/install/snuff/share/snuff/package.zsh'
[3.015s] Level 1:colcon.colcon_core.environment:create_file_with_runtime_dependencies(/home/tannernelson3/ROS/ros/ros2_ws/install/snuff/share/colcon-core/packages/snuff)
[3.015s] DEBUG:colcon.colcon_parallel_executor.executor.parallel:closing loop
[3.016s] DEBUG:colcon.colcon_parallel_executor.executor.parallel:loop closed
[3.016s] DEBUG:colcon.colcon_parallel_executor.executor.parallel:run_until_complete finished with '0'
[3.016s] DEBUG:colcon.colcon_core.event_reactor:joining thread
[3.044s] INFO:colcon.colcon_core.plugin_system:Skipping extension 'colcon_notification.desktop_notification.terminal_notifier': Not used on non-Darwin systems
[3.044s] INFO:colcon.colcon_core.plugin_system:Skipping extension 'colcon_notification.desktop_notification.win32': Not used on non-Windows systems
[3.044s] INFO:colcon.colcon_notification.desktop_notification:Sending desktop notification using 'notify2'
[3.060s] DEBUG:colcon.colcon_core.event_reactor:joined thread
[3.082s] INFO:colcon.colcon_core.shell:Creating prefix script '/home/tannernelson3/ROS/ros/ros2_ws/install/local_setup.ps1'
[3.083s] INFO:colcon.colcon_core.shell:Creating prefix util module '/home/tannernelson3/ROS/ros/ros2_ws/install/_local_setup_util_ps1.py'
[3.085s] INFO:colcon.colcon_core.shell:Creating prefix chain script '/home/tannernelson3/ROS/ros/ros2_ws/install/setup.ps1'
[3.107s] INFO:colcon.colcon_core.shell:Creating prefix script '/home/tannernelson3/ROS/ros/ros2_ws/install/local_setup.sh'
[3.108s] INFO:colcon.colcon_core.shell:Creating prefix util module '/home/tannernelson3/ROS/ros/ros2_ws/install/_local_setup_util_sh.py'
[3.109s] INFO:colcon.colcon_core.shell:Creating prefix chain script '/home/tannernelson3/ROS/ros/ros2_ws/install/setup.sh'
[3.131s] INFO:colcon.colcon_core.shell:Creating prefix script '/home/tannernelson3/ROS/ros/ros2_ws/install/local_setup.bash'
[3.132s] INFO:colcon.colcon_core.shell:Creating prefix chain script '/home/tannernelson3/ROS/ros/ros2_ws/install/setup.bash'
[3.154s] INFO:colcon.colcon_core.shell:Creating prefix script '/home/tannernelson3/ROS/ros/ros2_ws/install/local_setup.zsh'
[3.155s] INFO:colcon.colcon_core.shell:Creating prefix chain script '/home/tannernelson3/ROS/ros/ros2_ws/install/setup.zsh'
